日 志 时 间:  2013-03-15 17:34:40,064 
日 志 级 别:  INFO
日 志 来 源: [1]::Chatter.MetroClient.TCP.SendFileUtil.initTCPClient(f:\code\myRepo\Chatter\MetroClient\TCP\SendFileUtil.cs:159)
日 志 内 容:  send :10.2.5.57:52929
 

日 志 时 间:  2013-03-15 17:34:40,106 
日 志 级 别:  INFO
日 志 来 源: [9]::Chatter.MetroClient.TCP.SendFileUtil.<Send>b__1(f:\code\myRepo\Chatter\MetroClient\TCP\SendFileUtil.cs:52)
日 志 内 容:  tcp打洞
 System.Net.Sockets.SocketException: Only one usage of each socket address (protocol/network address/port) is normally permitted 10.2.5.57:52928
   at System.Net.Sockets.Socket.DoConnect(EndPoint endPointSnapshot, SocketAddress socketAddress)
   at System.Net.Sockets.Socket.Connect(EndPoint remoteEP)
   at Chatter.MetroClient.TCP.SendFileUtil.<Send>b__1() in f:\code\myRepo\Chatter\MetroClient\TCP\SendFileUtil.cs:line 52


日 志 时 间:  2013-03-15 17:34:40,108 
日 志 级 别:  INFO
日 志 来 源: [SendThread]::Chatter.MetroClient.TCP.SendFileUtil.<Send>b__2(f:\code\myRepo\Chatter\MetroClient\TCP\SendFileUtil.cs:74)
日 志 内 容:  发送文件线程退出
 

日 志 时 间:  2013-03-15 17:34:40,113 
日 志 级 别:  INFO
日 志 来 源: [9]::Chatter.MetroClient.TCP.SendFileUtil.<Send>b__1(f:\code\myRepo\Chatter\MetroClient\TCP\SendFileUtil.cs:52)
日 志 内 容:  tcp打洞
 System.Net.Sockets.SocketException: Only one usage of each socket address (protocol/network address/port) is normally permitted 10.2.5.57:52928
   at System.Net.Sockets.Socket.DoConnect(EndPoint endPointSnapshot, SocketAddress socketAddress)
   at System.Net.Sockets.Socket.Connect(EndPoint remoteEP)
   at Chatter.MetroClient.TCP.SendFileUtil.<Send>b__1() in f:\code\myRepo\Chatter\MetroClient\TCP\SendFileUtil.cs:line 52


