日 志 时 间:  2013-01-29 15:37:44,727 
日 志 级 别:  ERROR
日 志 来 源:  Chatter.MetroClient.UI.MainWindow.OnClosing(f:\code\myRepo\Chatter\MetroClient\UI\MainWindow.xaml.cs:99)
日 志 内 容:  退出出现问题
 System.ServiceModel.ProtocolException: The session was closed before message transfer was complete.

Server stack trace: 
   at System.ServiceModel.Channels.InterruptibleWaitObject.Wait(TimeSpan timeout, Boolean throwTimeoutException)
   at System.ServiceModel.Channels.ReliableOutputConnection.Close(TimeSpan timeout)
   at System.ServiceModel.Channels.ReliableDuplexSessionChannel.InternalCloseOutputSession(TimeSpan timeout)
   at System.ServiceModel.Channels.ReliableDuplexSessionChannel.OnClose(TimeSpan timeout)
   at System.ServiceModel.Channels.ClientReliableDuplexSessionChannel.OnClose(TimeSpan timeout)
   at System.ServiceModel.Channels.CommunicationObject.Close(TimeSpan timeout)
   at System.ServiceModel.Channels.ServiceChannel.OnClose(TimeSpan timeout)
   at System.ServiceModel.Channels.CommunicationObject.Close(TimeSpan timeout)
   at System.ServiceModel.Dispatcher.TerminatingOperationBehavior.AfterReply(ProxyRpc& rpc)
   at System.ServiceModel.Channels.ServiceChannel.HandleReply(ProxyOperationRuntime operation, ProxyRpc& rpc)
   at System.ServiceModel.Channels.ServiceChannel.Call(String action, Boolean oneway, ProxyOperationRuntime operation, Object[] ins, Object[] outs, TimeSpan timeout)
   at System.ServiceModel.Channels.ServiceChannelProxy.InvokeService(IMethodCallMessage methodCall, ProxyOperationRuntime operation)
   at System.ServiceModel.Channels.ServiceChannelProxy.Invoke(IMessage message)

Exception rethrown at [0]: 
   at System.Runtime.Remoting.Proxies.RealProxy.HandleReturnMessage(IMessage reqMsg, IMessage retMsg)
   at System.Runtime.Remoting.Proxies.RealProxy.PrivateInvoke(MessageData& msgData, Int32 type)
   at MetroClient.ChatterService.IChatter.Logoff(Member member)
   at MetroClient.ChatterService.ChatterClient.Logoff(Member member) in f:\code\myRepo\Chatter\MetroClient\Service References\ChatterService\Reference.cs:line 1122
   at Chatter.MetroClient.UI.MainWindow.OnClosing(CancelEventArgs e) in f:\code\myRepo\Chatter\MetroClient\UI\MainWindow.xaml.cs:line 95


