日 志 时 间:  2013-02-23 14:53:46,599 
日 志 级 别:  ERROR
日 志 来 源:  Chatter.MetroClient.UI.MainWindow.init(e:\code\myRepo\Chatter\MetroClient\UI\MainWindow.xaml.cs:103)
日 志 内 容:  初始化界面出错
 System.TimeoutException: 发送到 net.tcp://127.0.0.1:9877/ChatterService 的请求操作在配置的超时(00:01:10)内未收到回复。分配给此操作的时间可能已经是更长超时的一部分。这可能由于服务仍在处理操作或服务无法发送回复消息。请考虑增加操作超时(将通道/代理转换为 IContextChannel 并设置 OperationTimeout 属性)并确保服务能够连接到客户端。

Server stack trace: 
   在 System.ServiceModel.Dispatcher.DuplexChannelBinder.SyncDuplexRequest.WaitForReply(TimeSpan timeout)
   在 System.ServiceModel.Dispatcher.DuplexChannelBinder.Request(Message message, TimeSpan timeout)
   在 System.ServiceModel.Channels.ServiceChannel.Call(String action, Boolean oneway, ProxyOperationRuntime operation, Object[] ins, Object[] outs, TimeSpan timeout)
   在 System.ServiceModel.Channels.ServiceChannelProxy.InvokeService(IMethodCallMessage methodCall, ProxyOperationRuntime operation)
   在 System.ServiceModel.Channels.ServiceChannelProxy.Invoke(IMessage message)

Exception rethrown at [0]: 
   在 System.Runtime.Remoting.Proxies.RealProxy.HandleReturnMessage(IMessage reqMsg, IMessage retMsg)
   在 System.Runtime.Remoting.Proxies.RealProxy.PrivateInvoke(MessageData& msgData, Int32 type)
   在 MetroClient.ChatterService.IChatter.GetFriends(String id)
   在 MetroClient.ChatterService.ChatterClient.GetFriends(String id) 位置 e:\code\myRepo\Chatter\MetroClient\Service References\ChatterService\Reference.cs:行号 1454
   在 Chatter.MetroClient.UI.MainWindow.init() 位置 e:\code\myRepo\Chatter\MetroClient\UI\MainWindow.xaml.cs:行号 96


日 志 时 间:  2013-02-23 14:59:06,265 
日 志 级 别:  ERROR
日 志 来 源:  Chatter.MetroClient.UI.MainWindow.init(e:\code\myRepo\Chatter\MetroClient\UI\MainWindow.xaml.cs:103)
日 志 内 容:  初始化界面出错
 System.TimeoutException: 发送到 net.tcp://127.0.0.1:9877/ChatterService 的请求操作在配置的超时(00:01:10)内未收到回复。分配给此操作的时间可能已经是更长超时的一部分。这可能由于服务仍在处理操作或服务无法发送回复消息。请考虑增加操作超时(将通道/代理转换为 IContextChannel 并设置 OperationTimeout 属性)并确保服务能够连接到客户端。

Server stack trace: 
   在 System.ServiceModel.Dispatcher.DuplexChannelBinder.SyncDuplexRequest.WaitForReply(TimeSpan timeout)
   在 System.ServiceModel.Dispatcher.DuplexChannelBinder.Request(Message message, TimeSpan timeout)
   在 System.ServiceModel.Channels.ServiceChannel.Call(String action, Boolean oneway, ProxyOperationRuntime operation, Object[] ins, Object[] outs, TimeSpan timeout)
   在 System.ServiceModel.Channels.ServiceChannelProxy.InvokeService(IMethodCallMessage methodCall, ProxyOperationRuntime operation)
   在 System.ServiceModel.Channels.ServiceChannelProxy.Invoke(IMessage message)

Exception rethrown at [0]: 
   在 System.Runtime.Remoting.Proxies.RealProxy.HandleReturnMessage(IMessage reqMsg, IMessage retMsg)
   在 System.Runtime.Remoting.Proxies.RealProxy.PrivateInvoke(MessageData& msgData, Int32 type)
   在 MetroClient.ChatterService.IChatter.GetFriends(String id)
   在 MetroClient.ChatterService.ChatterClient.GetFriends(String id) 位置 e:\code\myRepo\Chatter\MetroClient\Service References\ChatterService\Reference.cs:行号 1454
   在 Chatter.MetroClient.UI.MainWindow.init() 位置 e:\code\myRepo\Chatter\MetroClient\UI\MainWindow.xaml.cs:行号 96


日 志 时 间:  2013-02-23 15:02:36,893 
日 志 级 别:  ERROR
日 志 来 源:  Chatter.MetroClient.UI.MainWindow.init(e:\code\myRepo\Chatter\MetroClient\UI\MainWindow.xaml.cs:103)
日 志 内 容:  初始化界面出错
 System.TimeoutException: 发送到 net.tcp://127.0.0.1:9877/ChatterService 的请求操作在配置的超时(00:01:09.9989993)内未收到回复。分配给此操作的时间可能已经是更长超时的一部分。这可能由于服务仍在处理操作或服务无法发送回复消息。请考虑增加操作超时(将通道/代理转换为 IContextChannel 并设置 OperationTimeout 属性)并确保服务能够连接到客户端。

Server stack trace: 
   在 System.ServiceModel.Dispatcher.DuplexChannelBinder.SyncDuplexRequest.WaitForReply(TimeSpan timeout)
   在 System.ServiceModel.Dispatcher.DuplexChannelBinder.Request(Message message, TimeSpan timeout)
   在 System.ServiceModel.Channels.ServiceChannel.Call(String action, Boolean oneway, ProxyOperationRuntime operation, Object[] ins, Object[] outs, TimeSpan timeout)
   在 System.ServiceModel.Channels.ServiceChannelProxy.InvokeService(IMethodCallMessage methodCall, ProxyOperationRuntime operation)
   在 System.ServiceModel.Channels.ServiceChannelProxy.Invoke(IMessage message)

Exception rethrown at [0]: 
   在 System.Runtime.Remoting.Proxies.RealProxy.HandleReturnMessage(IMessage reqMsg, IMessage retMsg)
   在 System.Runtime.Remoting.Proxies.RealProxy.PrivateInvoke(MessageData& msgData, Int32 type)
   在 MetroClient.ChatterService.IChatter.GetFriends(String id)
   在 MetroClient.ChatterService.ChatterClient.GetFriends(String id) 位置 e:\code\myRepo\Chatter\MetroClient\Service References\ChatterService\Reference.cs:行号 1454
   在 Chatter.MetroClient.UI.MainWindow.init() 位置 e:\code\myRepo\Chatter\MetroClient\UI\MainWindow.xaml.cs:行号 96


日 志 时 间:  2013-02-23 15:04:36,021 
日 志 级 别:  ERROR
日 志 来 源:  Chatter.MetroClient.UI.MainWindow.init(e:\code\myRepo\Chatter\MetroClient\UI\MainWindow.xaml.cs:103)
日 志 内 容:  初始化界面出错
 System.TimeoutException: 发送到 net.tcp://127.0.0.1:9877/ChatterService 的请求操作在配置的超时(00:01:09.9989994)内未收到回复。分配给此操作的时间可能已经是更长超时的一部分。这可能由于服务仍在处理操作或服务无法发送回复消息。请考虑增加操作超时(将通道/代理转换为 IContextChannel 并设置 OperationTimeout 属性)并确保服务能够连接到客户端。

Server stack trace: 
   在 System.ServiceModel.Dispatcher.DuplexChannelBinder.SyncDuplexRequest.WaitForReply(TimeSpan timeout)
   在 System.ServiceModel.Dispatcher.DuplexChannelBinder.Request(Message message, TimeSpan timeout)
   在 System.ServiceModel.Channels.ServiceChannel.Call(String action, Boolean oneway, ProxyOperationRuntime operation, Object[] ins, Object[] outs, TimeSpan timeout)
   在 System.ServiceModel.Channels.ServiceChannelProxy.InvokeService(IMethodCallMessage methodCall, ProxyOperationRuntime operation)
   在 System.ServiceModel.Channels.ServiceChannelProxy.Invoke(IMessage message)

Exception rethrown at [0]: 
   在 System.Runtime.Remoting.Proxies.RealProxy.HandleReturnMessage(IMessage reqMsg, IMessage retMsg)
   在 System.Runtime.Remoting.Proxies.RealProxy.PrivateInvoke(MessageData& msgData, Int32 type)
   在 MetroClient.ChatterService.IChatter.GetFriends(String id)
   在 MetroClient.ChatterService.ChatterClient.GetFriends(String id) 位置 e:\code\myRepo\Chatter\MetroClient\Service References\ChatterService\Reference.cs:行号 1454
   在 Chatter.MetroClient.UI.MainWindow.init() 位置 e:\code\myRepo\Chatter\MetroClient\UI\MainWindow.xaml.cs:行号 96


日 志 时 间:  2013-02-23 15:07:46,906 
日 志 级 别:  ERROR
日 志 来 源:  Chatter.MetroClient.UI.MainWindow.init(e:\code\myRepo\Chatter\MetroClient\UI\MainWindow.xaml.cs:103)
日 志 内 容:  初始化界面出错
 System.ServiceModel.CommunicationObjectFaultedException: 通信对象 System.ServiceModel.Channels.ServiceChannel 无法用于通信，因为其处于“出错”状态。

Server stack trace: 
   在 System.ServiceModel.Channels.CommunicationObject.ThrowIfFaulted()
   在 System.ServiceModel.Channels.ServiceChannel.Call(String action, Boolean oneway, ProxyOperationRuntime operation, Object[] ins, Object[] outs, TimeSpan timeout)
   在 System.ServiceModel.Channels.ServiceChannelProxy.InvokeService(IMethodCallMessage methodCall, ProxyOperationRuntime operation)
   在 System.ServiceModel.Channels.ServiceChannelProxy.Invoke(IMessage message)

Exception rethrown at [0]: 
   在 System.Runtime.Remoting.Proxies.RealProxy.HandleReturnMessage(IMessage reqMsg, IMessage retMsg)
   在 System.Runtime.Remoting.Proxies.RealProxy.PrivateInvoke(MessageData& msgData, Int32 type)
   在 MetroClient.ChatterService.IChatter.GetFriends(String id)
   在 MetroClient.ChatterService.ChatterClient.GetFriends(String id) 位置 e:\code\myRepo\Chatter\MetroClient\Service References\ChatterService\Reference.cs:行号 1454
   在 Chatter.MetroClient.UI.MainWindow.init() 位置 e:\code\myRepo\Chatter\MetroClient\UI\MainWindow.xaml.cs:行号 96


日 志 时 间:  2013-02-23 15:12:17,400 
日 志 级 别:  ERROR
日 志 来 源:  Chatter.MetroClient.UI.MainWindow.init(e:\code\myRepo\Chatter\MetroClient\UI\MainWindow.xaml.cs:103)
日 志 内 容:  初始化界面出错
 System.ServiceModel.CommunicationObjectFaultedException: 通信对象 System.ServiceModel.Channels.ServiceChannel 无法用于通信，因为其处于“出错”状态。

Server stack trace: 
   在 System.ServiceModel.Channels.CommunicationObject.ThrowIfFaulted()
   在 System.ServiceModel.Channels.ServiceChannel.Call(String action, Boolean oneway, ProxyOperationRuntime operation, Object[] ins, Object[] outs, TimeSpan timeout)
   在 System.ServiceModel.Channels.ServiceChannelProxy.InvokeService(IMethodCallMessage methodCall, ProxyOperationRuntime operation)
   在 System.ServiceModel.Channels.ServiceChannelProxy.Invoke(IMessage message)

Exception rethrown at [0]: 
   在 System.Runtime.Remoting.Proxies.RealProxy.HandleReturnMessage(IMessage reqMsg, IMessage retMsg)
   在 System.Runtime.Remoting.Proxies.RealProxy.PrivateInvoke(MessageData& msgData, Int32 type)
   在 MetroClient.ChatterService.IChatter.GetFriends(String id)
   在 MetroClient.ChatterService.ChatterClient.GetFriends(String id) 位置 e:\code\myRepo\Chatter\MetroClient\Service References\ChatterService\Reference.cs:行号 1454
   在 Chatter.MetroClient.UI.MainWindow.init() 位置 e:\code\myRepo\Chatter\MetroClient\UI\MainWindow.xaml.cs:行号 96


日 志 时 间:  2013-02-23 15:14:05,777 
日 志 级 别:  ERROR
日 志 来 源:  Chatter.MetroClient.UI.MainWindow.init(e:\code\myRepo\Chatter\MetroClient\UI\MainWindow.xaml.cs:103)
日 志 内 容:  初始化界面出错
 System.TimeoutException: 发送到 net.tcp://127.0.0.1:9877/ChatterService 的请求操作在配置的超时(00:01:10)内未收到回复。分配给此操作的时间可能已经是更长超时的一部分。这可能由于服务仍在处理操作或服务无法发送回复消息。请考虑增加操作超时(将通道/代理转换为 IContextChannel 并设置 OperationTimeout 属性)并确保服务能够连接到客户端。

Server stack trace: 
   在 System.ServiceModel.Dispatcher.DuplexChannelBinder.SyncDuplexRequest.WaitForReply(TimeSpan timeout)
   在 System.ServiceModel.Dispatcher.DuplexChannelBinder.Request(Message message, TimeSpan timeout)
   在 System.ServiceModel.Channels.ServiceChannel.Call(String action, Boolean oneway, ProxyOperationRuntime operation, Object[] ins, Object[] outs, TimeSpan timeout)
   在 System.ServiceModel.Channels.ServiceChannelProxy.InvokeService(IMethodCallMessage methodCall, ProxyOperationRuntime operation)
   在 System.ServiceModel.Channels.ServiceChannelProxy.Invoke(IMessage message)

Exception rethrown at [0]: 
   在 System.Runtime.Remoting.Proxies.RealProxy.HandleReturnMessage(IMessage reqMsg, IMessage retMsg)
   在 System.Runtime.Remoting.Proxies.RealProxy.PrivateInvoke(MessageData& msgData, Int32 type)
   在 MetroClient.ChatterService.IChatter.GetFriends(String id)
   在 MetroClient.ChatterService.ChatterClient.GetFriends(String id) 位置 e:\code\myRepo\Chatter\MetroClient\Service References\ChatterService\Reference.cs:行号 1454
   在 Chatter.MetroClient.UI.MainWindow.init() 位置 e:\code\myRepo\Chatter\MetroClient\UI\MainWindow.xaml.cs:行号 96


日 志 时 间:  2013-02-23 15:18:12,932 
日 志 级 别:  ERROR
日 志 来 源:  Chatter.MetroClient.UI.MainWindow.init(e:\code\myRepo\Chatter\MetroClient\UI\MainWindow.xaml.cs:101)
日 志 内 容:  初始化界面出错
 System.TimeoutException: 发送到 net.tcp://127.0.0.1:9877/ChatterService 的请求操作在配置的超时(00:01:10)内未收到回复。分配给此操作的时间可能已经是更长超时的一部分。这可能由于服务仍在处理操作或服务无法发送回复消息。请考虑增加操作超时(将通道/代理转换为 IContextChannel 并设置 OperationTimeout 属性)并确保服务能够连接到客户端。

Server stack trace: 
   在 System.ServiceModel.Dispatcher.DuplexChannelBinder.SyncDuplexRequest.WaitForReply(TimeSpan timeout)
   在 System.ServiceModel.Dispatcher.DuplexChannelBinder.Request(Message message, TimeSpan timeout)
   在 System.ServiceModel.Channels.ServiceChannel.Call(String action, Boolean oneway, ProxyOperationRuntime operation, Object[] ins, Object[] outs, TimeSpan timeout)
   在 System.ServiceModel.Channels.ServiceChannelProxy.InvokeService(IMethodCallMessage methodCall, ProxyOperationRuntime operation)
   在 System.ServiceModel.Channels.ServiceChannelProxy.Invoke(IMessage message)

Exception rethrown at [0]: 
   在 System.Runtime.Remoting.Proxies.RealProxy.HandleReturnMessage(IMessage reqMsg, IMessage retMsg)
   在 System.Runtime.Remoting.Proxies.RealProxy.PrivateInvoke(MessageData& msgData, Int32 type)
   在 MetroClient.ChatterService.IChatter.GetFriends(String id)
   在 MetroClient.ChatterService.ChatterClient.GetFriends(String id) 位置 e:\code\myRepo\Chatter\MetroClient\Service References\ChatterService\Reference.cs:行号 1454
   在 Chatter.MetroClient.UI.MainWindow.init() 位置 e:\code\myRepo\Chatter\MetroClient\UI\MainWindow.xaml.cs:行号 94


日 志 时 间:  2013-02-23 15:22:22,823 
日 志 级 别:  ERROR
日 志 来 源:  Chatter.MetroClient.UI.MainWindow.init(e:\code\myRepo\Chatter\MetroClient\UI\MainWindow.xaml.cs:101)
日 志 内 容:  初始化界面出错
 System.TimeoutException: 发送到 net.tcp://127.0.0.1:9877/ChatterService 的请求操作在配置的超时(00:01:09.9844001)内未收到回复。分配给此操作的时间可能已经是更长超时的一部分。这可能由于服务仍在处理操作或服务无法发送回复消息。请考虑增加操作超时(将通道/代理转换为 IContextChannel 并设置 OperationTimeout 属性)并确保服务能够连接到客户端。

Server stack trace: 
   在 System.ServiceModel.Dispatcher.DuplexChannelBinder.SyncDuplexRequest.WaitForReply(TimeSpan timeout)
   在 System.ServiceModel.Dispatcher.DuplexChannelBinder.Request(Message message, TimeSpan timeout)
   在 System.ServiceModel.Channels.ServiceChannel.Call(String action, Boolean oneway, ProxyOperationRuntime operation, Object[] ins, Object[] outs, TimeSpan timeout)
   在 System.ServiceModel.Channels.ServiceChannelProxy.InvokeService(IMethodCallMessage methodCall, ProxyOperationRuntime operation)
   在 System.ServiceModel.Channels.ServiceChannelProxy.Invoke(IMessage message)

Exception rethrown at [0]: 
   在 System.Runtime.Remoting.Proxies.RealProxy.HandleReturnMessage(IMessage reqMsg, IMessage retMsg)
   在 System.Runtime.Remoting.Proxies.RealProxy.PrivateInvoke(MessageData& msgData, Int32 type)
   在 MetroClient.ChatterService.IChatter.GetFriends(String id)
   在 MetroClient.ChatterService.ChatterClient.GetFriends(String id) 位置 e:\code\myRepo\Chatter\MetroClient\Service References\ChatterService\Reference.cs:行号 1454
   在 Chatter.MetroClient.UI.MainWindow.init() 位置 e:\code\myRepo\Chatter\MetroClient\UI\MainWindow.xaml.cs:行号 94


日 志 时 间:  2013-02-23 15:39:48,538 
日 志 级 别:  ERROR
日 志 来 源:  Chatter.MetroClient.UI.MainWindow.<init>b__1(e:\code\myRepo\Chatter\MetroClient\UI\MainWindow.xaml.cs:107)
日 志 内 容:  初始化界面出错
 System.ServiceModel.CommunicationObjectFaultedException: 通信对象 System.ServiceModel.Channels.ServiceChannel 无法用于通信，因为其处于“出错”状态。

Server stack trace: 
   在 System.ServiceModel.Channels.CommunicationObject.ThrowIfDisposedOrNotOpen()
   在 System.ServiceModel.Channels.ServiceChannel.EnsureOpened(TimeSpan timeout)
   在 System.ServiceModel.Channels.ServiceChannel.Call(String action, Boolean oneway, ProxyOperationRuntime operation, Object[] ins, Object[] outs, TimeSpan timeout)
   在 System.ServiceModel.Channels.ServiceChannelProxy.InvokeService(IMethodCallMessage methodCall, ProxyOperationRuntime operation)
   在 System.ServiceModel.Channels.ServiceChannelProxy.Invoke(IMessage message)

Exception rethrown at [0]: 
   在 System.Runtime.Remoting.Proxies.RealProxy.HandleReturnMessage(IMessage reqMsg, IMessage retMsg)
   在 System.Runtime.Remoting.Proxies.RealProxy.PrivateInvoke(MessageData& msgData, Int32 type)
   在 MetroClient.ChatterService.IChatter.GetFriends(String id)
   在 MetroClient.ChatterService.ChatterClient.GetFriends(String id) 位置 e:\code\myRepo\Chatter\MetroClient\Service References\ChatterService\Reference.cs:行号 1454
   在 Chatter.MetroClient.UI.MainWindow.<init>b__1() 位置 e:\code\myRepo\Chatter\MetroClient\UI\MainWindow.xaml.cs:行号 100


日 志 时 间:  2013-02-23 15:41:57,931 
日 志 级 别:  ERROR
日 志 来 源:  Chatter.MetroClient.UI.MainWindow.<init>b__1(e:\code\myRepo\Chatter\MetroClient\UI\MainWindow.xaml.cs:107)
日 志 内 容:  初始化界面出错
 System.TimeoutException: 发送到 net.tcp://127.0.0.1:9877/ChatterService 的请求操作在配置的超时(00:01:09.9929993)内未收到回复。分配给此操作的时间可能已经是更长超时的一部分。这可能由于服务仍在处理操作或服务无法发送回复消息。请考虑增加操作超时(将通道/代理转换为 IContextChannel 并设置 OperationTimeout 属性)并确保服务能够连接到客户端。

Server stack trace: 
   在 System.ServiceModel.Dispatcher.DuplexChannelBinder.SyncDuplexRequest.WaitForReply(TimeSpan timeout)
   在 System.ServiceModel.Dispatcher.DuplexChannelBinder.Request(Message message, TimeSpan timeout)
   在 System.ServiceModel.Channels.ServiceChannel.Call(String action, Boolean oneway, ProxyOperationRuntime operation, Object[] ins, Object[] outs, TimeSpan timeout)
   在 System.ServiceModel.Channels.ServiceChannelProxy.InvokeService(IMethodCallMessage methodCall, ProxyOperationRuntime operation)
   在 System.ServiceModel.Channels.ServiceChannelProxy.Invoke(IMessage message)

Exception rethrown at [0]: 
   在 System.Runtime.Remoting.Proxies.RealProxy.HandleReturnMessage(IMessage reqMsg, IMessage retMsg)
   在 System.Runtime.Remoting.Proxies.RealProxy.PrivateInvoke(MessageData& msgData, Int32 type)
   在 MetroClient.ChatterService.IChatter.GetFriends(String id)
   在 MetroClient.ChatterService.ChatterClient.GetFriends(String id) 位置 e:\code\myRepo\Chatter\MetroClient\Service References\ChatterService\Reference.cs:行号 1454
   在 Chatter.MetroClient.UI.MainWindow.<init>b__1() 位置 e:\code\myRepo\Chatter\MetroClient\UI\MainWindow.xaml.cs:行号 100


