日 志 时 间:  2013-05-10 19:46:22,598 
日 志 级 别:  INFO
日 志 来 源: [1]::Chatter.MetroClient.DataUtil.GetRandomColor(e:\code\myRepo\Chatter\MetroClient\DataUtil.cs:255)
日 志 内 容:  81258
 

日 志 时 间:  2013-05-10 19:46:22,704 
日 志 级 别:  INFO
日 志 来 源: [1]::Chatter.MetroClient.DataUtil.GetRandomColor(e:\code\myRepo\Chatter\MetroClient\DataUtil.cs:257)
日 志 内 容:  81258 5
 

日 志 时 间:  2013-05-10 19:46:22,706 
日 志 级 别:  INFO
日 志 来 源: [1]::Chatter.MetroClient.DataUtil.GetRandomColor(e:\code\myRepo\Chatter\MetroClient\DataUtil.cs:255)
日 志 内 容:  61079
 

日 志 时 间:  2013-05-10 19:46:22,707 
日 志 级 别:  INFO
日 志 来 源: [1]::Chatter.MetroClient.DataUtil.GetRandomColor(e:\code\myRepo\Chatter\MetroClient\DataUtil.cs:257)
日 志 内 容:  61079 1
 

日 志 时 间:  2013-05-10 19:46:22,717 
日 志 级 别:  INFO
日 志 来 源: [1]::Chatter.MetroClient.DataUtil.GetRandomColor(e:\code\myRepo\Chatter\MetroClient\DataUtil.cs:255)
日 志 内 容:  44717
 

日 志 时 间:  2013-05-10 19:46:22,718 
日 志 级 别:  INFO
日 志 来 源: [1]::Chatter.MetroClient.DataUtil.GetRandomColor(e:\code\myRepo\Chatter\MetroClient\DataUtil.cs:257)
日 志 内 容:  44717 2
 

日 志 时 间:  2013-05-10 19:46:22,768 
日 志 级 别:  INFO
日 志 来 源: [1]::Chatter.MetroClient.DataUtil.GetRandomColor(e:\code\myRepo\Chatter\MetroClient\DataUtil.cs:255)
日 志 内 容:  116
 

日 志 时 间:  2013-05-10 19:46:22,770 
日 志 级 别:  INFO
日 志 来 源: [1]::Chatter.MetroClient.DataUtil.GetRandomColor(e:\code\myRepo\Chatter\MetroClient\DataUtil.cs:257)
日 志 内 容:  116 3
 

日 志 时 间:  2013-05-10 19:46:22,772 
日 志 级 别:  INFO
日 志 来 源: [1]::Chatter.MetroClient.DataUtil.GetRandomColor(e:\code\myRepo\Chatter\MetroClient\DataUtil.cs:255)
日 志 内 容:  116
 

日 志 时 间:  2013-05-10 19:46:22,773 
日 志 级 别:  INFO
日 志 来 源: [1]::Chatter.MetroClient.DataUtil.GetRandomColor(e:\code\myRepo\Chatter\MetroClient\DataUtil.cs:257)
日 志 内 容:  116 0
 

日 志 时 间:  2013-05-10 19:46:22,776 
日 志 级 别:  INFO
日 志 来 源: [1]::Chatter.MetroClient.DataUtil.GetRandomColor(e:\code\myRepo\Chatter\MetroClient\DataUtil.cs:255)
日 志 内 容:  35996
 

日 志 时 间:  2013-05-10 19:46:22,778 
日 志 级 别:  INFO
日 志 来 源: [1]::Chatter.MetroClient.DataUtil.GetRandomColor(e:\code\myRepo\Chatter\MetroClient\DataUtil.cs:257)
日 志 内 容:  35996 1
 

日 志 时 间:  2013-05-10 19:46:22,781 
日 志 级 别:  INFO
日 志 来 源: [1]::Chatter.MetroClient.DataUtil.GetRandomColor(e:\code\myRepo\Chatter\MetroClient\DataUtil.cs:255)
日 志 内 容:  35996
 

日 志 时 间:  2013-05-10 19:46:22,782 
日 志 级 别:  INFO
日 志 来 源: [1]::Chatter.MetroClient.DataUtil.GetRandomColor(e:\code\myRepo\Chatter\MetroClient\DataUtil.cs:257)
日 志 内 容:  35996 5
 

日 志 时 间:  2013-05-10 19:46:22,783 
日 志 级 别:  INFO
日 志 来 源: [1]::Chatter.MetroClient.DataUtil.GetRandomColor(e:\code\myRepo\Chatter\MetroClient\DataUtil.cs:255)
日 志 内 容:  35996
 

日 志 时 间:  2013-05-10 19:46:22,784 
日 志 级 别:  INFO
日 志 来 源: [1]::Chatter.MetroClient.DataUtil.GetRandomColor(e:\code\myRepo\Chatter\MetroClient\DataUtil.cs:257)
日 志 内 容:  35996 2
 

日 志 时 间:  2013-05-10 19:46:22,787 
日 志 级 别:  INFO
日 志 来 源: [1]::Chatter.MetroClient.DataUtil.GetRandomColor(e:\code\myRepo\Chatter\MetroClient\DataUtil.cs:255)
日 志 内 容:  35996
 

日 志 时 间:  2013-05-10 19:46:22,788 
日 志 级 别:  INFO
日 志 来 源: [1]::Chatter.MetroClient.DataUtil.GetRandomColor(e:\code\myRepo\Chatter\MetroClient\DataUtil.cs:257)
日 志 内 容:  35996 0
 

日 志 时 间:  2013-05-10 19:46:22,792 
日 志 级 别:  INFO
日 志 来 源: [1]::Chatter.MetroClient.DataUtil.GetRandomColor(e:\code\myRepo\Chatter\MetroClient\DataUtil.cs:255)
日 志 内 容:  19634
 

日 志 时 间:  2013-05-10 19:46:22,792 
日 志 级 别:  INFO
日 志 来 源: [1]::Chatter.MetroClient.DataUtil.GetRandomColor(e:\code\myRepo\Chatter\MetroClient\DataUtil.cs:257)
日 志 内 容:  19634 5
 

日 志 时 间:  2013-05-10 19:46:22,800 
日 志 级 别:  INFO
日 志 来 源: [1]::Chatter.MetroClient.DataUtil.GetRandomColor(e:\code\myRepo\Chatter\MetroClient\DataUtil.cs:255)
日 志 内 容:  19634
 

日 志 时 间:  2013-05-10 19:46:22,801 
日 志 级 别:  INFO
日 志 来 源: [1]::Chatter.MetroClient.DataUtil.GetRandomColor(e:\code\myRepo\Chatter\MetroClient\DataUtil.cs:257)
日 志 内 容:  19634 2
 

日 志 时 间:  2013-05-10 19:46:22,803 
日 志 级 别:  INFO
日 志 来 源: [1]::Chatter.MetroClient.DataUtil.GetRandomColor(e:\code\myRepo\Chatter\MetroClient\DataUtil.cs:255)
日 志 内 容:  19634
 

日 志 时 间:  2013-05-10 19:46:22,804 
日 志 级 别:  INFO
日 志 来 源: [1]::Chatter.MetroClient.DataUtil.GetRandomColor(e:\code\myRepo\Chatter\MetroClient\DataUtil.cs:257)
日 志 内 容:  19634 0
 

日 志 时 间:  2013-05-10 19:46:22,809 
日 志 级 别:  INFO
日 志 来 源: [1]::Chatter.MetroClient.DataUtil.GetRandomColor(e:\code\myRepo\Chatter\MetroClient\DataUtil.cs:255)
日 志 内 容:  55515
 

日 志 时 间:  2013-05-10 19:46:22,810 
日 志 级 别:  INFO
日 志 来 源: [1]::Chatter.MetroClient.DataUtil.GetRandomColor(e:\code\myRepo\Chatter\MetroClient\DataUtil.cs:257)
日 志 内 容:  55515 1
 

日 志 时 间:  2013-05-10 19:46:22,811 
日 志 级 别:  INFO
日 志 来 源: [1]::Chatter.MetroClient.DataUtil.GetRandomColor(e:\code\myRepo\Chatter\MetroClient\DataUtil.cs:255)
日 志 内 容:  55515
 

日 志 时 间:  2013-05-10 19:46:22,811 
日 志 级 别:  INFO
日 志 来 源: [1]::Chatter.MetroClient.DataUtil.GetRandomColor(e:\code\myRepo\Chatter\MetroClient\DataUtil.cs:257)
日 志 内 容:  55515 0
 

日 志 时 间:  2013-05-10 19:46:23,630 
日 志 级 别:  INFO
日 志 来 源: [1]::Chatter.MetroClient.DataUtil.GetRandomColor(e:\code\myRepo\Chatter\MetroClient\DataUtil.cs:255)
日 志 内 容:  24208
 

日 志 时 间:  2013-05-10 19:46:23,630 
日 志 级 别:  INFO
日 志 来 源: [1]::Chatter.MetroClient.DataUtil.GetRandomColor(e:\code\myRepo\Chatter\MetroClient\DataUtil.cs:257)
日 志 内 容:  24208 5
 

日 志 时 间:  2013-05-10 19:46:23,630 
日 志 级 别:  INFO
日 志 来 源: [1]::Chatter.MetroClient.DataUtil.GetRandomColor(e:\code\myRepo\Chatter\MetroClient\DataUtil.cs:255)
日 志 内 容:  24208
 

日 志 时 间:  2013-05-10 19:46:23,630 
日 志 级 别:  INFO
日 志 来 源: [1]::Chatter.MetroClient.DataUtil.GetRandomColor(e:\code\myRepo\Chatter\MetroClient\DataUtil.cs:257)
日 志 内 容:  24208 5
 

日 志 时 间:  2013-05-10 19:46:23,646 
日 志 级 别:  INFO
日 志 来 源: [1]::Chatter.MetroClient.DataUtil.GetRandomColor(e:\code\myRepo\Chatter\MetroClient\DataUtil.cs:255)
日 志 内 容:  60088
 

日 志 时 间:  2013-05-10 19:46:23,646 
日 志 级 别:  INFO
日 志 来 源: [1]::Chatter.MetroClient.DataUtil.GetRandomColor(e:\code\myRepo\Chatter\MetroClient\DataUtil.cs:257)
日 志 内 容:  60088 4
 

日 志 时 间:  2013-05-10 19:46:23,646 
日 志 级 别:  INFO
日 志 来 源: [1]::Chatter.MetroClient.DataUtil.GetRandomColor(e:\code\myRepo\Chatter\MetroClient\DataUtil.cs:255)
日 志 内 容:  60088
 

日 志 时 间:  2013-05-10 19:46:23,646 
日 志 级 别:  INFO
日 志 来 源: [1]::Chatter.MetroClient.DataUtil.GetRandomColor(e:\code\myRepo\Chatter\MetroClient\DataUtil.cs:257)
日 志 内 容:  60088 4
 

日 志 时 间:  2013-05-10 19:46:23,646 
日 志 级 别:  INFO
日 志 来 源: [1]::Chatter.MetroClient.DataUtil.GetRandomColor(e:\code\myRepo\Chatter\MetroClient\DataUtil.cs:255)
日 志 内 容:  60088
 

日 志 时 间:  2013-05-10 19:46:23,646 
日 志 级 别:  INFO
日 志 来 源: [1]::Chatter.MetroClient.DataUtil.GetRandomColor(e:\code\myRepo\Chatter\MetroClient\DataUtil.cs:257)
日 志 内 容:  60088 4
 

日 志 时 间:  2013-05-10 19:46:23,662 
日 志 级 别:  INFO
日 志 来 源: [1]::Chatter.MetroClient.DataUtil.GetRandomColor(e:\code\myRepo\Chatter\MetroClient\DataUtil.cs:255)
日 志 内 容:  43726
 

日 志 时 间:  2013-05-10 19:46:23,662 
日 志 级 别:  INFO
日 志 来 源: [1]::Chatter.MetroClient.DataUtil.GetRandomColor(e:\code\myRepo\Chatter\MetroClient\DataUtil.cs:257)
日 志 内 容:  43726 5
 

日 志 时 间:  2013-05-10 19:46:23,662 
日 志 级 别:  INFO
日 志 来 源: [1]::Chatter.MetroClient.DataUtil.GetRandomColor(e:\code\myRepo\Chatter\MetroClient\DataUtil.cs:255)
日 志 内 容:  43726
 

日 志 时 间:  2013-05-10 19:46:23,662 
日 志 级 别:  INFO
日 志 来 源: [1]::Chatter.MetroClient.DataUtil.GetRandomColor(e:\code\myRepo\Chatter\MetroClient\DataUtil.cs:257)
日 志 内 容:  43726 5
 

日 志 时 间:  2013-05-10 19:46:23,677 
日 志 级 别:  INFO
日 志 来 源: [1]::Chatter.MetroClient.DataUtil.GetRandomColor(e:\code\myRepo\Chatter\MetroClient\DataUtil.cs:255)
日 志 内 容:  79607
 

日 志 时 间:  2013-05-10 19:46:23,677 
日 志 级 别:  INFO
日 志 来 源: [1]::Chatter.MetroClient.DataUtil.GetRandomColor(e:\code\myRepo\Chatter\MetroClient\DataUtil.cs:257)
日 志 内 容:  79607 5
 

日 志 时 间:  2013-05-10 19:46:23,677 
日 志 级 别:  INFO
日 志 来 源: [1]::Chatter.MetroClient.DataUtil.GetRandomColor(e:\code\myRepo\Chatter\MetroClient\DataUtil.cs:255)
日 志 内 容:  79607
 

日 志 时 间:  2013-05-10 19:46:23,677 
日 志 级 别:  INFO
日 志 来 源: [1]::Chatter.MetroClient.DataUtil.GetRandomColor(e:\code\myRepo\Chatter\MetroClient\DataUtil.cs:257)
日 志 内 容:  79607 5
 

日 志 时 间:  2013-05-10 19:46:23,677 
日 志 级 别:  INFO
日 志 来 源: [1]::Chatter.MetroClient.DataUtil.GetRandomColor(e:\code\myRepo\Chatter\MetroClient\DataUtil.cs:255)
日 志 内 容:  79607
 

日 志 时 间:  2013-05-10 19:46:23,677 
日 志 级 别:  INFO
日 志 来 源: [1]::Chatter.MetroClient.DataUtil.GetRandomColor(e:\code\myRepo\Chatter\MetroClient\DataUtil.cs:257)
日 志 内 容:  79607 5
 

日 志 时 间:  2013-05-10 19:46:23,677 
日 志 级 别:  INFO
日 志 来 源: [1]::Chatter.MetroClient.DataUtil.GetRandomColor(e:\code\myRepo\Chatter\MetroClient\DataUtil.cs:255)
日 志 内 容:  79607
 

日 志 时 间:  2013-05-10 19:46:23,677 
日 志 级 别:  INFO
日 志 来 源: [1]::Chatter.MetroClient.DataUtil.GetRandomColor(e:\code\myRepo\Chatter\MetroClient\DataUtil.cs:257)
日 志 内 容:  79607 5
 

日 志 时 间:  2013-05-10 19:47:27,843 
日 志 级 别:  INFO
日 志 来 源: [20]::Chatter.MetroClient.UDP.AudioUtil.<Start>b__0(e:\code\myRepo\Chatter\MetroClient\UDP\AudioUtil.cs:78)
日 志 内 容:  接收不到数据，对方可能关闭
 System.ObjectDisposedException: 无法访问已释放的对象。
对象名:“WaveOut”。
   在 LumiSoft.Media.Wave.WaveOut.Play(Byte[] audioData, Int32 offset, Int32 count) 位置 e:\code\myRepo\Chatter\MetroClient\Wave\WaveOut.cs:行号 268
   在 Chatter.MetroClient.Audio.SoundManager.Play(Byte[] buffer) 位置 e:\code\myRepo\Chatter\MetroClient\Audio\SoundManager.cs:行号 90
   在 Chatter.MetroClient.UDP.AudioUtil.<Start>b__0() 位置 e:\code\myRepo\Chatter\MetroClient\UDP\AudioUtil.cs:行号 78


日 志 时 间:  2013-05-10 19:48:15,306 
日 志 级 别:  INFO
日 志 来 源: [18]::Chatter.MetroClient.UDP.AudioUtil.<Start>b__0(e:\code\myRepo\Chatter\MetroClient\UDP\AudioUtil.cs:78)
日 志 内 容:  接收不到数据，对方可能关闭
 System.ObjectDisposedException: 无法访问已释放的对象。
对象名:“WaveOut”。
   在 LumiSoft.Media.Wave.WaveOut.Play(Byte[] audioData, Int32 offset, Int32 count) 位置 e:\code\myRepo\Chatter\MetroClient\Wave\WaveOut.cs:行号 268
   在 Chatter.MetroClient.Audio.SoundManager.Play(Byte[] buffer) 位置 e:\code\myRepo\Chatter\MetroClient\Audio\SoundManager.cs:行号 90
   在 Chatter.MetroClient.UDP.AudioUtil.<Start>b__0() 位置 e:\code\myRepo\Chatter\MetroClient\UDP\AudioUtil.cs:行号 78


日 志 时 间:  2013-05-10 19:48:28,531 
日 志 级 别:  INFO
日 志 来 源: [20]::Chatter.MetroClient.TCP.SendFileUtil.<initTCPClient>b__1(e:\code\myRepo\Chatter\MetroClient\TCP\SendFileUtil.cs:55)
日 志 内 容:  我是发送端，开始等待接收端的connect
 

日 志 时 间:  2013-05-10 19:48:28,534 
日 志 级 别:  INFO
日 志 来 源: [1]::Chatter.MetroClient.TCP.SendFileUtil.initTCPClient(e:\code\myRepo\Chatter\MetroClient\TCP\SendFileUtil.cs:66)
日 志 内 容:  send :222.26.186.164:4276
 

日 志 时 间:  2013-05-10 19:48:28,541 
日 志 级 别:  INFO
日 志 来 源: [20]::Chatter.MetroClient.TCP.SendFileUtil.<initTCPClient>b__1(e:\code\myRepo\Chatter\MetroClient\TCP\SendFileUtil.cs:58)
日 志 内 容:  我是发送端，accept接收端的connect
 

日 志 时 间:  2013-05-10 19:48:28,572 
日 志 级 别:  INFO
日 志 来 源: [SendThread]::Chatter.MetroClient.TCP.SendFileUtil.<Send>b__5(e:\code\myRepo\Chatter\MetroClient\TCP\SendFileUtil.cs:130)
日 志 内 容:  发送文件线程退出
 

日 志 时 间:  2013-05-10 19:48:59,685 
日 志 级 别:  ERROR
日 志 来 源: [1]::Chatter.MetroClient.UI.LoginWindow.UnhandledExceptionHandler(e:\code\myRepo\Chatter\MetroClient\UI\LoginWindow.xaml.cs:48)
日 志 内 容:  Unhandled Exception
 System.NullReferenceException: 未将对象引用设置到对象的实例。
   在 Chatter.MetroClient.UI.MyMessageTabItem.txtInput_KeyDown(Object sender, KeyEventArgs e) 位置 e:\code\myRepo\Chatter\MetroClient\UI\MyMessageTabItem.cs:行号 283
   在 System.Windows.RoutedEventArgs.InvokeHandler(Delegate handler, Object target)
   在 System.Windows.EventRoute.InvokeHandlersImpl(Object source, RoutedEventArgs args, Boolean reRaised)
   在 System.Windows.UIElement.RaiseEventImpl(DependencyObject sender, RoutedEventArgs args)
   在 System.Windows.UIElement.RaiseEvent(RoutedEventArgs args, Boolean trusted)
   在 System.Windows.Input.InputManager.ProcessStagingArea()
   在 System.Windows.Input.InputManager.ProcessInput(InputEventArgs input)
   在 System.Windows.Input.InputProviderSite.ReportInput(InputReport inputReport)
   在 System.Windows.Interop.HwndKeyboardInputProvider.ReportInput(IntPtr hwnd, InputMode mode, Int32 timestamp, RawKeyboardActions actions, Int32 scanCode, Boolean isExtendedKey, Boolean isSystemKey, Int32 virtualKey)
   在 System.Windows.Interop.HwndKeyboardInputProvider.ProcessKeyAction(MSG& msg, Boolean& handled)
   在 System.Windows.Interop.HwndSource.CriticalTranslateAccelerator(MSG& msg, ModifierKeys modifiers)
   在 System.Windows.Interop.HwndSource.OnPreprocessMessage(Object param)
   在 System.Windows.Threading.ExceptionWrapper.InternalRealCall(Delegate callback, Object args, Boolean isSingleParameter)
   在 System.Windows.Threading.ExceptionWrapper.TryCatchWhen(Object source, Delegate callback, Object args, Boolean isSingleParameter, Delegate catchHandler)
   在 System.Windows.Threading.Dispatcher.InvokeImpl(DispatcherPriority priority, TimeSpan timeout, Delegate method, Object args, Boolean isSingleParameter)
   在 System.Windows.Threading.Dispatcher.Invoke(DispatcherPriority priority, Delegate method, Object arg)
   在 System.Windows.Interop.HwndSource.OnPreprocessMessageThunk(MSG& msg, Boolean& handled)
   在 System.Windows.Interop.ThreadMessageEventHandler.Invoke(MSG& msg, Boolean& handled)
   在 System.Windows.Interop.ComponentDispatcherThread.RaiseThreadMessage(MSG& msg)
   在 System.Windows.Threading.Dispatcher.TranslateAndDispatchMessage(MSG& msg)
   在 System.Windows.Threading.Dispatcher.PushFrameImpl(DispatcherFrame frame)
   在 System.Windows.Application.RunInternal(Window window)
   在 MetroClient.App.Main() 位置 e:\code\myRepo\Chatter\MetroClient\obj\Debug\App.g.cs:行号 0


日 志 时 间:  2013-05-10 19:49:26,311 
日 志 级 别:  INFO
日 志 来 源: [1]::Chatter.MetroClient.DataUtil.GetRandomColor(e:\code\myRepo\Chatter\MetroClient\DataUtil.cs:255)
日 志 内 容:  13931
 

日 志 时 间:  2013-05-10 19:49:26,409 
日 志 级 别:  INFO
日 志 来 源: [1]::Chatter.MetroClient.DataUtil.GetRandomColor(e:\code\myRepo\Chatter\MetroClient\DataUtil.cs:257)
日 志 内 容:  13931 1
 

日 志 时 间:  2013-05-10 19:49:26,411 
日 志 级 别:  INFO
日 志 来 源: [1]::Chatter.MetroClient.DataUtil.GetRandomColor(e:\code\myRepo\Chatter\MetroClient\DataUtil.cs:255)
日 志 内 容:  27556
 

日 志 时 间:  2013-05-10 19:49:26,412 
日 志 级 别:  INFO
日 志 来 源: [1]::Chatter.MetroClient.DataUtil.GetRandomColor(e:\code\myRepo\Chatter\MetroClient\DataUtil.cs:257)
日 志 内 容:  27556 5
 

日 志 时 间:  2013-05-10 19:49:26,420 
日 志 级 别:  INFO
日 志 来 源: [1]::Chatter.MetroClient.DataUtil.GetRandomColor(e:\code\myRepo\Chatter\MetroClient\DataUtil.cs:255)
日 志 内 容:  27556
 

日 志 时 间:  2013-05-10 19:49:26,421 
日 志 级 别:  INFO
日 志 来 源: [1]::Chatter.MetroClient.DataUtil.GetRandomColor(e:\code\myRepo\Chatter\MetroClient\DataUtil.cs:257)
日 志 内 容:  27556 5
 

日 志 时 间:  2013-05-10 19:49:26,449 
日 志 级 别:  INFO
日 志 来 源: [1]::Chatter.MetroClient.DataUtil.GetRandomColor(e:\code\myRepo\Chatter\MetroClient\DataUtil.cs:255)
日 志 内 容:  47074
 

日 志 时 间:  2013-05-10 19:49:26,452 
日 志 级 别:  INFO
日 志 来 源: [1]::Chatter.MetroClient.DataUtil.GetRandomColor(e:\code\myRepo\Chatter\MetroClient\DataUtil.cs:257)
日 志 内 容:  47074 3
 

日 志 时 间:  2013-05-10 19:49:26,453 
日 志 级 别:  INFO
日 志 来 源: [1]::Chatter.MetroClient.DataUtil.GetRandomColor(e:\code\myRepo\Chatter\MetroClient\DataUtil.cs:255)
日 志 内 容:  82955
 

日 志 时 间:  2013-05-10 19:49:26,454 
日 志 级 别:  INFO
日 志 来 源: [1]::Chatter.MetroClient.DataUtil.GetRandomColor(e:\code\myRepo\Chatter\MetroClient\DataUtil.cs:257)
日 志 内 容:  82955 3
 

日 志 时 间:  2013-05-10 19:49:26,456 
日 志 级 别:  INFO
日 志 来 源: [1]::Chatter.MetroClient.DataUtil.GetRandomColor(e:\code\myRepo\Chatter\MetroClient\DataUtil.cs:255)
日 志 内 容:  82955
 

日 志 时 间:  2013-05-10 19:49:26,457 
日 志 级 别:  INFO
日 志 来 源: [1]::Chatter.MetroClient.DataUtil.GetRandomColor(e:\code\myRepo\Chatter\MetroClient\DataUtil.cs:257)
日 志 内 容:  82955 6
 

日 志 时 间:  2013-05-10 19:49:26,460 
日 志 级 别:  INFO
日 志 来 源: [1]::Chatter.MetroClient.DataUtil.GetRandomColor(e:\code\myRepo\Chatter\MetroClient\DataUtil.cs:255)
日 志 内 容:  82955
 

日 志 时 间:  2013-05-10 19:49:26,461 
日 志 级 别:  INFO
日 志 来 源: [1]::Chatter.MetroClient.DataUtil.GetRandomColor(e:\code\myRepo\Chatter\MetroClient\DataUtil.cs:257)
日 志 内 容:  82955 6
 

日 志 时 间:  2013-05-10 19:49:26,462 
日 志 级 别:  INFO
日 志 来 源: [1]::Chatter.MetroClient.DataUtil.GetRandomColor(e:\code\myRepo\Chatter\MetroClient\DataUtil.cs:255)
日 志 内 容:  82955
 

日 志 时 间:  2013-05-10 19:49:26,463 
日 志 级 别:  INFO
日 志 来 源: [1]::Chatter.MetroClient.DataUtil.GetRandomColor(e:\code\myRepo\Chatter\MetroClient\DataUtil.cs:257)
日 志 内 容:  82955 5
 

日 志 时 间:  2013-05-10 19:49:26,465 
日 志 级 别:  INFO
日 志 来 源: [1]::Chatter.MetroClient.DataUtil.GetRandomColor(e:\code\myRepo\Chatter\MetroClient\DataUtil.cs:255)
日 志 内 容:  82955
 

日 志 时 间:  2013-05-10 19:49:26,466 
日 志 级 别:  INFO
日 志 来 源: [1]::Chatter.MetroClient.DataUtil.GetRandomColor(e:\code\myRepo\Chatter\MetroClient\DataUtil.cs:257)
日 志 内 容:  82955 5
 

日 志 时 间:  2013-05-10 19:49:26,470 
日 志 级 别:  INFO
日 志 来 源: [1]::Chatter.MetroClient.DataUtil.GetRandomColor(e:\code\myRepo\Chatter\MetroClient\DataUtil.cs:255)
日 志 内 容:  18835
 

日 志 时 间:  2013-05-10 19:49:26,471 
日 志 级 别:  INFO
日 志 来 源: [1]::Chatter.MetroClient.DataUtil.GetRandomColor(e:\code\myRepo\Chatter\MetroClient\DataUtil.cs:257)
日 志 内 容:  18835 0
 

日 志 时 间:  2013-05-10 19:49:26,472 
日 志 级 别:  INFO
日 志 来 源: [1]::Chatter.MetroClient.DataUtil.GetRandomColor(e:\code\myRepo\Chatter\MetroClient\DataUtil.cs:255)
日 志 内 容:  18835
 

日 志 时 间:  2013-05-10 19:49:26,472 
日 志 级 别:  INFO
日 志 来 源: [1]::Chatter.MetroClient.DataUtil.GetRandomColor(e:\code\myRepo\Chatter\MetroClient\DataUtil.cs:257)
日 志 内 容:  18835 2
 

日 志 时 间:  2013-05-10 19:49:26,479 
日 志 级 别:  INFO
日 志 来 源: [1]::Chatter.MetroClient.DataUtil.GetRandomColor(e:\code\myRepo\Chatter\MetroClient\DataUtil.cs:255)
日 志 内 容:  18835
 

日 志 时 间:  2013-05-10 19:49:26,480 
日 志 级 别:  INFO
日 志 来 源: [1]::Chatter.MetroClient.DataUtil.GetRandomColor(e:\code\myRepo\Chatter\MetroClient\DataUtil.cs:257)
日 志 内 容:  18835 1
 

日 志 时 间:  2013-05-10 19:49:26,483 
日 志 级 别:  INFO
日 志 来 源: [1]::Chatter.MetroClient.DataUtil.GetRandomColor(e:\code\myRepo\Chatter\MetroClient\DataUtil.cs:255)
日 志 内 容:  2473
 

日 志 时 间:  2013-05-10 19:49:26,484 
日 志 级 别:  INFO
日 志 来 源: [1]::Chatter.MetroClient.DataUtil.GetRandomColor(e:\code\myRepo\Chatter\MetroClient\DataUtil.cs:257)
日 志 内 容:  2473 5
 

日 志 时 间:  2013-05-10 19:49:26,486 
日 志 级 别:  INFO
日 志 来 源: [1]::Chatter.MetroClient.DataUtil.GetRandomColor(e:\code\myRepo\Chatter\MetroClient\DataUtil.cs:255)
日 志 内 容:  2473
 

日 志 时 间:  2013-05-10 19:49:26,487 
日 志 级 别:  INFO
日 志 来 源: [1]::Chatter.MetroClient.DataUtil.GetRandomColor(e:\code\myRepo\Chatter\MetroClient\DataUtil.cs:257)
日 志 内 容:  2473 4
 

日 志 时 间:  2013-05-10 19:49:27,070 
日 志 级 别:  INFO
日 志 来 源: [1]::Chatter.MetroClient.DataUtil.GetRandomColor(e:\code\myRepo\Chatter\MetroClient\DataUtil.cs:255)
日 志 内 容:  46414
 

日 志 时 间:  2013-05-10 19:49:27,071 
日 志 级 别:  INFO
日 志 来 源: [1]::Chatter.MetroClient.DataUtil.GetRandomColor(e:\code\myRepo\Chatter\MetroClient\DataUtil.cs:257)
日 志 内 容:  46414 2
 

日 志 时 间:  2013-05-10 19:49:27,076 
日 志 级 别:  INFO
日 志 来 源: [1]::Chatter.MetroClient.DataUtil.GetRandomColor(e:\code\myRepo\Chatter\MetroClient\DataUtil.cs:255)
日 志 内 容:  82294
 

日 志 时 间:  2013-05-10 19:49:27,076 
日 志 级 别:  INFO
日 志 来 源: [1]::Chatter.MetroClient.DataUtil.GetRandomColor(e:\code\myRepo\Chatter\MetroClient\DataUtil.cs:257)
日 志 内 容:  82294 2
 

日 志 时 间:  2013-05-10 19:49:27,081 
日 志 级 别:  INFO
日 志 来 源: [1]::Chatter.MetroClient.DataUtil.GetRandomColor(e:\code\myRepo\Chatter\MetroClient\DataUtil.cs:255)
日 志 内 容:  82294
 

日 志 时 间:  2013-05-10 19:49:27,081 
日 志 级 别:  INFO
日 志 来 源: [1]::Chatter.MetroClient.DataUtil.GetRandomColor(e:\code\myRepo\Chatter\MetroClient\DataUtil.cs:257)
日 志 内 容:  82294 2
 

日 志 时 间:  2013-05-10 19:49:27,089 
日 志 级 别:  INFO
日 志 来 源: [1]::Chatter.MetroClient.DataUtil.GetRandomColor(e:\code\myRepo\Chatter\MetroClient\DataUtil.cs:255)
日 志 内 容:  82294
 

日 志 时 间:  2013-05-10 19:49:27,090 
日 志 级 别:  INFO
日 志 来 源: [1]::Chatter.MetroClient.DataUtil.GetRandomColor(e:\code\myRepo\Chatter\MetroClient\DataUtil.cs:257)
日 志 内 容:  82294 5
 

日 志 时 间:  2013-05-10 19:49:27,091 
日 志 级 别:  INFO
日 志 来 源: [1]::Chatter.MetroClient.DataUtil.GetRandomColor(e:\code\myRepo\Chatter\MetroClient\DataUtil.cs:255)
日 志 内 容:  18175
 

日 志 时 间:  2013-05-10 19:49:27,092 
日 志 级 别:  INFO
日 志 来 源: [1]::Chatter.MetroClient.DataUtil.GetRandomColor(e:\code\myRepo\Chatter\MetroClient\DataUtil.cs:257)
日 志 内 容:  18175 1
 

日 志 时 间:  2013-05-10 19:49:27,095 
日 志 级 别:  INFO
日 志 来 源: [1]::Chatter.MetroClient.DataUtil.GetRandomColor(e:\code\myRepo\Chatter\MetroClient\DataUtil.cs:255)
日 志 内 容:  18175
 

日 志 时 间:  2013-05-10 19:49:27,096 
日 志 级 别:  INFO
日 志 来 源: [1]::Chatter.MetroClient.DataUtil.GetRandomColor(e:\code\myRepo\Chatter\MetroClient\DataUtil.cs:257)
日 志 内 容:  18175 0
 

日 志 时 间:  2013-05-10 19:49:27,097 
日 志 级 别:  INFO
日 志 来 源: [1]::Chatter.MetroClient.DataUtil.GetRandomColor(e:\code\myRepo\Chatter\MetroClient\DataUtil.cs:255)
日 志 内 容:  18175
 

日 志 时 间:  2013-05-10 19:49:27,098 
日 志 级 别:  INFO
日 志 来 源: [1]::Chatter.MetroClient.DataUtil.GetRandomColor(e:\code\myRepo\Chatter\MetroClient\DataUtil.cs:257)
日 志 内 容:  18175 0
 

日 志 时 间:  2013-05-10 19:49:27,099 
日 志 级 别:  INFO
日 志 来 源: [1]::Chatter.MetroClient.DataUtil.GetRandomColor(e:\code\myRepo\Chatter\MetroClient\DataUtil.cs:255)
日 志 内 容:  18175
 

日 志 时 间:  2013-05-10 19:49:27,100 
日 志 级 别:  INFO
日 志 来 源: [1]::Chatter.MetroClient.DataUtil.GetRandomColor(e:\code\myRepo\Chatter\MetroClient\DataUtil.cs:257)
日 志 内 容:  18175 3
 

日 志 时 间:  2013-05-10 19:49:27,101 
日 志 级 别:  INFO
日 志 来 源: [1]::Chatter.MetroClient.DataUtil.GetRandomColor(e:\code\myRepo\Chatter\MetroClient\DataUtil.cs:255)
日 志 内 容:  18175
 

日 志 时 间:  2013-05-10 19:49:27,102 
日 志 级 别:  INFO
日 志 来 源: [1]::Chatter.MetroClient.DataUtil.GetRandomColor(e:\code\myRepo\Chatter\MetroClient\DataUtil.cs:257)
日 志 内 容:  18175 4
 

日 志 时 间:  2013-05-10 19:49:27,103 
日 志 级 别:  INFO
日 志 来 源: [1]::Chatter.MetroClient.DataUtil.GetRandomColor(e:\code\myRepo\Chatter\MetroClient\DataUtil.cs:255)
日 志 内 容:  18175
 

日 志 时 间:  2013-05-10 19:49:27,104 
日 志 级 别:  INFO
日 志 来 源: [1]::Chatter.MetroClient.DataUtil.GetRandomColor(e:\code\myRepo\Chatter\MetroClient\DataUtil.cs:257)
日 志 内 容:  18175 4
 

日 志 时 间:  2013-05-10 19:49:27,106 
日 志 级 别:  INFO
日 志 来 源: [1]::Chatter.MetroClient.DataUtil.GetRandomColor(e:\code\myRepo\Chatter\MetroClient\DataUtil.cs:255)
日 志 内 容:  18175
 

日 志 时 间:  2013-05-10 19:49:27,106 
日 志 级 别:  INFO
日 志 来 源: [1]::Chatter.MetroClient.DataUtil.GetRandomColor(e:\code\myRepo\Chatter\MetroClient\DataUtil.cs:257)
日 志 内 容:  18175 6
 

日 志 时 间:  2013-05-10 21:58:01,147 
日 志 级 别:  INFO
日 志 来 源: [1]::Chatter.MetroClient.DataUtil.GetRandomColor(e:\code\myRepo\Chatter\MetroClient\DataUtil.cs:255)
日 志 内 容:  75884
 

日 志 时 间:  2013-05-10 21:58:01,303 
日 志 级 别:  INFO
日 志 来 源: [1]::Chatter.MetroClient.DataUtil.GetRandomColor(e:\code\myRepo\Chatter\MetroClient\DataUtil.cs:257)
日 志 内 容:  75884 0
 

日 志 时 间:  2013-05-10 21:58:01,313 
日 志 级 别:  INFO
日 志 来 源: [1]::Chatter.MetroClient.DataUtil.GetRandomColor(e:\code\myRepo\Chatter\MetroClient\DataUtil.cs:255)
日 志 内 容:  94412
 

日 志 时 间:  2013-05-10 21:58:01,313 
日 志 级 别:  INFO
日 志 来 源: [1]::Chatter.MetroClient.DataUtil.GetRandomColor(e:\code\myRepo\Chatter\MetroClient\DataUtil.cs:257)
日 志 内 容:  94412 5
 

日 志 时 间:  2013-05-10 21:58:01,414 
日 志 级 别:  INFO
日 志 来 源: [1]::Chatter.MetroClient.DataUtil.GetRandomColor(e:\code\myRepo\Chatter\MetroClient\DataUtil.cs:255)
日 志 内 容:  5210
 

日 志 时 间:  2013-05-10 21:58:01,417 
日 志 级 别:  INFO
日 志 来 源: [1]::Chatter.MetroClient.DataUtil.GetRandomColor(e:\code\myRepo\Chatter\MetroClient\DataUtil.cs:257)
日 志 内 容:  5210 6
 

日 志 时 间:  2013-05-10 21:58:01,419 
日 志 级 别:  INFO
日 志 来 源: [1]::Chatter.MetroClient.DataUtil.GetRandomColor(e:\code\myRepo\Chatter\MetroClient\DataUtil.cs:255)
日 志 内 容:  88848
 

日 志 时 间:  2013-05-10 21:58:01,420 
日 志 级 别:  INFO
日 志 来 源: [1]::Chatter.MetroClient.DataUtil.GetRandomColor(e:\code\myRepo\Chatter\MetroClient\DataUtil.cs:257)
日 志 内 容:  88848 4
 

日 志 时 间:  2013-05-10 21:58:01,424 
日 志 级 别:  INFO
日 志 来 源: [1]::Chatter.MetroClient.DataUtil.GetRandomColor(e:\code\myRepo\Chatter\MetroClient\DataUtil.cs:255)
日 志 内 容:  88848
 

日 志 时 间:  2013-05-10 21:58:01,425 
日 志 级 别:  INFO
日 志 来 源: [1]::Chatter.MetroClient.DataUtil.GetRandomColor(e:\code\myRepo\Chatter\MetroClient\DataUtil.cs:257)
日 志 内 容:  88848 1
 

日 志 时 间:  2013-05-10 21:58:01,429 
日 志 级 别:  INFO
日 志 来 源: [1]::Chatter.MetroClient.DataUtil.GetRandomColor(e:\code\myRepo\Chatter\MetroClient\DataUtil.cs:255)
日 志 内 容:  88848
 

日 志 时 间:  2013-05-10 21:58:01,430 
日 志 级 别:  INFO
日 志 来 源: [1]::Chatter.MetroClient.DataUtil.GetRandomColor(e:\code\myRepo\Chatter\MetroClient\DataUtil.cs:257)
日 志 内 容:  88848 1
 

日 志 时 间:  2013-05-10 21:58:01,431 
日 志 级 别:  INFO
日 志 来 源: [1]::Chatter.MetroClient.DataUtil.GetRandomColor(e:\code\myRepo\Chatter\MetroClient\DataUtil.cs:255)
日 志 内 容:  88848
 

日 志 时 间:  2013-05-10 21:58:01,432 
日 志 级 别:  INFO
日 志 来 源: [1]::Chatter.MetroClient.DataUtil.GetRandomColor(e:\code\myRepo\Chatter\MetroClient\DataUtil.cs:257)
日 志 内 容:  88848 0
 

日 志 时 间:  2013-05-10 21:58:01,443 
日 志 级 别:  INFO
日 志 来 源: [1]::Chatter.MetroClient.DataUtil.GetRandomColor(e:\code\myRepo\Chatter\MetroClient\DataUtil.cs:255)
日 志 内 容:  24728
 

日 志 时 间:  2013-05-10 21:58:01,443 
日 志 级 别:  INFO
日 志 来 源: [1]::Chatter.MetroClient.DataUtil.GetRandomColor(e:\code\myRepo\Chatter\MetroClient\DataUtil.cs:257)
日 志 内 容:  24728 1
 

日 志 时 间:  2013-05-10 21:58:01,446 
日 志 级 别:  INFO
日 志 来 源: [1]::Chatter.MetroClient.DataUtil.GetRandomColor(e:\code\myRepo\Chatter\MetroClient\DataUtil.cs:255)
日 志 内 容:  24728
 

日 志 时 间:  2013-05-10 21:58:01,447 
日 志 级 别:  INFO
日 志 来 源: [1]::Chatter.MetroClient.DataUtil.GetRandomColor(e:\code\myRepo\Chatter\MetroClient\DataUtil.cs:257)
日 志 内 容:  24728 1
 

日 志 时 间:  2013-05-10 21:58:01,448 
日 志 级 别:  INFO
日 志 来 源: [1]::Chatter.MetroClient.DataUtil.GetRandomColor(e:\code\myRepo\Chatter\MetroClient\DataUtil.cs:255)
日 志 内 容:  24728
 

日 志 时 间:  2013-05-10 21:58:01,449 
日 志 级 别:  INFO
日 志 来 源: [1]::Chatter.MetroClient.DataUtil.GetRandomColor(e:\code\myRepo\Chatter\MetroClient\DataUtil.cs:257)
日 志 内 容:  24728 0
 

日 志 时 间:  2013-05-10 21:58:01,454 
日 志 级 别:  INFO
日 志 来 源: [1]::Chatter.MetroClient.DataUtil.GetRandomColor(e:\code\myRepo\Chatter\MetroClient\DataUtil.cs:255)
日 志 内 容:  8366
 

日 志 时 间:  2013-05-10 21:58:01,455 
日 志 级 别:  INFO
日 志 来 源: [1]::Chatter.MetroClient.DataUtil.GetRandomColor(e:\code\myRepo\Chatter\MetroClient\DataUtil.cs:257)
日 志 内 容:  8366 6
 

日 志 时 间:  2013-05-10 21:58:01,458 
日 志 级 别:  INFO
日 志 来 源: [1]::Chatter.MetroClient.DataUtil.GetRandomColor(e:\code\myRepo\Chatter\MetroClient\DataUtil.cs:255)
日 志 内 容:  8366
 

日 志 时 间:  2013-05-10 21:58:01,459 
日 志 级 别:  INFO
日 志 来 源: [1]::Chatter.MetroClient.DataUtil.GetRandomColor(e:\code\myRepo\Chatter\MetroClient\DataUtil.cs:257)
日 志 内 容:  8366 4
 

日 志 时 间:  2013-05-10 21:58:01,460 
日 志 级 别:  INFO
日 志 来 源: [1]::Chatter.MetroClient.DataUtil.GetRandomColor(e:\code\myRepo\Chatter\MetroClient\DataUtil.cs:255)
日 志 内 容:  8366
 

日 志 时 间:  2013-05-10 21:58:01,461 
日 志 级 别:  INFO
日 志 来 源: [1]::Chatter.MetroClient.DataUtil.GetRandomColor(e:\code\myRepo\Chatter\MetroClient\DataUtil.cs:257)
日 志 内 容:  8366 5
 

日 志 时 间:  2013-05-10 21:58:01,462 
日 志 级 别:  INFO
日 志 来 源: [1]::Chatter.MetroClient.DataUtil.GetRandomColor(e:\code\myRepo\Chatter\MetroClient\DataUtil.cs:255)
日 志 内 容:  8366
 

日 志 时 间:  2013-05-10 21:58:01,463 
日 志 级 别:  INFO
日 志 来 源: [1]::Chatter.MetroClient.DataUtil.GetRandomColor(e:\code\myRepo\Chatter\MetroClient\DataUtil.cs:257)
日 志 内 容:  8366 5
 

日 志 时 间:  2013-05-10 21:58:01,472 
日 志 级 别:  INFO
日 志 来 源: [1]::Chatter.MetroClient.DataUtil.GetRandomColor(e:\code\myRepo\Chatter\MetroClient\DataUtil.cs:255)
日 志 内 容:  44247
 

日 志 时 间:  2013-05-10 21:58:01,473 
日 志 级 别:  INFO
日 志 来 源: [1]::Chatter.MetroClient.DataUtil.GetRandomColor(e:\code\myRepo\Chatter\MetroClient\DataUtil.cs:257)
日 志 内 容:  44247 2
 

日 志 时 间:  2013-05-10 21:58:01,475 
日 志 级 别:  INFO
日 志 来 源: [1]::Chatter.MetroClient.DataUtil.GetRandomColor(e:\code\myRepo\Chatter\MetroClient\DataUtil.cs:255)
日 志 内 容:  44247
 

日 志 时 间:  2013-05-10 21:58:01,476 
日 志 级 别:  INFO
日 志 来 源: [1]::Chatter.MetroClient.DataUtil.GetRandomColor(e:\code\myRepo\Chatter\MetroClient\DataUtil.cs:257)
日 志 内 容:  44247 6
 

日 志 时 间:  2013-05-10 21:58:02,460 
日 志 级 别:  INFO
日 志 来 源: [1]::Chatter.MetroClient.DataUtil.GetRandomColor(e:\code\myRepo\Chatter\MetroClient\DataUtil.cs:255)
日 志 内 容:  98655
 

日 志 时 间:  2013-05-10 21:58:02,470 
日 志 级 别:  INFO
日 志 来 源: [1]::Chatter.MetroClient.DataUtil.GetRandomColor(e:\code\myRepo\Chatter\MetroClient\DataUtil.cs:257)
日 志 内 容:  98655 6
 

日 志 时 间:  2013-05-10 21:58:02,537 
日 志 级 别:  INFO
日 志 来 源: [1]::Chatter.MetroClient.DataUtil.GetRandomColor(e:\code\myRepo\Chatter\MetroClient\DataUtil.cs:255)
日 志 内 容:  73573
 

日 志 时 间:  2013-05-10 21:58:02,538 
日 志 级 别:  INFO
日 志 来 源: [1]::Chatter.MetroClient.DataUtil.GetRandomColor(e:\code\myRepo\Chatter\MetroClient\DataUtil.cs:257)
日 志 内 容:  73573 3
 

日 志 时 间:  2013-05-10 21:58:02,543 
日 志 级 别:  INFO
日 志 来 源: [1]::Chatter.MetroClient.DataUtil.GetRandomColor(e:\code\myRepo\Chatter\MetroClient\DataUtil.cs:255)
日 志 内 容:  57211
 

日 志 时 间:  2013-05-10 21:58:02,602 
日 志 级 别:  INFO
日 志 来 源: [1]::Chatter.MetroClient.DataUtil.GetRandomColor(e:\code\myRepo\Chatter\MetroClient\DataUtil.cs:257)
日 志 内 容:  57211 4
 

日 志 时 间:  2013-05-10 21:58:02,603 
日 志 级 别:  INFO
日 志 来 源: [1]::Chatter.MetroClient.DataUtil.GetRandomColor(e:\code\myRepo\Chatter\MetroClient\DataUtil.cs:255)
日 志 内 容:  12610
 

日 志 时 间:  2013-05-10 21:58:02,604 
日 志 级 别:  INFO
日 志 来 源: [1]::Chatter.MetroClient.DataUtil.GetRandomColor(e:\code\myRepo\Chatter\MetroClient\DataUtil.cs:257)
日 志 内 容:  12610 6
 

日 志 时 间:  2013-05-10 21:58:02,605 
日 志 级 别:  INFO
日 志 来 源: [1]::Chatter.MetroClient.DataUtil.GetRandomColor(e:\code\myRepo\Chatter\MetroClient\DataUtil.cs:255)
日 志 内 容:  48490
 

日 志 时 间:  2013-05-10 21:58:02,616 
日 志 级 别:  INFO
日 志 来 源: [1]::Chatter.MetroClient.DataUtil.GetRandomColor(e:\code\myRepo\Chatter\MetroClient\DataUtil.cs:257)
日 志 内 容:  48490 0
 

日 志 时 间:  2013-05-10 21:58:02,618 
日 志 级 别:  INFO
日 志 来 源: [1]::Chatter.MetroClient.DataUtil.GetRandomColor(e:\code\myRepo\Chatter\MetroClient\DataUtil.cs:255)
日 志 内 容:  48490
 

日 志 时 间:  2013-05-10 21:58:02,630 
日 志 级 别:  INFO
日 志 来 源: [1]::Chatter.MetroClient.DataUtil.GetRandomColor(e:\code\myRepo\Chatter\MetroClient\DataUtil.cs:257)
日 志 内 容:  48490 3
 

日 志 时 间:  2013-05-10 21:58:02,650 
日 志 级 别:  INFO
日 志 来 源: [1]::Chatter.MetroClient.DataUtil.GetRandomColor(e:\code\myRepo\Chatter\MetroClient\DataUtil.cs:255)
日 志 内 容:  68009
 

日 志 时 间:  2013-05-10 21:58:02,651 
日 志 级 别:  INFO
日 志 来 源: [1]::Chatter.MetroClient.DataUtil.GetRandomColor(e:\code\myRepo\Chatter\MetroClient\DataUtil.cs:257)
日 志 内 容:  68009 5
 

日 志 时 间:  2013-05-10 21:58:02,652 
日 志 级 别:  INFO
日 志 来 源: [1]::Chatter.MetroClient.DataUtil.GetRandomColor(e:\code\myRepo\Chatter\MetroClient\DataUtil.cs:255)
日 志 内 容:  3889
 

日 志 时 间:  2013-05-10 21:58:02,664 
日 志 级 别:  INFO
日 志 来 源: [1]::Chatter.MetroClient.DataUtil.GetRandomColor(e:\code\myRepo\Chatter\MetroClient\DataUtil.cs:257)
日 志 内 容:  3889 6
 

日 志 时 间:  2013-05-10 21:58:02,665 
日 志 级 别:  INFO
日 志 来 源: [1]::Chatter.MetroClient.DataUtil.GetRandomColor(e:\code\myRepo\Chatter\MetroClient\DataUtil.cs:255)
日 志 内 容:  3889
 

日 志 时 间:  2013-05-10 21:58:02,666 
日 志 级 别:  INFO
日 志 来 源: [1]::Chatter.MetroClient.DataUtil.GetRandomColor(e:\code\myRepo\Chatter\MetroClient\DataUtil.cs:257)
日 志 内 容:  3889 3
 

日 志 时 间:  2013-05-10 22:00:48,367 
日 志 级 别:  WARN
日 志 来 源: [9]::Chatter.MetroClient.UI.MainWindow.<SendHeartBeat>b__0(e:\code\myRepo\Chatter\MetroClient\UI\MainWindow.xaml.cs:116)
日 志 内 容:  发送心跳包出现错误
 System.TimeoutException: 发送到 net.tcp://127.0.0.1:9877/ChatterService 的请求操作在配置的超时(00:01:10)内未收到回复。分配给该操作的时间可能是更长超时的一部分。这可能由于服务仍在处理操作或服务无法发送回复消息。请考虑增加操作超时(将通道/代理转换为 IContextChannel 并设置 OperationTimeout 属性)并确保服务能够连接到客户端。

Server stack trace: 
   在 System.ServiceModel.Dispatcher.DuplexChannelBinder.SyncDuplexRequest.WaitForReply(TimeSpan timeout)
   在 System.ServiceModel.Dispatcher.DuplexChannelBinder.Request(Message message, TimeSpan timeout)
   在 System.ServiceModel.Channels.ServiceChannel.Call(String action, Boolean oneway, ProxyOperationRuntime operation, Object[] ins, Object[] outs, TimeSpan timeout)
   在 System.ServiceModel.Channels.ServiceChannelProxy.InvokeService(IMethodCallMessage methodCall, ProxyOperationRuntime operation)
   在 System.ServiceModel.Channels.ServiceChannelProxy.Invoke(IMessage message)

Exception rethrown at [0]: 
   在 System.Runtime.Remoting.Proxies.RealProxy.HandleReturnMessage(IMessage reqMsg, IMessage retMsg)
   在 System.Runtime.Remoting.Proxies.RealProxy.PrivateInvoke(MessageData& msgData, Int32 type)
   在 MetroClient.ChatterService.IChatter.SendHeartBeat()
   在 MetroClient.ChatterService.ChatterClient.SendHeartBeat() 位置 e:\code\myRepo\Chatter\MetroClient\Service References\ChatterService\Reference.cs:行号 2107
   在 Chatter.MetroClient.UI.MainWindow.<SendHeartBeat>b__0() 位置 e:\code\myRepo\Chatter\MetroClient\UI\MainWindow.xaml.cs:行号 116


日 志 时 间:  2013-05-10 22:01:58,879 
日 志 级 别:  WARN
日 志 来 源: [9]::Chatter.MetroClient.UI.MainWindow.<SendHeartBeat>b__0(e:\code\myRepo\Chatter\MetroClient\UI\MainWindow.xaml.cs:116)
日 志 内 容:  发送心跳包出现错误
 System.TimeoutException: 发送到 net.tcp://127.0.0.1:9877/ChatterService 的请求操作在配置的超时(00:01:10)内未收到回复。分配给该操作的时间可能是更长超时的一部分。这可能由于服务仍在处理操作或服务无法发送回复消息。请考虑增加操作超时(将通道/代理转换为 IContextChannel 并设置 OperationTimeout 属性)并确保服务能够连接到客户端。

Server stack trace: 
   在 System.ServiceModel.Dispatcher.DuplexChannelBinder.SyncDuplexRequest.WaitForReply(TimeSpan timeout)
   在 System.ServiceModel.Dispatcher.DuplexChannelBinder.Request(Message message, TimeSpan timeout)
   在 System.ServiceModel.Channels.ServiceChannel.Call(String action, Boolean oneway, ProxyOperationRuntime operation, Object[] ins, Object[] outs, TimeSpan timeout)
   在 System.ServiceModel.Channels.ServiceChannelProxy.InvokeService(IMethodCallMessage methodCall, ProxyOperationRuntime operation)
   在 System.ServiceModel.Channels.ServiceChannelProxy.Invoke(IMessage message)

Exception rethrown at [0]: 
   在 System.Runtime.Remoting.Proxies.RealProxy.HandleReturnMessage(IMessage reqMsg, IMessage retMsg)
   在 System.Runtime.Remoting.Proxies.RealProxy.PrivateInvoke(MessageData& msgData, Int32 type)
   在 MetroClient.ChatterService.IChatter.SendHeartBeat()
   在 MetroClient.ChatterService.ChatterClient.SendHeartBeat() 位置 e:\code\myRepo\Chatter\MetroClient\Service References\ChatterService\Reference.cs:行号 2107
   在 Chatter.MetroClient.UI.MainWindow.<SendHeartBeat>b__0() 位置 e:\code\myRepo\Chatter\MetroClient\UI\MainWindow.xaml.cs:行号 116


日 志 时 间:  2013-05-10 22:02:59,989 
日 志 级 别:  INFO
日 志 来 源: [1]::Chatter.MetroClient.DataUtil.GetRandomColor(e:\code\myRepo\Chatter\MetroClient\DataUtil.cs:255)
日 志 内 容:  41454
 

日 志 时 间:  2013-05-10 22:02:59,993 
日 志 级 别:  INFO
日 志 来 源: [1]::Chatter.MetroClient.DataUtil.GetRandomColor(e:\code\myRepo\Chatter\MetroClient\DataUtil.cs:257)
日 志 内 容:  41454 2
 

日 志 时 间:  2013-05-10 22:03:00,000 
日 志 级 别:  INFO
日 志 来 源: [1]::Chatter.MetroClient.DataUtil.GetRandomColor(e:\code\myRepo\Chatter\MetroClient\DataUtil.cs:255)
日 志 内 容:  41454
 

日 志 时 间:  2013-05-10 22:03:00,001 
日 志 级 别:  INFO
日 志 来 源: [1]::Chatter.MetroClient.DataUtil.GetRandomColor(e:\code\myRepo\Chatter\MetroClient\DataUtil.cs:257)
日 志 内 容:  41454 1
 

日 志 时 间:  2013-05-10 22:03:00,002 
日 志 级 别:  INFO
日 志 来 源: [1]::Chatter.MetroClient.DataUtil.GetRandomColor(e:\code\myRepo\Chatter\MetroClient\DataUtil.cs:255)
日 志 内 容:  41454
 

日 志 时 间:  2013-05-10 22:03:00,002 
日 志 级 别:  INFO
日 志 来 源: [1]::Chatter.MetroClient.DataUtil.GetRandomColor(e:\code\myRepo\Chatter\MetroClient\DataUtil.cs:257)
日 志 内 容:  41454 0
 

