日 志 时 间:  2013-04-04 19:57:06,107 
日 志 级 别:  INFO
日 志 来 源: [17]::Chatter.MetroClient.UDP.AudioUtil.<Start>b__0(e:\code\myRepo\Chatter\MetroClient\UDP\AudioUtil.cs:78)
日 志 内 容:  接收不到数据，对方可能关闭
 System.ObjectDisposedException: 无法访问已释放的对象。
对象名:“WaveOut”。
   在 LumiSoft.Media.Wave.WaveOut.Play(Byte[] audioData, Int32 offset, Int32 count) 位置 e:\code\myRepo\Chatter\MetroClient\Wave\WaveOut.cs:行号 268
   在 Chatter.MetroClient.Audio.SoundManager.Play(Byte[] buffer) 位置 e:\code\myRepo\Chatter\MetroClient\Audio\SoundManager.cs:行号 90
   在 Chatter.MetroClient.UDP.AudioUtil.<Start>b__0() 位置 e:\code\myRepo\Chatter\MetroClient\UDP\AudioUtil.cs:行号 78


日 志 时 间:  2013-04-04 19:58:01,473 
日 志 级 别:  INFO
日 志 来 源: [15]::Chatter.MetroClient.UDP.AudioUtil.<Start>b__0(e:\code\myRepo\Chatter\MetroClient\UDP\AudioUtil.cs:78)
日 志 内 容:  接收不到数据，对方可能关闭
 System.ObjectDisposedException: 无法访问已释放的对象。
对象名:“WaveOut”。
   在 LumiSoft.Media.Wave.WaveOut.Play(Byte[] audioData, Int32 offset, Int32 count) 位置 e:\code\myRepo\Chatter\MetroClient\Wave\WaveOut.cs:行号 268
   在 Chatter.MetroClient.Audio.SoundManager.Play(Byte[] buffer) 位置 e:\code\myRepo\Chatter\MetroClient\Audio\SoundManager.cs:行号 90
   在 Chatter.MetroClient.UDP.AudioUtil.<Start>b__0() 位置 e:\code\myRepo\Chatter\MetroClient\UDP\AudioUtil.cs:行号 78


日 志 时 间:  2013-04-04 19:58:56,234 
日 志 级 别:  INFO
日 志 来 源: [18]::Chatter.MetroClient.UDP.AudioUtil.<Start>b__0(e:\code\myRepo\Chatter\MetroClient\UDP\AudioUtil.cs:78)
日 志 内 容:  接收不到数据，对方可能关闭
 System.ObjectDisposedException: 无法访问已释放的对象。
对象名:“WaveOut”。
   在 LumiSoft.Media.Wave.WaveOut.Play(Byte[] audioData, Int32 offset, Int32 count) 位置 e:\code\myRepo\Chatter\MetroClient\Wave\WaveOut.cs:行号 268
   在 Chatter.MetroClient.Audio.SoundManager.Play(Byte[] buffer) 位置 e:\code\myRepo\Chatter\MetroClient\Audio\SoundManager.cs:行号 90
   在 Chatter.MetroClient.UDP.AudioUtil.<Start>b__0() 位置 e:\code\myRepo\Chatter\MetroClient\UDP\AudioUtil.cs:行号 78


日 志 时 间:  2013-04-04 20:06:19,958 
日 志 级 别:  INFO
日 志 来 源: [11]::Chatter.MetroClient.UDP.AudioUtil.<Start>b__0(e:\code\myRepo\Chatter\MetroClient\UDP\AudioUtil.cs:78)
日 志 内 容:  接收不到数据，对方可能关闭
 System.ObjectDisposedException: 无法访问已释放的对象。
对象名:“WaveOut”。
   在 LumiSoft.Media.Wave.WaveOut.Play(Byte[] audioData, Int32 offset, Int32 count) 位置 e:\code\myRepo\Chatter\MetroClient\Wave\WaveOut.cs:行号 268
   在 Chatter.MetroClient.Audio.SoundManager.Play(Byte[] buffer) 位置 e:\code\myRepo\Chatter\MetroClient\Audio\SoundManager.cs:行号 90
   在 Chatter.MetroClient.UDP.AudioUtil.<Start>b__0() 位置 e:\code\myRepo\Chatter\MetroClient\UDP\AudioUtil.cs:行号 78


日 志 时 间:  2013-04-04 20:07:11,733 
日 志 级 别:  ERROR
日 志 来 源: [1]::Chatter.MetroClient.Callback.ChatterCallback.OnSendMessage(e:\code\myRepo\Chatter\MetroClient\Callback\ChatterCallback.cs:120)
日 志 内 容:  显示信息出错
 System.Collections.Generic.KeyNotFoundException: 给定关键字不在字典中。
   在 System.ThrowHelper.ThrowKeyNotFoundException()
   在 System.Collections.Generic.Dictionary`2.get_Item(TKey key)
   在 Chatter.MetroClient.Callback.ChatterCallback.ReceiveAudioMessage(Message mesg) 位置 e:\code\myRepo\Chatter\MetroClient\Callback\ChatterCallback.cs:行号 137
   在 Chatter.MetroClient.Callback.ChatterCallback.OnSendMessage(Message mesg) 位置 e:\code\myRepo\Chatter\MetroClient\Callback\ChatterCallback.cs:行号 120


日 志 时 间:  2013-04-04 20:07:17,676 
日 志 级 别:  ERROR
日 志 来 源: [1]::Chatter.MetroClient.Callback.ChatterCallback.ReceiveCommandMessage(e:\code\myRepo\Chatter\MetroClient\Callback\ChatterCallback.cs:178)
日 志 内 容:  收到命令Message，处理出错
 System.Collections.Generic.KeyNotFoundException: 给定关键字不在字典中。
   在 System.ThrowHelper.ThrowKeyNotFoundException()
   在 System.Collections.Generic.Dictionary`2.get_Item(TKey key)
   在 Chatter.MetroClient.Callback.ChatterCallback.ReceiveCommandMessage(Message mesg) 位置 e:\code\myRepo\Chatter\MetroClient\Callback\ChatterCallback.cs:行号 178


