日 志 时 间:  2013-03-26 15:57:46,323 
日 志 级 别:  INFO
日 志 来 源: [1]::Chatter.MetroClient.TCP.SendFileUtil.initTCPClient(f:\code\myRepo\Chatter\MetroClient\TCP\SendFileUtil.cs:66)
日 志 内 容:  send :10.2.5.57:52640
 

日 志 时 间:  2013-03-26 15:57:46,324 
日 志 级 别:  INFO
日 志 来 源: [13]::Chatter.MetroClient.TCP.SendFileUtil.<initTCPClient>b__1(f:\code\myRepo\Chatter\MetroClient\TCP\SendFileUtil.cs:55)
日 志 内 容:  我是发送端，开始等待接收端的connect
 

日 志 时 间:  2013-03-26 15:57:46,369 
日 志 级 别:  INFO
日 志 来 源: [13]::Chatter.MetroClient.TCP.SendFileUtil.<initTCPClient>b__1(f:\code\myRepo\Chatter\MetroClient\TCP\SendFileUtil.cs:58)
日 志 内 容:  我是发送端，accept接收端的connect
 

日 志 时 间:  2013-03-26 15:57:46,375 
日 志 级 别:  INFO
日 志 来 源: [SendThread]::Chatter.MetroClient.TCP.SendFileUtil.<Send>b__5(f:\code\myRepo\Chatter\MetroClient\TCP\SendFileUtil.cs:130)
日 志 内 容:  发送文件线程退出
 

日 志 时 间:  2013-03-26 16:22:34,954 
日 志 级 别:  INFO
日 志 来 源: [1]::Chatter.MetroClient.TCP.SendFileUtil.initTCPClient(f:\code\myRepo\Chatter\MetroClient\TCP\SendFileUtil.cs:66)
日 志 内 容:  send :10.2.5.57:53132
 

日 志 时 间:  2013-03-26 16:22:34,954 
日 志 级 别:  INFO
日 志 来 源: [17]::Chatter.MetroClient.TCP.SendFileUtil.<initTCPClient>b__1(f:\code\myRepo\Chatter\MetroClient\TCP\SendFileUtil.cs:55)
日 志 内 容:  我是发送端，开始等待接收端的connect
 

日 志 时 间:  2013-03-26 16:22:34,993 
日 志 级 别:  INFO
日 志 来 源: [17]::Chatter.MetroClient.TCP.SendFileUtil.<initTCPClient>b__1(f:\code\myRepo\Chatter\MetroClient\TCP\SendFileUtil.cs:58)
日 志 内 容:  我是发送端，accept接收端的connect
 

日 志 时 间:  2013-03-26 16:22:35,028 
日 志 级 别:  INFO
日 志 来 源: [SendThread]::Chatter.MetroClient.TCP.SendFileUtil.<Send>b__5(f:\code\myRepo\Chatter\MetroClient\TCP\SendFileUtil.cs:130)
日 志 内 容:  发送文件线程退出
 

