日 志 时 间:  2013-03-13 13:00:52,221 
日 志 级 别:  INFO
日 志 来 源: [19]::Chatter.MetroClient.UDP.AudioUtil.<Start>b__0(f:\code\myRepo\Chatter\MetroClient\UDP\AudioUtil.cs:67)
日 志 内 容:  接收不到数据，对方可能关闭
 System.ObjectDisposedException: Cannot access a disposed object.
Object name: 'WaveOut'.
   at LumiSoft.Media.Wave.WaveOut.Play(Byte[] audioData, Int32 offset, Int32 count) in f:\code\myRepo\Chatter\MetroClient\Wave\WaveOut.cs:line 268
   at Chatter.MetroClient.Audio.SoundManager.Play(Byte[] buffer) in f:\code\myRepo\Chatter\MetroClient\Audio\SoundManager.cs:line 90
   at Chatter.MetroClient.UDP.AudioUtil.<Start>b__0() in f:\code\myRepo\Chatter\MetroClient\UDP\AudioUtil.cs:line 67


日 志 时 间:  2013-03-13 13:00:56,391 
日 志 级 别:  INFO
日 志 来 源: [20]::Chatter.MetroClient.UDP.AudioUtil.<Start>b__0(f:\code\myRepo\Chatter\MetroClient\UDP\AudioUtil.cs:67)
日 志 内 容:  接收不到数据，对方可能关闭
 System.ObjectDisposedException: Cannot access a disposed object.
Object name: 'WaveOut'.
   at LumiSoft.Media.Wave.WaveOut.Play(Byte[] audioData, Int32 offset, Int32 count) in f:\code\myRepo\Chatter\MetroClient\Wave\WaveOut.cs:line 268
   at Chatter.MetroClient.Audio.SoundManager.Play(Byte[] buffer) in f:\code\myRepo\Chatter\MetroClient\Audio\SoundManager.cs:line 90
   at Chatter.MetroClient.UDP.AudioUtil.<Start>b__0() in f:\code\myRepo\Chatter\MetroClient\UDP\AudioUtil.cs:line 67


日 志 时 间:  2013-03-13 13:30:07,222 
日 志 级 别:  INFO
日 志 来 源: [ReceiveThread]::Chatter.MetroClient.TCP.ReceiveFileUtil.<Receive>b__1(f:\code\myRepo\Chatter\MetroClient\TCP\ReceiveFileUtil.cs:70)
日 志 内 容:  接收文件线程退出
 

