日 志 时 间:  2013-01-30 13:32:00,034 
日 志 级 别:  WARN
日 志 来 源:  Chatter.MetroClient.UI.LoginWindow.LoadIDAndPwd(f:\code\myRepo\Chatter\MetroClient\UI\LoginWindow.xaml.cs:160)
日 志 内 容:  创建信息文件出错
 System.IO.DirectoryNotFoundException: Could not find a part of the path 'd:\Users\cfchen\DocumentsNetalk\data.db'.
   at System.IO.__Error.WinIOError(Int32 errorCode, String maybeFullPath)
   at System.IO.FileStream.Init(String path, FileMode mode, FileAccess access, Int32 rights, Boolean useRights, FileShare share, Int32 bufferSize, FileOptions options, SECURITY_ATTRIBUTES secAttrs, String msgPath, Boolean bFromProxy, Boolean useLongPath, Boolean checkHost)
   at System.IO.FileStream..ctor(String path, FileMode mode, FileAccess access, FileShare share, Int32 bufferSize)
   at System.IO.File.Create(String path)
   at Chatter.MetroClient.UI.LoginWindow.LoadIDAndPwd() in f:\code\myRepo\Chatter\MetroClient\UI\LoginWindow.xaml.cs:line 155


日 志 时 间:  2013-01-30 14:06:32,948 
日 志 级 别:  WARN
日 志 来 源:  Chatter.MetroClient.UI.LoginWindow.LoadIDAndPwd(f:\code\myRepo\Chatter\MetroClient\UI\LoginWindow.xaml.cs:226)
日 志 内 容:  创建信息文件出错
 System.Security.Cryptography.CryptographicException: Bad Data.

   at System.Security.Cryptography.CryptographicException.ThrowCryptographicException(Int32 hr)
   at System.Security.Cryptography.Utils._DecryptData(SafeKeyHandle hKey, Byte[] data, Int32 ib, Int32 cb, Byte[]& outputBuffer, Int32 outputOffset, PaddingMode PaddingMode, Boolean fDone)
   at System.Security.Cryptography.CryptoAPITransform.TransformFinalBlock(Byte[] inputBuffer, Int32 inputOffset, Int32 inputCount)
   at System.Security.Cryptography.CryptoStream.FlushFinalBlock()
   at Chatter.MetroClient.UI.LoginWindow.Decrypt(Byte[] encryptBytes, String key) in f:\code\myRepo\Chatter\MetroClient\UI\LoginWindow.xaml.cs:line 252
   at Chatter.MetroClient.UI.LoginWindow.LoadIDAndPwd() in f:\code\myRepo\Chatter\MetroClient\UI\LoginWindow.xaml.cs:line 221


日 志 时 间:  2013-01-30 14:06:59,810 
日 志 级 别:  WARN
日 志 来 源:  Chatter.MetroClient.UI.LoginWindow.LoadIDAndPwd(f:\code\myRepo\Chatter\MetroClient\UI\LoginWindow.xaml.cs:226)
日 志 内 容:  创建信息文件出错
 System.Security.Cryptography.CryptographicException: Bad Data.

   at System.Security.Cryptography.CryptographicException.ThrowCryptographicException(Int32 hr)
   at System.Security.Cryptography.Utils._DecryptData(SafeKeyHandle hKey, Byte[] data, Int32 ib, Int32 cb, Byte[]& outputBuffer, Int32 outputOffset, PaddingMode PaddingMode, Boolean fDone)
   at System.Security.Cryptography.CryptoAPITransform.TransformFinalBlock(Byte[] inputBuffer, Int32 inputOffset, Int32 inputCount)
   at System.Security.Cryptography.CryptoStream.FlushFinalBlock()
   at Chatter.MetroClient.UI.LoginWindow.Decrypt(Byte[] encryptBytes, String key) in f:\code\myRepo\Chatter\MetroClient\UI\LoginWindow.xaml.cs:line 253
   at Chatter.MetroClient.UI.LoginWindow.LoadIDAndPwd() in f:\code\myRepo\Chatter\MetroClient\UI\LoginWindow.xaml.cs:line 221


日 志 时 间:  2013-01-30 14:07:18,655 
日 志 级 别:  WARN
日 志 来 源:  Chatter.MetroClient.UI.LoginWindow.LoadIDAndPwd(f:\code\myRepo\Chatter\MetroClient\UI\LoginWindow.xaml.cs:226)
日 志 内 容:  创建信息文件出错
 System.Security.Cryptography.CryptographicException: Bad Data.

   at System.Security.Cryptography.CryptographicException.ThrowCryptographicException(Int32 hr)
   at System.Security.Cryptography.Utils._DecryptData(SafeKeyHandle hKey, Byte[] data, Int32 ib, Int32 cb, Byte[]& outputBuffer, Int32 outputOffset, PaddingMode PaddingMode, Boolean fDone)
   at System.Security.Cryptography.CryptoAPITransform.TransformFinalBlock(Byte[] inputBuffer, Int32 inputOffset, Int32 inputCount)
   at System.Security.Cryptography.CryptoStream.FlushFinalBlock()
   at Chatter.MetroClient.UI.LoginWindow.Decrypt(Byte[] encryptBytes, String key) in f:\code\myRepo\Chatter\MetroClient\UI\LoginWindow.xaml.cs:line 253
   at Chatter.MetroClient.UI.LoginWindow.LoadIDAndPwd() in f:\code\myRepo\Chatter\MetroClient\UI\LoginWindow.xaml.cs:line 221


日 志 时 间:  2013-01-30 14:09:18,259 
日 志 级 别:  WARN
日 志 来 源:  Chatter.MetroClient.UI.LoginWindow.LoadIDAndPwd(f:\code\myRepo\Chatter\MetroClient\UI\LoginWindow.xaml.cs:227)
日 志 内 容:  创建信息文件出错
 System.Security.Cryptography.CryptographicException: Bad Data.

   at System.Security.Cryptography.CryptographicException.ThrowCryptographicException(Int32 hr)
   at System.Security.Cryptography.Utils._DecryptData(SafeKeyHandle hKey, Byte[] data, Int32 ib, Int32 cb, Byte[]& outputBuffer, Int32 outputOffset, PaddingMode PaddingMode, Boolean fDone)
   at System.Security.Cryptography.CryptoAPITransform.TransformFinalBlock(Byte[] inputBuffer, Int32 inputOffset, Int32 inputCount)
   at System.Security.Cryptography.CryptoStream.FlushFinalBlock()
   at Chatter.MetroClient.UI.LoginWindow.Decrypt(Byte[] encryptBytes, String key) in f:\code\myRepo\Chatter\MetroClient\UI\LoginWindow.xaml.cs:line 256
   at Chatter.MetroClient.UI.LoginWindow.LoadIDAndPwd() in f:\code\myRepo\Chatter\MetroClient\UI\LoginWindow.xaml.cs:line 222


日 志 时 间:  2013-01-30 14:13:41,366 
日 志 级 别:  WARN
日 志 来 源:  Chatter.MetroClient.UI.LoginWindow.WriteIDAndPwd(f:\code\myRepo\Chatter\MetroClient\UI\LoginWindow.xaml.cs:197)
日 志 内 容:  储存密码出错
 System.IO.IOException: The process cannot access the file 'd:\Users\cfchen\Documents\Netalk\data.db' because it is being used by another process.
   at System.IO.__Error.WinIOError(Int32 errorCode, String maybeFullPath)
   at System.IO.FileStream.Init(String path, FileMode mode, FileAccess access, Int32 rights, Boolean useRights, FileShare share, Int32 bufferSize, FileOptions options, SECURITY_ATTRIBUTES secAttrs, String msgPath, Boolean bFromProxy, Boolean useLongPath, Boolean checkHost)
   at System.IO.FileStream..ctor(String path, FileMode mode, FileAccess access)
   at Chatter.MetroClient.UI.LoginWindow.WriteIDAndPwd() in f:\code\myRepo\Chatter\MetroClient\UI\LoginWindow.xaml.cs:line 171


日 志 时 间:  2013-01-30 14:14:16,191 
日 志 级 别:  WARN
日 志 来 源:  Chatter.MetroClient.UI.LoginWindow.LoadIDAndPwd(f:\code\myRepo\Chatter\MetroClient\UI\LoginWindow.xaml.cs:228)
日 志 内 容:  创建信息文件出错
 System.Security.Cryptography.CryptographicException: Bad Data.

   at System.Security.Cryptography.CryptographicException.ThrowCryptographicException(Int32 hr)
   at System.Security.Cryptography.Utils._DecryptData(SafeKeyHandle hKey, Byte[] data, Int32 ib, Int32 cb, Byte[]& outputBuffer, Int32 outputOffset, PaddingMode PaddingMode, Boolean fDone)
   at System.Security.Cryptography.CryptoAPITransform.TransformFinalBlock(Byte[] inputBuffer, Int32 inputOffset, Int32 inputCount)
   at System.Security.Cryptography.CryptoStream.FlushFinalBlock()
   at Chatter.MetroClient.UI.LoginWindow.Decrypt(Byte[] encryptBytes, String key) in f:\code\myRepo\Chatter\MetroClient\UI\LoginWindow.xaml.cs:line 257
   at Chatter.MetroClient.UI.LoginWindow.LoadIDAndPwd() in f:\code\myRepo\Chatter\MetroClient\UI\LoginWindow.xaml.cs:line 223


日 志 时 间:  2013-01-30 14:15:05,395 
日 志 级 别:  WARN
日 志 来 源:  Chatter.MetroClient.UI.LoginWindow.LoadIDAndPwd(f:\code\myRepo\Chatter\MetroClient\UI\LoginWindow.xaml.cs:229)
日 志 内 容:  创建信息文件出错
 System.Security.Cryptography.CryptographicException: Bad Data.

   at System.Security.Cryptography.CryptographicException.ThrowCryptographicException(Int32 hr)
   at System.Security.Cryptography.Utils._DecryptData(SafeKeyHandle hKey, Byte[] data, Int32 ib, Int32 cb, Byte[]& outputBuffer, Int32 outputOffset, PaddingMode PaddingMode, Boolean fDone)
   at System.Security.Cryptography.CryptoAPITransform.TransformFinalBlock(Byte[] inputBuffer, Int32 inputOffset, Int32 inputCount)
   at System.Security.Cryptography.CryptoStream.FlushFinalBlock()
   at Chatter.MetroClient.UI.LoginWindow.Decrypt(Byte[] encryptBytes, String key) in f:\code\myRepo\Chatter\MetroClient\UI\LoginWindow.xaml.cs:line 258
   at Chatter.MetroClient.UI.LoginWindow.LoadIDAndPwd() in f:\code\myRepo\Chatter\MetroClient\UI\LoginWindow.xaml.cs:line 224


日 志 时 间:  2013-01-30 14:41:18,682 
日 志 级 别:  WARN
日 志 来 源:  Chatter.MetroClient.UI.LoginWindow.LoadIDAndPwd(f:\code\myRepo\Chatter\MetroClient\UI\LoginWindow.xaml.cs:253)
日 志 内 容:  创建信息文件出错
 System.InvalidOperationException: The calling thread cannot access this object because a different thread owns it.
   at System.Windows.Threading.Dispatcher.VerifyAccess()
   at System.Windows.DependencyObject.SetValue(DependencyProperty dp, Object value)
   at System.Windows.Controls.TextBox.set_Text(String value)
   at Chatter.MetroClient.UI.LoginWindow.LoadIDAndPwd() in f:\code\myRepo\Chatter\MetroClient\UI\LoginWindow.xaml.cs:line 241


日 志 时 间:  2013-01-30 15:22:47,659 
日 志 级 别:  ERROR
日 志 来 源:  Chatter.MetroClient.UI.MainWindow.OnClosing(f:\code\myRepo\Chatter\MetroClient\UI\MainWindow.xaml.cs:99)
日 志 内 容:  退出出现问题
 System.TimeoutException: The message could not be transferred within the allotted timeout of 00:01:10. There was no space available in the reliable channel's transfer window. The time allotted to this operation may have been a portion of a longer timeout.

Server stack trace: 
   at System.ServiceModel.Channels.TransmissionStrategy.WaitQueueAdder.Wait(TimeSpan timeout)
   at System.ServiceModel.Channels.TransmissionStrategy.InternalAdd(Message message, Boolean isLast, TimeSpan timeout, Object state, MessageAttemptInfo& attemptInfo)
   at System.ServiceModel.Channels.TransmissionStrategy.AddLast(Message message, TimeSpan timeout, Object state)
   at System.ServiceModel.Channels.ReliableOutputConnection.InternalAddMessage(Message message, TimeSpan timeout, Object state, Boolean isLast)
   at System.ServiceModel.Channels.ReliableOutputConnection.CompleteTransfer(TimeSpan timeout)
   at System.ServiceModel.Channels.ReliableOutputConnection.Close(TimeSpan timeout)
   at System.ServiceModel.Channels.ReliableDuplexSessionChannel.InternalCloseOutputSession(TimeSpan timeout)
   at System.ServiceModel.Channels.ReliableDuplexSessionChannel.OnClose(TimeSpan timeout)
   at System.ServiceModel.Channels.ClientReliableDuplexSessionChannel.OnClose(TimeSpan timeout)
   at System.ServiceModel.Channels.CommunicationObject.Close(TimeSpan timeout)
   at System.ServiceModel.Channels.ServiceChannel.OnClose(TimeSpan timeout)
   at System.ServiceModel.Channels.CommunicationObject.Close(TimeSpan timeout)
   at System.ServiceModel.Dispatcher.TerminatingOperationBehavior.AfterReply(ProxyRpc& rpc)
   at System.ServiceModel.Channels.ServiceChannel.HandleReply(ProxyOperationRuntime operation, ProxyRpc& rpc)
   at System.ServiceModel.Channels.ServiceChannel.Call(String action, Boolean oneway, ProxyOperationRuntime operation, Object[] ins, Object[] outs, TimeSpan timeout)
   at System.ServiceModel.Channels.ServiceChannelProxy.InvokeService(IMethodCallMessage methodCall, ProxyOperationRuntime operation)
   at System.ServiceModel.Channels.ServiceChannelProxy.Invoke(IMessage message)

Exception rethrown at [0]: 
   at System.Runtime.Remoting.Proxies.RealProxy.HandleReturnMessage(IMessage reqMsg, IMessage retMsg)
   at System.Runtime.Remoting.Proxies.RealProxy.PrivateInvoke(MessageData& msgData, Int32 type)
   at MetroClient.ChatterService.IChatter.Logoff(Member member)
   at MetroClient.ChatterService.ChatterClient.Logoff(Member member) in f:\code\myRepo\Chatter\MetroClient\Service References\ChatterService\Reference.cs:line 1130
   at Chatter.MetroClient.UI.MainWindow.OnClosing(CancelEventArgs e) in f:\code\myRepo\Chatter\MetroClient\UI\MainWindow.xaml.cs:line 95


日 志 时 间:  2013-01-30 15:40:52,335 
日 志 级 别:  ERROR
日 志 来 源:  Chatter.MetroClient.UI.MyButton.Client_DeleteFriendCompleted(f:\code\myRepo\Chatter\MetroClient\UI\MyButton.xaml.cs:325)
日 志 内 容:  删除好友出错
 System.ServiceModel.FaultException: The server was unable to process the request due to an internal error.  For more information about the error, either turn on IncludeExceptionDetailInFaults (either from ServiceBehaviorAttribute or from the <serviceDebug> configuration behavior) on the server in order to send the exception information back to the client, or turn on tracing as per the Microsoft .NET Framework SDK documentation and inspect the server trace logs.

Server stack trace: 
   at System.ServiceModel.Channels.ServiceChannel.ThrowIfFaultUnderstood(Message reply, MessageFault fault, String action, MessageVersion version, FaultConverter faultConverter)
   at System.ServiceModel.Channels.ServiceChannel.HandleReply(ProxyOperationRuntime operation, ProxyRpc& rpc)
   at System.ServiceModel.Channels.ServiceChannel.EndCall(String action, Object[] outs, IAsyncResult result)
   at System.ServiceModel.Channels.ServiceChannelProxy.InvokeEndService(IMethodCallMessage methodCall, ProxyOperationRuntime operation)
   at System.ServiceModel.Channels.ServiceChannelProxy.Invoke(IMessage message)

Exception rethrown at [0]: 
   at Chatter.MetroClient.UI.MyButton.Client_DeleteFriendCompleted(Object sender, DeleteFriendCompletedEventArgs e) in f:\code\myRepo\Chatter\MetroClient\UI\MyButton.xaml.cs:line 279


