日 志 时 间:  2013-03-29 16:07:57,398 
日 志 级 别:  WARN
日 志 来 源: [8]::Chatter.MetroClient.UI.MainWindow.<SendHeartBeat>b__0(f:\code\myRepo\Chatter\MetroClient\UI\MainWindow.xaml.cs:124)
日 志 内 容:  发送心跳包出现错误
 System.ServiceModel.FaultException`1[System.ServiceModel.ExceptionDetail]: Cannot access a disposed object.
Object name: 'System.ServiceModel.InstanceContext'. (Fault Detail is equal to An ExceptionDetail, likely created by IncludeExceptionDetailInFaults=true, whose value is:
System.ObjectDisposedException: Cannot access a disposed object.
Object name: 'System.ServiceModel.InstanceContext'.
   at System.ServiceModel.Channels.CommunicationObject.ThrowIfDisposed()
   at System.ServiceModel.Dispatcher.InstanceBehavior.EnsureInstanceContext(MessageRpc& rpc)
   at System.ServiceModel.Dispatcher.ImmutableDispatchRuntime.ProcessMessage1(MessageRpc& rpc)
   at System.ServiceModel.Dispatcher.MessageRpc.Process(Boolean isOperationContextSet)).


日 志 时 间:  2013-03-29 16:07:57,948 
日 志 级 别:  WARN
日 志 来 源: [8]::Chatter.MetroClient.UI.MainWindow.<SendHeartBeat>b__0(f:\code\myRepo\Chatter\MetroClient\UI\MainWindow.xaml.cs:124)
日 志 内 容:  发送心跳包出现错误
 System.ServiceModel.ProtocolException: This channel can no longer be used to send messages as the output session was auto-closed due to a server-initiated shutdown. Either disable auto-close by setting the DispatchRuntime.AutomaticInputSessionShutdown to false, or consider modifying the shutdown protocol with the remote server.

Server stack trace: 
   at System.ServiceModel.Channels.ServiceChannel.PrepareCall(ProxyOperationRuntime operation, Boolean oneway, ProxyRpc& rpc)
   at System.ServiceModel.Channels.ServiceChannel.Call(String action, Boolean oneway, ProxyOperationRuntime operation, Object[] ins, Object[] outs, TimeSpan timeout)
   at System.ServiceModel.Channels.ServiceChannelProxy.InvokeService(IMethodCallMessage methodCall, ProxyOperationRuntime operation)
   at System.ServiceModel.Channels.ServiceChannelProxy.Invoke(IMessage message)

Exception rethrown at [0]: 
   at System.Runtime.Remoting.Proxies.RealProxy.HandleReturnMessage(IMessage reqMsg, IMessage retMsg)
   at System.Runtime.Remoting.Proxies.RealProxy.PrivateInvoke(MessageData& msgData, Int32 type)
   at MetroClient.ChatterService.IChatter.SendHeartBeat()
   at MetroClient.ChatterService.ChatterClient.SendHeartBeat() in f:\code\myRepo\Chatter\MetroClient\Service References\ChatterService\Reference.cs:line 2107
   at Chatter.MetroClient.UI.MainWindow.<SendHeartBeat>b__0() in f:\code\myRepo\Chatter\MetroClient\UI\MainWindow.xaml.cs:line 124


日 志 时 间:  2013-03-29 16:07:58,450 
日 志 级 别:  WARN
日 志 来 源: [8]::Chatter.MetroClient.UI.MainWindow.<SendHeartBeat>b__0(f:\code\myRepo\Chatter\MetroClient\UI\MainWindow.xaml.cs:124)
日 志 内 容:  发送心跳包出现错误
 System.ServiceModel.ProtocolException: This channel can no longer be used to send messages as the output session was auto-closed due to a server-initiated shutdown. Either disable auto-close by setting the DispatchRuntime.AutomaticInputSessionShutdown to false, or consider modifying the shutdown protocol with the remote server.

Server stack trace: 
   at System.ServiceModel.Channels.ServiceChannel.PrepareCall(ProxyOperationRuntime operation, Boolean oneway, ProxyRpc& rpc)
   at System.ServiceModel.Channels.ServiceChannel.Call(String action, Boolean oneway, ProxyOperationRuntime operation, Object[] ins, Object[] outs, TimeSpan timeout)
   at System.ServiceModel.Channels.ServiceChannelProxy.InvokeService(IMethodCallMessage methodCall, ProxyOperationRuntime operation)
   at System.ServiceModel.Channels.ServiceChannelProxy.Invoke(IMessage message)

Exception rethrown at [0]: 
   at System.Runtime.Remoting.Proxies.RealProxy.HandleReturnMessage(IMessage reqMsg, IMessage retMsg)
   at System.Runtime.Remoting.Proxies.RealProxy.PrivateInvoke(MessageData& msgData, Int32 type)
   at MetroClient.ChatterService.IChatter.SendHeartBeat()
   at MetroClient.ChatterService.ChatterClient.SendHeartBeat() in f:\code\myRepo\Chatter\MetroClient\Service References\ChatterService\Reference.cs:line 2107
   at Chatter.MetroClient.UI.MainWindow.<SendHeartBeat>b__0() in f:\code\myRepo\Chatter\MetroClient\UI\MainWindow.xaml.cs:line 124


日 志 时 间:  2013-03-29 16:07:58,951 
日 志 级 别:  WARN
日 志 来 源: [8]::Chatter.MetroClient.UI.MainWindow.<SendHeartBeat>b__0(f:\code\myRepo\Chatter\MetroClient\UI\MainWindow.xaml.cs:124)
日 志 内 容:  发送心跳包出现错误
 System.ServiceModel.ProtocolException: This channel can no longer be used to send messages as the output session was auto-closed due to a server-initiated shutdown. Either disable auto-close by setting the DispatchRuntime.AutomaticInputSessionShutdown to false, or consider modifying the shutdown protocol with the remote server.

Server stack trace: 
   at System.ServiceModel.Channels.ServiceChannel.PrepareCall(ProxyOperationRuntime operation, Boolean oneway, ProxyRpc& rpc)
   at System.ServiceModel.Channels.ServiceChannel.Call(String action, Boolean oneway, ProxyOperationRuntime operation, Object[] ins, Object[] outs, TimeSpan timeout)
   at System.ServiceModel.Channels.ServiceChannelProxy.InvokeService(IMethodCallMessage methodCall, ProxyOperationRuntime operation)
   at System.ServiceModel.Channels.ServiceChannelProxy.Invoke(IMessage message)

Exception rethrown at [0]: 
   at System.Runtime.Remoting.Proxies.RealProxy.HandleReturnMessage(IMessage reqMsg, IMessage retMsg)
   at System.Runtime.Remoting.Proxies.RealProxy.PrivateInvoke(MessageData& msgData, Int32 type)
   at MetroClient.ChatterService.IChatter.SendHeartBeat()
   at MetroClient.ChatterService.ChatterClient.SendHeartBeat() in f:\code\myRepo\Chatter\MetroClient\Service References\ChatterService\Reference.cs:line 2107
   at Chatter.MetroClient.UI.MainWindow.<SendHeartBeat>b__0() in f:\code\myRepo\Chatter\MetroClient\UI\MainWindow.xaml.cs:line 124


日 志 时 间:  2013-03-29 16:07:59,452 
日 志 级 别:  WARN
日 志 来 源: [8]::Chatter.MetroClient.UI.MainWindow.<SendHeartBeat>b__0(f:\code\myRepo\Chatter\MetroClient\UI\MainWindow.xaml.cs:124)
日 志 内 容:  发送心跳包出现错误
 System.ServiceModel.ProtocolException: This channel can no longer be used to send messages as the output session was auto-closed due to a server-initiated shutdown. Either disable auto-close by setting the DispatchRuntime.AutomaticInputSessionShutdown to false, or consider modifying the shutdown protocol with the remote server.

Server stack trace: 
   at System.ServiceModel.Channels.ServiceChannel.PrepareCall(ProxyOperationRuntime operation, Boolean oneway, ProxyRpc& rpc)
   at System.ServiceModel.Channels.ServiceChannel.Call(String action, Boolean oneway, ProxyOperationRuntime operation, Object[] ins, Object[] outs, TimeSpan timeout)
   at System.ServiceModel.Channels.ServiceChannelProxy.InvokeService(IMethodCallMessage methodCall, ProxyOperationRuntime operation)
   at System.ServiceModel.Channels.ServiceChannelProxy.Invoke(IMessage message)

Exception rethrown at [0]: 
   at System.Runtime.Remoting.Proxies.RealProxy.HandleReturnMessage(IMessage reqMsg, IMessage retMsg)
   at System.Runtime.Remoting.Proxies.RealProxy.PrivateInvoke(MessageData& msgData, Int32 type)
   at MetroClient.ChatterService.IChatter.SendHeartBeat()
   at MetroClient.ChatterService.ChatterClient.SendHeartBeat() in f:\code\myRepo\Chatter\MetroClient\Service References\ChatterService\Reference.cs:line 2107
   at Chatter.MetroClient.UI.MainWindow.<SendHeartBeat>b__0() in f:\code\myRepo\Chatter\MetroClient\UI\MainWindow.xaml.cs:line 124


日 志 时 间:  2013-03-29 16:07:59,953 
日 志 级 别:  WARN
日 志 来 源: [8]::Chatter.MetroClient.UI.MainWindow.<SendHeartBeat>b__0(f:\code\myRepo\Chatter\MetroClient\UI\MainWindow.xaml.cs:124)
日 志 内 容:  发送心跳包出现错误
 System.ServiceModel.ProtocolException: This channel can no longer be used to send messages as the output session was auto-closed due to a server-initiated shutdown. Either disable auto-close by setting the DispatchRuntime.AutomaticInputSessionShutdown to false, or consider modifying the shutdown protocol with the remote server.

Server stack trace: 
   at System.ServiceModel.Channels.ServiceChannel.PrepareCall(ProxyOperationRuntime operation, Boolean oneway, ProxyRpc& rpc)
   at System.ServiceModel.Channels.ServiceChannel.Call(String action, Boolean oneway, ProxyOperationRuntime operation, Object[] ins, Object[] outs, TimeSpan timeout)
   at System.ServiceModel.Channels.ServiceChannelProxy.InvokeService(IMethodCallMessage methodCall, ProxyOperationRuntime operation)
   at System.ServiceModel.Channels.ServiceChannelProxy.Invoke(IMessage message)

Exception rethrown at [0]: 
   at System.Runtime.Remoting.Proxies.RealProxy.HandleReturnMessage(IMessage reqMsg, IMessage retMsg)
   at System.Runtime.Remoting.Proxies.RealProxy.PrivateInvoke(MessageData& msgData, Int32 type)
   at MetroClient.ChatterService.IChatter.SendHeartBeat()
   at MetroClient.ChatterService.ChatterClient.SendHeartBeat() in f:\code\myRepo\Chatter\MetroClient\Service References\ChatterService\Reference.cs:line 2107
   at Chatter.MetroClient.UI.MainWindow.<SendHeartBeat>b__0() in f:\code\myRepo\Chatter\MetroClient\UI\MainWindow.xaml.cs:line 124


日 志 时 间:  2013-03-29 16:08:00,454 
日 志 级 别:  WARN
日 志 来 源: [8]::Chatter.MetroClient.UI.MainWindow.<SendHeartBeat>b__0(f:\code\myRepo\Chatter\MetroClient\UI\MainWindow.xaml.cs:124)
日 志 内 容:  发送心跳包出现错误
 System.ServiceModel.ProtocolException: This channel can no longer be used to send messages as the output session was auto-closed due to a server-initiated shutdown. Either disable auto-close by setting the DispatchRuntime.AutomaticInputSessionShutdown to false, or consider modifying the shutdown protocol with the remote server.

Server stack trace: 
   at System.ServiceModel.Channels.ServiceChannel.PrepareCall(ProxyOperationRuntime operation, Boolean oneway, ProxyRpc& rpc)
   at System.ServiceModel.Channels.ServiceChannel.Call(String action, Boolean oneway, ProxyOperationRuntime operation, Object[] ins, Object[] outs, TimeSpan timeout)
   at System.ServiceModel.Channels.ServiceChannelProxy.InvokeService(IMethodCallMessage methodCall, ProxyOperationRuntime operation)
   at System.ServiceModel.Channels.ServiceChannelProxy.Invoke(IMessage message)

Exception rethrown at [0]: 
   at System.Runtime.Remoting.Proxies.RealProxy.HandleReturnMessage(IMessage reqMsg, IMessage retMsg)
   at System.Runtime.Remoting.Proxies.RealProxy.PrivateInvoke(MessageData& msgData, Int32 type)
   at MetroClient.ChatterService.IChatter.SendHeartBeat()
   at MetroClient.ChatterService.ChatterClient.SendHeartBeat() in f:\code\myRepo\Chatter\MetroClient\Service References\ChatterService\Reference.cs:line 2107
   at Chatter.MetroClient.UI.MainWindow.<SendHeartBeat>b__0() in f:\code\myRepo\Chatter\MetroClient\UI\MainWindow.xaml.cs:line 124


日 志 时 间:  2013-03-29 16:08:00,955 
日 志 级 别:  WARN
日 志 来 源: [8]::Chatter.MetroClient.UI.MainWindow.<SendHeartBeat>b__0(f:\code\myRepo\Chatter\MetroClient\UI\MainWindow.xaml.cs:124)
日 志 内 容:  发送心跳包出现错误
 System.ServiceModel.ProtocolException: This channel can no longer be used to send messages as the output session was auto-closed due to a server-initiated shutdown. Either disable auto-close by setting the DispatchRuntime.AutomaticInputSessionShutdown to false, or consider modifying the shutdown protocol with the remote server.

Server stack trace: 
   at System.ServiceModel.Channels.ServiceChannel.PrepareCall(ProxyOperationRuntime operation, Boolean oneway, ProxyRpc& rpc)
   at System.ServiceModel.Channels.ServiceChannel.Call(String action, Boolean oneway, ProxyOperationRuntime operation, Object[] ins, Object[] outs, TimeSpan timeout)
   at System.ServiceModel.Channels.ServiceChannelProxy.InvokeService(IMethodCallMessage methodCall, ProxyOperationRuntime operation)
   at System.ServiceModel.Channels.ServiceChannelProxy.Invoke(IMessage message)

Exception rethrown at [0]: 
   at System.Runtime.Remoting.Proxies.RealProxy.HandleReturnMessage(IMessage reqMsg, IMessage retMsg)
   at System.Runtime.Remoting.Proxies.RealProxy.PrivateInvoke(MessageData& msgData, Int32 type)
   at MetroClient.ChatterService.IChatter.SendHeartBeat()
   at MetroClient.ChatterService.ChatterClient.SendHeartBeat() in f:\code\myRepo\Chatter\MetroClient\Service References\ChatterService\Reference.cs:line 2107
   at Chatter.MetroClient.UI.MainWindow.<SendHeartBeat>b__0() in f:\code\myRepo\Chatter\MetroClient\UI\MainWindow.xaml.cs:line 124


日 志 时 间:  2013-03-29 16:08:01,456 
日 志 级 别:  WARN
日 志 来 源: [8]::Chatter.MetroClient.UI.MainWindow.<SendHeartBeat>b__0(f:\code\myRepo\Chatter\MetroClient\UI\MainWindow.xaml.cs:124)
日 志 内 容:  发送心跳包出现错误
 System.ServiceModel.ProtocolException: This channel can no longer be used to send messages as the output session was auto-closed due to a server-initiated shutdown. Either disable auto-close by setting the DispatchRuntime.AutomaticInputSessionShutdown to false, or consider modifying the shutdown protocol with the remote server.

Server stack trace: 
   at System.ServiceModel.Channels.ServiceChannel.PrepareCall(ProxyOperationRuntime operation, Boolean oneway, ProxyRpc& rpc)
   at System.ServiceModel.Channels.ServiceChannel.Call(String action, Boolean oneway, ProxyOperationRuntime operation, Object[] ins, Object[] outs, TimeSpan timeout)
   at System.ServiceModel.Channels.ServiceChannelProxy.InvokeService(IMethodCallMessage methodCall, ProxyOperationRuntime operation)
   at System.ServiceModel.Channels.ServiceChannelProxy.Invoke(IMessage message)

Exception rethrown at [0]: 
   at System.Runtime.Remoting.Proxies.RealProxy.HandleReturnMessage(IMessage reqMsg, IMessage retMsg)
   at System.Runtime.Remoting.Proxies.RealProxy.PrivateInvoke(MessageData& msgData, Int32 type)
   at MetroClient.ChatterService.IChatter.SendHeartBeat()
   at MetroClient.ChatterService.ChatterClient.SendHeartBeat() in f:\code\myRepo\Chatter\MetroClient\Service References\ChatterService\Reference.cs:line 2107
   at Chatter.MetroClient.UI.MainWindow.<SendHeartBeat>b__0() in f:\code\myRepo\Chatter\MetroClient\UI\MainWindow.xaml.cs:line 124


日 志 时 间:  2013-03-29 16:08:01,957 
日 志 级 别:  WARN
日 志 来 源: [8]::Chatter.MetroClient.UI.MainWindow.<SendHeartBeat>b__0(f:\code\myRepo\Chatter\MetroClient\UI\MainWindow.xaml.cs:124)
日 志 内 容:  发送心跳包出现错误
 System.ServiceModel.ProtocolException: This channel can no longer be used to send messages as the output session was auto-closed due to a server-initiated shutdown. Either disable auto-close by setting the DispatchRuntime.AutomaticInputSessionShutdown to false, or consider modifying the shutdown protocol with the remote server.

Server stack trace: 
   at System.ServiceModel.Channels.ServiceChannel.PrepareCall(ProxyOperationRuntime operation, Boolean oneway, ProxyRpc& rpc)
   at System.ServiceModel.Channels.ServiceChannel.Call(String action, Boolean oneway, ProxyOperationRuntime operation, Object[] ins, Object[] outs, TimeSpan timeout)
   at System.ServiceModel.Channels.ServiceChannelProxy.InvokeService(IMethodCallMessage methodCall, ProxyOperationRuntime operation)
   at System.ServiceModel.Channels.ServiceChannelProxy.Invoke(IMessage message)

Exception rethrown at [0]: 
   at System.Runtime.Remoting.Proxies.RealProxy.HandleReturnMessage(IMessage reqMsg, IMessage retMsg)
   at System.Runtime.Remoting.Proxies.RealProxy.PrivateInvoke(MessageData& msgData, Int32 type)
   at MetroClient.ChatterService.IChatter.SendHeartBeat()
   at MetroClient.ChatterService.ChatterClient.SendHeartBeat() in f:\code\myRepo\Chatter\MetroClient\Service References\ChatterService\Reference.cs:line 2107
   at Chatter.MetroClient.UI.MainWindow.<SendHeartBeat>b__0() in f:\code\myRepo\Chatter\MetroClient\UI\MainWindow.xaml.cs:line 124


日 志 时 间:  2013-03-29 16:08:02,459 
日 志 级 别:  WARN
日 志 来 源: [8]::Chatter.MetroClient.UI.MainWindow.<SendHeartBeat>b__0(f:\code\myRepo\Chatter\MetroClient\UI\MainWindow.xaml.cs:124)
日 志 内 容:  发送心跳包出现错误
 System.ServiceModel.ProtocolException: This channel can no longer be used to send messages as the output session was auto-closed due to a server-initiated shutdown. Either disable auto-close by setting the DispatchRuntime.AutomaticInputSessionShutdown to false, or consider modifying the shutdown protocol with the remote server.

Server stack trace: 
   at System.ServiceModel.Channels.ServiceChannel.PrepareCall(ProxyOperationRuntime operation, Boolean oneway, ProxyRpc& rpc)
   at System.ServiceModel.Channels.ServiceChannel.Call(String action, Boolean oneway, ProxyOperationRuntime operation, Object[] ins, Object[] outs, TimeSpan timeout)
   at System.ServiceModel.Channels.ServiceChannelProxy.InvokeService(IMethodCallMessage methodCall, ProxyOperationRuntime operation)
   at System.ServiceModel.Channels.ServiceChannelProxy.Invoke(IMessage message)

Exception rethrown at [0]: 
   at System.Runtime.Remoting.Proxies.RealProxy.HandleReturnMessage(IMessage reqMsg, IMessage retMsg)
   at System.Runtime.Remoting.Proxies.RealProxy.PrivateInvoke(MessageData& msgData, Int32 type)
   at MetroClient.ChatterService.IChatter.SendHeartBeat()
   at MetroClient.ChatterService.ChatterClient.SendHeartBeat() in f:\code\myRepo\Chatter\MetroClient\Service References\ChatterService\Reference.cs:line 2107
   at Chatter.MetroClient.UI.MainWindow.<SendHeartBeat>b__0() in f:\code\myRepo\Chatter\MetroClient\UI\MainWindow.xaml.cs:line 124


日 志 时 间:  2013-03-29 16:08:02,960 
日 志 级 别:  WARN
日 志 来 源: [8]::Chatter.MetroClient.UI.MainWindow.<SendHeartBeat>b__0(f:\code\myRepo\Chatter\MetroClient\UI\MainWindow.xaml.cs:124)
日 志 内 容:  发送心跳包出现错误
 System.ServiceModel.ProtocolException: This channel can no longer be used to send messages as the output session was auto-closed due to a server-initiated shutdown. Either disable auto-close by setting the DispatchRuntime.AutomaticInputSessionShutdown to false, or consider modifying the shutdown protocol with the remote server.

Server stack trace: 
   at System.ServiceModel.Channels.ServiceChannel.PrepareCall(ProxyOperationRuntime operation, Boolean oneway, ProxyRpc& rpc)
   at System.ServiceModel.Channels.ServiceChannel.Call(String action, Boolean oneway, ProxyOperationRuntime operation, Object[] ins, Object[] outs, TimeSpan timeout)
   at System.ServiceModel.Channels.ServiceChannelProxy.InvokeService(IMethodCallMessage methodCall, ProxyOperationRuntime operation)
   at System.ServiceModel.Channels.ServiceChannelProxy.Invoke(IMessage message)

Exception rethrown at [0]: 
   at System.Runtime.Remoting.Proxies.RealProxy.HandleReturnMessage(IMessage reqMsg, IMessage retMsg)
   at System.Runtime.Remoting.Proxies.RealProxy.PrivateInvoke(MessageData& msgData, Int32 type)
   at MetroClient.ChatterService.IChatter.SendHeartBeat()
   at MetroClient.ChatterService.ChatterClient.SendHeartBeat() in f:\code\myRepo\Chatter\MetroClient\Service References\ChatterService\Reference.cs:line 2107
   at Chatter.MetroClient.UI.MainWindow.<SendHeartBeat>b__0() in f:\code\myRepo\Chatter\MetroClient\UI\MainWindow.xaml.cs:line 124


日 志 时 间:  2013-03-29 16:08:03,461 
日 志 级 别:  WARN
日 志 来 源: [8]::Chatter.MetroClient.UI.MainWindow.<SendHeartBeat>b__0(f:\code\myRepo\Chatter\MetroClient\UI\MainWindow.xaml.cs:124)
日 志 内 容:  发送心跳包出现错误
 System.ServiceModel.ProtocolException: This channel can no longer be used to send messages as the output session was auto-closed due to a server-initiated shutdown. Either disable auto-close by setting the DispatchRuntime.AutomaticInputSessionShutdown to false, or consider modifying the shutdown protocol with the remote server.

Server stack trace: 
   at System.ServiceModel.Channels.ServiceChannel.PrepareCall(ProxyOperationRuntime operation, Boolean oneway, ProxyRpc& rpc)
   at System.ServiceModel.Channels.ServiceChannel.Call(String action, Boolean oneway, ProxyOperationRuntime operation, Object[] ins, Object[] outs, TimeSpan timeout)
   at System.ServiceModel.Channels.ServiceChannelProxy.InvokeService(IMethodCallMessage methodCall, ProxyOperationRuntime operation)
   at System.ServiceModel.Channels.ServiceChannelProxy.Invoke(IMessage message)

Exception rethrown at [0]: 
   at System.Runtime.Remoting.Proxies.RealProxy.HandleReturnMessage(IMessage reqMsg, IMessage retMsg)
   at System.Runtime.Remoting.Proxies.RealProxy.PrivateInvoke(MessageData& msgData, Int32 type)
   at MetroClient.ChatterService.IChatter.SendHeartBeat()
   at MetroClient.ChatterService.ChatterClient.SendHeartBeat() in f:\code\myRepo\Chatter\MetroClient\Service References\ChatterService\Reference.cs:line 2107
   at Chatter.MetroClient.UI.MainWindow.<SendHeartBeat>b__0() in f:\code\myRepo\Chatter\MetroClient\UI\MainWindow.xaml.cs:line 124


日 志 时 间:  2013-03-29 16:08:03,962 
日 志 级 别:  WARN
日 志 来 源: [8]::Chatter.MetroClient.UI.MainWindow.<SendHeartBeat>b__0(f:\code\myRepo\Chatter\MetroClient\UI\MainWindow.xaml.cs:124)
日 志 内 容:  发送心跳包出现错误
 System.ServiceModel.ProtocolException: This channel can no longer be used to send messages as the output session was auto-closed due to a server-initiated shutdown. Either disable auto-close by setting the DispatchRuntime.AutomaticInputSessionShutdown to false, or consider modifying the shutdown protocol with the remote server.

Server stack trace: 
   at System.ServiceModel.Channels.ServiceChannel.PrepareCall(ProxyOperationRuntime operation, Boolean oneway, ProxyRpc& rpc)
   at System.ServiceModel.Channels.ServiceChannel.Call(String action, Boolean oneway, ProxyOperationRuntime operation, Object[] ins, Object[] outs, TimeSpan timeout)
   at System.ServiceModel.Channels.ServiceChannelProxy.InvokeService(IMethodCallMessage methodCall, ProxyOperationRuntime operation)
   at System.ServiceModel.Channels.ServiceChannelProxy.Invoke(IMessage message)

Exception rethrown at [0]: 
   at System.Runtime.Remoting.Proxies.RealProxy.HandleReturnMessage(IMessage reqMsg, IMessage retMsg)
   at System.Runtime.Remoting.Proxies.RealProxy.PrivateInvoke(MessageData& msgData, Int32 type)
   at MetroClient.ChatterService.IChatter.SendHeartBeat()
   at MetroClient.ChatterService.ChatterClient.SendHeartBeat() in f:\code\myRepo\Chatter\MetroClient\Service References\ChatterService\Reference.cs:line 2107
   at Chatter.MetroClient.UI.MainWindow.<SendHeartBeat>b__0() in f:\code\myRepo\Chatter\MetroClient\UI\MainWindow.xaml.cs:line 124


日 志 时 间:  2013-03-29 16:08:04,462 
日 志 级 别:  WARN
日 志 来 源: [8]::Chatter.MetroClient.UI.MainWindow.<SendHeartBeat>b__0(f:\code\myRepo\Chatter\MetroClient\UI\MainWindow.xaml.cs:124)
日 志 内 容:  发送心跳包出现错误
 System.ServiceModel.ProtocolException: This channel can no longer be used to send messages as the output session was auto-closed due to a server-initiated shutdown. Either disable auto-close by setting the DispatchRuntime.AutomaticInputSessionShutdown to false, or consider modifying the shutdown protocol with the remote server.

Server stack trace: 
   at System.ServiceModel.Channels.ServiceChannel.PrepareCall(ProxyOperationRuntime operation, Boolean oneway, ProxyRpc& rpc)
   at System.ServiceModel.Channels.ServiceChannel.Call(String action, Boolean oneway, ProxyOperationRuntime operation, Object[] ins, Object[] outs, TimeSpan timeout)
   at System.ServiceModel.Channels.ServiceChannelProxy.InvokeService(IMethodCallMessage methodCall, ProxyOperationRuntime operation)
   at System.ServiceModel.Channels.ServiceChannelProxy.Invoke(IMessage message)

Exception rethrown at [0]: 
   at System.Runtime.Remoting.Proxies.RealProxy.HandleReturnMessage(IMessage reqMsg, IMessage retMsg)
   at System.Runtime.Remoting.Proxies.RealProxy.PrivateInvoke(MessageData& msgData, Int32 type)
   at MetroClient.ChatterService.IChatter.SendHeartBeat()
   at MetroClient.ChatterService.ChatterClient.SendHeartBeat() in f:\code\myRepo\Chatter\MetroClient\Service References\ChatterService\Reference.cs:line 2107
   at Chatter.MetroClient.UI.MainWindow.<SendHeartBeat>b__0() in f:\code\myRepo\Chatter\MetroClient\UI\MainWindow.xaml.cs:line 124


日 志 时 间:  2013-03-29 16:08:04,963 
日 志 级 别:  WARN
日 志 来 源: [8]::Chatter.MetroClient.UI.MainWindow.<SendHeartBeat>b__0(f:\code\myRepo\Chatter\MetroClient\UI\MainWindow.xaml.cs:124)
日 志 内 容:  发送心跳包出现错误
 System.ServiceModel.ProtocolException: This channel can no longer be used to send messages as the output session was auto-closed due to a server-initiated shutdown. Either disable auto-close by setting the DispatchRuntime.AutomaticInputSessionShutdown to false, or consider modifying the shutdown protocol with the remote server.

Server stack trace: 
   at System.ServiceModel.Channels.ServiceChannel.PrepareCall(ProxyOperationRuntime operation, Boolean oneway, ProxyRpc& rpc)
   at System.ServiceModel.Channels.ServiceChannel.Call(String action, Boolean oneway, ProxyOperationRuntime operation, Object[] ins, Object[] outs, TimeSpan timeout)
   at System.ServiceModel.Channels.ServiceChannelProxy.InvokeService(IMethodCallMessage methodCall, ProxyOperationRuntime operation)
   at System.ServiceModel.Channels.ServiceChannelProxy.Invoke(IMessage message)

Exception rethrown at [0]: 
   at System.Runtime.Remoting.Proxies.RealProxy.HandleReturnMessage(IMessage reqMsg, IMessage retMsg)
   at System.Runtime.Remoting.Proxies.RealProxy.PrivateInvoke(MessageData& msgData, Int32 type)
   at MetroClient.ChatterService.IChatter.SendHeartBeat()
   at MetroClient.ChatterService.ChatterClient.SendHeartBeat() in f:\code\myRepo\Chatter\MetroClient\Service References\ChatterService\Reference.cs:line 2107
   at Chatter.MetroClient.UI.MainWindow.<SendHeartBeat>b__0() in f:\code\myRepo\Chatter\MetroClient\UI\MainWindow.xaml.cs:line 124


日 志 时 间:  2013-03-29 16:08:05,464 
日 志 级 别:  WARN
日 志 来 源: [8]::Chatter.MetroClient.UI.MainWindow.<SendHeartBeat>b__0(f:\code\myRepo\Chatter\MetroClient\UI\MainWindow.xaml.cs:124)
日 志 内 容:  发送心跳包出现错误
 System.ServiceModel.ProtocolException: This channel can no longer be used to send messages as the output session was auto-closed due to a server-initiated shutdown. Either disable auto-close by setting the DispatchRuntime.AutomaticInputSessionShutdown to false, or consider modifying the shutdown protocol with the remote server.

Server stack trace: 
   at System.ServiceModel.Channels.ServiceChannel.PrepareCall(ProxyOperationRuntime operation, Boolean oneway, ProxyRpc& rpc)
   at System.ServiceModel.Channels.ServiceChannel.Call(String action, Boolean oneway, ProxyOperationRuntime operation, Object[] ins, Object[] outs, TimeSpan timeout)
   at System.ServiceModel.Channels.ServiceChannelProxy.InvokeService(IMethodCallMessage methodCall, ProxyOperationRuntime operation)
   at System.ServiceModel.Channels.ServiceChannelProxy.Invoke(IMessage message)

Exception rethrown at [0]: 
   at System.Runtime.Remoting.Proxies.RealProxy.HandleReturnMessage(IMessage reqMsg, IMessage retMsg)
   at System.Runtime.Remoting.Proxies.RealProxy.PrivateInvoke(MessageData& msgData, Int32 type)
   at MetroClient.ChatterService.IChatter.SendHeartBeat()
   at MetroClient.ChatterService.ChatterClient.SendHeartBeat() in f:\code\myRepo\Chatter\MetroClient\Service References\ChatterService\Reference.cs:line 2107
   at Chatter.MetroClient.UI.MainWindow.<SendHeartBeat>b__0() in f:\code\myRepo\Chatter\MetroClient\UI\MainWindow.xaml.cs:line 124


日 志 时 间:  2013-03-29 16:08:05,965 
日 志 级 别:  WARN
日 志 来 源: [8]::Chatter.MetroClient.UI.MainWindow.<SendHeartBeat>b__0(f:\code\myRepo\Chatter\MetroClient\UI\MainWindow.xaml.cs:124)
日 志 内 容:  发送心跳包出现错误
 System.ServiceModel.ProtocolException: This channel can no longer be used to send messages as the output session was auto-closed due to a server-initiated shutdown. Either disable auto-close by setting the DispatchRuntime.AutomaticInputSessionShutdown to false, or consider modifying the shutdown protocol with the remote server.

Server stack trace: 
   at System.ServiceModel.Channels.ServiceChannel.PrepareCall(ProxyOperationRuntime operation, Boolean oneway, ProxyRpc& rpc)
   at System.ServiceModel.Channels.ServiceChannel.Call(String action, Boolean oneway, ProxyOperationRuntime operation, Object[] ins, Object[] outs, TimeSpan timeout)
   at System.ServiceModel.Channels.ServiceChannelProxy.InvokeService(IMethodCallMessage methodCall, ProxyOperationRuntime operation)
   at System.ServiceModel.Channels.ServiceChannelProxy.Invoke(IMessage message)

Exception rethrown at [0]: 
   at System.Runtime.Remoting.Proxies.RealProxy.HandleReturnMessage(IMessage reqMsg, IMessage retMsg)
   at System.Runtime.Remoting.Proxies.RealProxy.PrivateInvoke(MessageData& msgData, Int32 type)
   at MetroClient.ChatterService.IChatter.SendHeartBeat()
   at MetroClient.ChatterService.ChatterClient.SendHeartBeat() in f:\code\myRepo\Chatter\MetroClient\Service References\ChatterService\Reference.cs:line 2107
   at Chatter.MetroClient.UI.MainWindow.<SendHeartBeat>b__0() in f:\code\myRepo\Chatter\MetroClient\UI\MainWindow.xaml.cs:line 124


日 志 时 间:  2013-03-29 16:08:06,465 
日 志 级 别:  WARN
日 志 来 源: [8]::Chatter.MetroClient.UI.MainWindow.<SendHeartBeat>b__0(f:\code\myRepo\Chatter\MetroClient\UI\MainWindow.xaml.cs:124)
日 志 内 容:  发送心跳包出现错误
 System.ServiceModel.ProtocolException: This channel can no longer be used to send messages as the output session was auto-closed due to a server-initiated shutdown. Either disable auto-close by setting the DispatchRuntime.AutomaticInputSessionShutdown to false, or consider modifying the shutdown protocol with the remote server.

Server stack trace: 
   at System.ServiceModel.Channels.ServiceChannel.PrepareCall(ProxyOperationRuntime operation, Boolean oneway, ProxyRpc& rpc)
   at System.ServiceModel.Channels.ServiceChannel.Call(String action, Boolean oneway, ProxyOperationRuntime operation, Object[] ins, Object[] outs, TimeSpan timeout)
   at System.ServiceModel.Channels.ServiceChannelProxy.InvokeService(IMethodCallMessage methodCall, ProxyOperationRuntime operation)
   at System.ServiceModel.Channels.ServiceChannelProxy.Invoke(IMessage message)

Exception rethrown at [0]: 
   at System.Runtime.Remoting.Proxies.RealProxy.HandleReturnMessage(IMessage reqMsg, IMessage retMsg)
   at System.Runtime.Remoting.Proxies.RealProxy.PrivateInvoke(MessageData& msgData, Int32 type)
   at MetroClient.ChatterService.IChatter.SendHeartBeat()
   at MetroClient.ChatterService.ChatterClient.SendHeartBeat() in f:\code\myRepo\Chatter\MetroClient\Service References\ChatterService\Reference.cs:line 2107
   at Chatter.MetroClient.UI.MainWindow.<SendHeartBeat>b__0() in f:\code\myRepo\Chatter\MetroClient\UI\MainWindow.xaml.cs:line 124


