
日志时间：2013-01-18 14:37:02,176 [6892] 
日志级别：INFO  
日 志 类： [(null)] 
用户1234001 登录 

日志时间：2013-01-18 14:37:02,180 [6892] 
日志级别：INFO  
日 志 类： [(null)] 
当前在线人数:2 

日志时间：2013-01-18 14:37:06,302 [6892] 
日志级别：INFO  
日 志 类： [(null)] 
用户776041669 Walle退出 

日志时间：2013-01-18 14:37:06,302 [6892] 
日志级别：INFO  
日 志 类： [(null)] 
当前在线人数:1 

日志时间：2013-01-18 14:37:08,528 [8128] 
日志级别：INFO  
日 志 类： [(null)] 
用户1234001 高洪强退出 

日志时间：2013-01-18 14:37:08,528 [8128] 
日志级别：INFO  
日 志 类： [(null)] 
当前在线人数:0 

日志时间：2013-01-18 14:37:24,484 [4724] 
日志级别：INFO  
日 志 类： [(null)] 
用户1234001 登录 

日志时间：2013-01-18 14:37:24,487 [4724] 
日志级别：INFO  
日 志 类： [(null)] 
当前在线人数:1 

日志时间：2013-01-18 14:37:34,218 [7056] 
日志级别：INFO  
日 志 类： [(null)] 
用户1234003 登录 

日志时间：2013-01-18 14:37:34,220 [7056] 
日志级别：INFO  
日 志 类： [(null)] 
当前在线人数:2 

日志时间：2013-01-18 14:37:45,846 [7056] 
日志级别：INFO  
日 志 类： [(null)] 
用户1234001 高洪强退出 

日志时间：2013-01-18 14:37:45,848 [7056] 
日志级别：INFO  
日 志 类： [(null)] 
当前在线人数:1 

日志时间：2013-01-18 14:37:52,209 [4724] 
日志级别：INFO  
日 志 类： [(null)] 
用户1234003 丁得健退出 

日志时间：2013-01-18 14:37:52,209 [4724] 
日志级别：INFO  
日 志 类： [(null)] 
当前在线人数:0 
