
日志时间：2013-01-18 10:07:04,919 [6996] 
日志级别：INFO  
日 志 类： [(null)] 
用户1234001 登录 

日志时间：2013-01-18 10:07:06,226 [6996] 
日志级别：DEBUG 
日 志 类： [(null)] 
776041669 Walle 

日志时间：2013-01-18 10:07:06,237 [6996] 
日志级别：DEBUG 
日 志 类： [(null)] 
1234002 桑成龙 

日志时间：2013-01-18 10:07:06,241 [6996] 
日志级别：DEBUG 
日 志 类： [(null)] 
1234003 丁得健 

日志时间：2013-01-18 10:07:49,292 [7448] 
日志级别：INFO  
日 志 类： [(null)] 
用户1234001 登录 

日志时间：2013-01-18 10:07:51,542 [7448] 
日志级别：DEBUG 
日 志 类： [(null)] 
776041669 Walle 

日志时间：2013-01-18 10:07:51,543 [7448] 
日志级别：DEBUG 
日 志 类： [(null)] 
1234002 桑成龙 

日志时间：2013-01-18 10:07:51,547 [7448] 
日志级别：DEBUG 
日 志 类： [(null)] 
1234003 丁得健 
