
日志时间：2013-01-18 14:27:34,277 [7352] 
日志级别：INFO  
日 志 类： [(null)] 
用户776041669 登录 

日志时间：2013-01-18 14:27:34,439 [7352] 
日志级别：INFO  
日 志 类： [(null)] 
当前在线人数:1 

日志时间：2013-01-18 14:27:46,172 [7784] 
日志级别：INFO  
日 志 类： [(null)] 
用户870067227 登录 

日志时间：2013-01-18 14:27:46,175 [7784] 
日志级别：INFO  
日 志 类： [(null)] 
当前在线人数:2 

日志时间：2013-01-18 14:27:50,351 [7784] 
日志级别：INFO  
日 志 类： [(null)] 
用户870067227 Eva退出 

日志时间：2013-01-18 14:27:50,352 [7784] 
日志级别：INFO  
日 志 类： [(null)] 
当前在线人数:1 

日志时间：2013-01-18 14:27:52,975 [7352] 
日志级别：INFO  
日 志 类： [(null)] 
用户776041669 Walle退出 

日志时间：2013-01-18 14:27:52,975 [7352] 
日志级别：INFO  
日 志 类： [(null)] 
当前在线人数:0 
