
日志时间：2013-01-18 10:17:28,009 [4436] 
日志级别：INFO  
日 志 类： [(null)] 
用户1234001 登录 

日志时间：2013-01-18 10:17:38,146 [7388] 
日志级别：INFO  
日 志 类： [(null)] 
用户1234001 登录 

日志时间：2013-01-18 10:17:38,149 [7388] 
日志级别：DEBUG 
日 志 类： [(null)] 
776041669 Walle 

日志时间：2013-01-18 10:17:38,151 [7388] 
日志级别：DEBUG 
日 志 类： [(null)] 
1234002 桑成龙 

日志时间：2013-01-18 10:17:38,154 [7388] 
日志级别：DEBUG 
日 志 类： [(null)] 
1234003 丁得健 

日志时间：2013-01-18 10:17:53,609 [4436] 
日志级别：INFO  
日 志 类： [(null)] 
用户1234001 高洪强退出 
