
日志时间：2013-01-08 21:28:34,044 [6672] 
日志级别：INFO  
日 志 类： [(null)] 
用户776041669 登录 

日志时间：2013-01-08 21:28:36,583 [2980] 
日志级别：ERROR 
日 志 类： [(null)] 
添加用户出现错误
已有打开的与此 Command 相关联的 DataReader，必须首先将它关闭。 

日志时间：2013-01-08 21:28:36,585 [2980] 
日志级别：WARN  
日 志 类： [(null)] 
用户添加失败 

日志时间：2013-01-08 21:28:36,606 [6852] 
日志级别：ERROR 
日 志 类： [(null)] 
添加用户出现错误
已有打开的与此 Command 相关联的 DataReader，必须首先将它关闭。 

日志时间：2013-01-08 21:28:36,607 [4280] 
日志级别：ERROR 
日 志 类： [(null)] 
添加用户出现错误
已有打开的与此 Command 相关联的 DataReader，必须首先将它关闭。 

日志时间：2013-01-08 21:28:36,607 [6852] 
日志级别：WARN  
日 志 类： [(null)] 
用户添加失败 

日志时间：2013-01-08 21:28:36,625 [4280] 
日志级别：WARN  
日 志 类： [(null)] 
用户添加失败 

日志时间：2013-01-08 21:28:36,656 [6672] 
日志级别：DEBUG 
日 志 类： [(null)] 
获取好友列表失败 

日志时间：2013-01-08 21:28:59,126 [5040] 
日志级别：INFO  
日 志 类： [(null)] 
生成用户id：6790598 
