
日志时间：2013-01-18 12:56:11,127 [1776] 
日志级别：INFO  
日 志 类： [(null)] 
用户776041669 登录 

日志时间：2013-01-18 12:56:11,245 [1776] 
日志级别：INFO  
日 志 类： [(null)] 
当前在线人数:1 

日志时间：2013-01-18 12:56:20,237 [2792] 
日志级别：INFO  
日 志 类： [(null)] 
用户870067227 登录 

日志时间：2013-01-18 12:56:20,241 [2792] 
日志级别：INFO  
日 志 类： [(null)] 
当前在线人数:2 

日志时间：2013-01-18 12:56:30,042 [1776] 
日志级别：INFO  
日 志 类： [(null)] 
用户1234001 登录 

日志时间：2013-01-18 12:56:30,046 [1776] 
日志级别：INFO  
日 志 类： [(null)] 
当前在线人数:3 

日志时间：2013-01-18 12:56:39,821 [2792] 
日志级别：INFO  
日 志 类： [(null)] 
用户1234002 登录 

日志时间：2013-01-18 12:56:39,824 [2792] 
日志级别：INFO  
日 志 类： [(null)] 
当前在线人数:4 

日志时间：2013-01-18 12:56:47,625 [2792] 
日志级别：INFO  
日 志 类： [(null)] 
用户1234003 登录 

日志时间：2013-01-18 12:56:47,629 [2792] 
日志级别：INFO  
日 志 类： [(null)] 
当前在线人数:5 
