
日志时间：2013-01-18 10:52:38,528 [7592] 
日志级别：INFO  
日 志 类： [(null)] 
用户776041669 登录 

日志时间：2013-01-18 10:52:38,645 [7592] 
日志级别：ERROR 
日 志 类： [(null)] 
获得用户出现错误
There is already an open DataReader associated with this Connection which must be closed first. 

日志时间：2013-01-18 10:52:38,645 [7592] 
日志级别：ERROR 
日 志 类： [(null)] 
获得用户出现错误
There is already an open DataReader associated with this Connection which must be closed first. 

日志时间：2013-01-18 10:52:38,645 [7592] 
日志级别：ERROR 
日 志 类： [(null)] 
获得用户出现错误
There is already an open DataReader associated with this Connection which must be closed first. 

日志时间：2013-01-18 10:52:38,646 [7592] 
日志级别：ERROR 
日 志 类： [(null)] 
获得用户出现错误
There is already an open DataReader associated with this Connection which must be closed first. 

日志时间：2013-01-18 10:52:43,684 [3388] 
日志级别：INFO  
日 志 类： [(null)] 
用户776041669 登录 

日志时间：2013-01-18 10:52:43,687 [3388] 
日志级别：ERROR 
日 志 类： [(null)] 
获得用户出现错误
There is already an open DataReader associated with this Connection which must be closed first. 

日志时间：2013-01-18 10:52:43,688 [3388] 
日志级别：ERROR 
日 志 类： [(null)] 
获得用户出现错误
There is already an open DataReader associated with this Connection which must be closed first. 

日志时间：2013-01-18 10:52:43,689 [3388] 
日志级别：ERROR 
日 志 类： [(null)] 
获得用户出现错误
There is already an open DataReader associated with this Connection which must be closed first. 

日志时间：2013-01-18 10:52:43,689 [3388] 
日志级别：ERROR 
日 志 类： [(null)] 
获得用户出现错误
There is already an open DataReader associated with this Connection which must be closed first. 
