
日志时间：2013-01-18 11:55:00,478 [6956] 
日志级别：INFO  
日 志 类： [(null)] 
用户1234002 桑成龙退出 

日志时间：2013-01-18 11:55:00,481 [6956] 
日志级别：INFO  
日 志 类： [(null)] 
当前在线人数:3 

日志时间：2013-01-18 11:55:03,992 [6956] 
日志级别：INFO  
日 志 类： [(null)] 
用户1234001 高洪强退出 

日志时间：2013-01-18 11:55:03,994 [6956] 
日志级别：INFO  
日 志 类： [(null)] 
当前在线人数:2 

日志时间：2013-01-18 11:55:06,719 [1860] 
日志级别：INFO  
日 志 类： [(null)] 
用户870067227 Eva退出 

日志时间：2013-01-18 11:55:06,720 [1860] 
日志级别：INFO  
日 志 类： [(null)] 
当前在线人数:1 

日志时间：2013-01-18 11:55:11,554 [7864] 
日志级别：INFO  
日 志 类： [(null)] 
用户776041669 Walle退出 

日志时间：2013-01-18 11:55:11,555 [7864] 
日志级别：INFO  
日 志 类： [(null)] 
当前在线人数:0 
