
日志时间：2013-01-18 14:23:14,356 [5964] 
日志级别：INFO  
日 志 类： [(null)] 
用户776041669 登录 

日志时间：2013-01-18 14:23:14,527 [5964] 
日志级别：INFO  
日 志 类： [(null)] 
当前在线人数:1 

日志时间：2013-01-18 14:23:29,416 [7208] 
日志级别：INFO  
日 志 类： [(null)] 
用户870067227 登录 

日志时间：2013-01-18 14:23:31,762 [7208] 
日志级别：INFO  
日 志 类： [(null)] 
当前在线人数:2 

日志时间：2013-01-18 14:23:41,263 [7208] 
日志级别：INFO  
日 志 类： [(null)] 
用户870067227 Eva退出 

日志时间：2013-01-18 14:23:41,264 [7208] 
日志级别：INFO  
日 志 类： [(null)] 
当前在线人数:1 

日志时间：2013-01-18 14:23:45,113 [6116] 
日志级别：INFO  
日 志 类： [(null)] 
用户776041669 Walle退出 

日志时间：2013-01-18 14:23:45,113 [6116] 
日志级别：INFO  
日 志 类： [(null)] 
当前在线人数:0 
