
日志时间：2013-01-18 14:31:27,707 [3816] 
日志级别：INFO  
日 志 类： [(null)] 
用户1234001 登录 

日志时间：2013-01-18 14:31:27,730 [3816] 
日志级别：INFO  
日 志 类： [(null)] 
当前在线人数:3 

日志时间：2013-01-18 14:31:37,719 [3816] 
日志级别：INFO  
日 志 类： [(null)] 
用户1234002 登录 

日志时间：2013-01-18 14:31:37,724 [3816] 
日志级别：INFO  
日 志 类： [(null)] 
当前在线人数:4 

日志时间：2013-01-18 14:31:47,212 [5592] 
日志级别：INFO  
日 志 类： [(null)] 
用户1234003 登录 

日志时间：2013-01-18 14:31:47,215 [5592] 
日志级别：INFO  
日 志 类： [(null)] 
当前在线人数:5 
