
日志时间：2013-01-18 14:39:00,926 [7576] 
日志级别：INFO  
日 志 类： [(null)] 
用户1234003 登录 

日志时间：2013-01-18 14:39:00,936 [7576] 
日志级别：INFO  
日 志 类： [(null)] 
当前在线人数:2 

日志时间：2013-01-18 14:39:16,730 [7576] 
日志级别：INFO  
日 志 类： [(null)] 
用户1234001 高洪强退出 

日志时间：2013-01-18 14:39:16,730 [7576] 
日志级别：INFO  
日 志 类： [(null)] 
当前在线人数:1 

日志时间：2013-01-18 14:39:20,733 [7716] 
日志级别：INFO  
日 志 类： [(null)] 
用户1234003 丁得健退出 

日志时间：2013-01-18 14:39:20,734 [7716] 
日志级别：INFO  
日 志 类： [(null)] 
当前在线人数:0 
