
日志时间：2013-01-18 11:22:05,357 [1068] 
日志级别：INFO  
日 志 类： [(null)] 
用户1234003 登录 

日志时间：2013-01-18 11:22:07,354 [1068] 
日志级别：INFO  
日 志 类： [(null)] 
当前在线人数4 

日志时间：2013-01-18 11:22:21,460 [7524] 
日志级别：INFO  
日 志 类： [(null)] 
用户870067227 登录 

日志时间：2013-01-18 11:22:21,463 [7524] 
日志级别：INFO  
日 志 类： [(null)] 
当前在线人数5 

日志时间：2013-01-18 11:22:46,636 [7524] 
日志级别：INFO  
日 志 类： [(null)] 
用户1234002 桑成龙退出 

日志时间：2013-01-18 11:22:46,639 [7524] 
日志级别：INFO  
日 志 类： [(null)] 
当前在线人数4 

日志时间：2013-01-18 11:22:53,634 [5464] 
日志级别：INFO  
日 志 类： [(null)] 
用户776041669 Walle退出 

日志时间：2013-01-18 11:22:53,634 [5464] 
日志级别：INFO  
日 志 类： [(null)] 
当前在线人数3 
