
日志时间：2013-01-18 11:25:20,270 [7248] 
日志级别：INFO  
日 志 类： [(null)] 
用户776041669 登录 

日志时间：2013-01-18 11:25:20,433 [7248] 
日志级别：INFO  
日 志 类： [(null)] 
当前在线人数1 

日志时间：2013-01-18 11:25:34,861 [7248] 
日志级别：INFO  
日 志 类： [(null)] 
用户870067227 登录 

日志时间：2013-01-18 11:25:34,863 [7248] 
日志级别：INFO  
日 志 类： [(null)] 
当前在线人数2 

日志时间：2013-01-18 11:25:47,236 [7596] 
日志级别：INFO  
日 志 类： [(null)] 
用户1234001 登录 

日志时间：2013-01-18 11:25:47,239 [7596] 
日志级别：INFO  
日 志 类： [(null)] 
当前在线人数3 

日志时间：2013-01-18 11:25:57,259 [7596] 
日志级别：INFO  
日 志 类： [(null)] 
用户1234002 登录 

日志时间：2013-01-18 11:25:57,263 [7596] 
日志级别：INFO  
日 志 类： [(null)] 
当前在线人数4 
