
日志时间：2013-01-18 12:57:44,648 [2792] 
日志级别：INFO  
日 志 类： [(null)] 
用户1234002 桑成龙退出 

日志时间：2013-01-18 12:57:44,652 [2792] 
日志级别：INFO  
日 志 类： [(null)] 
当前在线人数:4 

日志时间：2013-01-18 12:57:51,876 [4024] 
日志级别：INFO  
日 志 类： [(null)] 
用户1234001 高洪强退出 

日志时间：2013-01-18 12:57:51,877 [4024] 
日志级别：INFO  
日 志 类： [(null)] 
当前在线人数:3 

日志时间：2013-01-18 12:57:57,940 [7928] 
日志级别：INFO  
日 志 类： [(null)] 
用户1234003 丁得健退出 

日志时间：2013-01-18 12:57:57,940 [7928] 
日志级别：INFO  
日 志 类： [(null)] 
当前在线人数:2 
