
日志时间：2013-01-18 11:46:18,339 [4720] 
日志级别：INFO  
日 志 类： [(null)] 
用户776041669 登录 

日志时间：2013-01-18 11:46:22,241 [4720] 
日志级别：INFO  
日 志 类： [(null)] 
当前在线人数:1 

日志时间：2013-01-18 11:46:33,085 [4720] 
日志级别：INFO  
日 志 类： [(null)] 
用户870067227 登录 

日志时间：2013-01-18 11:46:33,087 [4720] 
日志级别：INFO  
日 志 类： [(null)] 
当前在线人数:2 

日志时间：2013-01-18 11:46:45,738 [7260] 
日志级别：INFO  
日 志 类： [(null)] 
用户1234001 登录 

日志时间：2013-01-18 11:46:45,740 [7260] 
日志级别：INFO  
日 志 类： [(null)] 
当前在线人数:3 

日志时间：2013-01-18 11:46:59,779 [6176] 
日志级别：INFO  
日 志 类： [(null)] 
用户1234002 登录 

日志时间：2013-01-18 11:46:59,781 [6176] 
日志级别：INFO  
日 志 类： [(null)] 
当前在线人数:4 
