
日志时间：2013-01-18 14:32:14,550 [5592] 
日志级别：INFO  
日 志 类： [(null)] 
用户1234003 丁得健退出 

日志时间：2013-01-18 14:32:14,550 [5592] 
日志级别：INFO  
日 志 类： [(null)] 
当前在线人数:5 

日志时间：2013-01-18 14:32:21,289 [5236] 
日志级别：INFO  
日 志 类： [(null)] 
用户870067227 Eva退出 

日志时间：2013-01-18 14:32:21,290 [5236] 
日志级别：INFO  
日 志 类： [(null)] 
当前在线人数:5 

日志时间：2013-01-18 14:32:25,233 [5236] 
日志级别：INFO  
日 志 类： [(null)] 
用户1234001 高洪强退出 

日志时间：2013-01-18 14:32:25,234 [5236] 
日志级别：INFO  
日 志 类： [(null)] 
当前在线人数:5 

日志时间：2013-01-18 14:32:42,565 [2844] 
日志级别：INFO  
日 志 类： [(null)] 
用户1234002 桑成龙退出 

日志时间：2013-01-18 14:32:42,565 [2844] 
日志级别：INFO  
日 志 类： [(null)] 
当前在线人数:5 

日志时间：2013-01-18 14:32:50,042 [1208] 
日志级别：INFO  
日 志 类： [(null)] 
用户776041669 Walle退出 

日志时间：2013-01-18 14:32:55,573 [1208] 
日志级别：INFO  
日 志 类： [(null)] 
当前在线人数:5 
