
日志时间：2013-01-18 12:35:23,287 [1060] 
日志级别：INFO  
日 志 类： [(null)] 
用户776041669 登录 

日志时间：2013-01-18 12:35:23,448 [1060] 
日志级别：INFO  
日 志 类： [(null)] 
当前在线人数:1 

日志时间：2013-01-18 12:35:33,804 [1060] 
日志级别：INFO  
日 志 类： [(null)] 
用户870067227 登录 

日志时间：2013-01-18 12:35:33,807 [1060] 
日志级别：INFO  
日 志 类： [(null)] 
当前在线人数:2 

日志时间：2013-01-18 12:35:43,380 [1060] 
日志级别：INFO  
日 志 类： [(null)] 
用户1234001 登录 

日志时间：2013-01-18 12:35:43,383 [1060] 
日志级别：INFO  
日 志 类： [(null)] 
当前在线人数:3 

日志时间：2013-01-18 12:35:52,439 [6376] 
日志级别：INFO  
日 志 类： [(null)] 
用户1234002 登录 

日志时间：2013-01-18 12:35:52,444 [6376] 
日志级别：INFO  
日 志 类： [(null)] 
当前在线人数:4 
