
日志时间：2013-01-18 11:53:15,926 [8172] 
日志级别：INFO  
日 志 类： [(null)] 
用户776041669 登录 

日志时间：2013-01-18 11:53:16,090 [8172] 
日志级别：INFO  
日 志 类： [(null)] 
当前在线人数:1 

日志时间：2013-01-18 11:53:17,267 [8172] 
日志级别：INFO  
日 志 类： [(null)] 
用户776041669 Walle退出 

日志时间：2013-01-18 11:53:17,268 [8172] 
日志级别：INFO  
日 志 类： [(null)] 
当前在线人数:0 

日志时间：2013-01-18 11:53:29,998 [1860] 
日志级别：INFO  
日 志 类： [(null)] 
用户776041669 登录 

日志时间：2013-01-18 11:53:30,001 [1860] 
日志级别：INFO  
日 志 类： [(null)] 
当前在线人数:1 

日志时间：2013-01-18 11:53:45,717 [7876] 
日志级别：INFO  
日 志 类： [(null)] 
用户870067227 登录 

日志时间：2013-01-18 11:53:45,720 [7876] 
日志级别：INFO  
日 志 类： [(null)] 
当前在线人数:2 

日志时间：2013-01-18 11:53:54,414 [1860] 
日志级别：INFO  
日 志 类： [(null)] 
用户1234001 登录 

日志时间：2013-01-18 11:53:54,416 [1860] 
日志级别：INFO  
日 志 类： [(null)] 
当前在线人数:3 
