
日志时间：2013-01-18 11:47:09,014 [6176] 
日志级别：INFO  
日 志 类： [(null)] 
用户1234003 登录 

日志时间：2013-01-18 11:47:09,017 [6176] 
日志级别：INFO  
日 志 类： [(null)] 
当前在线人数:5 

日志时间：2013-01-18 11:47:56,335 [6176] 
日志级别：INFO  
日 志 类： [(null)] 
用户870067227 Eva退出 

日志时间：2013-01-18 11:47:56,335 [6176] 
日志级别：INFO  
日 志 类： [(null)] 
当前在线人数:4 

日志时间：2013-01-18 11:47:58,605 [7156] 
日志级别：INFO  
日 志 类： [(null)] 
用户776041669 Walle退出 

日志时间：2013-01-18 11:47:58,606 [7156] 
日志级别：INFO  
日 志 类： [(null)] 
当前在线人数:3 
