
日志时间：2013-01-18 14:35:12,190 [7032] 
日志级别：INFO  
日 志 类： [(null)] 
用户1234003 登录 

日志时间：2013-01-18 14:35:12,194 [7032] 
日志级别：INFO  
日 志 类： [(null)] 
当前在线人数:2 

日志时间：2013-01-18 14:35:18,143 [7032] 
日志级别：INFO  
日 志 类： [(null)] 
用户1234003 丁得健退出 

日志时间：2013-01-18 14:35:18,144 [7032] 
日志级别：INFO  
日 志 类： [(null)] 
当前在线人数:1 

日志时间：2013-01-18 14:35:18,952 [2488] 
日志级别：INFO  
日 志 类： [(null)] 
用户1234001 高洪强退出 

日志时间：2013-01-18 14:35:18,952 [2488] 
日志级别：INFO  
日 志 类： [(null)] 
当前在线人数:0 
