
日志时间：2013-01-18 09:33:16,739 [4680] 
日志级别：INFO  
日 志 类： [(null)] 
用户776041669 登录 

日志时间：2013-01-18 09:33:18,386 [4680] 
日志级别：DEBUG 
日 志 类： [(null)] 
870067227 Eva 

日志时间：2013-01-18 09:33:18,387 [4680] 
日志级别：DEBUG 
日 志 类： [(null)] 
1234001 高洪强 

日志时间：2013-01-18 09:33:18,388 [4680] 
日志级别：DEBUG 
日 志 类： [(null)] 
1234002 桑成龙 

日志时间：2013-01-18 09:33:18,390 [4680] 
日志级别：DEBUG 
日 志 类： [(null)] 
1234003 丁得健 

日志时间：2013-01-18 09:33:45,792 [4680] 
日志级别：INFO  
日 志 类： [(null)] 
用户776041669 Walle退出 
