
日志时间：2013-01-18 09:31:38,078 [4416] 
日志级别：INFO  
日 志 类： [(null)] 
用户77604169 登录 

日志时间：2013-01-18 09:31:47,460 [4416] 
日志级别：INFO  
日 志 类： [(null)] 
用户776041669 登录 

日志时间：2013-01-18 09:31:47,474 [4416] 
日志级别：DEBUG 
日 志 类： [(null)] 
870067227 Eva 

日志时间：2013-01-18 09:31:47,476 [4416] 
日志级别：DEBUG 
日 志 类： [(null)] 
1234001 高洪强 

日志时间：2013-01-18 09:31:47,477 [4416] 
日志级别：DEBUG 
日 志 类： [(null)] 
1234002 桑成龙 

日志时间：2013-01-18 09:31:47,477 [4416] 
日志级别：DEBUG 
日 志 类： [(null)] 
1234003 丁得健 
