
日志时间：2013-01-18 11:28:21,919 [1732] 
日志级别：INFO  
日 志 类： [(null)] 
用户776041669 登录 

日志时间：2013-01-18 11:28:22,077 [1732] 
日志级别：INFO  
日 志 类： [(null)] 
当前在线人数1 

日志时间：2013-01-18 11:28:24,154 [3516] 
日志级别：INFO  
日 志 类： [(null)] 
用户776041669 Walle退出 

日志时间：2013-01-18 11:28:43,280 [4724] 
日志级别：INFO  
日 志 类： [(null)] 
用户776041669 登录 

日志时间：2013-01-18 11:28:43,285 [4724] 
日志级别：INFO  
日 志 类： [(null)] 
当前在线人数1 

日志时间：2013-01-18 11:28:46,257 [4724] 
日志级别：INFO  
日 志 类： [(null)] 
用户776041669 Walle退出 
