
日志时间：2013-01-18 11:54:06,779 [1860] 
日志级别：INFO  
日 志 类： [(null)] 
用户1234002 登录 

日志时间：2013-01-18 11:54:06,803 [1860] 
日志级别：INFO  
日 志 类： [(null)] 
当前在线人数:4 

日志时间：2013-01-18 11:54:19,387 [7876] 
日志级别：INFO  
日 志 类： [(null)] 
用户1234003 登录 

日志时间：2013-01-18 11:54:19,389 [7876] 
日志级别：INFO  
日 志 类： [(null)] 
当前在线人数:5 

日志时间：2013-01-18 11:54:53,237 [3260] 
日志级别：INFO  
日 志 类： [(null)] 
用户1234003 丁得健退出 

日志时间：2013-01-18 11:54:53,238 [3260] 
日志级别：INFO  
日 志 类： [(null)] 
当前在线人数:4 
