日 志 时 间:  2013-04-07 18:58:58,528 
日 志 级 别:  INFO
日 志 来 源: [1]::Chatter.Host.Program+<>c__DisplayClass4.<Main>b__0(f:\code\myRepo\Chatter\Host\Program.cs:47)
日 志 内 容:  RegisterService已经启动
 

日 志 时 间:  2013-04-07 18:58:58,948 
日 志 级 别:  INFO
日 志 来 源: [1]::Chatter.Host.Program+<>c__DisplayClass4.<Main>b__0(f:\code\myRepo\Chatter\Host\Program.cs:47)
日 志 内 容:  ChatterService已经启动
 

日 志 时 间:  2013-04-07 18:58:58,958 
日 志 级 别:  INFO
日 志 来 源: [1]::Chatter.Host.Program+<>c__DisplayClass4.<Main>b__0(f:\code\myRepo\Chatter\Host\Program.cs:47)
日 志 内 容:  CustomPeerResolverService已经启动
 

日 志 时 间:  2013-04-07 19:00:42,187 
日 志 级 别:  INFO
日 志 来 源: [9]::Chatter.Service.ChatterService.<.cctor>b__1(e:\code\myRepo\Chatter\Service\ChatterService.cs:74)
日 志 内 容:  开始接收心跳包
 

日 志 时 间:  2013-04-07 19:00:42,890 
日 志 级 别:  INFO
日 志 来 源: [8]::Chatter.Service.ChatterService.Login(e:\code\myRepo\Chatter\Service\ChatterService.cs:127)
日 志 内 容:  用户776041668 请求登录
 

日 志 时 间:  2013-04-07 19:00:44,264 
日 志 级 别:  INFO
日 志 来 源: [8]::Chatter.Service.ChatterService.Login(e:\code\myRepo\Chatter\Service\ChatterService.cs:135)
日 志 内 容:  用户776041668 登录失败
 

日 志 时 间:  2013-04-07 19:01:04,478 
日 志 级 别:  INFO
日 志 来 源: [11]::Chatter.Service.Util.NewMemberId(e:\code\myRepo\Chatter\Service\Util.cs:20)
日 志 内 容:  生成用户id：2051744
 

日 志 时 间:  2013-04-07 19:03:01,857 
日 志 级 别:  INFO
日 志 来 源: [14]::Chatter.Service.ChatterService.Login(e:\code\myRepo\Chatter\Service\ChatterService.cs:127)
日 志 内 容:  用户776041669 请求登录
 

日 志 时 间:  2013-04-07 19:03:01,961 
日 志 级 别:  INFO
日 志 来 源: [14]::Chatter.Service.ChatterService.Login(e:\code\myRepo\Chatter\Service\ChatterService.cs:194)
日 志 内 容:  用户776041669 登录成功
 

日 志 时 间:  2013-04-07 19:03:01,963 
日 志 级 别:  INFO
日 志 来 源: [14]::Chatter.Service.ChatterService.PrintOnLineNumber(e:\code\myRepo\Chatter\Service\ChatterService.cs:634)
日 志 内 容:  当前在线人数:1
 

日 志 时 间:  2013-04-07 19:42:20,263 
日 志 级 别:  INFO
日 志 来 源: [17]::Chatter.Service.ChatterService.Login(e:\code\myRepo\Chatter\Service\ChatterService.cs:127)
日 志 内 容:  用户776041668 请求登录
 

日 志 时 间:  2013-04-07 19:42:34,327 
日 志 级 别:  INFO
日 志 来 源: [17]::Chatter.Service.ChatterService.Login(e:\code\myRepo\Chatter\Service\ChatterService.cs:194)
日 志 内 容:  用户776041668 登录成功
 

日 志 时 间:  2013-04-07 19:42:34,328 
日 志 级 别:  INFO
日 志 来 源: [17]::Chatter.Service.ChatterService.PrintOnLineNumber(e:\code\myRepo\Chatter\Service\ChatterService.cs:634)
日 志 内 容:  当前在线人数:2
 

日 志 时 间:  2013-04-07 19:51:32,703 
日 志 级 别:  INFO
日 志 来 源: [17]::Chatter.Service.ChatterService.Logoff(e:\code\myRepo\Chatter\Service\ChatterService.cs:224)
日 志 内 容:  用户776041668 Eva退出
 

日 志 时 间:  2013-04-07 19:51:32,709 
日 志 级 别:  INFO
日 志 来 源: [17]::Chatter.Service.ChatterService.PrintOnLineNumber(e:\code\myRepo\Chatter\Service\ChatterService.cs:634)
日 志 内 容:  当前在线人数:1
 

日 志 时 间:  2013-04-07 19:51:38,134 
日 志 级 别:  INFO
日 志 来 源: [9]::Chatter.Service.ChatterService.Logoff(e:\code\myRepo\Chatter\Service\ChatterService.cs:224)
日 志 内 容:  用户776041669 walle退出
 

日 志 时 间:  2013-04-07 19:51:38,134 
日 志 级 别:  INFO
日 志 来 源: [9]::Chatter.Service.ChatterService.PrintOnLineNumber(e:\code\myRepo\Chatter\Service\ChatterService.cs:634)
日 志 内 容:  当前在线人数:0
 

日 志 时 间:  2013-04-07 19:52:33,858 
日 志 级 别:  INFO
日 志 来 源: [7]::Chatter.Service.ChatterService.Logoff(e:\code\myRepo\Chatter\Service\ChatterService.cs:224)
日 志 内 容:  用户776041669 walle退出
 

日 志 时 间:  2013-04-07 19:52:33,922 
日 志 级 别:  INFO
日 志 来 源: [7]::Chatter.Service.ChatterService.PrintOnLineNumber(e:\code\myRepo\Chatter\Service\ChatterService.cs:634)
日 志 内 容:  当前在线人数:0
 

日 志 时 间:  2013-04-07 19:57:11,290 
日 志 级 别:  INFO
日 志 来 源: [13]::Chatter.Service.ChatterService.Login(e:\code\myRepo\Chatter\Service\ChatterService.cs:127)
日 志 内 容:  用户776041668 请求登录
 

日 志 时 间:  2013-04-07 19:57:11,305 
日 志 级 别:  INFO
日 志 来 源: [13]::Chatter.Service.ChatterService.Login(e:\code\myRepo\Chatter\Service\ChatterService.cs:194)
日 志 内 容:  用户776041668 登录成功
 

日 志 时 间:  2013-04-07 19:57:11,306 
日 志 级 别:  INFO
日 志 来 源: [13]::Chatter.Service.ChatterService.PrintOnLineNumber(e:\code\myRepo\Chatter\Service\ChatterService.cs:634)
日 志 内 容:  当前在线人数:1
 

日 志 时 间:  2013-04-07 19:57:15,561 
日 志 级 别:  INFO
日 志 来 源: [9]::Chatter.Service.ChatterService.Logoff(e:\code\myRepo\Chatter\Service\ChatterService.cs:224)
日 志 内 容:  用户776041668 Eva退出
 

日 志 时 间:  2013-04-07 19:57:15,615 
日 志 级 别:  INFO
日 志 来 源: [9]::Chatter.Service.ChatterService.PrintOnLineNumber(e:\code\myRepo\Chatter\Service\ChatterService.cs:634)
日 志 内 容:  当前在线人数:0
 

日 志 时 间:  2013-04-07 19:57:16,286 
日 志 级 别:  INFO
日 志 来 源: [13]::Chatter.Service.ChatterService.Login(e:\code\myRepo\Chatter\Service\ChatterService.cs:127)
日 志 内 容:  用户776041668 Eva请求登录
 

日 志 时 间:  2013-04-07 19:57:16,298 
日 志 级 别:  INFO
日 志 来 源: [13]::Chatter.Service.ChatterService.Login(e:\code\myRepo\Chatter\Service\ChatterService.cs:194)
日 志 内 容:  用户776041668 Eva登录成功
 

日 志 时 间:  2013-04-07 19:57:16,299 
日 志 级 别:  INFO
日 志 来 源: [13]::Chatter.Service.ChatterService.PrintOnLineNumber(e:\code\myRepo\Chatter\Service\ChatterService.cs:634)
日 志 内 容:  当前在线人数:1
 

日 志 时 间:  2013-04-07 19:57:16,302 
日 志 级 别:  DEBUG
日 志 来 源: [13]::Chatter.Service.ChatterService.SendHeartBeat(e:\code\myRepo\Chatter\Service\ChatterService.cs:874)
日 志 内 容:  776041668 Eva重新上线
 

日 志 时 间:  2013-04-07 19:57:31,878 
日 志 级 别:  INFO
日 志 来 源: [6]::Chatter.Service.ChatterService.Login(e:\code\myRepo\Chatter\Service\ChatterService.cs:127)
日 志 内 容:  用户776041669 请求登录
 

日 志 时 间:  2013-04-07 19:57:31,887 
日 志 级 别:  INFO
日 志 来 源: [6]::Chatter.Service.ChatterService.Login(e:\code\myRepo\Chatter\Service\ChatterService.cs:194)
日 志 内 容:  用户776041669 登录成功
 

日 志 时 间:  2013-04-07 19:57:31,889 
日 志 级 别:  INFO
日 志 来 源: [6]::Chatter.Service.ChatterService.PrintOnLineNumber(e:\code\myRepo\Chatter\Service\ChatterService.cs:634)
日 志 内 容:  当前在线人数:2
 

日 志 时 间:  2013-04-07 19:58:06,874 
日 志 级 别:  INFO
日 志 来 源: [14]::Chatter.Service.TCPHolePunching+<>c__DisplayClass6.<.ctor>b__3(e:\code\myRepo\Chatter\Service\TCPHolePunching.cs:90)
日 志 内 容:  from:222.26.186.164:62703
 

日 志 时 间:  2013-04-07 19:58:06,875 
日 志 级 别:  INFO
日 志 来 源: [14]::Chatter.Service.TCPHolePunching+<>c__DisplayClass6.<.ctor>b__3(e:\code\myRepo\Chatter\Service\TCPHolePunching.cs:91)
日 志 内 容:  to:222.26.186.164:62701
 

日 志 时 间:  2013-04-07 19:58:11,698 
日 志 级 别:  INFO
日 志 来 源: [9]::Chatter.Service.ChatterService.Logoff(e:\code\myRepo\Chatter\Service\ChatterService.cs:224)
日 志 内 容:  用户776041669 walle退出
 

日 志 时 间:  2013-04-07 19:58:11,701 
日 志 级 别:  INFO
日 志 来 源: [9]::Chatter.Service.ChatterService.PrintOnLineNumber(e:\code\myRepo\Chatter\Service\ChatterService.cs:634)
日 志 内 容:  当前在线人数:1
 

日 志 时 间:  2013-04-07 19:58:12,703 
日 志 级 别:  INFO
日 志 来 源: [9]::Chatter.Service.ChatterService.Logoff(e:\code\myRepo\Chatter\Service\ChatterService.cs:224)
日 志 内 容:  用户776041668 Eva退出
 

日 志 时 间:  2013-04-07 19:58:12,704 
日 志 级 别:  INFO
日 志 来 源: [9]::Chatter.Service.ChatterService.PrintOnLineNumber(e:\code\myRepo\Chatter\Service\ChatterService.cs:634)
日 志 内 容:  当前在线人数:0
 

日 志 时 间:  2013-04-07 19:58:57,060 
日 志 级 别:  INFO
日 志 来 源: [18]::Chatter.Service.ChatterService.Login(e:\code\myRepo\Chatter\Service\ChatterService.cs:127)
日 志 内 容:  用户776041669 请求登录
 

日 志 时 间:  2013-04-07 19:58:57,077 
日 志 级 别:  INFO
日 志 来 源: [18]::Chatter.Service.ChatterService.Login(e:\code\myRepo\Chatter\Service\ChatterService.cs:194)
日 志 内 容:  用户776041669 登录成功
 

日 志 时 间:  2013-04-07 19:58:57,077 
日 志 级 别:  INFO
日 志 来 源: [18]::Chatter.Service.ChatterService.PrintOnLineNumber(e:\code\myRepo\Chatter\Service\ChatterService.cs:634)
日 志 内 容:  当前在线人数:1
 

日 志 时 间:  2013-04-07 19:59:07,157 
日 志 级 别:  INFO
日 志 来 源: [7]::Chatter.Service.ChatterService.Logoff(e:\code\myRepo\Chatter\Service\ChatterService.cs:224)
日 志 内 容:  用户776041669 walle退出
 

日 志 时 间:  2013-04-07 19:59:07,159 
日 志 级 别:  INFO
日 志 来 源: [7]::Chatter.Service.ChatterService.PrintOnLineNumber(e:\code\myRepo\Chatter\Service\ChatterService.cs:634)
日 志 内 容:  当前在线人数:0
 

日 志 时 间:  2013-04-07 19:59:07,296 
日 志 级 别:  INFO
日 志 来 源: [7]::Chatter.Service.ChatterService.Login(e:\code\myRepo\Chatter\Service\ChatterService.cs:127)
日 志 内 容:  用户776041669 walle请求登录
 

日 志 时 间:  2013-04-07 19:59:07,308 
日 志 级 别:  INFO
日 志 来 源: [7]::Chatter.Service.ChatterService.Login(e:\code\myRepo\Chatter\Service\ChatterService.cs:194)
日 志 内 容:  用户776041669 walle登录成功
 

日 志 时 间:  2013-04-07 19:59:07,309 
日 志 级 别:  INFO
日 志 来 源: [7]::Chatter.Service.ChatterService.PrintOnLineNumber(e:\code\myRepo\Chatter\Service\ChatterService.cs:634)
日 志 内 容:  当前在线人数:1
 

日 志 时 间:  2013-04-07 19:59:07,310 
日 志 级 别:  DEBUG
日 志 来 源: [7]::Chatter.Service.ChatterService.SendHeartBeat(e:\code\myRepo\Chatter\Service\ChatterService.cs:874)
日 志 内 容:  776041669 walle重新上线
 

日 志 时 间:  2013-04-07 19:59:08,585 
日 志 级 别:  INFO
日 志 来 源: [18]::Chatter.Service.ChatterService.Logoff(e:\code\myRepo\Chatter\Service\ChatterService.cs:224)
日 志 内 容:  用户776041668 Eva退出
 

日 志 时 间:  2013-04-07 19:59:08,586 
日 志 级 别:  INFO
日 志 来 源: [18]::Chatter.Service.ChatterService.PrintOnLineNumber(e:\code\myRepo\Chatter\Service\ChatterService.cs:634)
日 志 内 容:  当前在线人数:1
 

日 志 时 间:  2013-04-07 19:59:23,757 
日 志 级 别:  INFO
日 志 来 源: [19]::Chatter.Service.ChatterService.Login(e:\code\myRepo\Chatter\Service\ChatterService.cs:127)
日 志 内 容:  用户776041668 请求登录
 

日 志 时 间:  2013-04-07 19:59:23,770 
日 志 级 别:  INFO
日 志 来 源: [19]::Chatter.Service.ChatterService.Login(e:\code\myRepo\Chatter\Service\ChatterService.cs:194)
日 志 内 容:  用户776041668 登录成功
 

日 志 时 间:  2013-04-07 19:59:23,772 
日 志 级 别:  INFO
日 志 来 源: [19]::Chatter.Service.ChatterService.PrintOnLineNumber(e:\code\myRepo\Chatter\Service\ChatterService.cs:634)
日 志 内 容:  当前在线人数:2
 

日 志 时 间:  2013-04-07 19:59:27,791 
日 志 级 别:  INFO
日 志 来 源: [9]::Chatter.Service.ChatterService.Logoff(e:\code\myRepo\Chatter\Service\ChatterService.cs:224)
日 志 内 容:  用户776041668 Eva退出
 

日 志 时 间:  2013-04-07 19:59:27,792 
日 志 级 别:  INFO
日 志 来 源: [9]::Chatter.Service.ChatterService.PrintOnLineNumber(e:\code\myRepo\Chatter\Service\ChatterService.cs:634)
日 志 内 容:  当前在线人数:1
 

日 志 时 间:  2013-04-07 19:59:28,410 
日 志 级 别:  INFO
日 志 来 源: [3]::Chatter.Service.ChatterService.Login(e:\code\myRepo\Chatter\Service\ChatterService.cs:127)
日 志 内 容:  用户776041668 Eva请求登录
 

日 志 时 间:  2013-04-07 19:59:28,428 
日 志 级 别:  INFO
日 志 来 源: [3]::Chatter.Service.ChatterService.Login(e:\code\myRepo\Chatter\Service\ChatterService.cs:194)
日 志 内 容:  用户776041668 Eva登录成功
 

日 志 时 间:  2013-04-07 19:59:28,429 
日 志 级 别:  INFO
日 志 来 源: [3]::Chatter.Service.ChatterService.PrintOnLineNumber(e:\code\myRepo\Chatter\Service\ChatterService.cs:634)
日 志 内 容:  当前在线人数:2
 

日 志 时 间:  2013-04-07 19:59:28,431 
日 志 级 别:  DEBUG
日 志 来 源: [3]::Chatter.Service.ChatterService.SendHeartBeat(e:\code\myRepo\Chatter\Service\ChatterService.cs:874)
日 志 内 容:  776041668 Eva重新上线
 

日 志 时 间:  2013-04-07 19:59:43,140 
日 志 级 别:  INFO
日 志 来 源: [6]::Chatter.Service.TCPHolePunching+<>c__DisplayClass6.<.ctor>b__3(e:\code\myRepo\Chatter\Service\TCPHolePunching.cs:90)
日 志 内 容:  from:222.26.186.164:62757
 

日 志 时 间:  2013-04-07 19:59:43,141 
日 志 级 别:  INFO
日 志 来 源: [6]::Chatter.Service.TCPHolePunching+<>c__DisplayClass6.<.ctor>b__3(e:\code\myRepo\Chatter\Service\TCPHolePunching.cs:91)
日 志 内 容:  to:222.26.186.164:62755
 

日 志 时 间:  2013-04-07 19:59:47,823 
日 志 级 别:  INFO
日 志 来 源: [9]::Chatter.Service.ChatterService.Logoff(e:\code\myRepo\Chatter\Service\ChatterService.cs:224)
日 志 内 容:  用户776041669 walle退出
 

日 志 时 间:  2013-04-07 19:59:47,824 
日 志 级 别:  INFO
日 志 来 源: [9]::Chatter.Service.ChatterService.PrintOnLineNumber(e:\code\myRepo\Chatter\Service\ChatterService.cs:634)
日 志 内 容:  当前在线人数:1
 

日 志 时 间:  2013-04-07 19:59:47,824 
日 志 级 别:  INFO
日 志 来 源: [9]::Chatter.Service.ChatterService.Logoff(e:\code\myRepo\Chatter\Service\ChatterService.cs:224)
日 志 内 容:  用户776041668 Eva退出
 

日 志 时 间:  2013-04-07 19:59:47,825 
日 志 级 别:  INFO
日 志 来 源: [9]::Chatter.Service.ChatterService.PrintOnLineNumber(e:\code\myRepo\Chatter\Service\ChatterService.cs:634)
日 志 内 容:  当前在线人数:0
 

日 志 时 间:  2013-04-07 20:00:43,217 
日 志 级 别:  INFO
日 志 来 源: [7]::Chatter.Service.ChatterService.Logoff(e:\code\myRepo\Chatter\Service\ChatterService.cs:224)
日 志 内 容:  用户776041668 Eva退出
 

日 志 时 间:  2013-04-07 20:00:43,222 
日 志 级 别:  INFO
日 志 来 源: [7]::Chatter.Service.ChatterService.PrintOnLineNumber(e:\code\myRepo\Chatter\Service\ChatterService.cs:634)
日 志 内 容:  当前在线人数:0
 

日 志 时 间:  2013-04-07 20:00:43,354 
日 志 级 别:  INFO
日 志 来 源: [12]::Chatter.Service.ChatterService.Logoff(e:\code\myRepo\Chatter\Service\ChatterService.cs:224)
日 志 内 容:  用户776041669 walle退出
 

日 志 时 间:  2013-04-07 20:00:43,356 
日 志 级 别:  INFO
日 志 来 源: [12]::Chatter.Service.ChatterService.PrintOnLineNumber(e:\code\myRepo\Chatter\Service\ChatterService.cs:634)
日 志 内 容:  当前在线人数:0
 

日 志 时 间:  2013-04-07 20:04:20,180 
日 志 级 别:  INFO
日 志 来 源: [12]::Chatter.Service.ChatterService.Login(e:\code\myRepo\Chatter\Service\ChatterService.cs:127)
日 志 内 容:  用户776041668 请求登录
 

日 志 时 间:  2013-04-07 20:04:20,196 
日 志 级 别:  INFO
日 志 来 源: [12]::Chatter.Service.ChatterService.Login(e:\code\myRepo\Chatter\Service\ChatterService.cs:194)
日 志 内 容:  用户776041668 登录成功
 

日 志 时 间:  2013-04-07 20:04:20,197 
日 志 级 别:  INFO
日 志 来 源: [12]::Chatter.Service.ChatterService.PrintOnLineNumber(e:\code\myRepo\Chatter\Service\ChatterService.cs:634)
日 志 内 容:  当前在线人数:1
 

日 志 时 间:  2013-04-07 20:04:39,572 
日 志 级 别:  INFO
日 志 来 源: [6]::Chatter.Service.ChatterService.Login(e:\code\myRepo\Chatter\Service\ChatterService.cs:127)
日 志 内 容:  用户776041669 请求登录
 

日 志 时 间:  2013-04-07 20:04:39,580 
日 志 级 别:  INFO
日 志 来 源: [6]::Chatter.Service.ChatterService.Login(e:\code\myRepo\Chatter\Service\ChatterService.cs:194)
日 志 内 容:  用户776041669 登录成功
 

日 志 时 间:  2013-04-07 20:04:39,584 
日 志 级 别:  INFO
日 志 来 源: [6]::Chatter.Service.ChatterService.PrintOnLineNumber(e:\code\myRepo\Chatter\Service\ChatterService.cs:634)
日 志 内 容:  当前在线人数:2
 

日 志 时 间:  2013-04-07 20:05:00,546 
日 志 级 别:  INFO
日 志 来 源: [13]::Chatter.Service.TCPHolePunching+<>c__DisplayClass6.<.ctor>b__3(e:\code\myRepo\Chatter\Service\TCPHolePunching.cs:90)
日 志 内 容:  from:222.26.186.164:63122
 

日 志 时 间:  2013-04-07 20:05:00,550 
日 志 级 别:  INFO
日 志 来 源: [13]::Chatter.Service.TCPHolePunching+<>c__DisplayClass6.<.ctor>b__3(e:\code\myRepo\Chatter\Service\TCPHolePunching.cs:91)
日 志 内 容:  to:222.26.186.164:63120
 

日 志 时 间:  2013-04-07 20:07:59,452 
日 志 级 别:  INFO
日 志 来 源: [12]::Chatter.Service.ChatterService.Logoff(e:\code\myRepo\Chatter\Service\ChatterService.cs:224)
日 志 内 容:  用户776041669 walle退出
 

日 志 时 间:  2013-04-07 20:07:59,455 
日 志 级 别:  INFO
日 志 来 源: [12]::Chatter.Service.ChatterService.PrintOnLineNumber(e:\code\myRepo\Chatter\Service\ChatterService.cs:634)
日 志 内 容:  当前在线人数:1
 

日 志 时 间:  2013-04-07 20:08:05,618 
日 志 级 别:  INFO
日 志 来 源: [9]::Chatter.Service.ChatterService.Logoff(e:\code\myRepo\Chatter\Service\ChatterService.cs:224)
日 志 内 容:  用户776041668 Eva退出
 

日 志 时 间:  2013-04-07 20:08:05,622 
日 志 级 别:  INFO
日 志 来 源: [9]::Chatter.Service.ChatterService.PrintOnLineNumber(e:\code\myRepo\Chatter\Service\ChatterService.cs:634)
日 志 内 容:  当前在线人数:0
 

日 志 时 间:  2013-04-07 20:09:01,796 
日 志 级 别:  INFO
日 志 来 源: [6]::Chatter.Service.ChatterService.Logoff(e:\code\myRepo\Chatter\Service\ChatterService.cs:224)
日 志 内 容:  用户776041668 Eva退出
 

日 志 时 间:  2013-04-07 20:09:01,802 
日 志 级 别:  INFO
日 志 来 源: [6]::Chatter.Service.ChatterService.PrintOnLineNumber(e:\code\myRepo\Chatter\Service\ChatterService.cs:634)
日 志 内 容:  当前在线人数:0
 

日 志 时 间:  2013-04-07 20:13:26,686 
日 志 级 别:  INFO
日 志 来 源: [20]::Chatter.Service.ChatterService.Login(e:\code\myRepo\Chatter\Service\ChatterService.cs:127)
日 志 内 容:  用户776041669 请求登录
 

日 志 时 间:  2013-04-07 20:13:26,722 
日 志 级 别:  INFO
日 志 来 源: [20]::Chatter.Service.ChatterService.Login(e:\code\myRepo\Chatter\Service\ChatterService.cs:194)
日 志 内 容:  用户776041669 登录成功
 

日 志 时 间:  2013-04-07 20:13:26,725 
日 志 级 别:  INFO
日 志 来 源: [20]::Chatter.Service.ChatterService.PrintOnLineNumber(e:\code\myRepo\Chatter\Service\ChatterService.cs:634)
日 志 内 容:  当前在线人数:1
 

日 志 时 间:  2013-04-07 20:13:31,109 
日 志 级 别:  INFO
日 志 来 源: [9]::Chatter.Service.ChatterService.Logoff(e:\code\myRepo\Chatter\Service\ChatterService.cs:224)
日 志 内 容:  用户776041669 walle退出
 

日 志 时 间:  2013-04-07 20:13:31,111 
日 志 级 别:  INFO
日 志 来 源: [9]::Chatter.Service.ChatterService.PrintOnLineNumber(e:\code\myRepo\Chatter\Service\ChatterService.cs:634)
日 志 内 容:  当前在线人数:0
 

日 志 时 间:  2013-04-07 20:13:32,509 
日 志 级 别:  INFO
日 志 来 源: [20]::Chatter.Service.ChatterService.Login(e:\code\myRepo\Chatter\Service\ChatterService.cs:127)
日 志 内 容:  用户776041669 walle请求登录
 

日 志 时 间:  2013-04-07 20:13:32,524 
日 志 级 别:  INFO
日 志 来 源: [20]::Chatter.Service.ChatterService.Login(e:\code\myRepo\Chatter\Service\ChatterService.cs:194)
日 志 内 容:  用户776041669 walle登录成功
 

日 志 时 间:  2013-04-07 20:13:32,526 
日 志 级 别:  INFO
日 志 来 源: [20]::Chatter.Service.ChatterService.PrintOnLineNumber(e:\code\myRepo\Chatter\Service\ChatterService.cs:634)
日 志 内 容:  当前在线人数:1
 

日 志 时 间:  2013-04-07 20:13:32,536 
日 志 级 别:  DEBUG
日 志 来 源: [20]::Chatter.Service.ChatterService.SendHeartBeat(e:\code\myRepo\Chatter\Service\ChatterService.cs:874)
日 志 内 容:  776041669 walle重新上线
 

日 志 时 间:  2013-04-07 20:15:39,623 
日 志 级 别:  INFO
日 志 来 源: [21]::Chatter.Service.ChatterService.Login(e:\code\myRepo\Chatter\Service\ChatterService.cs:127)
日 志 内 容:  用户776041668 请求登录
 

日 志 时 间:  2013-04-07 20:15:39,637 
日 志 级 别:  INFO
日 志 来 源: [21]::Chatter.Service.ChatterService.Login(e:\code\myRepo\Chatter\Service\ChatterService.cs:194)
日 志 内 容:  用户776041668 登录成功
 

日 志 时 间:  2013-04-07 20:15:39,642 
日 志 级 别:  INFO
日 志 来 源: [21]::Chatter.Service.ChatterService.PrintOnLineNumber(e:\code\myRepo\Chatter\Service\ChatterService.cs:634)
日 志 内 容:  当前在线人数:2
 

日 志 时 间:  2013-04-07 20:15:44,337 
日 志 级 别:  INFO
日 志 来 源: [9]::Chatter.Service.ChatterService.Logoff(e:\code\myRepo\Chatter\Service\ChatterService.cs:224)
日 志 内 容:  用户776041668 Eva退出
 

日 志 时 间:  2013-04-07 20:15:44,339 
日 志 级 别:  INFO
日 志 来 源: [9]::Chatter.Service.ChatterService.PrintOnLineNumber(e:\code\myRepo\Chatter\Service\ChatterService.cs:634)
日 志 内 容:  当前在线人数:1
 

日 志 时 间:  2013-04-07 20:15:44,858 
日 志 级 别:  INFO
日 志 来 源: [21]::Chatter.Service.ChatterService.Login(e:\code\myRepo\Chatter\Service\ChatterService.cs:127)
日 志 内 容:  用户776041668 Eva请求登录
 

日 志 时 间:  2013-04-07 20:15:44,876 
日 志 级 别:  INFO
日 志 来 源: [21]::Chatter.Service.ChatterService.Login(e:\code\myRepo\Chatter\Service\ChatterService.cs:194)
日 志 内 容:  用户776041668 Eva登录成功
 

日 志 时 间:  2013-04-07 20:15:44,877 
日 志 级 别:  INFO
日 志 来 源: [21]::Chatter.Service.ChatterService.PrintOnLineNumber(e:\code\myRepo\Chatter\Service\ChatterService.cs:634)
日 志 内 容:  当前在线人数:2
 

日 志 时 间:  2013-04-07 20:15:44,886 
日 志 级 别:  DEBUG
日 志 来 源: [21]::Chatter.Service.ChatterService.SendHeartBeat(e:\code\myRepo\Chatter\Service\ChatterService.cs:874)
日 志 内 容:  776041668 Eva重新上线
 

日 志 时 间:  2013-04-07 20:17:45,888 
日 志 级 别:  INFO
日 志 来 源: [14]::Chatter.Service.TCPHolePunching+<>c__DisplayClass6.<.ctor>b__3(e:\code\myRepo\Chatter\Service\TCPHolePunching.cs:90)
日 志 内 容:  from:222.26.186.164:63577
 

日 志 时 间:  2013-04-07 20:17:45,893 
日 志 级 别:  INFO
日 志 来 源: [14]::Chatter.Service.TCPHolePunching+<>c__DisplayClass6.<.ctor>b__3(e:\code\myRepo\Chatter\Service\TCPHolePunching.cs:91)
日 志 内 容:  to:222.26.186.164:63575
 

日 志 时 间:  2013-04-07 20:18:16,688 
日 志 级 别:  INFO
日 志 来 源: [9]::Chatter.Service.ChatterService.Logoff(e:\code\myRepo\Chatter\Service\ChatterService.cs:224)
日 志 内 容:  用户776041668 Eva退出
 

日 志 时 间:  2013-04-07 20:18:16,690 
日 志 级 别:  INFO
日 志 来 源: [9]::Chatter.Service.ChatterService.PrintOnLineNumber(e:\code\myRepo\Chatter\Service\ChatterService.cs:634)
日 志 内 容:  当前在线人数:1
 

日 志 时 间:  2013-04-07 20:18:17,695 
日 志 级 别:  INFO
日 志 来 源: [9]::Chatter.Service.ChatterService.Logoff(e:\code\myRepo\Chatter\Service\ChatterService.cs:224)
日 志 内 容:  用户776041669 walle退出
 

日 志 时 间:  2013-04-07 20:18:17,699 
日 志 级 别:  INFO
日 志 来 源: [9]::Chatter.Service.ChatterService.PrintOnLineNumber(e:\code\myRepo\Chatter\Service\ChatterService.cs:634)
日 志 内 容:  当前在线人数:0
 

日 志 时 间:  2013-04-07 20:18:21,894 
日 志 级 别:  WARN
日 志 来 源: [11]::Chatter.Service.ChatterService.HandleEvent(e:\code\myRepo\Chatter\Service\ChatterService.cs:614)
日 志 内 容:  回调失败776041669
 

日 志 时 间:  2013-04-07 20:18:22,054 
日 志 级 别:  WARN
日 志 来 源: [6]::Chatter.Service.ChatterService.HandleEvent(e:\code\myRepo\Chatter\Service\ChatterService.cs:614)
日 志 内 容:  回调失败776041669
 

日 志 时 间:  2013-04-07 20:19:11,824 
日 志 级 别:  INFO
日 志 来 源: [20]::Chatter.Service.ChatterService.Logoff(e:\code\myRepo\Chatter\Service\ChatterService.cs:224)
日 志 内 容:  用户776041668 Eva退出
 

日 志 时 间:  2013-04-07 20:19:11,827 
日 志 级 别:  INFO
日 志 来 源: [20]::Chatter.Service.ChatterService.PrintOnLineNumber(e:\code\myRepo\Chatter\Service\ChatterService.cs:634)
日 志 内 容:  当前在线人数:0
 

日 志 时 间:  2013-04-07 20:19:13,613 
日 志 级 别:  INFO
日 志 来 源: [20]::Chatter.Service.ChatterService.Logoff(e:\code\myRepo\Chatter\Service\ChatterService.cs:224)
日 志 内 容:  用户776041669 walle退出
 

日 志 时 间:  2013-04-07 20:19:13,615 
日 志 级 别:  INFO
日 志 来 源: [20]::Chatter.Service.ChatterService.PrintOnLineNumber(e:\code\myRepo\Chatter\Service\ChatterService.cs:634)
日 志 内 容:  当前在线人数:0
 

