日 志 时 间:  2013-02-26 10:23:22,590 
日 志 级 别:  INFO
日 志 来 源:  Chatter.Host.Program+<>c__DisplayClass7.<Main>b__0(f:\code\myRepo\Chatter\Host\Program.cs:32)
日 志 内 容:  RegisterService已经启动
 

日 志 时 间:  2013-02-26 10:23:22,634 
日 志 级 别:  INFO
日 志 来 源:  Chatter.Host.Program+<>c__DisplayClass7.<Main>b__0(f:\code\myRepo\Chatter\Host\Program.cs:32)
日 志 内 容:  ChatterService已经启动
 

日 志 时 间:  2013-02-26 10:23:22,636 
日 志 级 别:  INFO
日 志 来 源:  Chatter.Host.Program+<>c__DisplayClass3.<Main>b__2(f:\code\myRepo\Chatter\Host\Program.cs:45)
日 志 内 容:  开始发送心跳包
 

日 志 时 间:  2013-02-26 13:12:50,498 
日 志 级 别:  INFO
日 志 来 源:  Chatter.Host.Program+<>c__DisplayClass7.<Main>b__1(f:\code\myRepo\Chatter\Host\Program.cs:37)
日 志 内 容:  RegisterService已经关闭
 

日 志 时 间:  2013-02-26 13:12:50,509 
日 志 级 别:  INFO
日 志 来 源:  Chatter.Host.Program+<>c__DisplayClass7.<Main>b__1(f:\code\myRepo\Chatter\Host\Program.cs:37)
日 志 内 容:  ChatterService已经关闭
 

日 志 时 间:  2013-02-26 13:12:50,876 
日 志 级 别:  INFO
日 志 来 源:  Chatter.Host.Program+<>c__DisplayClass3.<Main>b__2(f:\code\myRepo\Chatter\Host\Program.cs:58)
日 志 内 容:  停止发送心跳包
 

日 志 时 间:  2013-02-26 13:13:27,343 
日 志 级 别:  INFO
日 志 来 源:  Chatter.Host.Program+<>c__DisplayClass7.<Main>b__0(f:\code\myRepo\Chatter\Host\Program.cs:32)
日 志 内 容:  RegisterService已经启动
 

日 志 时 间:  2013-02-26 13:13:27,399 
日 志 级 别:  INFO
日 志 来 源:  Chatter.Host.Program+<>c__DisplayClass7.<Main>b__0(f:\code\myRepo\Chatter\Host\Program.cs:32)
日 志 内 容:  ChatterService已经启动
 

日 志 时 间:  2013-02-26 13:13:27,402 
日 志 级 别:  INFO
日 志 来 源:  Chatter.Host.Program+<>c__DisplayClass3.<Main>b__2(f:\code\myRepo\Chatter\Host\Program.cs:45)
日 志 内 容:  开始发送心跳包
 

日 志 时 间:  2013-02-26 13:14:54,268 
日 志 级 别:  INFO
日 志 来 源:  Chatter.Host.Program+<>c__DisplayClass7.<Main>b__1(f:\code\myRepo\Chatter\Host\Program.cs:37)
日 志 内 容:  RegisterService已经关闭
 

日 志 时 间:  2013-02-26 13:14:54,269 
日 志 级 别:  INFO
日 志 来 源:  Chatter.Host.Program+<>c__DisplayClass7.<Main>b__1(f:\code\myRepo\Chatter\Host\Program.cs:37)
日 志 内 容:  ChatterService已经关闭
 

日 志 时 间:  2013-02-26 13:14:54,413 
日 志 级 别:  INFO
日 志 来 源:  Chatter.Host.Program+<>c__DisplayClass3.<Main>b__2(f:\code\myRepo\Chatter\Host\Program.cs:58)
日 志 内 容:  停止发送心跳包
 

日 志 时 间:  2013-02-26 13:14:58,575 
日 志 级 别:  INFO
日 志 来 源:  Chatter.Host.Program+<>c__DisplayClass7.<Main>b__0(f:\code\myRepo\Chatter\Host\Program.cs:32)
日 志 内 容:  RegisterService已经启动
 

日 志 时 间:  2013-02-26 13:14:58,618 
日 志 级 别:  INFO
日 志 来 源:  Chatter.Host.Program+<>c__DisplayClass7.<Main>b__0(f:\code\myRepo\Chatter\Host\Program.cs:32)
日 志 内 容:  ChatterService已经启动
 

日 志 时 间:  2013-02-26 13:14:58,625 
日 志 级 别:  INFO
日 志 来 源:  Chatter.Host.Program+<>c__DisplayClass3.<Main>b__2(f:\code\myRepo\Chatter\Host\Program.cs:45)
日 志 内 容:  开始发送心跳包
 

日 志 时 间:  2013-02-26 13:15:34,371 
日 志 级 别:  INFO
日 志 来 源:  Chatter.Service.ChatterService.Login(f:\code\myRepo\Chatter\Service\ChatterService.cs:76)
日 志 内 容:  用户776041669 请求登录
 

日 志 时 间:  2013-02-26 13:15:49,768 
日 志 级 别:  INFO
日 志 来 源:  Chatter.Service.ChatterService.Login(f:\code\myRepo\Chatter\Service\ChatterService.cs:130)
日 志 内 容:  用户776041669 登录成功
 

日 志 时 间:  2013-02-26 13:15:49,769 
日 志 级 别:  INFO
日 志 来 源:  Chatter.Service.ChatterService.PrintOnLineNumber(f:\code\myRepo\Chatter\Service\ChatterService.cs:448)
日 志 内 容:  当前在线人数:1
 

日 志 时 间:  2013-02-26 13:17:17,930 
日 志 级 别:  INFO
日 志 来 源:  Chatter.Service.ChatterService.Login(f:\code\myRepo\Chatter\Service\ChatterService.cs:76)
日 志 内 容:  用户776041669 请求登录
 

日 志 时 间:  2013-02-26 13:17:17,973 
日 志 级 别:  ERROR
日 志 来 源:  Chatter.Service.ChatterService.Login(f:\code\myRepo\Chatter\Service\ChatterService.cs:126)
日 志 内 容:  776041669登录时候出现错误
 System.ArgumentException: Item has already been added. Key in dictionary: '776041669'  Key being added: '776041669'
   at System.Collections.Hashtable.Insert(Object key, Object nvalue, Boolean add)
   at Chatter.Service.ChatterService.Login(Member member) in f:\code\myRepo\Chatter\Service\ChatterService.cs:line 126


日 志 时 间:  2013-02-26 13:21:07,984 
日 志 级 别:  INFO
日 志 来 源:  Chatter.Service.ChatterService.Login(f:\code\myRepo\Chatter\Service\ChatterService.cs:76)
日 志 内 容:  用户776041668 请求登录
 

日 志 时 间:  2013-02-26 13:21:08,012 
日 志 级 别:  INFO
日 志 来 源:  Chatter.Service.ChatterService.Login(f:\code\myRepo\Chatter\Service\ChatterService.cs:130)
日 志 内 容:  用户776041668 登录成功
 

日 志 时 间:  2013-02-26 13:21:08,012 
日 志 级 别:  INFO
日 志 来 源:  Chatter.Service.ChatterService.PrintOnLineNumber(f:\code\myRepo\Chatter\Service\ChatterService.cs:448)
日 志 内 容:  当前在线人数:2
 

日 志 时 间:  2013-02-26 13:27:17,935 
日 志 级 别:  INFO
日 志 来 源:  Chatter.Service.ChatterService.Logoff(f:\code\myRepo\Chatter\Service\ChatterService.cs:160)
日 志 内 容:  用户776041669 walle退出
 

日 志 时 间:  2013-02-26 13:28:48,846 
日 志 级 别:  INFO
日 志 来 源:  Chatter.Service.ChatterService.PrintOnLineNumber(f:\code\myRepo\Chatter\Service\ChatterService.cs:448)
日 志 内 容:  当前在线人数:1
 

日 志 时 间:  2013-02-26 13:31:12,376 
日 志 级 别:  INFO
日 志 来 源:  Chatter.Service.ChatterService.Logoff(f:\code\myRepo\Chatter\Service\ChatterService.cs:160)
日 志 内 容:  用户776041669 walle退出
 

日 志 时 间:  2013-02-26 13:31:16,120 
日 志 级 别:  INFO
日 志 来 源:  Chatter.Service.ChatterService.PrintOnLineNumber(f:\code\myRepo\Chatter\Service\ChatterService.cs:448)
日 志 内 容:  当前在线人数:1
 

日 志 时 间:  2013-02-26 13:32:33,065 
日 志 级 别:  INFO
日 志 来 源:  Chatter.Service.ChatterService.Logoff(f:\code\myRepo\Chatter\Service\ChatterService.cs:160)
日 志 内 容:  用户776041668 eva退出
 

日 志 时 间:  2013-02-26 13:32:33,066 
日 志 级 别:  INFO
日 志 来 源:  Chatter.Service.ChatterService.PrintOnLineNumber(f:\code\myRepo\Chatter\Service\ChatterService.cs:448)
日 志 内 容:  当前在线人数:0
 

日 志 时 间:  2013-02-26 17:01:41,072 
日 志 级 别:  INFO
日 志 来 源:  Chatter.Host.Program+<>c__DisplayClass7.<Main>b__0(f:\code\myRepo\Chatter\Host\Program.cs:32)
日 志 内 容:  RegisterService已经启动
 

日 志 时 间:  2013-02-26 17:01:41,124 
日 志 级 别:  INFO
日 志 来 源:  Chatter.Host.Program+<>c__DisplayClass7.<Main>b__0(f:\code\myRepo\Chatter\Host\Program.cs:32)
日 志 内 容:  ChatterService已经启动
 

日 志 时 间:  2013-02-26 17:01:41,127 
日 志 级 别:  INFO
日 志 来 源:  Chatter.Host.Program+<>c__DisplayClass3.<Main>b__2(f:\code\myRepo\Chatter\Host\Program.cs:45)
日 志 内 容:  开始发送心跳包
 

日 志 时 间:  2013-02-26 17:04:27,522 
日 志 级 别:  INFO
日 志 来 源:  Chatter.Service.ChatterService.Login(f:\code\myRepo\Chatter\Service\ChatterService.cs:76)
日 志 内 容:  用户776041668 请求登录
 

日 志 时 间:  2013-02-26 17:04:28,002 
日 志 级 别:  INFO
日 志 来 源:  Chatter.Service.ChatterService.Login(f:\code\myRepo\Chatter\Service\ChatterService.cs:130)
日 志 内 容:  用户776041668 登录成功
 

日 志 时 间:  2013-02-26 17:04:28,003 
日 志 级 别:  INFO
日 志 来 源:  Chatter.Service.ChatterService.PrintOnLineNumber(f:\code\myRepo\Chatter\Service\ChatterService.cs:448)
日 志 内 容:  当前在线人数:1
 

日 志 时 间:  2013-02-26 17:05:16,188 
日 志 级 别:  INFO
日 志 来 源:  Chatter.Service.ChatterService.Login(f:\code\myRepo\Chatter\Service\ChatterService.cs:76)
日 志 内 容:  用户776041669 请求登录
 

日 志 时 间:  2013-02-26 17:05:16,192 
日 志 级 别:  INFO
日 志 来 源:  Chatter.Service.ChatterService.Login(f:\code\myRepo\Chatter\Service\ChatterService.cs:130)
日 志 内 容:  用户776041669 登录成功
 

日 志 时 间:  2013-02-26 17:05:16,194 
日 志 级 别:  INFO
日 志 来 源:  Chatter.Service.ChatterService.PrintOnLineNumber(f:\code\myRepo\Chatter\Service\ChatterService.cs:448)
日 志 内 容:  当前在线人数:2
 

日 志 时 间:  2013-02-26 17:35:47,966 
日 志 级 别:  WARN
日 志 来 源:  Chatter.Service.ChatterService.SendHearBeat(f:\code\myRepo\Chatter\Service\ChatterService.cs:674)
日 志 内 容:  发送心跳包失败776041669_walle
 

日 志 时 间:  2013-02-26 17:35:47,989 
日 志 级 别:  INFO
日 志 来 源:  Chatter.Service.ChatterService.Logoff(f:\code\myRepo\Chatter\Service\ChatterService.cs:160)
日 志 内 容:  用户776041669 walle退出
 

日 志 时 间:  2013-02-26 17:35:47,990 
日 志 级 别:  INFO
日 志 来 源:  Chatter.Service.ChatterService.PrintOnLineNumber(f:\code\myRepo\Chatter\Service\ChatterService.cs:448)
日 志 内 容:  当前在线人数:1
 

日 志 时 间:  2013-02-26 17:36:41,984 
日 志 级 别:  INFO
日 志 来 源:  Chatter.Service.ChatterService.Logoff(f:\code\myRepo\Chatter\Service\ChatterService.cs:160)
日 志 内 容:  用户776041669 walle退出
 

日 志 时 间:  2013-02-26 17:36:42,040 
日 志 级 别:  INFO
日 志 来 源:  Chatter.Service.ChatterService.PrintOnLineNumber(f:\code\myRepo\Chatter\Service\ChatterService.cs:448)
日 志 内 容:  当前在线人数:1
 

日 志 时 间:  2013-02-26 17:42:43,545 
日 志 级 别:  INFO
日 志 来 源:  Chatter.Service.ChatterService.Login(f:\code\myRepo\Chatter\Service\ChatterService.cs:76)
日 志 内 容:  用户776041669 请求登录
 

日 志 时 间:  2013-02-26 17:42:43,548 
日 志 级 别:  INFO
日 志 来 源:  Chatter.Service.ChatterService.Login(f:\code\myRepo\Chatter\Service\ChatterService.cs:130)
日 志 内 容:  用户776041669 登录成功
 

日 志 时 间:  2013-02-26 17:42:43,551 
日 志 级 别:  INFO
日 志 来 源:  Chatter.Service.ChatterService.PrintOnLineNumber(f:\code\myRepo\Chatter\Service\ChatterService.cs:448)
日 志 内 容:  当前在线人数:2
 

日 志 时 间:  2013-02-26 17:43:16,882 
日 志 级 别:  WARN
日 志 来 源:  Chatter.Service.ChatterService.SendHearBeat(f:\code\myRepo\Chatter\Service\ChatterService.cs:674)
日 志 内 容:  发送心跳包失败776041669_walle
 

日 志 时 间:  2013-02-26 17:43:16,883 
日 志 级 别:  INFO
日 志 来 源:  Chatter.Service.ChatterService.Logoff(f:\code\myRepo\Chatter\Service\ChatterService.cs:160)
日 志 内 容:  用户776041669 walle退出
 

日 志 时 间:  2013-02-26 17:43:16,884 
日 志 级 别:  INFO
日 志 来 源:  Chatter.Service.ChatterService.PrintOnLineNumber(f:\code\myRepo\Chatter\Service\ChatterService.cs:448)
日 志 内 容:  当前在线人数:1
 

日 志 时 间:  2013-02-26 17:44:10,880 
日 志 级 别:  INFO
日 志 来 源:  Chatter.Service.ChatterService.Logoff(f:\code\myRepo\Chatter\Service\ChatterService.cs:160)
日 志 内 容:  用户776041669 walle退出
 

日 志 时 间:  2013-02-26 17:44:10,881 
日 志 级 别:  INFO
日 志 来 源:  Chatter.Service.ChatterService.PrintOnLineNumber(f:\code\myRepo\Chatter\Service\ChatterService.cs:448)
日 志 内 容:  当前在线人数:1
 

日 志 时 间:  2013-02-26 17:44:22,989 
日 志 级 别:  INFO
日 志 来 源:  Chatter.Service.ChatterService.Login(f:\code\myRepo\Chatter\Service\ChatterService.cs:76)
日 志 内 容:  用户776041669 请求登录
 

日 志 时 间:  2013-02-26 17:44:22,992 
日 志 级 别:  INFO
日 志 来 源:  Chatter.Service.ChatterService.Login(f:\code\myRepo\Chatter\Service\ChatterService.cs:130)
日 志 内 容:  用户776041669 登录成功
 

日 志 时 间:  2013-02-26 17:44:22,993 
日 志 级 别:  INFO
日 志 来 源:  Chatter.Service.ChatterService.PrintOnLineNumber(f:\code\myRepo\Chatter\Service\ChatterService.cs:448)
日 志 内 容:  当前在线人数:2
 

日 志 时 间:  2013-02-26 17:44:46,446 
日 志 级 别:  WARN
日 志 来 源:  Chatter.Service.ChatterService.SendHearBeat(f:\code\myRepo\Chatter\Service\ChatterService.cs:674)
日 志 内 容:  发送心跳包失败776041668_eva
 

日 志 时 间:  2013-02-26 17:44:46,447 
日 志 级 别:  INFO
日 志 来 源:  Chatter.Service.ChatterService.Logoff(f:\code\myRepo\Chatter\Service\ChatterService.cs:160)
日 志 内 容:  用户776041668 eva退出
 

日 志 时 间:  2013-02-26 17:44:46,448 
日 志 级 别:  INFO
日 志 来 源:  Chatter.Service.ChatterService.PrintOnLineNumber(f:\code\myRepo\Chatter\Service\ChatterService.cs:448)
日 志 内 容:  当前在线人数:1
 

日 志 时 间:  2013-02-26 17:44:49,153 
日 志 级 别:  INFO
日 志 来 源:  Chatter.Service.ChatterService.Logoff(f:\code\myRepo\Chatter\Service\ChatterService.cs:160)
日 志 内 容:  用户776041669 walle退出
 

日 志 时 间:  2013-02-26 17:44:49,153 
日 志 级 别:  INFO
日 志 来 源:  Chatter.Service.ChatterService.PrintOnLineNumber(f:\code\myRepo\Chatter\Service\ChatterService.cs:448)
日 志 内 容:  当前在线人数:0
 

日 志 时 间:  2013-02-26 17:45:42,172 
日 志 级 别:  INFO
日 志 来 源:  Chatter.Service.ChatterService.Login(f:\code\myRepo\Chatter\Service\ChatterService.cs:76)
日 志 内 容:  用户776041669 请求登录
 

日 志 时 间:  2013-02-26 17:45:42,173 
日 志 级 别:  INFO
日 志 来 源:  Chatter.Service.ChatterService.Login(f:\code\myRepo\Chatter\Service\ChatterService.cs:130)
日 志 内 容:  用户776041669 登录成功
 

日 志 时 间:  2013-02-26 17:45:42,178 
日 志 级 别:  INFO
日 志 来 源:  Chatter.Service.ChatterService.PrintOnLineNumber(f:\code\myRepo\Chatter\Service\ChatterService.cs:448)
日 志 内 容:  当前在线人数:1
 

日 志 时 间:  2013-02-26 17:46:06,620 
日 志 级 别:  INFO
日 志 来 源:  Chatter.Service.ChatterService.Login(f:\code\myRepo\Chatter\Service\ChatterService.cs:76)
日 志 内 容:  用户776041668 请求登录
 

日 志 时 间:  2013-02-26 17:46:06,622 
日 志 级 别:  INFO
日 志 来 源:  Chatter.Service.ChatterService.Login(f:\code\myRepo\Chatter\Service\ChatterService.cs:130)
日 志 内 容:  用户776041668 登录成功
 

日 志 时 间:  2013-02-26 17:46:06,630 
日 志 级 别:  INFO
日 志 来 源:  Chatter.Service.ChatterService.PrintOnLineNumber(f:\code\myRepo\Chatter\Service\ChatterService.cs:448)
日 志 内 容:  当前在线人数:2
 

日 志 时 间:  2013-02-26 17:46:30,957 
日 志 级 别:  INFO
日 志 来 源:  Chatter.Service.ChatterService.Logoff(f:\code\myRepo\Chatter\Service\ChatterService.cs:160)
日 志 内 容:  用户776041669 walle退出
 

日 志 时 间:  2013-02-26 17:46:30,961 
日 志 级 别:  INFO
日 志 来 源:  Chatter.Service.ChatterService.PrintOnLineNumber(f:\code\myRepo\Chatter\Service\ChatterService.cs:448)
日 志 内 容:  当前在线人数:1
 

日 志 时 间:  2013-02-26 17:46:32,199 
日 志 级 别:  INFO
日 志 来 源:  Chatter.Service.ChatterService.Logoff(f:\code\myRepo\Chatter\Service\ChatterService.cs:160)
日 志 内 容:  用户776041668 eva退出
 

日 志 时 间:  2013-02-26 17:46:32,201 
日 志 级 别:  INFO
日 志 来 源:  Chatter.Service.ChatterService.PrintOnLineNumber(f:\code\myRepo\Chatter\Service\ChatterService.cs:448)
日 志 内 容:  当前在线人数:0
 

