日 志 时 间:  2013-03-29 15:29:25,404 
日 志 级 别:  INFO
日 志 来 源: [1]::Chatter.Host.Program+<>c__DisplayClass4.<Main>b__0(f:\code\myRepo\Chatter\Host\Program.cs:47)
日 志 内 容:  RegisterService已经启动
 

日 志 时 间:  2013-03-29 15:29:25,469 
日 志 级 别:  INFO
日 志 来 源: [1]::Chatter.Host.Program+<>c__DisplayClass4.<Main>b__0(f:\code\myRepo\Chatter\Host\Program.cs:47)
日 志 内 容:  ChatterService已经启动
 

日 志 时 间:  2013-03-29 15:29:25,472 
日 志 级 别:  INFO
日 志 来 源: [1]::Chatter.Host.Program+<>c__DisplayClass4.<Main>b__0(f:\code\myRepo\Chatter\Host\Program.cs:47)
日 志 内 容:  CustomPeerResolverService已经启动
 

日 志 时 间:  2013-03-29 15:29:47,784 
日 志 级 别:  INFO
日 志 来 源: [10]::Chatter.Service.ChatterService.<.cctor>b__1(f:\code\myRepo\Chatter\Service\ChatterService.cs:74)
日 志 内 容:  开始接收心跳包
 

日 志 时 间:  2013-03-29 15:29:47,800 
日 志 级 别:  INFO
日 志 来 源: [7]::Chatter.Service.ChatterService.Login(f:\code\myRepo\Chatter\Service\ChatterService.cs:127)
日 志 内 容:  用户1234002 请求登录
 

日 志 时 间:  2013-03-29 15:29:49,043 
日 志 级 别:  ERROR
日 志 来 源: [7]::Chatter.DAL.DALService.IsMember(f:\code\myRepo\Chatter\DAL\DALService.cs:313)
日 志 内 容:  查询是否为合法用户时出现错误
 MySql.Data.MySqlClient.MySqlException: Unable to connect to any of the specified MySQL hosts.
   at MySql.Data.MySqlClient.NativeDriver.Open()
   at MySql.Data.MySqlClient.Driver.Open()
   at MySql.Data.MySqlClient.Driver.Create(MySqlConnectionStringBuilder settings)
   at MySql.Data.MySqlClient.MySqlPool.GetPooledConnection()
   at MySql.Data.MySqlClient.MySqlPool.TryToGetDriver()
   at MySql.Data.MySqlClient.MySqlPool.GetConnection()
   at MySql.Data.MySqlClient.MySqlConnection.Open()
   at Chatter.DAL.DALService.get_Conn() in f:\code\myRepo\Chatter\DAL\DALService.cs:line 32
   at Chatter.DAL.DALService.IsMember(String id, String pwd) in f:\code\myRepo\Chatter\DAL\DALService.cs:line 313


日 志 时 间:  2013-03-29 15:29:49,052 
日 志 级 别:  INFO
日 志 来 源: [7]::Chatter.Service.ChatterService.Login(f:\code\myRepo\Chatter\Service\ChatterService.cs:135)
日 志 内 容:  用户1234002 登录失败
 

日 志 时 间:  2013-03-29 15:29:59,107 
日 志 级 别:  INFO
日 志 来 源: [7]::Chatter.Service.ChatterService.Login(f:\code\myRepo\Chatter\Service\ChatterService.cs:127)
日 志 内 容:  用户1234002 请求登录
 

日 志 时 间:  2013-03-29 15:29:59,644 
日 志 级 别:  INFO
日 志 来 源: [7]::Chatter.Service.ChatterService.Login(f:\code\myRepo\Chatter\Service\ChatterService.cs:194)
日 志 内 容:  用户1234002 登录成功
 

日 志 时 间:  2013-03-29 15:29:59,645 
日 志 级 别:  INFO
日 志 来 源: [7]::Chatter.Service.ChatterService.PrintOnLineNumber(f:\code\myRepo\Chatter\Service\ChatterService.cs:634)
日 志 内 容:  当前在线人数:1
 

日 志 时 间:  2013-03-29 15:30:19,810 
日 志 级 别:  INFO
日 志 来 源: [10]::Chatter.Service.ChatterService.Logoff(f:\code\myRepo\Chatter\Service\ChatterService.cs:224)
日 志 内 容:  用户1234002 asdf退出
 

日 志 时 间:  2013-03-29 15:30:19,817 
日 志 级 别:  INFO
日 志 来 源: [10]::Chatter.Service.ChatterService.PrintOnLineNumber(f:\code\myRepo\Chatter\Service\ChatterService.cs:634)
日 志 内 容:  当前在线人数:0
 

日 志 时 间:  2013-03-29 15:30:22,262 
日 志 级 别:  INFO
日 志 来 源: [9]::Chatter.Service.ChatterService.Login(f:\code\myRepo\Chatter\Service\ChatterService.cs:127)
日 志 内 容:  用户1234002 asdf请求登录
 

日 志 时 间:  2013-03-29 15:30:22,265 
日 志 级 别:  INFO
日 志 来 源: [9]::Chatter.Service.ChatterService.Login(f:\code\myRepo\Chatter\Service\ChatterService.cs:194)
日 志 内 容:  用户1234002 asdf登录成功
 

日 志 时 间:  2013-03-29 15:30:22,265 
日 志 级 别:  INFO
日 志 来 源: [9]::Chatter.Service.ChatterService.PrintOnLineNumber(f:\code\myRepo\Chatter\Service\ChatterService.cs:634)
日 志 内 容:  当前在线人数:1
 

日 志 时 间:  2013-03-29 15:30:22,266 
日 志 级 别:  DEBUG
日 志 来 源: [9]::Chatter.Service.ChatterService.SendHeartBeat(f:\code\myRepo\Chatter\Service\ChatterService.cs:874)
日 志 内 容:  1234002 asdf重新上线
 

日 志 时 间:  2013-03-29 16:07:56,977 
日 志 级 别:  INFO
日 志 来 源: [1]::Chatter.Host.Program+<>c__DisplayClass4.<Main>b__1(f:\code\myRepo\Chatter\Host\Program.cs:52)
日 志 内 容:  RegisterService已经关闭
 

日 志 时 间:  2013-03-29 16:07:57,182 
日 志 级 别:  INFO
日 志 来 源: [12]::Chatter.Service.ChatterService.Logoff(f:\code\myRepo\Chatter\Service\ChatterService.cs:224)
日 志 内 容:  用户1234002 asdf退出
 

日 志 时 间:  2013-03-29 16:07:57,183 
日 志 级 别:  INFO
日 志 来 源: [12]::Chatter.Service.ChatterService.PrintOnLineNumber(f:\code\myRepo\Chatter\Service\ChatterService.cs:634)
日 志 内 容:  当前在线人数:0
 

日 志 时 间:  2013-03-29 16:07:57,184 
日 志 级 别:  INFO
日 志 来 源: [1]::Chatter.Host.Program+<>c__DisplayClass4.<Main>b__1(f:\code\myRepo\Chatter\Host\Program.cs:52)
日 志 内 容:  ChatterService已经关闭
 

日 志 时 间:  2013-03-29 16:07:57,187 
日 志 级 别:  INFO
日 志 来 源: [1]::Chatter.Host.Program+<>c__DisplayClass4.<Main>b__1(f:\code\myRepo\Chatter\Host\Program.cs:52)
日 志 内 容:  CustomPeerResolverService已经关闭
 

