日 志 时 间:  2013-04-05 11:35:42,028 
日 志 级 别:  INFO
日 志 来 源: [1]::Chatter.Host.Program+<>c__DisplayClass4.<Main>b__0(f:\code\myRepo\Chatter\Host\Program.cs:47)
日 志 内 容:  RegisterService已经启动
 

日 志 时 间:  2013-04-05 11:35:42,138 
日 志 级 别:  INFO
日 志 来 源: [1]::Chatter.Host.Program+<>c__DisplayClass4.<Main>b__0(f:\code\myRepo\Chatter\Host\Program.cs:47)
日 志 内 容:  ChatterService已经启动
 

日 志 时 间:  2013-04-05 11:35:42,171 
日 志 级 别:  INFO
日 志 来 源: [1]::Chatter.Host.Program+<>c__DisplayClass4.<Main>b__0(f:\code\myRepo\Chatter\Host\Program.cs:47)
日 志 内 容:  CustomPeerResolverService已经启动
 

日 志 时 间:  2013-04-05 11:42:20,382 
日 志 级 别:  INFO
日 志 来 源: [7]::Chatter.Service.Util.NewMemberId(e:\code\myRepo\Chatter\Service\Util.cs:20)
日 志 内 容:  生成用户id：6844312
 

日 志 时 间:  2013-04-05 11:42:42,834 
日 志 级 别:  INFO
日 志 来 源: [14]::Chatter.Service.ChatterService.<.cctor>b__1(e:\code\myRepo\Chatter\Service\ChatterService.cs:74)
日 志 内 容:  开始接收心跳包
 

日 志 时 间:  2013-04-05 11:42:42,837 
日 志 级 别:  INFO
日 志 来 源: [13]::Chatter.Service.ChatterService.Login(e:\code\myRepo\Chatter\Service\ChatterService.cs:127)
日 志 内 容:  用户6844312 请求登录
 

日 志 时 间:  2013-04-05 11:42:42,881 
日 志 级 别:  INFO
日 志 来 源: [13]::Chatter.Service.ChatterService.Login(e:\code\myRepo\Chatter\Service\ChatterService.cs:194)
日 志 内 容:  用户6844312 登录成功
 

日 志 时 间:  2013-04-05 11:42:42,882 
日 志 级 别:  INFO
日 志 来 源: [13]::Chatter.Service.ChatterService.PrintOnLineNumber(e:\code\myRepo\Chatter\Service\ChatterService.cs:634)
日 志 内 容:  当前在线人数:1
 

日 志 时 间:  2013-04-05 11:42:46,839 
日 志 级 别:  INFO
日 志 来 源: [13]::Chatter.Service.ChatterService.Logoff(e:\code\myRepo\Chatter\Service\ChatterService.cs:224)
日 志 内 容:  用户6844312 fd退出
 

日 志 时 间:  2013-04-05 11:42:46,851 
日 志 级 别:  INFO
日 志 来 源: [13]::Chatter.Service.ChatterService.PrintOnLineNumber(e:\code\myRepo\Chatter\Service\ChatterService.cs:634)
日 志 内 容:  当前在线人数:0
 

日 志 时 间:  2013-04-05 11:44:33,411 
日 志 级 别:  INFO
日 志 来 源: [15]::Chatter.Service.Util.NewMemberId(e:\code\myRepo\Chatter\Service\Util.cs:20)
日 志 内 容:  生成用户id：5539793
 

日 志 时 间:  2013-04-05 11:44:55,442 
日 志 级 别:  INFO
日 志 来 源: [17]::Chatter.Service.ChatterService.Login(e:\code\myRepo\Chatter\Service\ChatterService.cs:127)
日 志 内 容:  用户6844312 请求登录
 

日 志 时 间:  2013-04-05 11:44:55,443 
日 志 级 别:  INFO
日 志 来 源: [17]::Chatter.Service.ChatterService.Login(e:\code\myRepo\Chatter\Service\ChatterService.cs:135)
日 志 内 容:  用户6844312 登录失败
 

日 志 时 间:  2013-04-05 11:45:01,901 
日 志 级 别:  INFO
日 志 来 源: [17]::Chatter.Service.ChatterService.Login(e:\code\myRepo\Chatter\Service\ChatterService.cs:127)
日 志 内 容:  用户6844312 请求登录
 

日 志 时 间:  2013-04-05 11:45:01,906 
日 志 级 别:  INFO
日 志 来 源: [17]::Chatter.Service.ChatterService.Login(e:\code\myRepo\Chatter\Service\ChatterService.cs:194)
日 志 内 容:  用户6844312 登录成功
 

日 志 时 间:  2013-04-05 11:45:01,906 
日 志 级 别:  INFO
日 志 来 源: [17]::Chatter.Service.ChatterService.PrintOnLineNumber(e:\code\myRepo\Chatter\Service\ChatterService.cs:634)
日 志 内 容:  当前在线人数:1
 

日 志 时 间:  2013-04-05 11:45:44,827 
日 志 级 别:  INFO
日 志 来 源: [20]::Chatter.Service.ChatterService.Login(e:\code\myRepo\Chatter\Service\ChatterService.cs:127)
日 志 内 容:  用户5539793 请求登录
 

日 志 时 间:  2013-04-05 11:45:44,833 
日 志 级 别:  INFO
日 志 来 源: [20]::Chatter.Service.ChatterService.Login(e:\code\myRepo\Chatter\Service\ChatterService.cs:194)
日 志 内 容:  用户5539793 登录成功
 

日 志 时 间:  2013-04-05 11:45:44,834 
日 志 级 别:  INFO
日 志 来 源: [20]::Chatter.Service.ChatterService.PrintOnLineNumber(e:\code\myRepo\Chatter\Service\ChatterService.cs:634)
日 志 内 容:  当前在线人数:2
 

日 志 时 间:  2013-04-05 11:48:06,043 
日 志 级 别:  INFO
日 志 来 源: [4]::Chatter.Service.ChatterService.Login(e:\code\myRepo\Chatter\Service\ChatterService.cs:127)
日 志 内 容:  用户5539793 请求登录
 

日 志 时 间:  2013-04-05 11:48:06,045 
日 志 级 别:  INFO
日 志 来 源: [4]::Chatter.Service.ChatterService.Login(e:\code\myRepo\Chatter\Service\ChatterService.cs:135)
日 志 内 容:  用户5539793 登录失败
 

日 志 时 间:  2013-04-05 11:48:06,843 
日 志 级 别:  INFO
日 志 来 源: [14]::Chatter.Service.ChatterService.Logoff(e:\code\myRepo\Chatter\Service\ChatterService.cs:224)
日 志 内 容:  用户5539793 asdf退出
 

日 志 时 间:  2013-04-05 11:48:06,883 
日 志 级 别:  INFO
日 志 来 源: [14]::Chatter.Service.ChatterService.PrintOnLineNumber(e:\code\myRepo\Chatter\Service\ChatterService.cs:634)
日 志 内 容:  当前在线人数:1
 

日 志 时 间:  2013-04-05 11:48:06,884 
日 志 级 别:  INFO
日 志 来 源: [14]::Chatter.Service.ChatterService.Logoff(e:\code\myRepo\Chatter\Service\ChatterService.cs:224)
日 志 内 容:  用户6844312 fd退出
 

日 志 时 间:  2013-04-05 11:48:06,884 
日 志 级 别:  INFO
日 志 来 源: [14]::Chatter.Service.ChatterService.PrintOnLineNumber(e:\code\myRepo\Chatter\Service\ChatterService.cs:634)
日 志 内 容:  当前在线人数:0
 

日 志 时 间:  2013-04-05 11:49:02,619 
日 志 级 别:  INFO
日 志 来 源: [22]::Chatter.Service.ChatterService.Logoff(e:\code\myRepo\Chatter\Service\ChatterService.cs:224)
日 志 内 容:  用户6844312 fd退出
 

日 志 时 间:  2013-04-05 11:49:02,619 
日 志 级 别:  INFO
日 志 来 源: [17]::Chatter.Service.ChatterService.Logoff(e:\code\myRepo\Chatter\Service\ChatterService.cs:224)
日 志 内 容:  用户5539793 asdf退出
 

日 志 时 间:  2013-04-05 11:49:02,633 
日 志 级 别:  INFO
日 志 来 源: [22]::Chatter.Service.ChatterService.PrintOnLineNumber(e:\code\myRepo\Chatter\Service\ChatterService.cs:634)
日 志 内 容:  当前在线人数:0
 

日 志 时 间:  2013-04-05 11:49:02,633 
日 志 级 别:  INFO
日 志 来 源: [17]::Chatter.Service.ChatterService.PrintOnLineNumber(e:\code\myRepo\Chatter\Service\ChatterService.cs:634)
日 志 内 容:  当前在线人数:0
 

日 志 时 间:  2013-04-05 11:49:56,374 
日 志 级 别:  INFO
日 志 来 源: [25]::Chatter.Service.ChatterService.Login(e:\code\myRepo\Chatter\Service\ChatterService.cs:127)
日 志 内 容:  用户5539793 请求登录
 

日 志 时 间:  2013-04-05 11:49:56,375 
日 志 级 别:  INFO
日 志 来 源: [25]::Chatter.Service.ChatterService.Login(e:\code\myRepo\Chatter\Service\ChatterService.cs:135)
日 志 内 容:  用户5539793 登录失败
 

日 志 时 间:  2013-04-05 11:50:04,112 
日 志 级 别:  INFO
日 志 来 源: [25]::Chatter.Service.ChatterService.Login(e:\code\myRepo\Chatter\Service\ChatterService.cs:127)
日 志 内 容:  用户5539793 请求登录
 

日 志 时 间:  2013-04-05 11:50:04,115 
日 志 级 别:  INFO
日 志 来 源: [25]::Chatter.Service.ChatterService.Login(e:\code\myRepo\Chatter\Service\ChatterService.cs:194)
日 志 内 容:  用户5539793 登录成功
 

日 志 时 间:  2013-04-05 11:50:04,116 
日 志 级 别:  INFO
日 志 来 源: [25]::Chatter.Service.ChatterService.PrintOnLineNumber(e:\code\myRepo\Chatter\Service\ChatterService.cs:634)
日 志 内 容:  当前在线人数:1
 

日 志 时 间:  2013-04-05 11:50:10,441 
日 志 级 别:  INFO
日 志 来 源: [26]::Chatter.Service.ChatterService.Logoff(e:\code\myRepo\Chatter\Service\ChatterService.cs:224)
日 志 内 容:  用户5539793 asdf退出
 

日 志 时 间:  2013-04-05 11:50:10,447 
日 志 级 别:  INFO
日 志 来 源: [26]::Chatter.Service.ChatterService.PrintOnLineNumber(e:\code\myRepo\Chatter\Service\ChatterService.cs:634)
日 志 内 容:  当前在线人数:0
 

日 志 时 间:  2013-04-05 11:50:15,395 
日 志 级 别:  INFO
日 志 来 源: [23]::Chatter.Service.ChatterService.Login(e:\code\myRepo\Chatter\Service\ChatterService.cs:127)
日 志 内 容:  用户5539793 请求登录
 

日 志 时 间:  2013-04-05 11:50:15,398 
日 志 级 别:  INFO
日 志 来 源: [23]::Chatter.Service.ChatterService.Login(e:\code\myRepo\Chatter\Service\ChatterService.cs:135)
日 志 内 容:  用户5539793 登录失败
 

日 志 时 间:  2013-04-05 11:50:44,161 
日 志 级 别:  INFO
日 志 来 源: [11]::Chatter.Service.ChatterService.Login(e:\code\myRepo\Chatter\Service\ChatterService.cs:127)
日 志 内 容:  用户5539793 请求登录
 

日 志 时 间:  2013-04-05 11:50:44,163 
日 志 级 别:  INFO
日 志 来 源: [11]::Chatter.Service.ChatterService.Login(e:\code\myRepo\Chatter\Service\ChatterService.cs:194)
日 志 内 容:  用户5539793 登录成功
 

日 志 时 间:  2013-04-05 11:50:44,163 
日 志 级 别:  INFO
日 志 来 源: [11]::Chatter.Service.ChatterService.PrintOnLineNumber(e:\code\myRepo\Chatter\Service\ChatterService.cs:634)
日 志 内 容:  当前在线人数:1
 

日 志 时 间:  2013-04-05 11:50:46,593 
日 志 级 别:  INFO
日 志 来 源: [13]::Chatter.Service.ChatterService.Logoff(e:\code\myRepo\Chatter\Service\ChatterService.cs:224)
日 志 内 容:  用户5539793 asdf退出
 

日 志 时 间:  2013-04-05 11:50:46,594 
日 志 级 别:  INFO
日 志 来 源: [13]::Chatter.Service.ChatterService.PrintOnLineNumber(e:\code\myRepo\Chatter\Service\ChatterService.cs:634)
日 志 内 容:  当前在线人数:0
 

日 志 时 间:  2013-04-05 11:51:32,113 
日 志 级 别:  INFO
日 志 来 源: [13]::Chatter.Service.ChatterService.Login(e:\code\myRepo\Chatter\Service\ChatterService.cs:127)
日 志 内 容:  用户5539793 请求登录
 

日 志 时 间:  2013-04-05 11:51:32,117 
日 志 级 别:  INFO
日 志 来 源: [13]::Chatter.Service.ChatterService.Login(e:\code\myRepo\Chatter\Service\ChatterService.cs:194)
日 志 内 容:  用户5539793 登录成功
 

日 志 时 间:  2013-04-05 11:51:32,117 
日 志 级 别:  INFO
日 志 来 源: [13]::Chatter.Service.ChatterService.PrintOnLineNumber(e:\code\myRepo\Chatter\Service\ChatterService.cs:634)
日 志 内 容:  当前在线人数:1
 

日 志 时 间:  2013-04-05 11:52:03,745 
日 志 级 别:  INFO
日 志 来 源: [28]::Chatter.Service.ChatterService.Login(e:\code\myRepo\Chatter\Service\ChatterService.cs:127)
日 志 内 容:  用户6844312 请求登录
 

日 志 时 间:  2013-04-05 11:52:03,747 
日 志 级 别:  INFO
日 志 来 源: [28]::Chatter.Service.ChatterService.Login(e:\code\myRepo\Chatter\Service\ChatterService.cs:194)
日 志 内 容:  用户6844312 登录成功
 

日 志 时 间:  2013-04-05 11:52:03,747 
日 志 级 别:  INFO
日 志 来 源: [28]::Chatter.Service.ChatterService.PrintOnLineNumber(e:\code\myRepo\Chatter\Service\ChatterService.cs:634)
日 志 内 容:  当前在线人数:2
 

日 志 时 间:  2013-04-05 11:52:19,892 
日 志 级 别:  INFO
日 志 来 源: [14]::Chatter.Service.ChatterService.Logoff(e:\code\myRepo\Chatter\Service\ChatterService.cs:224)
日 志 内 容:  用户5539793 asdf退出
 

日 志 时 间:  2013-04-05 11:52:19,892 
日 志 级 别:  INFO
日 志 来 源: [14]::Chatter.Service.ChatterService.PrintOnLineNumber(e:\code\myRepo\Chatter\Service\ChatterService.cs:634)
日 志 内 容:  当前在线人数:1
 

日 志 时 间:  2013-04-05 11:52:21,271 
日 志 级 别:  DEBUG
日 志 来 源: [27]::Chatter.DAL.DALService.DeleteMemberFromGroup(e:\code\myRepo\Chatter\DAL\DALService.cs:730)
日 志 内 容:  删除前5539793;
 

日 志 时 间:  2013-04-05 11:52:21,273 
日 志 级 别:  DEBUG
日 志 来 源: [27]::Chatter.DAL.DALService.DeleteMemberFromGroup(e:\code\myRepo\Chatter\DAL\DALService.cs:732)
日 志 内 容:  删除后
 

日 志 时 间:  2013-04-05 11:52:28,265 
日 志 级 别:  INFO
日 志 来 源: [13]::Chatter.Service.ChatterService.Logoff(e:\code\myRepo\Chatter\Service\ChatterService.cs:224)
日 志 内 容:  用户6844312 fd退出
 

日 志 时 间:  2013-04-05 11:52:28,266 
日 志 级 别:  INFO
日 志 来 源: [13]::Chatter.Service.ChatterService.PrintOnLineNumber(e:\code\myRepo\Chatter\Service\ChatterService.cs:634)
日 志 内 容:  当前在线人数:0
 

日 志 时 间:  2013-04-05 11:52:41,744 
日 志 级 别:  INFO
日 志 来 源: [13]::Chatter.Service.ChatterService.Login(e:\code\myRepo\Chatter\Service\ChatterService.cs:127)
日 志 内 容:  用户5539793 请求登录
 

日 志 时 间:  2013-04-05 11:52:41,745 
日 志 级 别:  INFO
日 志 来 源: [13]::Chatter.Service.ChatterService.Login(e:\code\myRepo\Chatter\Service\ChatterService.cs:135)
日 志 内 容:  用户5539793 登录失败
 

日 志 时 间:  2013-04-05 11:52:46,843 
日 志 级 别:  INFO
日 志 来 源: [30]::Chatter.Service.ChatterService.Login(e:\code\myRepo\Chatter\Service\ChatterService.cs:127)
日 志 内 容:  用户5539793 请求登录
 

日 志 时 间:  2013-04-05 11:52:46,846 
日 志 级 别:  INFO
日 志 来 源: [30]::Chatter.Service.ChatterService.Login(e:\code\myRepo\Chatter\Service\ChatterService.cs:194)
日 志 内 容:  用户5539793 登录成功
 

日 志 时 间:  2013-04-05 11:52:46,846 
日 志 级 别:  INFO
日 志 来 源: [30]::Chatter.Service.ChatterService.PrintOnLineNumber(e:\code\myRepo\Chatter\Service\ChatterService.cs:634)
日 志 内 容:  当前在线人数:1
 

日 志 时 间:  2013-04-05 11:52:59,683 
日 志 级 别:  INFO
日 志 来 源: [13]::Chatter.Service.ChatterService.Login(e:\code\myRepo\Chatter\Service\ChatterService.cs:127)
日 志 内 容:  用户6844312 请求登录
 

日 志 时 间:  2013-04-05 11:52:59,685 
日 志 级 别:  INFO
日 志 来 源: [13]::Chatter.Service.ChatterService.Login(e:\code\myRepo\Chatter\Service\ChatterService.cs:194)
日 志 内 容:  用户6844312 登录成功
 

日 志 时 间:  2013-04-05 11:52:59,685 
日 志 级 别:  INFO
日 志 来 源: [13]::Chatter.Service.ChatterService.PrintOnLineNumber(e:\code\myRepo\Chatter\Service\ChatterService.cs:634)
日 志 内 容:  当前在线人数:2
 

日 志 时 间:  2013-04-05 11:53:15,230 
日 志 级 别:  INFO
日 志 来 源: [11]::Chatter.Service.ChatterService.Logoff(e:\code\myRepo\Chatter\Service\ChatterService.cs:224)
日 志 内 容:  用户5539793 asdf退出
 

日 志 时 间:  2013-04-05 11:53:15,231 
日 志 级 别:  INFO
日 志 来 源: [11]::Chatter.Service.ChatterService.PrintOnLineNumber(e:\code\myRepo\Chatter\Service\ChatterService.cs:634)
日 志 内 容:  当前在线人数:1
 

日 志 时 间:  2013-04-05 11:53:15,243 
日 志 级 别:  WARN
日 志 来 源: [18]::Chatter.Service.ChatterService.HandleEvent(e:\code\myRepo\Chatter\Service\ChatterService.cs:614)
日 志 内 容:  回调失败6844312
 

日 志 时 间:  2013-04-05 11:53:15,445 
日 志 级 别:  INFO
日 志 来 源: [11]::Chatter.Service.ChatterService.Login(e:\code\myRepo\Chatter\Service\ChatterService.cs:127)
日 志 内 容:  用户5539793 asdf请求登录
 

日 志 时 间:  2013-04-05 11:53:15,449 
日 志 级 别:  INFO
日 志 来 源: [11]::Chatter.Service.ChatterService.Login(e:\code\myRepo\Chatter\Service\ChatterService.cs:194)
日 志 内 容:  用户5539793 asdf登录成功
 

日 志 时 间:  2013-04-05 11:53:15,449 
日 志 级 别:  INFO
日 志 来 源: [11]::Chatter.Service.ChatterService.PrintOnLineNumber(e:\code\myRepo\Chatter\Service\ChatterService.cs:634)
日 志 内 容:  当前在线人数:2
 

日 志 时 间:  2013-04-05 11:53:15,450 
日 志 级 别:  DEBUG
日 志 来 源: [11]::Chatter.Service.ChatterService.SendHeartBeat(e:\code\myRepo\Chatter\Service\ChatterService.cs:874)
日 志 内 容:  5539793 asdf重新上线
 

日 志 时 间:  2013-04-05 11:53:41,907 
日 志 级 别:  INFO
日 志 来 源: [14]::Chatter.Service.ChatterService.Logoff(e:\code\myRepo\Chatter\Service\ChatterService.cs:224)
日 志 内 容:  用户6844312 fd退出
 

日 志 时 间:  2013-04-05 11:53:41,908 
日 志 级 别:  INFO
日 志 来 源: [14]::Chatter.Service.ChatterService.PrintOnLineNumber(e:\code\myRepo\Chatter\Service\ChatterService.cs:634)
日 志 内 容:  当前在线人数:1
 

日 志 时 间:  2013-04-05 11:53:42,558 
日 志 级 别:  INFO
日 志 来 源: [11]::Chatter.Service.ChatterService.Login(e:\code\myRepo\Chatter\Service\ChatterService.cs:127)
日 志 内 容:  用户6844312 请求登录
 

日 志 时 间:  2013-04-05 11:53:42,560 
日 志 级 别:  INFO
日 志 来 源: [11]::Chatter.Service.ChatterService.Login(e:\code\myRepo\Chatter\Service\ChatterService.cs:194)
日 志 内 容:  用户6844312 登录成功
 

日 志 时 间:  2013-04-05 11:53:42,561 
日 志 级 别:  INFO
日 志 来 源: [11]::Chatter.Service.ChatterService.PrintOnLineNumber(e:\code\myRepo\Chatter\Service\ChatterService.cs:634)
日 志 内 容:  当前在线人数:2
 

日 志 时 间:  2013-04-05 11:53:42,908 
日 志 级 别:  INFO
日 志 来 源: [14]::Chatter.Service.ChatterService.Logoff(e:\code\myRepo\Chatter\Service\ChatterService.cs:224)
日 志 内 容:  用户5539793 asdf退出
 

日 志 时 间:  2013-04-05 11:53:42,908 
日 志 级 别:  INFO
日 志 来 源: [14]::Chatter.Service.ChatterService.PrintOnLineNumber(e:\code\myRepo\Chatter\Service\ChatterService.cs:634)
日 志 内 容:  当前在线人数:1
 

日 志 时 间:  2013-04-05 11:53:47,590 
日 志 级 别:  WARN
日 志 来 源: [29]::Chatter.Service.ChatterService.HandleEvent(e:\code\myRepo\Chatter\Service\ChatterService.cs:605)
日 志 内 容:  回调失败5539793
 

日 志 时 间:  2013-04-05 11:53:48,908 
日 志 级 别:  INFO
日 志 来 源: [14]::Chatter.Service.ChatterService.Logoff(e:\code\myRepo\Chatter\Service\ChatterService.cs:224)
日 志 内 容:  用户6844312 fd退出
 

日 志 时 间:  2013-04-05 11:53:48,908 
日 志 级 别:  INFO
日 志 来 源: [14]::Chatter.Service.ChatterService.PrintOnLineNumber(e:\code\myRepo\Chatter\Service\ChatterService.cs:634)
日 志 内 容:  当前在线人数:0
 

日 志 时 间:  2013-04-05 11:53:54,295 
日 志 级 别:  INFO
日 志 来 源: [9]::Chatter.Service.ChatterService.Login(e:\code\myRepo\Chatter\Service\ChatterService.cs:127)
日 志 内 容:  用户1234001 请求登录
 

日 志 时 间:  2013-04-05 11:53:54,296 
日 志 级 别:  INFO
日 志 来 源: [9]::Chatter.Service.ChatterService.Login(e:\code\myRepo\Chatter\Service\ChatterService.cs:135)
日 志 内 容:  用户1234001 登录失败
 

日 志 时 间:  2013-04-05 11:54:37,785 
日 志 级 别:  INFO
日 志 来 源: [9]::Chatter.Service.ChatterService.Logoff(e:\code\myRepo\Chatter\Service\ChatterService.cs:224)
日 志 内 容:  用户6844312 fd退出
 

日 志 时 间:  2013-04-05 11:54:37,786 
日 志 级 别:  INFO
日 志 来 源: [9]::Chatter.Service.ChatterService.PrintOnLineNumber(e:\code\myRepo\Chatter\Service\ChatterService.cs:634)
日 志 内 容:  当前在线人数:0
 

日 志 时 间:  2013-04-05 11:54:38,671 
日 志 级 别:  INFO
日 志 来 源: [13]::Chatter.Service.ChatterService.Logoff(e:\code\myRepo\Chatter\Service\ChatterService.cs:224)
日 志 内 容:  用户5539793 asdf退出
 

日 志 时 间:  2013-04-05 11:54:38,673 
日 志 级 别:  INFO
日 志 来 源: [13]::Chatter.Service.ChatterService.PrintOnLineNumber(e:\code\myRepo\Chatter\Service\ChatterService.cs:634)
日 志 内 容:  当前在线人数:0
 

日 志 时 间:  2013-04-05 11:54:44,202 
日 志 级 别:  INFO
日 志 来 源: [9]::Chatter.Service.ChatterService.Logoff(e:\code\myRepo\Chatter\Service\ChatterService.cs:224)
日 志 内 容:  用户6844312 fd退出
 

日 志 时 间:  2013-04-05 11:54:44,203 
日 志 级 别:  INFO
日 志 来 源: [9]::Chatter.Service.ChatterService.PrintOnLineNumber(e:\code\myRepo\Chatter\Service\ChatterService.cs:634)
日 志 内 容:  当前在线人数:0
 

日 志 时 间:  2013-04-05 11:56:50,543 
日 志 级 别:  INFO
日 志 来 源: [23]::Chatter.Service.ChatterService.Login(e:\code\myRepo\Chatter\Service\ChatterService.cs:127)
日 志 内 容:  用户1234001 请求登录
 

日 志 时 间:  2013-04-05 11:56:50,549 
日 志 级 别:  INFO
日 志 来 源: [23]::Chatter.Service.ChatterService.Login(e:\code\myRepo\Chatter\Service\ChatterService.cs:194)
日 志 内 容:  用户1234001 登录成功
 

日 志 时 间:  2013-04-05 11:56:50,550 
日 志 级 别:  INFO
日 志 来 源: [23]::Chatter.Service.ChatterService.PrintOnLineNumber(e:\code\myRepo\Chatter\Service\ChatterService.cs:634)
日 志 内 容:  当前在线人数:1
 

日 志 时 间:  2013-04-05 11:56:57,746 
日 志 级 别:  INFO
日 志 来 源: [25]::Chatter.Service.ChatterService.Logoff(e:\code\myRepo\Chatter\Service\ChatterService.cs:224)
日 志 内 容:  用户1234001 Tom退出
 

日 志 时 间:  2013-04-05 11:56:57,747 
日 志 级 别:  INFO
日 志 来 源: [25]::Chatter.Service.ChatterService.PrintOnLineNumber(e:\code\myRepo\Chatter\Service\ChatterService.cs:634)
日 志 内 容:  当前在线人数:0
 

日 志 时 间:  2013-04-05 11:57:10,342 
日 志 级 别:  INFO
日 志 来 源: [1]::Chatter.Host.Program+<>c__DisplayClass4.<Main>b__1(f:\code\myRepo\Chatter\Host\Program.cs:52)
日 志 内 容:  RegisterService已经关闭
 

日 志 时 间:  2013-04-05 11:57:10,343 
日 志 级 别:  INFO
日 志 来 源: [1]::Chatter.Host.Program+<>c__DisplayClass4.<Main>b__1(f:\code\myRepo\Chatter\Host\Program.cs:52)
日 志 内 容:  ChatterService已经关闭
 

日 志 时 间:  2013-04-05 11:57:10,349 
日 志 级 别:  INFO
日 志 来 源: [1]::Chatter.Host.Program+<>c__DisplayClass4.<Main>b__1(f:\code\myRepo\Chatter\Host\Program.cs:52)
日 志 内 容:  CustomPeerResolverService已经关闭
 

