日 志 时 间:  2013-02-18 14:07:40,845 
日 志 级 别:  INFO
日 志 来 源:  Chatter.Host.Program+<>c__DisplayClass7.<Main>b__0(f:\code\myRepo\Chatter\Host\Program.cs:32)
日 志 内 容:  RegisterService已经启动
 

日 志 时 间:  2013-02-18 14:07:40,865 
日 志 级 别:  INFO
日 志 来 源:  Chatter.Host.Program+<>c__DisplayClass7.<Main>b__0(f:\code\myRepo\Chatter\Host\Program.cs:32)
日 志 内 容:  ChatterService已经启动
 

日 志 时 间:  2013-02-18 14:07:40,866 
日 志 级 别:  INFO
日 志 来 源:  Chatter.Host.Program+<>c__DisplayClass3.<Main>b__2(f:\code\myRepo\Chatter\Host\Program.cs:45)
日 志 内 容:  开始发送心跳包
 

日 志 时 间:  2013-02-18 14:07:52,638 
日 志 级 别:  INFO
日 志 来 源:  Chatter.Service.ChatterService.Login(f:\code\myRepo\Chatter\Service\ChatterService.cs:70)
日 志 内 容:  用户776041668 请求登录
 

日 志 时 间:  2013-02-18 14:07:52,961 
日 志 级 别:  INFO
日 志 来 源:  Chatter.Service.ChatterService.Login(f:\code\myRepo\Chatter\Service\ChatterService.cs:122)
日 志 内 容:  用户776041668 登录成功
 

日 志 时 间:  2013-02-18 14:07:52,963 
日 志 级 别:  INFO
日 志 来 源:  Chatter.Service.ChatterService.PrintOnLineNumber(f:\code\myRepo\Chatter\Service\ChatterService.cs:349)
日 志 内 容:  当前在线人数:1
 

日 志 时 间:  2013-02-18 14:08:16,502 
日 志 级 别:  INFO
日 志 来 源:  Chatter.Service.ChatterService.Logoff(f:\code\myRepo\Chatter\Service\ChatterService.cs:140)
日 志 内 容:  用户776041668 eva退出
 

日 志 时 间:  2013-02-18 14:08:16,508 
日 志 级 别:  INFO
日 志 来 源:  Chatter.Service.ChatterService.PrintOnLineNumber(f:\code\myRepo\Chatter\Service\ChatterService.cs:349)
日 志 内 容:  当前在线人数:0
 

日 志 时 间:  2013-02-18 14:20:55,482 
日 志 级 别:  INFO
日 志 来 源:  Chatter.Service.ChatterService.Login(f:\code\myRepo\Chatter\Service\ChatterService.cs:70)
日 志 内 容:  用户776041668 请求登录
 

日 志 时 间:  2013-02-18 14:20:59,062 
日 志 级 别:  INFO
日 志 来 源:  Chatter.Service.ChatterService.Login(f:\code\myRepo\Chatter\Service\ChatterService.cs:122)
日 志 内 容:  用户776041668 登录成功
 

日 志 时 间:  2013-02-18 14:20:59,062 
日 志 级 别:  INFO
日 志 来 源:  Chatter.Service.ChatterService.PrintOnLineNumber(f:\code\myRepo\Chatter\Service\ChatterService.cs:349)
日 志 内 容:  当前在线人数:1
 

日 志 时 间:  2013-02-18 14:21:15,253 
日 志 级 别:  WARN
日 志 来 源:  Chatter.Service.ChatterService.SendHearBeat(f:\code\myRepo\Chatter\Service\ChatterService.cs:561)
日 志 内 容:  发送心跳包失败776041668_eva
 

日 志 时 间:  2013-02-18 14:21:15,253 
日 志 级 别:  INFO
日 志 来 源:  Chatter.Service.ChatterService.Logoff(f:\code\myRepo\Chatter\Service\ChatterService.cs:140)
日 志 内 容:  用户776041668 eva退出
 

日 志 时 间:  2013-02-18 14:21:15,253 
日 志 级 别:  INFO
日 志 来 源:  Chatter.Service.ChatterService.PrintOnLineNumber(f:\code\myRepo\Chatter\Service\ChatterService.cs:349)
日 志 内 容:  当前在线人数:0
 

日 志 时 间:  2013-02-18 14:24:59,042 
日 志 级 别:  INFO
日 志 来 源:  Chatter.Service.ChatterService.Logoff(f:\code\myRepo\Chatter\Service\ChatterService.cs:140)
日 志 内 容:  用户776041668 eva退出
 

日 志 时 间:  2013-02-18 14:24:59,043 
日 志 级 别:  INFO
日 志 来 源:  Chatter.Service.ChatterService.PrintOnLineNumber(f:\code\myRepo\Chatter\Service\ChatterService.cs:349)
日 志 内 容:  当前在线人数:0
 

日 志 时 间:  2013-02-18 14:26:11,844 
日 志 级 别:  INFO
日 志 来 源:  Chatter.Service.ChatterService.Login(f:\code\myRepo\Chatter\Service\ChatterService.cs:70)
日 志 内 容:  用户776041668 请求登录
 

日 志 时 间:  2013-02-18 14:26:11,851 
日 志 级 别:  INFO
日 志 来 源:  Chatter.Service.ChatterService.Login(f:\code\myRepo\Chatter\Service\ChatterService.cs:122)
日 志 内 容:  用户776041668 登录成功
 

日 志 时 间:  2013-02-18 14:26:11,852 
日 志 级 别:  INFO
日 志 来 源:  Chatter.Service.ChatterService.PrintOnLineNumber(f:\code\myRepo\Chatter\Service\ChatterService.cs:349)
日 志 内 容:  当前在线人数:1
 

日 志 时 间:  2013-02-18 14:27:00,932 
日 志 级 别:  INFO
日 志 来 源:  Chatter.Service.ChatterService.Logoff(f:\code\myRepo\Chatter\Service\ChatterService.cs:140)
日 志 内 容:  用户776041668 eva退出
 

日 志 时 间:  2013-02-18 14:27:00,934 
日 志 级 别:  INFO
日 志 来 源:  Chatter.Service.ChatterService.PrintOnLineNumber(f:\code\myRepo\Chatter\Service\ChatterService.cs:349)
日 志 内 容:  当前在线人数:0
 

日 志 时 间:  2013-02-18 14:28:40,657 
日 志 级 别:  INFO
日 志 来 源:  Chatter.Service.ChatterService.Login(f:\code\myRepo\Chatter\Service\ChatterService.cs:70)
日 志 内 容:  用户776041668 请求登录
 

日 志 时 间:  2013-02-18 14:28:42,058 
日 志 级 别:  INFO
日 志 来 源:  Chatter.Service.ChatterService.Login(f:\code\myRepo\Chatter\Service\ChatterService.cs:122)
日 志 内 容:  用户776041668 登录成功
 

日 志 时 间:  2013-02-18 14:28:42,060 
日 志 级 别:  INFO
日 志 来 源:  Chatter.Service.ChatterService.PrintOnLineNumber(f:\code\myRepo\Chatter\Service\ChatterService.cs:349)
日 志 内 容:  当前在线人数:1
 

日 志 时 间:  2013-02-18 14:28:47,681 
日 志 级 别:  INFO
日 志 来 源:  Chatter.Service.ChatterService.Logoff(f:\code\myRepo\Chatter\Service\ChatterService.cs:140)
日 志 内 容:  用户776041668 eva退出
 

日 志 时 间:  2013-02-18 14:28:47,682 
日 志 级 别:  INFO
日 志 来 源:  Chatter.Service.ChatterService.PrintOnLineNumber(f:\code\myRepo\Chatter\Service\ChatterService.cs:349)
日 志 内 容:  当前在线人数:0
 

日 志 时 间:  2013-02-18 14:29:16,531 
日 志 级 别:  INFO
日 志 来 源:  Chatter.Service.ChatterService.Login(f:\code\myRepo\Chatter\Service\ChatterService.cs:70)
日 志 内 容:  用户776041668 请求登录
 

日 志 时 间:  2013-02-18 14:29:16,535 
日 志 级 别:  INFO
日 志 来 源:  Chatter.Service.ChatterService.Login(f:\code\myRepo\Chatter\Service\ChatterService.cs:122)
日 志 内 容:  用户776041668 登录成功
 

日 志 时 间:  2013-02-18 14:29:16,537 
日 志 级 别:  INFO
日 志 来 源:  Chatter.Service.ChatterService.PrintOnLineNumber(f:\code\myRepo\Chatter\Service\ChatterService.cs:349)
日 志 内 容:  当前在线人数:1
 

日 志 时 间:  2013-02-18 14:30:08,373 
日 志 级 别:  INFO
日 志 来 源:  Chatter.Service.ChatterService.Logoff(f:\code\myRepo\Chatter\Service\ChatterService.cs:140)
日 志 内 容:  用户776041668 eva退出
 

日 志 时 间:  2013-02-18 14:30:08,378 
日 志 级 别:  INFO
日 志 来 源:  Chatter.Service.ChatterService.PrintOnLineNumber(f:\code\myRepo\Chatter\Service\ChatterService.cs:349)
日 志 内 容:  当前在线人数:0
 

日 志 时 间:  2013-02-18 14:30:11,443 
日 志 级 别:  INFO
日 志 来 源:  Chatter.Service.ChatterService.Login(f:\code\myRepo\Chatter\Service\ChatterService.cs:70)
日 志 内 容:  用户776041668 请求登录
 

日 志 时 间:  2013-02-18 14:30:11,462 
日 志 级 别:  INFO
日 志 来 源:  Chatter.Service.ChatterService.Login(f:\code\myRepo\Chatter\Service\ChatterService.cs:122)
日 志 内 容:  用户776041668 登录成功
 

日 志 时 间:  2013-02-18 14:30:11,463 
日 志 级 别:  INFO
日 志 来 源:  Chatter.Service.ChatterService.PrintOnLineNumber(f:\code\myRepo\Chatter\Service\ChatterService.cs:349)
日 志 内 容:  当前在线人数:1
 

日 志 时 间:  2013-02-18 14:30:41,112 
日 志 级 别:  INFO
日 志 来 源:  Chatter.Service.ChatterService.Logoff(f:\code\myRepo\Chatter\Service\ChatterService.cs:140)
日 志 内 容:  用户776041668 eva退出
 

日 志 时 间:  2013-02-18 14:30:41,118 
日 志 级 别:  INFO
日 志 来 源:  Chatter.Service.ChatterService.PrintOnLineNumber(f:\code\myRepo\Chatter\Service\ChatterService.cs:349)
日 志 内 容:  当前在线人数:0
 

日 志 时 间:  2013-02-18 14:31:04,702 
日 志 级 别:  INFO
日 志 来 源:  Chatter.Service.ChatterService.Login(f:\code\myRepo\Chatter\Service\ChatterService.cs:70)
日 志 内 容:  用户776041668 请求登录
 

日 志 时 间:  2013-02-18 14:31:04,708 
日 志 级 别:  INFO
日 志 来 源:  Chatter.Service.ChatterService.Login(f:\code\myRepo\Chatter\Service\ChatterService.cs:122)
日 志 内 容:  用户776041668 登录成功
 

日 志 时 间:  2013-02-18 14:31:04,709 
日 志 级 别:  INFO
日 志 来 源:  Chatter.Service.ChatterService.PrintOnLineNumber(f:\code\myRepo\Chatter\Service\ChatterService.cs:349)
日 志 内 容:  当前在线人数:1
 

日 志 时 间:  2013-02-18 14:31:08,945 
日 志 级 别:  INFO
日 志 来 源:  Chatter.Service.ChatterService.Logoff(f:\code\myRepo\Chatter\Service\ChatterService.cs:140)
日 志 内 容:  用户776041668 eva退出
 

日 志 时 间:  2013-02-18 14:31:08,956 
日 志 级 别:  INFO
日 志 来 源:  Chatter.Service.ChatterService.PrintOnLineNumber(f:\code\myRepo\Chatter\Service\ChatterService.cs:349)
日 志 内 容:  当前在线人数:0
 

日 志 时 间:  2013-02-18 14:31:20,627 
日 志 级 别:  INFO
日 志 来 源:  Chatter.Service.ChatterService.Login(f:\code\myRepo\Chatter\Service\ChatterService.cs:70)
日 志 内 容:  用户776041668 请求登录
 

日 志 时 间:  2013-02-18 14:31:20,642 
日 志 级 别:  INFO
日 志 来 源:  Chatter.Service.ChatterService.Login(f:\code\myRepo\Chatter\Service\ChatterService.cs:122)
日 志 内 容:  用户776041668 登录成功
 

日 志 时 间:  2013-02-18 14:31:20,642 
日 志 级 别:  INFO
日 志 来 源:  Chatter.Service.ChatterService.PrintOnLineNumber(f:\code\myRepo\Chatter\Service\ChatterService.cs:349)
日 志 内 容:  当前在线人数:1
 

日 志 时 间:  2013-02-18 14:31:27,839 
日 志 级 别:  INFO
日 志 来 源:  Chatter.Service.ChatterService.Logoff(f:\code\myRepo\Chatter\Service\ChatterService.cs:140)
日 志 内 容:  用户776041668 eva退出
 

日 志 时 间:  2013-02-18 14:31:27,840 
日 志 级 别:  INFO
日 志 来 源:  Chatter.Service.ChatterService.PrintOnLineNumber(f:\code\myRepo\Chatter\Service\ChatterService.cs:349)
日 志 内 容:  当前在线人数:0
 

日 志 时 间:  2013-02-18 14:32:11,576 
日 志 级 别:  INFO
日 志 来 源:  Chatter.Service.ChatterService.Login(f:\code\myRepo\Chatter\Service\ChatterService.cs:70)
日 志 内 容:  用户776041668 请求登录
 

日 志 时 间:  2013-02-18 14:32:11,585 
日 志 级 别:  INFO
日 志 来 源:  Chatter.Service.ChatterService.Login(f:\code\myRepo\Chatter\Service\ChatterService.cs:122)
日 志 内 容:  用户776041668 登录成功
 

日 志 时 间:  2013-02-18 14:32:11,592 
日 志 级 别:  INFO
日 志 来 源:  Chatter.Service.ChatterService.PrintOnLineNumber(f:\code\myRepo\Chatter\Service\ChatterService.cs:349)
日 志 内 容:  当前在线人数:1
 

日 志 时 间:  2013-02-18 14:33:20,360 
日 志 级 别:  INFO
日 志 来 源:  Chatter.Service.ChatterService.Logoff(f:\code\myRepo\Chatter\Service\ChatterService.cs:140)
日 志 内 容:  用户776041668 eva退出
 

日 志 时 间:  2013-02-18 14:33:20,363 
日 志 级 别:  INFO
日 志 来 源:  Chatter.Service.ChatterService.PrintOnLineNumber(f:\code\myRepo\Chatter\Service\ChatterService.cs:349)
日 志 内 容:  当前在线人数:0
 

日 志 时 间:  2013-02-18 14:34:04,956 
日 志 级 别:  INFO
日 志 来 源:  Chatter.Service.ChatterService.Login(f:\code\myRepo\Chatter\Service\ChatterService.cs:70)
日 志 内 容:  用户776041668 请求登录
 

日 志 时 间:  2013-02-18 14:34:04,962 
日 志 级 别:  INFO
日 志 来 源:  Chatter.Service.ChatterService.Login(f:\code\myRepo\Chatter\Service\ChatterService.cs:122)
日 志 内 容:  用户776041668 登录成功
 

日 志 时 间:  2013-02-18 14:34:04,963 
日 志 级 别:  INFO
日 志 来 源:  Chatter.Service.ChatterService.PrintOnLineNumber(f:\code\myRepo\Chatter\Service\ChatterService.cs:349)
日 志 内 容:  当前在线人数:1
 

日 志 时 间:  2013-02-18 14:34:07,669 
日 志 级 别:  INFO
日 志 来 源:  Chatter.Service.ChatterService.Logoff(f:\code\myRepo\Chatter\Service\ChatterService.cs:140)
日 志 内 容:  用户776041668 eva退出
 

日 志 时 间:  2013-02-18 14:34:07,673 
日 志 级 别:  INFO
日 志 来 源:  Chatter.Service.ChatterService.PrintOnLineNumber(f:\code\myRepo\Chatter\Service\ChatterService.cs:349)
日 志 内 容:  当前在线人数:0
 

日 志 时 间:  2013-02-18 14:34:20,777 
日 志 级 别:  INFO
日 志 来 源:  Chatter.Service.ChatterService.Login(f:\code\myRepo\Chatter\Service\ChatterService.cs:70)
日 志 内 容:  用户776041668 请求登录
 

日 志 时 间:  2013-02-18 14:34:20,785 
日 志 级 别:  INFO
日 志 来 源:  Chatter.Service.ChatterService.Login(f:\code\myRepo\Chatter\Service\ChatterService.cs:122)
日 志 内 容:  用户776041668 登录成功
 

日 志 时 间:  2013-02-18 14:34:20,786 
日 志 级 别:  INFO
日 志 来 源:  Chatter.Service.ChatterService.PrintOnLineNumber(f:\code\myRepo\Chatter\Service\ChatterService.cs:349)
日 志 内 容:  当前在线人数:1
 

日 志 时 间:  2013-02-18 14:34:24,898 
日 志 级 别:  INFO
日 志 来 源:  Chatter.Service.ChatterService.Logoff(f:\code\myRepo\Chatter\Service\ChatterService.cs:140)
日 志 内 容:  用户776041668 eva退出
 

日 志 时 间:  2013-02-18 14:34:24,914 
日 志 级 别:  INFO
日 志 来 源:  Chatter.Service.ChatterService.PrintOnLineNumber(f:\code\myRepo\Chatter\Service\ChatterService.cs:349)
日 志 内 容:  当前在线人数:0
 

日 志 时 间:  2013-02-18 14:42:28,713 
日 志 级 别:  INFO
日 志 来 源:  Chatter.Host.Program+<>c__DisplayClass7.<Main>b__1(f:\code\myRepo\Chatter\Host\Program.cs:37)
日 志 内 容:  RegisterService已经关闭
 

日 志 时 间:  2013-02-18 14:42:28,722 
日 志 级 别:  INFO
日 志 来 源:  Chatter.Host.Program+<>c__DisplayClass7.<Main>b__1(f:\code\myRepo\Chatter\Host\Program.cs:37)
日 志 内 容:  ChatterService已经关闭
 

日 志 时 间:  2013-02-18 14:42:29,171 
日 志 级 别:  INFO
日 志 来 源:  Chatter.Host.Program+<>c__DisplayClass3.<Main>b__2(f:\code\myRepo\Chatter\Host\Program.cs:58)
日 志 内 容:  停止发送心跳包
 

