
日志时间：2013-01-27 18:14:54,806 [2580] 
日志级别：INFO  
日 志 类： [(null)] 
用户776041669 登录 

日志时间：2013-01-27 18:14:55,914 [2580] 
日志级别：INFO  
日 志 类： [(null)] 
当前在线人数:1 

日志时间：2013-01-27 18:15:36,764 [2580] 
日志级别：INFO  
日 志 类： [(null)] 
用户8526250 登录 

日志时间：2013-01-27 18:15:36,764 [2580] 
日志级别：INFO  
日 志 类： [(null)] 
当前在线人数:2 

日志时间：2013-01-27 18:16:11,834 [3636] 
日志级别：INFO  
日 志 类： [(null)] 
用户776041668 登录 

日志时间：2013-01-27 18:16:11,850 [3636] 
日志级别：INFO  
日 志 类： [(null)] 
当前在线人数:3 

日志时间：2013-01-27 18:25:43,222 [3816] 
日志级别：INFO  
日 志 类： [(null)] 
用户8526250 登录 

日志时间：2013-01-27 18:25:44,392 [3816] 
日志级别：INFO  
日 志 类： [(null)] 
当前在线人数:1 

日志时间：2013-01-27 18:26:13,217 [832] 
日志级别：INFO  
日 志 类： [(null)] 
用户1234001 登录 

日志时间：2013-01-27 18:26:13,217 [832] 
日志级别：INFO  
日 志 类： [(null)] 
当前在线人数:2 

日志时间：2013-01-27 18:26:33,508 [6876] 
日志级别：INFO  
日 志 类： [(null)] 
用户8526250 newOne退出 

日志时间：2013-01-27 18:26:33,508 [6876] 
日志级别：INFO  
日 志 类： [(null)] 
当前在线人数:1 

日志时间：2013-01-27 18:26:36,124 [6876] 
日志级别：INFO  
日 志 类： [(null)] 
用户1234001 Kevin退出 

日志时间：2013-01-27 18:26:36,124 [6876] 
日志级别：INFO  
日 志 类： [(null)] 
当前在线人数:0 
