日 志 时 间:  2013-01-28 14:33:25,094 
日 志 级 别:  INFO
日 志 来 源:  Chatter.Service.ChatterService.Login(f:\code\myRepo\Chatter\Service\ChatterService.cs:70)
日 志 内 容:  用户776041669 登录
 

日 志 时 间:  2013-01-28 14:33:26,277 
日 志 级 别:  ERROR
日 志 来 源:  Chatter.DAL.DALService.IsMember(f:\code\myRepo\Chatter\DAL\DALService.cs:288)
日 志 内 容:  查询是否为合法用户时出现错误
 MySql.Data.MySqlClient.MySqlException (0x80004005): Unable to connect to any of the specified MySQL hosts.
   at MySql.Data.MySqlClient.NativeDriver.Open()
   at MySql.Data.MySqlClient.Driver.Open()
   at MySql.Data.MySqlClient.Driver.Create(MySqlConnectionStringBuilder settings)
   at MySql.Data.MySqlClient.MySqlPool.GetPooledConnection()
   at MySql.Data.MySqlClient.MySqlPool.TryToGetDriver()
   at MySql.Data.MySqlClient.MySqlPool.GetConnection()
   at MySql.Data.MySqlClient.MySqlConnection.Open()
   at Chatter.DAL.DALService.get_Conn() in f:\code\myRepo\Chatter\DAL\DALService.cs:line 32
   at Chatter.DAL.DALService.IsMember(String id, String pwd) in f:\code\myRepo\Chatter\DAL\DALService.cs:line 280


日 志 时 间:  2013-01-28 14:34:15,421 
日 志 级 别:  INFO
日 志 来 源:  Chatter.Service.ChatterService.Login(f:\code\myRepo\Chatter\Service\ChatterService.cs:70)
日 志 内 容:  用户776041669 登录
 

日 志 时 间:  2013-01-28 14:34:18,246 
日 志 级 别:  INFO
日 志 来 源:  Chatter.Service.ChatterService.PrintOnLineNumber(f:\code\myRepo\Chatter\Service\ChatterService.cs:314)
日 志 内 容:  当前在线人数:1
 

日 志 时 间:  2013-01-28 14:36:42,173 
日 志 级 别:  INFO
日 志 来 源:  Chatter.Service.ChatterService.Login(f:\code\myRepo\Chatter\Service\ChatterService.cs:70)
日 志 内 容:  用户776041669 登录
 

日 志 时 间:  2013-01-28 14:36:42,346 
日 志 级 别:  INFO
日 志 来 源:  Chatter.Service.ChatterService.PrintOnLineNumber(f:\code\myRepo\Chatter\Service\ChatterService.cs:314)
日 志 内 容:  当前在线人数:1
 

日 志 时 间:  2013-01-28 14:37:58,807 
日 志 级 别:  INFO
日 志 来 源:  Chatter.Service.ChatterService.Login(f:\code\myRepo\Chatter\Service\ChatterService.cs:70)
日 志 内 容:  用户776041668 登录
 

日 志 时 间:  2013-01-28 14:37:58,981 
日 志 级 别:  INFO
日 志 来 源:  Chatter.Service.ChatterService.PrintOnLineNumber(f:\code\myRepo\Chatter\Service\ChatterService.cs:314)
日 志 内 容:  当前在线人数:1
 

日 志 时 间:  2013-01-28 14:38:20,433 
日 志 级 别:  INFO
日 志 来 源:  Chatter.Service.ChatterService.Login(f:\code\myRepo\Chatter\Service\ChatterService.cs:70)
日 志 内 容:  用户776041669 登录
 

日 志 时 间:  2013-01-28 14:38:20,436 
日 志 级 别:  INFO
日 志 来 源:  Chatter.Service.ChatterService.PrintOnLineNumber(f:\code\myRepo\Chatter\Service\ChatterService.cs:314)
日 志 内 容:  当前在线人数:2
 

日 志 时 间:  2013-01-28 14:38:40,379 
日 志 级 别:  INFO
日 志 来 源:  Chatter.Service.ChatterService.Login(f:\code\myRepo\Chatter\Service\ChatterService.cs:70)
日 志 内 容:  用户1234001 登录
 

日 志 时 间:  2013-01-28 14:39:13,371 
日 志 级 别:  INFO
日 志 来 源:  Chatter.Service.ChatterService.Login(f:\code\myRepo\Chatter\Service\ChatterService.cs:70)
日 志 内 容:  用户4177319 登录
 

日 志 时 间:  2013-01-28 14:39:13,378 
日 志 级 别:  INFO
日 志 来 源:  Chatter.Service.ChatterService.PrintOnLineNumber(f:\code\myRepo\Chatter\Service\ChatterService.cs:314)
日 志 内 容:  当前在线人数:3
 

日 志 时 间:  2013-01-28 14:39:41,849 
日 志 级 别:  INFO
日 志 来 源:  Chatter.Service.ChatterService.Logoff(f:\code\myRepo\Chatter\Service\ChatterService.cs:137)
日 志 内 容:  用户4177319 Tom退出
 

日 志 时 间:  2013-01-28 14:39:41,850 
日 志 级 别:  INFO
日 志 来 源:  Chatter.Service.ChatterService.PrintOnLineNumber(f:\code\myRepo\Chatter\Service\ChatterService.cs:314)
日 志 内 容:  当前在线人数:2
 

日 志 时 间:  2013-01-28 14:39:45,285 
日 志 级 别:  INFO
日 志 来 源:  Chatter.Service.ChatterService.Logoff(f:\code\myRepo\Chatter\Service\ChatterService.cs:137)
日 志 内 容:  用户776041668 eva退出
 

日 志 时 间:  2013-01-28 14:39:45,286 
日 志 级 别:  INFO
日 志 来 源:  Chatter.Service.ChatterService.PrintOnLineNumber(f:\code\myRepo\Chatter\Service\ChatterService.cs:314)
日 志 内 容:  当前在线人数:1
 

日 志 时 间:  2013-01-28 14:39:47,063 
日 志 级 别:  INFO
日 志 来 源:  Chatter.Service.ChatterService.Logoff(f:\code\myRepo\Chatter\Service\ChatterService.cs:137)
日 志 内 容:  用户776041669 walle退出
 

日 志 时 间:  2013-01-28 14:39:47,064 
日 志 级 别:  INFO
日 志 来 源:  Chatter.Service.ChatterService.PrintOnLineNumber(f:\code\myRepo\Chatter\Service\ChatterService.cs:314)
日 志 内 容:  当前在线人数:0
 

