日 志 时 间:  2013-04-22 21:09:42,882 
日 志 级 别:  INFO
日 志 来 源: [1]::Chatter.Host.Program+<>c__DisplayClass4.<Main>b__0(e:\code\myRepo\Chatter\Host\Program.cs:47)
日 志 内 容:  RegisterService已经启动
 

日 志 时 间:  2013-04-22 21:09:43,857 
日 志 级 别:  INFO
日 志 来 源: [1]::Chatter.Host.Program+<>c__DisplayClass4.<Main>b__0(e:\code\myRepo\Chatter\Host\Program.cs:47)
日 志 内 容:  ChatterService已经启动
 

日 志 时 间:  2013-04-22 21:09:43,887 
日 志 级 别:  INFO
日 志 来 源: [1]::Chatter.Host.Program+<>c__DisplayClass4.<Main>b__0(e:\code\myRepo\Chatter\Host\Program.cs:47)
日 志 内 容:  CustomPeerResolverService已经启动
 

日 志 时 间:  2013-04-22 21:10:48,370 
日 志 级 别:  INFO
日 志 来 源: [8]::Chatter.Service.ChatterService.<.cctor>b__1(e:\code\myRepo\Chatter\Service\ChatterService.cs:74)
日 志 内 容:  开始接收心跳包
 

日 志 时 间:  2013-04-22 21:10:49,636 
日 志 级 别:  INFO
日 志 来 源: [5]::Chatter.Service.ChatterService.Login(e:\code\myRepo\Chatter\Service\ChatterService.cs:127)
日 志 内 容:  用户776041669 请求登录
 

日 志 时 间:  2013-04-22 21:10:52,004 
日 志 级 别:  INFO
日 志 来 源: [5]::Chatter.Service.ChatterService.Login(e:\code\myRepo\Chatter\Service\ChatterService.cs:197)
日 志 内 容:  用户776041669 登录成功
 

日 志 时 间:  2013-04-22 21:10:52,007 
日 志 级 别:  INFO
日 志 来 源: [5]::Chatter.Service.ChatterService.PrintOnLineNumber(e:\code\myRepo\Chatter\Service\ChatterService.cs:637)
日 志 内 容:  当前在线人数:1
 

日 志 时 间:  2013-04-22 21:12:06,187 
日 志 级 别:  INFO
日 志 来 源: [6]::Chatter.Service.ChatterService.Login(e:\code\myRepo\Chatter\Service\ChatterService.cs:127)
日 志 内 容:  用户776041668 请求登录
 

日 志 时 间:  2013-04-22 21:12:06,282 
日 志 级 别:  INFO
日 志 来 源: [6]::Chatter.Service.ChatterService.Login(e:\code\myRepo\Chatter\Service\ChatterService.cs:197)
日 志 内 容:  用户776041668 登录成功
 

日 志 时 间:  2013-04-22 21:12:06,282 
日 志 级 别:  INFO
日 志 来 源: [6]::Chatter.Service.ChatterService.PrintOnLineNumber(e:\code\myRepo\Chatter\Service\ChatterService.cs:637)
日 志 内 容:  当前在线人数:2
 

日 志 时 间:  2013-04-22 21:12:52,373 
日 志 级 别:  INFO
日 志 来 源: [5]::Chatter.Service.ChatterService.Login(e:\code\myRepo\Chatter\Service\ChatterService.cs:127)
日 志 内 容:  用户1234001 请求登录
 

日 志 时 间:  2013-04-22 21:12:52,395 
日 志 级 别:  INFO
日 志 来 源: [5]::Chatter.Service.ChatterService.Login(e:\code\myRepo\Chatter\Service\ChatterService.cs:197)
日 志 内 容:  用户1234001 登录成功
 

日 志 时 间:  2013-04-22 21:12:52,395 
日 志 级 别:  INFO
日 志 来 源: [5]::Chatter.Service.ChatterService.PrintOnLineNumber(e:\code\myRepo\Chatter\Service\ChatterService.cs:637)
日 志 内 容:  当前在线人数:3
 

日 志 时 间:  2013-04-22 21:15:04,787 
日 志 级 别:  INFO
日 志 来 源: [11]::Chatter.Service.TCPHolePunching+<>c__DisplayClass6.<.ctor>b__3(e:\code\myRepo\Chatter\Service\TCPHolePunching.cs:90)
日 志 内 容:  from:222.26.105.148:16051
 

日 志 时 间:  2013-04-22 21:15:04,808 
日 志 级 别:  INFO
日 志 来 源: [11]::Chatter.Service.TCPHolePunching+<>c__DisplayClass6.<.ctor>b__3(e:\code\myRepo\Chatter\Service\TCPHolePunching.cs:91)
日 志 内 容:  to:222.26.105.148:16042
 

日 志 时 间:  2013-04-22 21:18:00,061 
日 志 级 别:  INFO
日 志 来 源: [8]::Chatter.Service.ChatterService.Logoff(e:\code\myRepo\Chatter\Service\ChatterService.cs:227)
日 志 内 容:  用户776041668 Eva退出
 

日 志 时 间:  2013-04-22 21:18:00,078 
日 志 级 别:  INFO
日 志 来 源: [8]::Chatter.Service.ChatterService.PrintOnLineNumber(e:\code\myRepo\Chatter\Service\ChatterService.cs:637)
日 志 内 容:  当前在线人数:2
 

日 志 时 间:  2013-04-22 21:18:00,875 
日 志 级 别:  INFO
日 志 来 源: [5]::Chatter.Service.ChatterService.Login(e:\code\myRepo\Chatter\Service\ChatterService.cs:127)
日 志 内 容:  用户776041668 Eva请求登录
 

日 志 时 间:  2013-04-22 21:18:00,892 
日 志 级 别:  INFO
日 志 来 源: [5]::Chatter.Service.ChatterService.Login(e:\code\myRepo\Chatter\Service\ChatterService.cs:197)
日 志 内 容:  用户776041668 Eva登录成功
 

日 志 时 间:  2013-04-22 21:18:00,932 
日 志 级 别:  INFO
日 志 来 源: [5]::Chatter.Service.ChatterService.PrintOnLineNumber(e:\code\myRepo\Chatter\Service\ChatterService.cs:637)
日 志 内 容:  当前在线人数:3
 

日 志 时 间:  2013-04-22 21:18:00,934 
日 志 级 别:  DEBUG
日 志 来 源: [5]::Chatter.Service.ChatterService.SendHeartBeat(e:\code\myRepo\Chatter\Service\ChatterService.cs:879)
日 志 内 容:  776041668 Eva重新上线
 

日 志 时 间:  2013-04-22 21:18:06,131 
日 志 级 别:  INFO
日 志 来 源: [8]::Chatter.Service.ChatterService.Logoff(e:\code\myRepo\Chatter\Service\ChatterService.cs:227)
日 志 内 容:  用户776041668 Eva退出
 

日 志 时 间:  2013-04-22 21:18:06,135 
日 志 级 别:  INFO
日 志 来 源: [8]::Chatter.Service.ChatterService.PrintOnLineNumber(e:\code\myRepo\Chatter\Service\ChatterService.cs:637)
日 志 内 容:  当前在线人数:2
 

日 志 时 间:  2013-04-22 21:18:44,316 
日 志 级 别:  INFO
日 志 来 源: [11]::Chatter.Service.TCPHolePunching+<>c__DisplayClass6.<.ctor>b__3(e:\code\myRepo\Chatter\Service\TCPHolePunching.cs:90)
日 志 内 容:  from:222.26.105.148:16418
 

日 志 时 间:  2013-04-22 21:18:44,316 
日 志 级 别:  INFO
日 志 来 源: [11]::Chatter.Service.TCPHolePunching+<>c__DisplayClass6.<.ctor>b__3(e:\code\myRepo\Chatter\Service\TCPHolePunching.cs:91)
日 志 内 容:  to:222.26.186.164:8803
 

日 志 时 间:  2013-04-22 21:19:01,651 
日 志 级 别:  INFO
日 志 来 源: [3]::Chatter.Service.ChatterService.Logoff(e:\code\myRepo\Chatter\Service\ChatterService.cs:227)
日 志 内 容:  用户776041668 Eva退出
 

日 志 时 间:  2013-04-22 21:19:01,677 
日 志 级 别:  INFO
日 志 来 源: [3]::Chatter.Service.ChatterService.PrintOnLineNumber(e:\code\myRepo\Chatter\Service\ChatterService.cs:637)
日 志 内 容:  当前在线人数:2
 

日 志 时 间:  2013-04-22 21:19:04,233 
日 志 级 别:  INFO
日 志 来 源: [8]::Chatter.Service.ChatterService.Logoff(e:\code\myRepo\Chatter\Service\ChatterService.cs:227)
日 志 内 容:  用户1234001 Kevin退出
 

日 志 时 间:  2013-04-22 21:19:04,234 
日 志 级 别:  INFO
日 志 来 源: [8]::Chatter.Service.ChatterService.PrintOnLineNumber(e:\code\myRepo\Chatter\Service\ChatterService.cs:637)
日 志 内 容:  当前在线人数:1
 

日 志 时 间:  2013-04-22 21:19:06,746 
日 志 级 别:  WARN
日 志 来 源: [10]::Chatter.Service.ChatterService.HandleEvent(e:\code\myRepo\Chatter\Service\ChatterService.cs:617)
日 志 内 容:  回调失败1234001
 

日 志 时 间:  2013-04-22 21:19:06,749 
日 志 级 别:  WARN
日 志 来 源: [4]::Chatter.Service.ChatterService.HandleEvent(e:\code\myRepo\Chatter\Service\ChatterService.cs:617)
日 志 内 容:  回调失败1234001
 

日 志 时 间:  2013-04-22 21:19:18,251 
日 志 级 别:  INFO
日 志 来 源: [8]::Chatter.Service.ChatterService.Logoff(e:\code\myRepo\Chatter\Service\ChatterService.cs:227)
日 志 内 容:  用户776041669 walle退出
 

日 志 时 间:  2013-04-22 21:19:18,251 
日 志 级 别:  INFO
日 志 来 源: [8]::Chatter.Service.ChatterService.PrintOnLineNumber(e:\code\myRepo\Chatter\Service\ChatterService.cs:637)
日 志 内 容:  当前在线人数:0
 

日 志 时 间:  2013-04-22 21:19:59,413 
日 志 级 别:  INFO
日 志 来 源: [12]::Chatter.Service.ChatterService.Logoff(e:\code\myRepo\Chatter\Service\ChatterService.cs:227)
日 志 内 容:  用户1234001 Kevin退出
 

日 志 时 间:  2013-04-22 21:19:59,415 
日 志 级 别:  INFO
日 志 来 源: [12]::Chatter.Service.ChatterService.PrintOnLineNumber(e:\code\myRepo\Chatter\Service\ChatterService.cs:637)
日 志 内 容:  当前在线人数:0
 

日 志 时 间:  2013-04-22 21:20:14,115 
日 志 级 别:  INFO
日 志 来 源: [5]::Chatter.Service.ChatterService.Logoff(e:\code\myRepo\Chatter\Service\ChatterService.cs:227)
日 志 内 容:  用户776041669 walle退出
 

日 志 时 间:  2013-04-22 21:20:14,116 
日 志 级 别:  INFO
日 志 来 源: [5]::Chatter.Service.ChatterService.PrintOnLineNumber(e:\code\myRepo\Chatter\Service\ChatterService.cs:637)
日 志 内 容:  当前在线人数:0
 

