日 志 时 间:  2013-05-01 09:16:24,683 
日 志 级 别:  INFO
日 志 来 源: [17]::Chatter.Service.ChatterService.Login(e:\code\myRepo\Chatter\Service\ChatterService.cs:127)
日 志 内 容:  用户776041668 请求登录
 

日 志 时 间:  2013-05-01 09:16:24,778 
日 志 级 别:  ERROR
日 志 来 源: [17]::Chatter.DAL.DALService.IsMember(e:\code\myRepo\Chatter\DAL\DALService.cs:320)
日 志 内 容:  查询是否为合法用户时出现错误
 MySql.Data.MySqlClient.MySqlException: Fatal error encountered during command execution. ---> System.IO.IOException: 无法将数据写入传输连接: 你的主机中的软件中止了一个已建立的连接。。 ---> System.Net.Sockets.SocketException: 你的主机中的软件中止了一个已建立的连接。
   在 System.Net.Sockets.Socket.Send(Byte[] buffer, Int32 offset, Int32 size, SocketFlags socketFlags)
   在 System.Net.Sockets.NetworkStream.Write(Byte[] buffer, Int32 offset, Int32 size)
   --- 内部异常堆栈跟踪的结尾 ---
   在 MySql.Data.Common.MyNetworkStream.HandleOrRethrowException(Exception e)
   在 MySql.Data.Common.MyNetworkStream.Write(Byte[] buffer, Int32 offset, Int32 count)
   在 MySql.Data.MySqlClient.TimedStream.Write(Byte[] buffer, Int32 offset, Int32 count)
   在 MySql.Data.MySqlClient.MySqlStream.SendPacket(MySqlPacket packet)
   在 MySql.Data.MySqlClient.NativeDriver.ExecutePacket(MySqlPacket packetToExecute)
   在 MySql.Data.MySqlClient.NativeDriver.SendQuery(MySqlPacket queryPacket)
   在 MySql.Data.MySqlClient.Driver.SendQuery(MySqlPacket p)
   在 MySql.Data.MySqlClient.Statement.ExecuteNext()
   在 MySql.Data.MySqlClient.PreparableStatement.Execute()
   在 MySql.Data.MySqlClient.MySqlCommand.ExecuteReader(CommandBehavior behavior)
   --- 内部异常堆栈跟踪的结尾 ---
   在 MySql.Data.MySqlClient.MySqlCommand.ExecuteReader(CommandBehavior behavior)
   在 MySql.Data.MySqlClient.MySqlCommand.ExecuteScalar()
   在 Chatter.DAL.DALService.IsMember(String id, String pwd) 位置 e:\code\myRepo\Chatter\DAL\DALService.cs:行号 320


日 志 时 间:  2013-05-01 09:16:24,938 
日 志 级 别:  INFO
日 志 来 源: [17]::Chatter.Service.ChatterService.Login(e:\code\myRepo\Chatter\Service\ChatterService.cs:137)
日 志 内 容:  用户776041668 登录失败
 

日 志 时 间:  2013-05-01 09:17:08,872 
日 志 级 别:  INFO
日 志 来 源: [10]::Chatter.Service.ChatterService.Logoff(e:\code\myRepo\Chatter\Service\ChatterService.cs:227)
日 志 内 容:  用户776041669 walle退出
 

日 志 时 间:  2013-05-01 09:17:08,872 
日 志 级 别:  INFO
日 志 来 源: [10]::Chatter.Service.ChatterService.PrintOnLineNumber(e:\code\myRepo\Chatter\Service\ChatterService.cs:637)
日 志 内 容:  当前在线人数:0
 

日 志 时 间:  2013-05-01 09:17:23,736 
日 志 级 别:  INFO
日 志 来 源: [28]::Chatter.Service.ChatterService.Login(e:\code\myRepo\Chatter\Service\ChatterService.cs:127)
日 志 内 容:  用户776041668 请求登录
 

日 志 时 间:  2013-05-01 09:17:23,766 
日 志 级 别:  INFO
日 志 来 源: [28]::Chatter.Service.ChatterService.Login(e:\code\myRepo\Chatter\Service\ChatterService.cs:197)
日 志 内 容:  用户776041668 登录成功
 

日 志 时 间:  2013-05-01 09:17:23,771 
日 志 级 别:  INFO
日 志 来 源: [28]::Chatter.Service.ChatterService.PrintOnLineNumber(e:\code\myRepo\Chatter\Service\ChatterService.cs:637)
日 志 内 容:  当前在线人数:1
 

日 志 时 间:  2013-05-01 09:17:32,752 
日 志 级 别:  INFO
日 志 来 源: [41]::Chatter.Service.ChatterService.Login(e:\code\myRepo\Chatter\Service\ChatterService.cs:127)
日 志 内 容:  用户776041669 请求登录
 

日 志 时 间:  2013-05-01 09:17:32,762 
日 志 级 别:  INFO
日 志 来 源: [41]::Chatter.Service.ChatterService.Login(e:\code\myRepo\Chatter\Service\ChatterService.cs:197)
日 志 内 容:  用户776041669 登录成功
 

日 志 时 间:  2013-05-01 09:17:32,762 
日 志 级 别:  INFO
日 志 来 源: [41]::Chatter.Service.ChatterService.PrintOnLineNumber(e:\code\myRepo\Chatter\Service\ChatterService.cs:637)
日 志 内 容:  当前在线人数:2
 

日 志 时 间:  2013-05-01 09:18:04,282 
日 志 级 别:  INFO
日 志 来 源: [6]::Chatter.Service.ChatterService.Logoff(e:\code\myRepo\Chatter\Service\ChatterService.cs:227)
日 志 内 容:  用户776041669 walle退出
 

日 志 时 间:  2013-05-01 09:18:04,283 
日 志 级 别:  INFO
日 志 来 源: [6]::Chatter.Service.ChatterService.PrintOnLineNumber(e:\code\myRepo\Chatter\Service\ChatterService.cs:637)
日 志 内 容:  当前在线人数:1
 

日 志 时 间:  2013-05-01 09:18:04,320 
日 志 级 别:  INFO
日 志 来 源: [6]::Chatter.Service.ChatterService.Login(e:\code\myRepo\Chatter\Service\ChatterService.cs:127)
日 志 内 容:  用户776041669 walle请求登录
 

日 志 时 间:  2013-05-01 09:18:04,321 
日 志 级 别:  INFO
日 志 来 源: [36]::Chatter.Service.TCPHolePunching+<>c__DisplayClass6.<.ctor>b__3(e:\code\myRepo\Chatter\Service\TCPHolePunching.cs:90)
日 志 内 容:  from:222.26.186.164:18151
 

日 志 时 间:  2013-05-01 09:18:04,350 
日 志 级 别:  INFO
日 志 来 源: [6]::Chatter.Service.ChatterService.Login(e:\code\myRepo\Chatter\Service\ChatterService.cs:197)
日 志 内 容:  用户776041669 walle登录成功
 

日 志 时 间:  2013-05-01 09:18:04,358 
日 志 级 别:  INFO
日 志 来 源: [6]::Chatter.Service.ChatterService.PrintOnLineNumber(e:\code\myRepo\Chatter\Service\ChatterService.cs:637)
日 志 内 容:  当前在线人数:2
 

日 志 时 间:  2013-05-01 09:18:04,360 
日 志 级 别:  DEBUG
日 志 来 源: [6]::Chatter.Service.ChatterService.SendHeartBeat(e:\code\myRepo\Chatter\Service\ChatterService.cs:879)
日 志 内 容:  776041669 walle重新上线
 

日 志 时 间:  2013-05-01 09:18:04,362 
日 志 级 别:  INFO
日 志 来 源: [36]::Chatter.Service.TCPHolePunching+<>c__DisplayClass6.<.ctor>b__3(e:\code\myRepo\Chatter\Service\TCPHolePunching.cs:91)
日 志 内 容:  to:119.119.124.96:17448
 

日 志 时 间:  2013-05-01 09:20:26,693 
日 志 级 别:  INFO
日 志 来 源: [22]::Chatter.Service.TCPHolePunching+<>c__DisplayClass6.<.ctor>b__3(e:\code\myRepo\Chatter\Service\TCPHolePunching.cs:90)
日 志 内 容:  from:222.26.186.164:18311
 

日 志 时 间:  2013-05-01 09:20:26,694 
日 志 级 别:  INFO
日 志 来 源: [22]::Chatter.Service.TCPHolePunching+<>c__DisplayClass6.<.ctor>b__3(e:\code\myRepo\Chatter\Service\TCPHolePunching.cs:91)
日 志 内 容:  to:119.119.124.96:17618
 

日 志 时 间:  2013-05-01 09:22:15,797 
日 志 级 别:  INFO
日 志 来 源: [17]::Chatter.Service.TCPHolePunching+<>c__DisplayClass6.<.ctor>b__3(e:\code\myRepo\Chatter\Service\TCPHolePunching.cs:90)
日 志 内 容:  from:222.26.186.164:18430
 

日 志 时 间:  2013-05-01 09:22:15,798 
日 志 级 别:  INFO
日 志 来 源: [17]::Chatter.Service.TCPHolePunching+<>c__DisplayClass6.<.ctor>b__3(e:\code\myRepo\Chatter\Service\TCPHolePunching.cs:91)
日 志 内 容:  to:119.119.124.96:17681
 

日 志 时 间:  2013-05-01 09:23:34,847 
日 志 级 别:  INFO
日 志 来 源: [18]::Chatter.Service.TCPHolePunching+<>c__DisplayClass6.<.ctor>b__3(e:\code\myRepo\Chatter\Service\TCPHolePunching.cs:90)
日 志 内 容:  from:222.26.186.164:18515
 

日 志 时 间:  2013-05-01 09:23:34,848 
日 志 级 别:  INFO
日 志 来 源: [18]::Chatter.Service.TCPHolePunching+<>c__DisplayClass6.<.ctor>b__3(e:\code\myRepo\Chatter\Service\TCPHolePunching.cs:91)
日 志 内 容:  to:119.119.124.96:17729
 

日 志 时 间:  2013-05-01 09:24:40,085 
日 志 级 别:  INFO
日 志 来 源: [44]::Chatter.Service.TCPHolePunching+<>c__DisplayClass6.<.ctor>b__3(e:\code\myRepo\Chatter\Service\TCPHolePunching.cs:90)
日 志 内 容:  from:222.26.186.164:18591
 

日 志 时 间:  2013-05-01 09:24:40,086 
日 志 级 别:  INFO
日 志 来 源: [44]::Chatter.Service.TCPHolePunching+<>c__DisplayClass6.<.ctor>b__3(e:\code\myRepo\Chatter\Service\TCPHolePunching.cs:91)
日 志 内 容:  to:119.119.124.96:17771
 

日 志 时 间:  2013-05-01 09:25:51,690 
日 志 级 别:  INFO
日 志 来 源: [30]::Chatter.Service.ChatterService.Logoff(e:\code\myRepo\Chatter\Service\ChatterService.cs:227)
日 志 内 容:  用户776041669 walle退出
 

日 志 时 间:  2013-05-01 09:25:51,692 
日 志 级 别:  INFO
日 志 来 源: [30]::Chatter.Service.ChatterService.PrintOnLineNumber(e:\code\myRepo\Chatter\Service\ChatterService.cs:637)
日 志 内 容:  当前在线人数:1
 

日 志 时 间:  2013-05-01 09:29:41,640 
日 志 级 别:  INFO
日 志 来 源: [10]::Chatter.Service.ChatterService.Logoff(e:\code\myRepo\Chatter\Service\ChatterService.cs:227)
日 志 内 容:  用户776041668 Eva退出
 

日 志 时 间:  2013-05-01 09:29:41,640 
日 志 级 别:  INFO
日 志 来 源: [10]::Chatter.Service.ChatterService.PrintOnLineNumber(e:\code\myRepo\Chatter\Service\ChatterService.cs:637)
日 志 内 容:  当前在线人数:0
 

日 志 时 间:  2013-05-01 09:29:48,880 
日 志 级 别:  INFO
日 志 来 源: [1]::Chatter.Host.Program+<>c__DisplayClass4.<Main>b__1(e:\code\myRepo\Chatter\Host\Program.cs:52)
日 志 内 容:  RegisterService已经关闭
 

日 志 时 间:  2013-05-01 09:29:49,680 
日 志 级 别:  INFO
日 志 来 源: [10]::Chatter.Service.ChatterService.<.cctor>b__1(e:\code\myRepo\Chatter\Service\ChatterService.cs:105)
日 志 内 容:  停止接收心跳包
 

日 志 时 间:  2013-05-01 09:29:58,925 
日 志 级 别:  INFO
日 志 来 源: [1]::Chatter.Service.ChatterService.Logoff(e:\code\myRepo\Chatter\Service\ChatterService.cs:227)
日 志 内 容:  用户776041668 Eva退出
 

日 志 时 间:  2013-05-01 09:29:58,925 
日 志 级 别:  INFO
日 志 来 源: [1]::Chatter.Service.ChatterService.PrintOnLineNumber(e:\code\myRepo\Chatter\Service\ChatterService.cs:637)
日 志 内 容:  当前在线人数:0
 

日 志 时 间:  2013-05-01 09:29:58,930 
日 志 级 别:  INFO
日 志 来 源: [1]::Chatter.Host.Program+<>c__DisplayClass4.<Main>b__1(e:\code\myRepo\Chatter\Host\Program.cs:52)
日 志 内 容:  ChatterService已经关闭
 

日 志 时 间:  2013-05-01 09:29:58,940 
日 志 级 别:  INFO
日 志 来 源: [1]::Chatter.Host.Program+<>c__DisplayClass4.<Main>b__1(e:\code\myRepo\Chatter\Host\Program.cs:52)
日 志 内 容:  CustomPeerResolverService已经关闭
 

