日 志 时 间:  2013-03-11 10:19:16,608 
日 志 级 别:  INFO
日 志 来 源: [1]::Chatter.Host.Program+<>c__DisplayClass7.<Main>b__0(f:\code\myRepo\Chatter\Host\Program.cs:47)
日 志 内 容:  RegisterService已经启动
 

日 志 时 间:  2013-03-11 10:19:16,661 
日 志 级 别:  INFO
日 志 来 源: [1]::Chatter.Host.Program+<>c__DisplayClass7.<Main>b__0(f:\code\myRepo\Chatter\Host\Program.cs:47)
日 志 内 容:  ChatterService已经启动
 

日 志 时 间:  2013-03-11 10:19:16,665 
日 志 级 别:  INFO
日 志 来 源: [1]::Chatter.Host.Program+<>c__DisplayClass7.<Main>b__0(f:\code\myRepo\Chatter\Host\Program.cs:47)
日 志 内 容:  CustomPeerResolverService已经启动
 

日 志 时 间:  2013-03-11 10:19:16,667 
日 志 级 别:  INFO
日 志 来 源: [7]::Chatter.Host.Program+<>c__DisplayClass3.<Main>b__2(f:\code\myRepo\Chatter\Host\Program.cs:61)
日 志 内 容:  开始接收心跳包
 

日 志 时 间:  2013-03-11 10:21:31,580 
日 志 级 别:  INFO
日 志 来 源: [10]::Chatter.Service.ChatterService.Login(f:\code\myRepo\Chatter\Service\ChatterService.cs:85)
日 志 内 容:  用户1234001 请求登录
 

日 志 时 间:  2013-03-11 10:21:34,080 
日 志 级 别:  INFO
日 志 来 源: [8]::Chatter.Service.ChatterService.Login(f:\code\myRepo\Chatter\Service\ChatterService.cs:85)
日 志 内 容:  用户1234002 请求登录
 

日 志 时 间:  2013-03-11 10:21:34,775 
日 志 级 别:  ERROR
日 志 来 源: [10]::Chatter.DAL.DALService.IsMember(f:\code\myRepo\Chatter\DAL\DALService.cs:313)
日 志 内 容:  查询是否为合法用户时出现错误
 MySql.Data.MySqlClient.MySqlException: Unable to connect to any of the specified MySQL hosts.
   at MySql.Data.MySqlClient.NativeDriver.Open()
   at MySql.Data.MySqlClient.Driver.Open()
   at MySql.Data.MySqlClient.Driver.Create(MySqlConnectionStringBuilder settings)
   at MySql.Data.MySqlClient.MySqlPool.GetPooledConnection()
   at MySql.Data.MySqlClient.MySqlPool.TryToGetDriver()
   at MySql.Data.MySqlClient.MySqlPool.GetConnection()
   at MySql.Data.MySqlClient.MySqlConnection.Open()
   at Chatter.DAL.DALService.get_Conn() in f:\code\myRepo\Chatter\DAL\DALService.cs:line 32
   at Chatter.DAL.DALService.IsMember(String id, String pwd) in f:\code\myRepo\Chatter\DAL\DALService.cs:line 313


日 志 时 间:  2013-03-11 10:21:34,792 
日 志 级 别:  INFO
日 志 来 源: [10]::Chatter.Service.ChatterService.Login(f:\code\myRepo\Chatter\Service\ChatterService.cs:93)
日 志 内 容:  用户1234001 登录失败
 

日 志 时 间:  2013-03-11 10:21:35,775 
日 志 级 别:  ERROR
日 志 来 源: [8]::Chatter.DAL.DALService.IsMember(f:\code\myRepo\Chatter\DAL\DALService.cs:313)
日 志 内 容:  查询是否为合法用户时出现错误
 MySql.Data.MySqlClient.MySqlException: Unable to connect to any of the specified MySQL hosts.
   at MySql.Data.MySqlClient.NativeDriver.Open()
   at MySql.Data.MySqlClient.Driver.Open()
   at MySql.Data.MySqlClient.Driver.Create(MySqlConnectionStringBuilder settings)
   at MySql.Data.MySqlClient.MySqlPool.GetPooledConnection()
   at MySql.Data.MySqlClient.MySqlPool.TryToGetDriver()
   at MySql.Data.MySqlClient.MySqlPool.GetConnection()
   at MySql.Data.MySqlClient.MySqlConnection.Open()
   at Chatter.DAL.DALService.get_Conn() in f:\code\myRepo\Chatter\DAL\DALService.cs:line 38
   at Chatter.DAL.DALService.IsMember(String id, String pwd) in f:\code\myRepo\Chatter\DAL\DALService.cs:line 313


日 志 时 间:  2013-03-11 10:21:35,779 
日 志 级 别:  INFO
日 志 来 源: [8]::Chatter.Service.ChatterService.Login(f:\code\myRepo\Chatter\Service\ChatterService.cs:93)
日 志 内 容:  用户1234002 登录失败
 

日 志 时 间:  2013-03-11 10:21:46,063 
日 志 级 别:  INFO
日 志 来 源: [12]::Chatter.Service.ChatterService.Login(f:\code\myRepo\Chatter\Service\ChatterService.cs:85)
日 志 内 容:  用户1234001 请求登录
 

日 志 时 间:  2013-03-11 10:21:46,463 
日 志 级 别:  INFO
日 志 来 源: [12]::Chatter.Service.ChatterService.Login(f:\code\myRepo\Chatter\Service\ChatterService.cs:139)
日 志 内 容:  用户1234001 登录成功
 

日 志 时 间:  2013-03-11 10:21:46,464 
日 志 级 别:  INFO
日 志 来 源: [12]::Chatter.Service.ChatterService.PrintOnLineNumber(f:\code\myRepo\Chatter\Service\ChatterService.cs:491)
日 志 内 容:  当前在线人数:1
 

日 志 时 间:  2013-03-11 10:21:50,140 
日 志 级 别:  INFO
日 志 来 源: [9]::Chatter.Service.ChatterService.Login(f:\code\myRepo\Chatter\Service\ChatterService.cs:85)
日 志 内 容:  用户1234002 请求登录
 

日 志 时 间:  2013-03-11 10:21:50,181 
日 志 级 别:  INFO
日 志 来 源: [9]::Chatter.Service.ChatterService.Login(f:\code\myRepo\Chatter\Service\ChatterService.cs:139)
日 志 内 容:  用户1234002 登录成功
 

日 志 时 间:  2013-03-11 10:21:50,181 
日 志 级 别:  INFO
日 志 来 源: [9]::Chatter.Service.ChatterService.PrintOnLineNumber(f:\code\myRepo\Chatter\Service\ChatterService.cs:491)
日 志 内 容:  当前在线人数:2
 

日 志 时 间:  2013-03-11 10:22:17,451 
日 志 级 别:  INFO
日 志 来 源: [9]::Chatter.Service.ChatterService.Logoff(f:\code\myRepo\Chatter\Service\ChatterService.cs:169)
日 志 内 容:  用户1234001 Tom退出
 

日 志 时 间:  2013-03-11 10:22:17,484 
日 志 级 别:  INFO
日 志 来 源: [9]::Chatter.Service.ChatterService.PrintOnLineNumber(f:\code\myRepo\Chatter\Service\ChatterService.cs:491)
日 志 内 容:  当前在线人数:1
 

日 志 时 间:  2013-03-11 10:22:18,240 
日 志 级 别:  INFO
日 志 来 源: [9]::Chatter.Service.ChatterService.Logoff(f:\code\myRepo\Chatter\Service\ChatterService.cs:169)
日 志 内 容:  用户1234002 asdf退出
 

日 志 时 间:  2013-03-11 10:22:18,242 
日 志 级 别:  INFO
日 志 来 源: [9]::Chatter.Service.ChatterService.PrintOnLineNumber(f:\code\myRepo\Chatter\Service\ChatterService.cs:491)
日 志 内 容:  当前在线人数:0
 

日 志 时 间:  2013-03-11 11:29:04,178 
日 志 级 别:  INFO
日 志 来 源: [1]::Chatter.Host.Program+<>c__DisplayClass7.<Main>b__1(f:\code\myRepo\Chatter\Host\Program.cs:52)
日 志 内 容:  RegisterService已经关闭
 

日 志 时 间:  2013-03-11 11:29:04,203 
日 志 级 别:  INFO
日 志 来 源: [1]::Chatter.Host.Program+<>c__DisplayClass7.<Main>b__1(f:\code\myRepo\Chatter\Host\Program.cs:52)
日 志 内 容:  ChatterService已经关闭
 

日 志 时 间:  2013-03-11 11:29:04,205 
日 志 级 别:  INFO
日 志 来 源: [1]::Chatter.Host.Program+<>c__DisplayClass7.<Main>b__1(f:\code\myRepo\Chatter\Host\Program.cs:52)
日 志 内 容:  CustomPeerResolverService已经关闭
 

日 志 时 间:  2013-03-11 11:29:05,002 
日 志 级 别:  INFO
日 志 来 源: [7]::Chatter.Host.Program+<>c__DisplayClass3.<Main>b__2(f:\code\myRepo\Chatter\Host\Program.cs:92)
日 志 内 容:  停止接收心跳包
 

日 志 时 间:  2013-03-11 11:29:19,337 
日 志 级 别:  INFO
日 志 来 源: [1]::Chatter.Host.Program+<>c__DisplayClass7.<Main>b__0(f:\code\myRepo\Chatter\Host\Program.cs:47)
日 志 内 容:  RegisterService已经启动
 

日 志 时 间:  2013-03-11 11:29:19,377 
日 志 级 别:  INFO
日 志 来 源: [1]::Chatter.Host.Program+<>c__DisplayClass7.<Main>b__0(f:\code\myRepo\Chatter\Host\Program.cs:47)
日 志 内 容:  ChatterService已经启动
 

日 志 时 间:  2013-03-11 11:29:19,380 
日 志 级 别:  INFO
日 志 来 源: [1]::Chatter.Host.Program+<>c__DisplayClass7.<Main>b__0(f:\code\myRepo\Chatter\Host\Program.cs:47)
日 志 内 容:  CustomPeerResolverService已经启动
 

日 志 时 间:  2013-03-11 11:29:19,383 
日 志 级 别:  INFO
日 志 来 源: [7]::Chatter.Host.Program+<>c__DisplayClass3.<Main>b__2(f:\code\myRepo\Chatter\Host\Program.cs:61)
日 志 内 容:  开始接收心跳包
 

日 志 时 间:  2013-03-11 11:42:24,937 
日 志 级 别:  INFO
日 志 来 源: [1]::Chatter.Host.Program+<>c__DisplayClass7.<Main>b__0(f:\code\myRepo\Chatter\Host\Program.cs:47)
日 志 内 容:  RegisterService已经启动
 

日 志 时 间:  2013-03-11 11:42:24,999 
日 志 级 别:  INFO
日 志 来 源: [1]::Chatter.Host.Program+<>c__DisplayClass7.<Main>b__0(f:\code\myRepo\Chatter\Host\Program.cs:47)
日 志 内 容:  ChatterService已经启动
 

日 志 时 间:  2013-03-11 11:42:25,003 
日 志 级 别:  INFO
日 志 来 源: [1]::Chatter.Host.Program+<>c__DisplayClass7.<Main>b__0(f:\code\myRepo\Chatter\Host\Program.cs:47)
日 志 内 容:  CustomPeerResolverService已经启动
 

日 志 时 间:  2013-03-11 11:42:25,007 
日 志 级 别:  INFO
日 志 来 源: [7]::Chatter.Host.Program+<>c__DisplayClass3.<Main>b__2(f:\code\myRepo\Chatter\Host\Program.cs:61)
日 志 内 容:  开始接收心跳包
 

日 志 时 间:  2013-03-11 11:53:02,800 
日 志 级 别:  INFO
日 志 来 源: [8]::Chatter.Service.ChatterService.Login(f:\code\myRepo\Chatter\Service\ChatterService.cs:87)
日 志 内 容:  用户1234002 请求登录
 

日 志 时 间:  2013-03-11 11:53:04,721 
日 志 级 别:  INFO
日 志 来 源: [8]::Chatter.Service.ChatterService.Login(f:\code\myRepo\Chatter\Service\ChatterService.cs:141)
日 志 内 容:  用户1234002 登录成功
 

日 志 时 间:  2013-03-11 11:53:04,722 
日 志 级 别:  INFO
日 志 来 源: [8]::Chatter.Service.ChatterService.PrintOnLineNumber(f:\code\myRepo\Chatter\Service\ChatterService.cs:539)
日 志 内 容:  当前在线人数:1
 

日 志 时 间:  2013-03-11 11:53:11,310 
日 志 级 别:  INFO
日 志 来 源: [8]::Chatter.Service.ChatterService.Logoff(f:\code\myRepo\Chatter\Service\ChatterService.cs:171)
日 志 内 容:  用户1234002 asdf退出
 

日 志 时 间:  2013-03-11 11:53:11,349 
日 志 级 别:  INFO
日 志 来 源: [8]::Chatter.Service.ChatterService.PrintOnLineNumber(f:\code\myRepo\Chatter\Service\ChatterService.cs:539)
日 志 内 容:  当前在线人数:0
 

日 志 时 间:  2013-03-11 11:54:12,841 
日 志 级 别:  INFO
日 志 来 源: [5]::Chatter.Service.ChatterService.Login(f:\code\myRepo\Chatter\Service\ChatterService.cs:87)
日 志 内 容:  用户1234002 请求登录
 

日 志 时 间:  2013-03-11 11:54:12,843 
日 志 级 别:  INFO
日 志 来 源: [5]::Chatter.Service.ChatterService.Login(f:\code\myRepo\Chatter\Service\ChatterService.cs:141)
日 志 内 容:  用户1234002 登录成功
 

日 志 时 间:  2013-03-11 11:54:12,844 
日 志 级 别:  INFO
日 志 来 源: [5]::Chatter.Service.ChatterService.PrintOnLineNumber(f:\code\myRepo\Chatter\Service\ChatterService.cs:539)
日 志 内 容:  当前在线人数:1
 

日 志 时 间:  2013-03-11 11:54:19,728 
日 志 级 别:  INFO
日 志 来 源: [5]::Chatter.Service.ChatterService.Login(f:\code\myRepo\Chatter\Service\ChatterService.cs:87)
日 志 内 容:  用户1234001 请求登录
 

日 志 时 间:  2013-03-11 11:54:19,769 
日 志 级 别:  INFO
日 志 来 源: [5]::Chatter.Service.ChatterService.Login(f:\code\myRepo\Chatter\Service\ChatterService.cs:141)
日 志 内 容:  用户1234001 登录成功
 

日 志 时 间:  2013-03-11 11:54:19,770 
日 志 级 别:  INFO
日 志 来 源: [5]::Chatter.Service.ChatterService.PrintOnLineNumber(f:\code\myRepo\Chatter\Service\ChatterService.cs:539)
日 志 内 容:  当前在线人数:2
 

日 志 时 间:  2013-03-11 11:54:43,831 
日 志 级 别:  INFO
日 志 来 源: [5]::Chatter.Service.ChatterService.Logoff(f:\code\myRepo\Chatter\Service\ChatterService.cs:171)
日 志 内 容:  用户1234002 asdf退出
 

日 志 时 间:  2013-03-11 11:54:43,834 
日 志 级 别:  INFO
日 志 来 源: [5]::Chatter.Service.ChatterService.PrintOnLineNumber(f:\code\myRepo\Chatter\Service\ChatterService.cs:539)
日 志 内 容:  当前在线人数:1
 

日 志 时 间:  2013-03-11 11:54:44,862 
日 志 级 别:  INFO
日 志 来 源: [5]::Chatter.Service.ChatterService.Logoff(f:\code\myRepo\Chatter\Service\ChatterService.cs:171)
日 志 内 容:  用户1234001 Tom退出
 

日 志 时 间:  2013-03-11 11:54:44,863 
日 志 级 别:  INFO
日 志 来 源: [5]::Chatter.Service.ChatterService.PrintOnLineNumber(f:\code\myRepo\Chatter\Service\ChatterService.cs:539)
日 志 内 容:  当前在线人数:0
 

日 志 时 间:  2013-03-11 11:55:52,837 
日 志 级 别:  INFO
日 志 来 源: [12]::Chatter.Service.ChatterService.Login(f:\code\myRepo\Chatter\Service\ChatterService.cs:87)
日 志 内 容:  用户1234001 请求登录
 

日 志 时 间:  2013-03-11 11:55:52,838 
日 志 级 别:  INFO
日 志 来 源: [12]::Chatter.Service.ChatterService.Login(f:\code\myRepo\Chatter\Service\ChatterService.cs:141)
日 志 内 容:  用户1234001 登录成功
 

日 志 时 间:  2013-03-11 11:55:52,839 
日 志 级 别:  INFO
日 志 来 源: [12]::Chatter.Service.ChatterService.PrintOnLineNumber(f:\code\myRepo\Chatter\Service\ChatterService.cs:539)
日 志 内 容:  当前在线人数:1
 

日 志 时 间:  2013-03-11 11:55:56,246 
日 志 级 别:  INFO
日 志 来 源: [12]::Chatter.Service.ChatterService.Login(f:\code\myRepo\Chatter\Service\ChatterService.cs:87)
日 志 内 容:  用户1234002 请求登录
 

日 志 时 间:  2013-03-11 11:55:56,248 
日 志 级 别:  INFO
日 志 来 源: [12]::Chatter.Service.ChatterService.Login(f:\code\myRepo\Chatter\Service\ChatterService.cs:141)
日 志 内 容:  用户1234002 登录成功
 

日 志 时 间:  2013-03-11 11:55:56,249 
日 志 级 别:  INFO
日 志 来 源: [12]::Chatter.Service.ChatterService.PrintOnLineNumber(f:\code\myRepo\Chatter\Service\ChatterService.cs:539)
日 志 内 容:  当前在线人数:2
 

日 志 时 间:  2013-03-11 11:59:24,636 
日 志 级 别:  INFO
日 志 来 源: [3]::Chatter.Service.ChatterService.Logoff(f:\code\myRepo\Chatter\Service\ChatterService.cs:171)
日 志 内 容:  用户1234001 Tom退出
 

日 志 时 间:  2013-03-11 11:59:24,640 
日 志 级 别:  INFO
日 志 来 源: [3]::Chatter.Service.ChatterService.PrintOnLineNumber(f:\code\myRepo\Chatter\Service\ChatterService.cs:539)
日 志 内 容:  当前在线人数:1
 

日 志 时 间:  2013-03-11 11:59:26,228 
日 志 级 别:  INFO
日 志 来 源: [3]::Chatter.Service.ChatterService.Logoff(f:\code\myRepo\Chatter\Service\ChatterService.cs:171)
日 志 内 容:  用户1234002 asdf退出
 

日 志 时 间:  2013-03-11 11:59:26,233 
日 志 级 别:  INFO
日 志 来 源: [3]::Chatter.Service.ChatterService.PrintOnLineNumber(f:\code\myRepo\Chatter\Service\ChatterService.cs:539)
日 志 内 容:  当前在线人数:0
 

日 志 时 间:  2013-03-11 11:59:38,909 
日 志 级 别:  INFO
日 志 来 源: [10]::Chatter.Host.Program+<>c__DisplayClass7.<Main>b__0(f:\code\myRepo\Chatter\Host\Program.cs:47)
日 志 内 容:  RegisterService已经启动
 

日 志 时 间:  2013-03-11 11:59:38,945 
日 志 级 别:  INFO
日 志 来 源: [10]::Chatter.Host.Program+<>c__DisplayClass7.<Main>b__0(f:\code\myRepo\Chatter\Host\Program.cs:47)
日 志 内 容:  ChatterService已经启动
 

日 志 时 间:  2013-03-11 11:59:38,949 
日 志 级 别:  INFO
日 志 来 源: [10]::Chatter.Host.Program+<>c__DisplayClass7.<Main>b__0(f:\code\myRepo\Chatter\Host\Program.cs:47)
日 志 内 容:  CustomPeerResolverService已经启动
 

日 志 时 间:  2013-03-11 11:59:38,953 
日 志 级 别:  INFO
日 志 来 源: [15]::Chatter.Host.Program+<>c__DisplayClass3.<Main>b__2(f:\code\myRepo\Chatter\Host\Program.cs:61)
日 志 内 容:  开始接收心跳包
 

日 志 时 间:  2013-03-11 12:00:02,752 
日 志 级 别:  INFO
日 志 来 源: [18]::Chatter.Service.ChatterService.Login(f:\code\myRepo\Chatter\Service\ChatterService.cs:87)
日 志 内 容:  用户1234002 请求登录
 

日 志 时 间:  2013-03-11 12:00:07,144 
日 志 级 别:  INFO
日 志 来 源: [18]::Chatter.Service.ChatterService.Login(f:\code\myRepo\Chatter\Service\ChatterService.cs:141)
日 志 内 容:  用户1234002 登录成功
 

日 志 时 间:  2013-03-11 12:00:07,145 
日 志 级 别:  INFO
日 志 来 源: [18]::Chatter.Service.ChatterService.PrintOnLineNumber(f:\code\myRepo\Chatter\Service\ChatterService.cs:539)
日 志 内 容:  当前在线人数:1
 

日 志 时 间:  2013-03-11 12:00:11,813 
日 志 级 别:  INFO
日 志 来 源: [17]::Chatter.Service.ChatterService.Login(f:\code\myRepo\Chatter\Service\ChatterService.cs:87)
日 志 内 容:  用户1234001 请求登录
 

日 志 时 间:  2013-03-11 12:00:11,821 
日 志 级 别:  INFO
日 志 来 源: [17]::Chatter.Service.ChatterService.Login(f:\code\myRepo\Chatter\Service\ChatterService.cs:141)
日 志 内 容:  用户1234001 登录成功
 

日 志 时 间:  2013-03-11 12:00:11,822 
日 志 级 别:  INFO
日 志 来 源: [17]::Chatter.Service.ChatterService.PrintOnLineNumber(f:\code\myRepo\Chatter\Service\ChatterService.cs:539)
日 志 内 容:  当前在线人数:2
 

日 志 时 间:  2013-03-11 12:38:52,623 
日 志 级 别:  INFO
日 志 来 源: [9]::Chatter.Host.Program+<>c__DisplayClass7.<Main>b__0(f:\code\myRepo\Chatter\Host\Program.cs:47)
日 志 内 容:  RegisterService已经启动
 

日 志 时 间:  2013-03-11 12:38:52,670 
日 志 级 别:  INFO
日 志 来 源: [9]::Chatter.Host.Program+<>c__DisplayClass7.<Main>b__0(f:\code\myRepo\Chatter\Host\Program.cs:47)
日 志 内 容:  ChatterService已经启动
 

日 志 时 间:  2013-03-11 12:38:52,674 
日 志 级 别:  INFO
日 志 来 源: [9]::Chatter.Host.Program+<>c__DisplayClass7.<Main>b__0(f:\code\myRepo\Chatter\Host\Program.cs:47)
日 志 内 容:  CustomPeerResolverService已经启动
 

日 志 时 间:  2013-03-11 12:38:52,694 
日 志 级 别:  INFO
日 志 来 源: [13]::Chatter.Host.Program+<>c__DisplayClass3.<Main>b__2(f:\code\myRepo\Chatter\Host\Program.cs:61)
日 志 内 容:  开始接收心跳包
 

日 志 时 间:  2013-03-11 12:39:07,875 
日 志 级 别:  INFO
日 志 来 源: [11]::Chatter.Service.ChatterService.Login(f:\code\myRepo\Chatter\Service\ChatterService.cs:87)
日 志 内 容:  用户1234001 请求登录
 

日 志 时 间:  2013-03-11 12:39:08,145 
日 志 级 别:  INFO
日 志 来 源: [11]::Chatter.Service.ChatterService.Login(f:\code\myRepo\Chatter\Service\ChatterService.cs:141)
日 志 内 容:  用户1234001 登录成功
 

日 志 时 间:  2013-03-11 12:39:08,146 
日 志 级 别:  INFO
日 志 来 源: [11]::Chatter.Service.ChatterService.PrintOnLineNumber(f:\code\myRepo\Chatter\Service\ChatterService.cs:539)
日 志 内 容:  当前在线人数:1
 

日 志 时 间:  2013-03-11 12:39:13,139 
日 志 级 别:  INFO
日 志 来 源: [14]::Chatter.Service.ChatterService.Login(f:\code\myRepo\Chatter\Service\ChatterService.cs:87)
日 志 内 容:  用户1234002 请求登录
 

日 志 时 间:  2013-03-11 12:39:13,141 
日 志 级 别:  INFO
日 志 来 源: [14]::Chatter.Service.ChatterService.Login(f:\code\myRepo\Chatter\Service\ChatterService.cs:141)
日 志 内 容:  用户1234002 登录成功
 

日 志 时 间:  2013-03-11 12:39:13,162 
日 志 级 别:  INFO
日 志 来 源: [14]::Chatter.Service.ChatterService.PrintOnLineNumber(f:\code\myRepo\Chatter\Service\ChatterService.cs:539)
日 志 内 容:  当前在线人数:2
 

日 志 时 间:  2013-03-11 12:40:16,357 
日 志 级 别:  INFO
日 志 来 源: [1]::Chatter.Host.Program+<>c__DisplayClass7.<Main>b__0(f:\code\myRepo\Chatter\Host\Program.cs:47)
日 志 内 容:  RegisterService已经启动
 

日 志 时 间:  2013-03-11 12:40:16,413 
日 志 级 别:  INFO
日 志 来 源: [1]::Chatter.Host.Program+<>c__DisplayClass7.<Main>b__0(f:\code\myRepo\Chatter\Host\Program.cs:47)
日 志 内 容:  ChatterService已经启动
 

日 志 时 间:  2013-03-11 12:40:16,416 
日 志 级 别:  INFO
日 志 来 源: [1]::Chatter.Host.Program+<>c__DisplayClass7.<Main>b__0(f:\code\myRepo\Chatter\Host\Program.cs:47)
日 志 内 容:  CustomPeerResolverService已经启动
 

日 志 时 间:  2013-03-11 12:40:16,419 
日 志 级 别:  INFO
日 志 来 源: [7]::Chatter.Host.Program+<>c__DisplayClass3.<Main>b__2(f:\code\myRepo\Chatter\Host\Program.cs:61)
日 志 内 容:  开始接收心跳包
 

日 志 时 间:  2013-03-11 12:40:19,433 
日 志 级 别:  INFO
日 志 来 源: [9]::Chatter.Host.Program+<>c__DisplayClass7.<Main>b__0(f:\code\myRepo\Chatter\Host\Program.cs:47)
日 志 内 容:  RegisterService已经启动
 

日 志 时 间:  2013-03-11 12:40:19,504 
日 志 级 别:  INFO
日 志 来 源: [9]::Chatter.Host.Program+<>c__DisplayClass7.<Main>b__0(f:\code\myRepo\Chatter\Host\Program.cs:47)
日 志 内 容:  ChatterService已经启动
 

日 志 时 间:  2013-03-11 12:40:19,508 
日 志 级 别:  INFO
日 志 来 源: [9]::Chatter.Host.Program+<>c__DisplayClass7.<Main>b__0(f:\code\myRepo\Chatter\Host\Program.cs:47)
日 志 内 容:  CustomPeerResolverService已经启动
 

日 志 时 间:  2013-03-11 12:40:19,539 
日 志 级 别:  INFO
日 志 来 源: [14]::Chatter.Host.Program+<>c__DisplayClass3.<Main>b__2(f:\code\myRepo\Chatter\Host\Program.cs:61)
日 志 内 容:  开始接收心跳包
 

日 志 时 间:  2013-03-11 12:40:22,114 
日 志 级 别:  INFO
日 志 来 源: [12]::Chatter.Service.ChatterService.Login(f:\code\myRepo\Chatter\Service\ChatterService.cs:87)
日 志 内 容:  用户1234002 请求登录
 

日 志 时 间:  2013-03-11 12:40:22,374 
日 志 级 别:  INFO
日 志 来 源: [12]::Chatter.Service.ChatterService.Login(f:\code\myRepo\Chatter\Service\ChatterService.cs:141)
日 志 内 容:  用户1234002 登录成功
 

日 志 时 间:  2013-03-11 12:40:22,375 
日 志 级 别:  INFO
日 志 来 源: [12]::Chatter.Service.ChatterService.PrintOnLineNumber(f:\code\myRepo\Chatter\Service\ChatterService.cs:539)
日 志 内 容:  当前在线人数:1
 

日 志 时 间:  2013-03-11 12:40:26,779 
日 志 级 别:  INFO
日 志 来 源: [12]::Chatter.Service.ChatterService.Login(f:\code\myRepo\Chatter\Service\ChatterService.cs:87)
日 志 内 容:  用户1234001 请求登录
 

日 志 时 间:  2013-03-11 12:40:26,781 
日 志 级 别:  INFO
日 志 来 源: [12]::Chatter.Service.ChatterService.Login(f:\code\myRepo\Chatter\Service\ChatterService.cs:141)
日 志 内 容:  用户1234001 登录成功
 

日 志 时 间:  2013-03-11 12:40:26,782 
日 志 级 别:  INFO
日 志 来 源: [12]::Chatter.Service.ChatterService.PrintOnLineNumber(f:\code\myRepo\Chatter\Service\ChatterService.cs:539)
日 志 内 容:  当前在线人数:2
 

日 志 时 间:  2013-03-11 12:40:29,220 
日 志 级 别:  ERROR
日 志 来 源: [12]::Chatter.Service.ChatterService.SendMesg(f:\code\myRepo\Chatter\Service\ChatterService.cs:292)
日 志 内 容:  转发信息出错
 System.Exception: UDP打洞Server Endpoint 初始化失败
   at Chatter.Service.ChatterService.SendAudioMessage(Message mesg) in f:\code\myRepo\Chatter\Service\ChatterService.cs:line 337
   at Chatter.Service.ChatterService.SendMesg(Message mesg) in f:\code\myRepo\Chatter\Service\ChatterService.cs:line 292


日 志 时 间:  2013-03-11 12:42:15,639 
日 志 级 别:  INFO
日 志 来 源: [10]::Chatter.Host.Program+<>c__DisplayClass7.<Main>b__0(f:\code\myRepo\Chatter\Host\Program.cs:47)
日 志 内 容:  RegisterService已经启动
 

日 志 时 间:  2013-03-11 12:42:15,684 
日 志 级 别:  INFO
日 志 来 源: [10]::Chatter.Host.Program+<>c__DisplayClass7.<Main>b__0(f:\code\myRepo\Chatter\Host\Program.cs:47)
日 志 内 容:  ChatterService已经启动
 

日 志 时 间:  2013-03-11 12:42:15,688 
日 志 级 别:  INFO
日 志 来 源: [10]::Chatter.Host.Program+<>c__DisplayClass7.<Main>b__0(f:\code\myRepo\Chatter\Host\Program.cs:47)
日 志 内 容:  CustomPeerResolverService已经启动
 

日 志 时 间:  2013-03-11 12:42:15,694 
日 志 级 别:  INFO
日 志 来 源: [15]::Chatter.Host.Program+<>c__DisplayClass3.<Main>b__2(f:\code\myRepo\Chatter\Host\Program.cs:61)
日 志 内 容:  开始接收心跳包
 

日 志 时 间:  2013-03-11 12:42:19,284 
日 志 级 别:  INFO
日 志 来 源: [14]::Chatter.Service.ChatterService.Login(f:\code\myRepo\Chatter\Service\ChatterService.cs:87)
日 志 内 容:  用户1234001 请求登录
 

日 志 时 间:  2013-03-11 12:42:19,541 
日 志 级 别:  INFO
日 志 来 源: [14]::Chatter.Service.ChatterService.Login(f:\code\myRepo\Chatter\Service\ChatterService.cs:141)
日 志 内 容:  用户1234001 登录成功
 

日 志 时 间:  2013-03-11 12:42:19,542 
日 志 级 别:  INFO
日 志 来 源: [14]::Chatter.Service.ChatterService.PrintOnLineNumber(f:\code\myRepo\Chatter\Service\ChatterService.cs:539)
日 志 内 容:  当前在线人数:1
 

日 志 时 间:  2013-03-11 12:42:23,363 
日 志 级 别:  INFO
日 志 来 源: [12]::Chatter.Service.ChatterService.Login(f:\code\myRepo\Chatter\Service\ChatterService.cs:87)
日 志 内 容:  用户1234002 请求登录
 

日 志 时 间:  2013-03-11 12:42:23,365 
日 志 级 别:  INFO
日 志 来 源: [12]::Chatter.Service.ChatterService.Login(f:\code\myRepo\Chatter\Service\ChatterService.cs:141)
日 志 内 容:  用户1234002 登录成功
 

日 志 时 间:  2013-03-11 12:42:23,366 
日 志 级 别:  INFO
日 志 来 源: [12]::Chatter.Service.ChatterService.PrintOnLineNumber(f:\code\myRepo\Chatter\Service\ChatterService.cs:539)
日 志 内 容:  当前在线人数:2
 

日 志 时 间:  2013-03-11 12:42:39,602 
日 志 级 别:  INFO
日 志 来 源: [15]::Chatter.Service.ChatterService.Logoff(f:\code\myRepo\Chatter\Service\ChatterService.cs:171)
日 志 内 容:  用户1234001 Tom退出
 

日 志 时 间:  2013-03-11 12:42:39,603 
日 志 级 别:  INFO
日 志 来 源: [15]::Chatter.Service.ChatterService.PrintOnLineNumber(f:\code\myRepo\Chatter\Service\ChatterService.cs:539)
日 志 内 容:  当前在线人数:1
 

日 志 时 间:  2013-03-11 12:42:39,603 
日 志 级 别:  INFO
日 志 来 源: [15]::Chatter.Service.ChatterService.Logoff(f:\code\myRepo\Chatter\Service\ChatterService.cs:171)
日 志 内 容:  用户1234002 asdf退出
 

日 志 时 间:  2013-03-11 12:42:43,701 
日 志 级 别:  INFO
日 志 来 源: [15]::Chatter.Service.ChatterService.PrintOnLineNumber(f:\code\myRepo\Chatter\Service\ChatterService.cs:539)
日 志 内 容:  当前在线人数:0
 

日 志 时 间:  2013-03-11 12:45:55,147 
日 志 级 别:  INFO
日 志 来 源: [9]::Chatter.Host.Program+<>c__DisplayClass7.<Main>b__0(f:\code\myRepo\Chatter\Host\Program.cs:47)
日 志 内 容:  RegisterService已经启动
 

日 志 时 间:  2013-03-11 12:45:55,204 
日 志 级 别:  INFO
日 志 来 源: [9]::Chatter.Host.Program+<>c__DisplayClass7.<Main>b__0(f:\code\myRepo\Chatter\Host\Program.cs:47)
日 志 内 容:  ChatterService已经启动
 

日 志 时 间:  2013-03-11 12:45:55,207 
日 志 级 别:  INFO
日 志 来 源: [9]::Chatter.Host.Program+<>c__DisplayClass7.<Main>b__0(f:\code\myRepo\Chatter\Host\Program.cs:47)
日 志 内 容:  CustomPeerResolverService已经启动
 

日 志 时 间:  2013-03-11 12:45:55,279 
日 志 级 别:  INFO
日 志 来 源: [14]::Chatter.Host.Program+<>c__DisplayClass3.<Main>b__2(f:\code\myRepo\Chatter\Host\Program.cs:61)
日 志 内 容:  开始接收心跳包
 

日 志 时 间:  2013-03-11 12:46:20,906 
日 志 级 别:  INFO
日 志 来 源: [16]::Chatter.Service.ChatterService.Login(f:\code\myRepo\Chatter\Service\ChatterService.cs:87)
日 志 内 容:  用户1234001 请求登录
 

日 志 时 间:  2013-03-11 12:46:32,708 
日 志 级 别:  INFO
日 志 来 源: [16]::Chatter.Service.ChatterService.Login(f:\code\myRepo\Chatter\Service\ChatterService.cs:141)
日 志 内 容:  用户1234001 登录成功
 

日 志 时 间:  2013-03-11 12:46:32,709 
日 志 级 别:  INFO
日 志 来 源: [16]::Chatter.Service.ChatterService.PrintOnLineNumber(f:\code\myRepo\Chatter\Service\ChatterService.cs:539)
日 志 内 容:  当前在线人数:1
 

日 志 时 间:  2013-03-11 12:46:32,714 
日 志 级 别:  INFO
日 志 来 源: [16]::Chatter.Service.ChatterService.Logoff(f:\code\myRepo\Chatter\Service\ChatterService.cs:171)
日 志 内 容:  用户1234001 Tom退出
 

日 志 时 间:  2013-03-11 12:46:32,714 
日 志 级 别:  INFO
日 志 来 源: [16]::Chatter.Service.ChatterService.PrintOnLineNumber(f:\code\myRepo\Chatter\Service\ChatterService.cs:539)
日 志 内 容:  当前在线人数:0
 

日 志 时 间:  2013-03-11 12:46:36,843 
日 志 级 别:  INFO
日 志 来 源: [15]::Chatter.Service.ChatterService.Login(f:\code\myRepo\Chatter\Service\ChatterService.cs:87)
日 志 内 容:  用户1234001 请求登录
 

日 志 时 间:  2013-03-11 12:46:36,845 
日 志 级 别:  INFO
日 志 来 源: [15]::Chatter.Service.ChatterService.Login(f:\code\myRepo\Chatter\Service\ChatterService.cs:141)
日 志 内 容:  用户1234001 登录成功
 

日 志 时 间:  2013-03-11 12:46:36,846 
日 志 级 别:  INFO
日 志 来 源: [15]::Chatter.Service.ChatterService.PrintOnLineNumber(f:\code\myRepo\Chatter\Service\ChatterService.cs:539)
日 志 内 容:  当前在线人数:1
 

日 志 时 间:  2013-03-11 12:46:39,508 
日 志 级 别:  INFO
日 志 来 源: [15]::Chatter.Service.ChatterService.Login(f:\code\myRepo\Chatter\Service\ChatterService.cs:87)
日 志 内 容:  用户1234002 请求登录
 

日 志 时 间:  2013-03-11 12:46:39,510 
日 志 级 别:  INFO
日 志 来 源: [15]::Chatter.Service.ChatterService.Login(f:\code\myRepo\Chatter\Service\ChatterService.cs:141)
日 志 内 容:  用户1234002 登录成功
 

日 志 时 间:  2013-03-11 12:46:39,511 
日 志 级 别:  INFO
日 志 来 源: [15]::Chatter.Service.ChatterService.PrintOnLineNumber(f:\code\myRepo\Chatter\Service\ChatterService.cs:539)
日 志 内 容:  当前在线人数:2
 

日 志 时 间:  2013-03-11 12:47:03,269 
日 志 级 别:  INFO
日 志 来 源: [14]::Chatter.Service.ChatterService.Logoff(f:\code\myRepo\Chatter\Service\ChatterService.cs:171)
日 志 内 容:  用户1234001 Tom退出
 

日 志 时 间:  2013-03-11 12:47:03,270 
日 志 级 别:  INFO
日 志 来 源: [14]::Chatter.Service.ChatterService.PrintOnLineNumber(f:\code\myRepo\Chatter\Service\ChatterService.cs:539)
日 志 内 容:  当前在线人数:1
 

日 志 时 间:  2013-03-11 12:47:03,270 
日 志 级 别:  INFO
日 志 来 源: [14]::Chatter.Service.ChatterService.Logoff(f:\code\myRepo\Chatter\Service\ChatterService.cs:171)
日 志 内 容:  用户1234002 asdf退出
 

日 志 时 间:  2013-03-11 12:47:03,271 
日 志 级 别:  INFO
日 志 来 源: [14]::Chatter.Service.ChatterService.PrintOnLineNumber(f:\code\myRepo\Chatter\Service\ChatterService.cs:539)
日 志 内 容:  当前在线人数:0
 

日 志 时 间:  2013-03-11 12:49:47,669 
日 志 级 别:  INFO
日 志 来 源: [10]::Chatter.Host.Program+<>c__DisplayClass7.<Main>b__0(f:\code\myRepo\Chatter\Host\Program.cs:47)
日 志 内 容:  RegisterService已经启动
 

日 志 时 间:  2013-03-11 12:49:47,716 
日 志 级 别:  INFO
日 志 来 源: [10]::Chatter.Host.Program+<>c__DisplayClass7.<Main>b__0(f:\code\myRepo\Chatter\Host\Program.cs:47)
日 志 内 容:  ChatterService已经启动
 

日 志 时 间:  2013-03-11 12:49:47,720 
日 志 级 别:  INFO
日 志 来 源: [10]::Chatter.Host.Program+<>c__DisplayClass7.<Main>b__0(f:\code\myRepo\Chatter\Host\Program.cs:47)
日 志 内 容:  CustomPeerResolverService已经启动
 

日 志 时 间:  2013-03-11 12:49:47,724 
日 志 级 别:  INFO
日 志 来 源: [15]::Chatter.Host.Program+<>c__DisplayClass3.<Main>b__2(f:\code\myRepo\Chatter\Host\Program.cs:61)
日 志 内 容:  开始接收心跳包
 

日 志 时 间:  2013-03-11 12:49:51,244 
日 志 级 别:  INFO
日 志 来 源: [12]::Chatter.Service.ChatterService.Login(f:\code\myRepo\Chatter\Service\ChatterService.cs:87)
日 志 内 容:  用户1234002 请求登录
 

日 志 时 间:  2013-03-11 12:49:51,506 
日 志 级 别:  INFO
日 志 来 源: [12]::Chatter.Service.ChatterService.Login(f:\code\myRepo\Chatter\Service\ChatterService.cs:141)
日 志 内 容:  用户1234002 登录成功
 

日 志 时 间:  2013-03-11 12:49:51,507 
日 志 级 别:  INFO
日 志 来 源: [12]::Chatter.Service.ChatterService.PrintOnLineNumber(f:\code\myRepo\Chatter\Service\ChatterService.cs:539)
日 志 内 容:  当前在线人数:1
 

日 志 时 间:  2013-03-11 12:49:56,759 
日 志 级 别:  INFO
日 志 来 源: [12]::Chatter.Service.ChatterService.Login(f:\code\myRepo\Chatter\Service\ChatterService.cs:87)
日 志 内 容:  用户1234001 请求登录
 

日 志 时 间:  2013-03-11 12:49:56,761 
日 志 级 别:  INFO
日 志 来 源: [12]::Chatter.Service.ChatterService.Login(f:\code\myRepo\Chatter\Service\ChatterService.cs:141)
日 志 内 容:  用户1234001 登录成功
 

日 志 时 间:  2013-03-11 12:49:56,761 
日 志 级 别:  INFO
日 志 来 源: [12]::Chatter.Service.ChatterService.PrintOnLineNumber(f:\code\myRepo\Chatter\Service\ChatterService.cs:539)
日 志 内 容:  当前在线人数:2
 

日 志 时 间:  2013-03-11 12:50:11,326 
日 志 级 别:  INFO
日 志 来 源: [15]::Chatter.Service.ChatterService.Logoff(f:\code\myRepo\Chatter\Service\ChatterService.cs:171)
日 志 内 容:  用户1234002 asdf退出
 

日 志 时 间:  2013-03-11 12:50:11,339 
日 志 级 别:  INFO
日 志 来 源: [15]::Chatter.Service.ChatterService.PrintOnLineNumber(f:\code\myRepo\Chatter\Service\ChatterService.cs:539)
日 志 内 容:  当前在线人数:1
 

日 志 时 间:  2013-03-11 12:51:00,632 
日 志 级 别:  INFO
日 志 来 源: [9]::Chatter.Host.Program+<>c__DisplayClass7.<Main>b__0(f:\code\myRepo\Chatter\Host\Program.cs:47)
日 志 内 容:  RegisterService已经启动
 

日 志 时 间:  2013-03-11 12:51:00,675 
日 志 级 别:  INFO
日 志 来 源: [9]::Chatter.Host.Program+<>c__DisplayClass7.<Main>b__0(f:\code\myRepo\Chatter\Host\Program.cs:47)
日 志 内 容:  ChatterService已经启动
 

日 志 时 间:  2013-03-11 12:51:00,679 
日 志 级 别:  INFO
日 志 来 源: [9]::Chatter.Host.Program+<>c__DisplayClass7.<Main>b__0(f:\code\myRepo\Chatter\Host\Program.cs:47)
日 志 内 容:  CustomPeerResolverService已经启动
 

日 志 时 间:  2013-03-11 12:51:00,693 
日 志 级 别:  INFO
日 志 来 源: [14]::Chatter.Host.Program+<>c__DisplayClass3.<Main>b__2(f:\code\myRepo\Chatter\Host\Program.cs:61)
日 志 内 容:  开始接收心跳包
 

日 志 时 间:  2013-03-11 12:51:05,453 
日 志 级 别:  INFO
日 志 来 源: [11]::Chatter.Service.ChatterService.Login(f:\code\myRepo\Chatter\Service\ChatterService.cs:87)
日 志 内 容:  用户1234001 请求登录
 

日 志 时 间:  2013-03-11 12:51:05,706 
日 志 级 别:  INFO
日 志 来 源: [11]::Chatter.Service.ChatterService.Login(f:\code\myRepo\Chatter\Service\ChatterService.cs:141)
日 志 内 容:  用户1234001 登录成功
 

日 志 时 间:  2013-03-11 12:51:05,707 
日 志 级 别:  INFO
日 志 来 源: [11]::Chatter.Service.ChatterService.PrintOnLineNumber(f:\code\myRepo\Chatter\Service\ChatterService.cs:539)
日 志 内 容:  当前在线人数:1
 

日 志 时 间:  2013-03-11 12:51:10,232 
日 志 级 别:  INFO
日 志 来 源: [16]::Chatter.Service.ChatterService.Login(f:\code\myRepo\Chatter\Service\ChatterService.cs:87)
日 志 内 容:  用户1234002 请求登录
 

日 志 时 间:  2013-03-11 12:51:10,235 
日 志 级 别:  INFO
日 志 来 源: [16]::Chatter.Service.ChatterService.Login(f:\code\myRepo\Chatter\Service\ChatterService.cs:141)
日 志 内 容:  用户1234002 登录成功
 

日 志 时 间:  2013-03-11 12:51:10,235 
日 志 级 别:  INFO
日 志 来 源: [16]::Chatter.Service.ChatterService.PrintOnLineNumber(f:\code\myRepo\Chatter\Service\ChatterService.cs:539)
日 志 内 容:  当前在线人数:2
 

日 志 时 间:  2013-03-11 12:53:21,362 
日 志 级 别:  INFO
日 志 来 源: [9]::Chatter.Host.Program+<>c__DisplayClass7.<Main>b__0(f:\code\myRepo\Chatter\Host\Program.cs:47)
日 志 内 容:  RegisterService已经启动
 

日 志 时 间:  2013-03-11 12:53:21,411 
日 志 级 别:  INFO
日 志 来 源: [9]::Chatter.Host.Program+<>c__DisplayClass7.<Main>b__0(f:\code\myRepo\Chatter\Host\Program.cs:47)
日 志 内 容:  ChatterService已经启动
 

日 志 时 间:  2013-03-11 12:53:21,415 
日 志 级 别:  INFO
日 志 来 源: [9]::Chatter.Host.Program+<>c__DisplayClass7.<Main>b__0(f:\code\myRepo\Chatter\Host\Program.cs:47)
日 志 内 容:  CustomPeerResolverService已经启动
 

日 志 时 间:  2013-03-11 12:53:21,510 
日 志 级 别:  INFO
日 志 来 源: [14]::Chatter.Host.Program+<>c__DisplayClass3.<Main>b__2(f:\code\myRepo\Chatter\Host\Program.cs:61)
日 志 内 容:  开始接收心跳包
 

日 志 时 间:  2013-03-11 12:53:23,569 
日 志 级 别:  INFO
日 志 来 源: [11]::Chatter.Service.ChatterService.Login(f:\code\myRepo\Chatter\Service\ChatterService.cs:87)
日 志 内 容:  用户1234002 请求登录
 

日 志 时 间:  2013-03-11 12:53:23,853 
日 志 级 别:  INFO
日 志 来 源: [11]::Chatter.Service.ChatterService.Login(f:\code\myRepo\Chatter\Service\ChatterService.cs:141)
日 志 内 容:  用户1234002 登录成功
 

日 志 时 间:  2013-03-11 12:53:23,854 
日 志 级 别:  INFO
日 志 来 源: [11]::Chatter.Service.ChatterService.PrintOnLineNumber(f:\code\myRepo\Chatter\Service\ChatterService.cs:539)
日 志 内 容:  当前在线人数:1
 

日 志 时 间:  2013-03-11 12:53:28,525 
日 志 级 别:  INFO
日 志 来 源: [13]::Chatter.Service.ChatterService.Login(f:\code\myRepo\Chatter\Service\ChatterService.cs:87)
日 志 内 容:  用户12340012 请求登录
 

日 志 时 间:  2013-03-11 12:53:28,556 
日 志 级 别:  INFO
日 志 来 源: [13]::Chatter.Service.ChatterService.Login(f:\code\myRepo\Chatter\Service\ChatterService.cs:95)
日 志 内 容:  用户12340012 登录失败
 

日 志 时 间:  2013-03-11 12:53:31,727 
日 志 级 别:  INFO
日 志 来 源: [16]::Chatter.Service.ChatterService.Login(f:\code\myRepo\Chatter\Service\ChatterService.cs:87)
日 志 内 容:  用户1234001 请求登录
 

日 志 时 间:  2013-03-11 12:53:31,732 
日 志 级 别:  INFO
日 志 来 源: [16]::Chatter.Service.ChatterService.Login(f:\code\myRepo\Chatter\Service\ChatterService.cs:141)
日 志 内 容:  用户1234001 登录成功
 

日 志 时 间:  2013-03-11 12:53:31,733 
日 志 级 别:  INFO
日 志 来 源: [16]::Chatter.Service.ChatterService.PrintOnLineNumber(f:\code\myRepo\Chatter\Service\ChatterService.cs:539)
日 志 内 容:  当前在线人数:2
 

日 志 时 间:  2013-03-11 12:55:08,287 
日 志 级 别:  INFO
日 志 来 源: [9]::Chatter.Host.Program+<>c__DisplayClass7.<Main>b__0(f:\code\myRepo\Chatter\Host\Program.cs:47)
日 志 内 容:  RegisterService已经启动
 

日 志 时 间:  2013-03-11 12:55:08,343 
日 志 级 别:  INFO
日 志 来 源: [9]::Chatter.Host.Program+<>c__DisplayClass7.<Main>b__0(f:\code\myRepo\Chatter\Host\Program.cs:47)
日 志 内 容:  ChatterService已经启动
 

日 志 时 间:  2013-03-11 12:55:08,347 
日 志 级 别:  INFO
日 志 来 源: [9]::Chatter.Host.Program+<>c__DisplayClass7.<Main>b__0(f:\code\myRepo\Chatter\Host\Program.cs:47)
日 志 内 容:  CustomPeerResolverService已经启动
 

日 志 时 间:  2013-03-11 12:55:08,352 
日 志 级 别:  INFO
日 志 来 源: [14]::Chatter.Host.Program+<>c__DisplayClass3.<Main>b__2(f:\code\myRepo\Chatter\Host\Program.cs:61)
日 志 内 容:  开始接收心跳包
 

日 志 时 间:  2013-03-11 12:55:10,467 
日 志 级 别:  INFO
日 志 来 源: [13]::Chatter.Service.ChatterService.Login(f:\code\myRepo\Chatter\Service\ChatterService.cs:87)
日 志 内 容:  用户1234001 请求登录
 

日 志 时 间:  2013-03-11 12:55:10,793 
日 志 级 别:  INFO
日 志 来 源: [13]::Chatter.Service.ChatterService.Login(f:\code\myRepo\Chatter\Service\ChatterService.cs:141)
日 志 内 容:  用户1234001 登录成功
 

日 志 时 间:  2013-03-11 12:55:10,794 
日 志 级 别:  INFO
日 志 来 源: [13]::Chatter.Service.ChatterService.PrintOnLineNumber(f:\code\myRepo\Chatter\Service\ChatterService.cs:539)
日 志 内 容:  当前在线人数:1
 

日 志 时 间:  2013-03-11 12:55:15,099 
日 志 级 别:  INFO
日 志 来 源: [11]::Chatter.Service.ChatterService.Login(f:\code\myRepo\Chatter\Service\ChatterService.cs:87)
日 志 内 容:  用户1234002 请求登录
 

日 志 时 间:  2013-03-11 12:55:15,101 
日 志 级 别:  INFO
日 志 来 源: [11]::Chatter.Service.ChatterService.Login(f:\code\myRepo\Chatter\Service\ChatterService.cs:141)
日 志 内 容:  用户1234002 登录成功
 

日 志 时 间:  2013-03-11 12:55:15,102 
日 志 级 别:  INFO
日 志 来 源: [11]::Chatter.Service.ChatterService.PrintOnLineNumber(f:\code\myRepo\Chatter\Service\ChatterService.cs:539)
日 志 内 容:  当前在线人数:2
 

日 志 时 间:  2013-03-11 12:55:39,111 
日 志 级 别:  INFO
日 志 来 源: [13]::Chatter.Service.ChatterService.Logoff(f:\code\myRepo\Chatter\Service\ChatterService.cs:171)
日 志 内 容:  用户1234002 asdf退出
 

日 志 时 间:  2013-03-11 12:55:39,112 
日 志 级 别:  INFO
日 志 来 源: [13]::Chatter.Service.ChatterService.PrintOnLineNumber(f:\code\myRepo\Chatter\Service\ChatterService.cs:539)
日 志 内 容:  当前在线人数:1
 

日 志 时 间:  2013-03-11 12:56:33,074 
日 志 级 别:  INFO
日 志 来 源: [10]::Chatter.Host.Program+<>c__DisplayClass7.<Main>b__0(f:\code\myRepo\Chatter\Host\Program.cs:47)
日 志 内 容:  RegisterService已经启动
 

日 志 时 间:  2013-03-11 12:56:33,163 
日 志 级 别:  INFO
日 志 来 源: [10]::Chatter.Host.Program+<>c__DisplayClass7.<Main>b__0(f:\code\myRepo\Chatter\Host\Program.cs:47)
日 志 内 容:  ChatterService已经启动
 

日 志 时 间:  2013-03-11 12:56:33,167 
日 志 级 别:  INFO
日 志 来 源: [10]::Chatter.Host.Program+<>c__DisplayClass7.<Main>b__0(f:\code\myRepo\Chatter\Host\Program.cs:47)
日 志 内 容:  CustomPeerResolverService已经启动
 

日 志 时 间:  2013-03-11 12:56:33,184 
日 志 级 别:  INFO
日 志 来 源: [15]::Chatter.Host.Program+<>c__DisplayClass3.<Main>b__2(f:\code\myRepo\Chatter\Host\Program.cs:61)
日 志 内 容:  开始接收心跳包
 

日 志 时 间:  2013-03-11 12:56:38,909 
日 志 级 别:  INFO
日 志 来 源: [12]::Chatter.Service.ChatterService.Login(f:\code\myRepo\Chatter\Service\ChatterService.cs:87)
日 志 内 容:  用户1234002 请求登录
 

日 志 时 间:  2013-03-11 12:56:39,220 
日 志 级 别:  INFO
日 志 来 源: [12]::Chatter.Service.ChatterService.Login(f:\code\myRepo\Chatter\Service\ChatterService.cs:141)
日 志 内 容:  用户1234002 登录成功
 

日 志 时 间:  2013-03-11 12:56:39,221 
日 志 级 别:  INFO
日 志 来 源: [12]::Chatter.Service.ChatterService.PrintOnLineNumber(f:\code\myRepo\Chatter\Service\ChatterService.cs:539)
日 志 内 容:  当前在线人数:1
 

日 志 时 间:  2013-03-11 12:56:43,116 
日 志 级 别:  INFO
日 志 来 源: [14]::Chatter.Service.ChatterService.Login(f:\code\myRepo\Chatter\Service\ChatterService.cs:87)
日 志 内 容:  用户1234001 请求登录
 

日 志 时 间:  2013-03-11 12:56:43,119 
日 志 级 别:  INFO
日 志 来 源: [14]::Chatter.Service.ChatterService.Login(f:\code\myRepo\Chatter\Service\ChatterService.cs:141)
日 志 内 容:  用户1234001 登录成功
 

日 志 时 间:  2013-03-11 12:56:43,120 
日 志 级 别:  INFO
日 志 来 源: [14]::Chatter.Service.ChatterService.PrintOnLineNumber(f:\code\myRepo\Chatter\Service\ChatterService.cs:539)
日 志 内 容:  当前在线人数:2
 

日 志 时 间:  2013-03-11 12:57:11,847 
日 志 级 别:  INFO
日 志 来 源: [9]::Chatter.Host.Program+<>c__DisplayClass7.<Main>b__0(f:\code\myRepo\Chatter\Host\Program.cs:47)
日 志 内 容:  RegisterService已经启动
 

日 志 时 间:  2013-03-11 12:57:11,949 
日 志 级 别:  INFO
日 志 来 源: [9]::Chatter.Host.Program+<>c__DisplayClass7.<Main>b__0(f:\code\myRepo\Chatter\Host\Program.cs:47)
日 志 内 容:  ChatterService已经启动
 

日 志 时 间:  2013-03-11 12:57:11,953 
日 志 级 别:  INFO
日 志 来 源: [9]::Chatter.Host.Program+<>c__DisplayClass7.<Main>b__0(f:\code\myRepo\Chatter\Host\Program.cs:47)
日 志 内 容:  CustomPeerResolverService已经启动
 

日 志 时 间:  2013-03-11 12:57:11,974 
日 志 级 别:  INFO
日 志 来 源: [14]::Chatter.Host.Program+<>c__DisplayClass3.<Main>b__2(f:\code\myRepo\Chatter\Host\Program.cs:61)
日 志 内 容:  开始接收心跳包
 

日 志 时 间:  2013-03-11 12:57:17,660 
日 志 级 别:  INFO
日 志 来 源: [13]::Chatter.Service.ChatterService.Login(f:\code\myRepo\Chatter\Service\ChatterService.cs:87)
日 志 内 容:  用户1234001 请求登录
 

日 志 时 间:  2013-03-11 12:57:17,954 
日 志 级 别:  INFO
日 志 来 源: [13]::Chatter.Service.ChatterService.Login(f:\code\myRepo\Chatter\Service\ChatterService.cs:141)
日 志 内 容:  用户1234001 登录成功
 

日 志 时 间:  2013-03-11 12:57:17,955 
日 志 级 别:  INFO
日 志 来 源: [13]::Chatter.Service.ChatterService.PrintOnLineNumber(f:\code\myRepo\Chatter\Service\ChatterService.cs:539)
日 志 内 容:  当前在线人数:1
 

日 志 时 间:  2013-03-11 12:57:22,131 
日 志 级 别:  INFO
日 志 来 源: [11]::Chatter.Service.ChatterService.Login(f:\code\myRepo\Chatter\Service\ChatterService.cs:87)
日 志 内 容:  用户1234002 请求登录
 

日 志 时 间:  2013-03-11 12:57:22,134 
日 志 级 别:  INFO
日 志 来 源: [11]::Chatter.Service.ChatterService.Login(f:\code\myRepo\Chatter\Service\ChatterService.cs:141)
日 志 内 容:  用户1234002 登录成功
 

日 志 时 间:  2013-03-11 12:57:22,134 
日 志 级 别:  INFO
日 志 来 源: [11]::Chatter.Service.ChatterService.PrintOnLineNumber(f:\code\myRepo\Chatter\Service\ChatterService.cs:539)
日 志 内 容:  当前在线人数:2
 

日 志 时 间:  2013-03-11 12:57:42,973 
日 志 级 别:  INFO
日 志 来 源: [14]::Chatter.Service.ChatterService.Logoff(f:\code\myRepo\Chatter\Service\ChatterService.cs:171)
日 志 内 容:  用户1234002 asdf退出
 

日 志 时 间:  2013-03-11 12:57:42,974 
日 志 级 别:  INFO
日 志 来 源: [14]::Chatter.Service.ChatterService.PrintOnLineNumber(f:\code\myRepo\Chatter\Service\ChatterService.cs:539)
日 志 内 容:  当前在线人数:1
 

日 志 时 间:  2013-03-11 13:03:50,260 
日 志 级 别:  INFO
日 志 来 源: [9]::Chatter.Host.Program+<>c__DisplayClass7.<Main>b__0(f:\code\myRepo\Chatter\Host\Program.cs:47)
日 志 内 容:  RegisterService已经启动
 

日 志 时 间:  2013-03-11 13:03:50,300 
日 志 级 别:  INFO
日 志 来 源: [9]::Chatter.Host.Program+<>c__DisplayClass7.<Main>b__0(f:\code\myRepo\Chatter\Host\Program.cs:47)
日 志 内 容:  ChatterService已经启动
 

日 志 时 间:  2013-03-11 13:03:50,303 
日 志 级 别:  INFO
日 志 来 源: [9]::Chatter.Host.Program+<>c__DisplayClass7.<Main>b__0(f:\code\myRepo\Chatter\Host\Program.cs:47)
日 志 内 容:  CustomPeerResolverService已经启动
 

日 志 时 间:  2013-03-11 13:03:50,307 
日 志 级 别:  INFO
日 志 来 源: [14]::Chatter.Host.Program+<>c__DisplayClass3.<Main>b__2(f:\code\myRepo\Chatter\Host\Program.cs:61)
日 志 内 容:  开始接收心跳包
 

日 志 时 间:  2013-03-11 13:03:54,916 
日 志 级 别:  INFO
日 志 来 源: [13]::Chatter.Service.ChatterService.Login(f:\code\myRepo\Chatter\Service\ChatterService.cs:87)
日 志 内 容:  用户1234002 请求登录
 

日 志 时 间:  2013-03-11 13:03:55,227 
日 志 级 别:  INFO
日 志 来 源: [13]::Chatter.Service.ChatterService.Login(f:\code\myRepo\Chatter\Service\ChatterService.cs:141)
日 志 内 容:  用户1234002 登录成功
 

日 志 时 间:  2013-03-11 13:03:55,228 
日 志 级 别:  INFO
日 志 来 源: [13]::Chatter.Service.ChatterService.PrintOnLineNumber(f:\code\myRepo\Chatter\Service\ChatterService.cs:539)
日 志 内 容:  当前在线人数:1
 

日 志 时 间:  2013-03-11 13:03:58,269 
日 志 级 别:  INFO
日 志 来 源: [13]::Chatter.Service.ChatterService.Login(f:\code\myRepo\Chatter\Service\ChatterService.cs:87)
日 志 内 容:  用户1234001 请求登录
 

日 志 时 间:  2013-03-11 13:03:58,271 
日 志 级 别:  INFO
日 志 来 源: [13]::Chatter.Service.ChatterService.Login(f:\code\myRepo\Chatter\Service\ChatterService.cs:141)
日 志 内 容:  用户1234001 登录成功
 

日 志 时 间:  2013-03-11 13:03:58,292 
日 志 级 别:  INFO
日 志 来 源: [13]::Chatter.Service.ChatterService.PrintOnLineNumber(f:\code\myRepo\Chatter\Service\ChatterService.cs:539)
日 志 内 容:  当前在线人数:2
 

日 志 时 间:  2013-03-11 13:04:06,319 
日 志 级 别:  INFO
日 志 来 源: [14]::Chatter.Service.ChatterService.Logoff(f:\code\myRepo\Chatter\Service\ChatterService.cs:171)
日 志 内 容:  用户1234002 asdf退出
 

日 志 时 间:  2013-03-11 13:04:06,320 
日 志 级 别:  INFO
日 志 来 源: [14]::Chatter.Service.ChatterService.PrintOnLineNumber(f:\code\myRepo\Chatter\Service\ChatterService.cs:539)
日 志 内 容:  当前在线人数:1
 

日 志 时 间:  2013-03-11 13:05:10,336 
日 志 级 别:  INFO
日 志 来 源: [1]::Chatter.Host.Program+<>c__DisplayClass7.<Main>b__0(f:\code\myRepo\Chatter\Host\Program.cs:47)
日 志 内 容:  RegisterService已经启动
 

日 志 时 间:  2013-03-11 13:05:10,401 
日 志 级 别:  INFO
日 志 来 源: [1]::Chatter.Host.Program+<>c__DisplayClass7.<Main>b__0(f:\code\myRepo\Chatter\Host\Program.cs:47)
日 志 内 容:  ChatterService已经启动
 

日 志 时 间:  2013-03-11 13:05:10,406 
日 志 级 别:  INFO
日 志 来 源: [1]::Chatter.Host.Program+<>c__DisplayClass7.<Main>b__0(f:\code\myRepo\Chatter\Host\Program.cs:47)
日 志 内 容:  CustomPeerResolverService已经启动
 

日 志 时 间:  2013-03-11 13:05:10,409 
日 志 级 别:  INFO
日 志 来 源: [7]::Chatter.Host.Program+<>c__DisplayClass3.<Main>b__2(f:\code\myRepo\Chatter\Host\Program.cs:61)
日 志 内 容:  开始接收心跳包
 

日 志 时 间:  2013-03-11 13:05:14,163 
日 志 级 别:  INFO
日 志 来 源: [5]::Chatter.Service.ChatterService.Login(f:\code\myRepo\Chatter\Service\ChatterService.cs:87)
日 志 内 容:  用户1234001 请求登录
 

日 志 时 间:  2013-03-11 13:05:14,446 
日 志 级 别:  INFO
日 志 来 源: [5]::Chatter.Service.ChatterService.Login(f:\code\myRepo\Chatter\Service\ChatterService.cs:141)
日 志 内 容:  用户1234001 登录成功
 

日 志 时 间:  2013-03-11 13:05:14,447 
日 志 级 别:  INFO
日 志 来 源: [5]::Chatter.Service.ChatterService.PrintOnLineNumber(f:\code\myRepo\Chatter\Service\ChatterService.cs:539)
日 志 内 容:  当前在线人数:1
 

日 志 时 间:  2013-03-11 13:05:21,575 
日 志 级 别:  INFO
日 志 来 源: [4]::Chatter.Service.ChatterService.Login(f:\code\myRepo\Chatter\Service\ChatterService.cs:87)
日 志 内 容:  用户1234002 请求登录
 

日 志 时 间:  2013-03-11 13:05:21,577 
日 志 级 别:  INFO
日 志 来 源: [4]::Chatter.Service.ChatterService.Login(f:\code\myRepo\Chatter\Service\ChatterService.cs:141)
日 志 内 容:  用户1234002 登录成功
 

日 志 时 间:  2013-03-11 13:05:21,578 
日 志 级 别:  INFO
日 志 来 源: [4]::Chatter.Service.ChatterService.PrintOnLineNumber(f:\code\myRepo\Chatter\Service\ChatterService.cs:539)
日 志 内 容:  当前在线人数:2
 

日 志 时 间:  2013-03-11 13:05:41,223 
日 志 级 别:  INFO
日 志 来 源: [1]::Chatter.Host.Program+<>c__DisplayClass7.<Main>b__1(f:\code\myRepo\Chatter\Host\Program.cs:52)
日 志 内 容:  RegisterService已经关闭
 

日 志 时 间:  2013-03-11 13:05:41,300 
日 志 级 别:  INFO
日 志 来 源: [5]::Chatter.Service.ChatterService.Logoff(f:\code\myRepo\Chatter\Service\ChatterService.cs:171)
日 志 内 容:  用户1234002 asdf退出
 

日 志 时 间:  2013-03-11 13:05:41,301 
日 志 级 别:  INFO
日 志 来 源: [5]::Chatter.Service.ChatterService.PrintOnLineNumber(f:\code\myRepo\Chatter\Service\ChatterService.cs:539)
日 志 内 容:  当前在线人数:1
 

日 志 时 间:  2013-03-11 13:05:41,412 
日 志 级 别:  INFO
日 志 来 源: [7]::Chatter.Host.Program+<>c__DisplayClass3.<Main>b__2(f:\code\myRepo\Chatter\Host\Program.cs:92)
日 志 内 容:  停止接收心跳包
 

日 志 时 间:  2013-03-11 13:05:41,551 
日 志 级 别:  INFO
日 志 来 源: [5]::Chatter.Service.ChatterService.Logoff(f:\code\myRepo\Chatter\Service\ChatterService.cs:171)
日 志 内 容:  用户1234001 Tom退出
 

日 志 时 间:  2013-03-11 13:05:41,552 
日 志 级 别:  INFO
日 志 来 源: [5]::Chatter.Service.ChatterService.PrintOnLineNumber(f:\code\myRepo\Chatter\Service\ChatterService.cs:539)
日 志 内 容:  当前在线人数:0
 

日 志 时 间:  2013-03-11 13:05:41,553 
日 志 级 别:  INFO
日 志 来 源: [1]::Chatter.Host.Program+<>c__DisplayClass7.<Main>b__1(f:\code\myRepo\Chatter\Host\Program.cs:52)
日 志 内 容:  ChatterService已经关闭
 

日 志 时 间:  2013-03-11 13:05:41,555 
日 志 级 别:  INFO
日 志 来 源: [1]::Chatter.Host.Program+<>c__DisplayClass7.<Main>b__1(f:\code\myRepo\Chatter\Host\Program.cs:52)
日 志 内 容:  CustomPeerResolverService已经关闭
 

日 志 时 间:  2013-03-11 13:11:49,314 
日 志 级 别:  INFO
日 志 来 源: [1]::Chatter.Host.Program+<>c__DisplayClass7.<Main>b__0(f:\code\myRepo\Chatter\Host\Program.cs:47)
日 志 内 容:  RegisterService已经启动
 

日 志 时 间:  2013-03-11 13:11:49,414 
日 志 级 别:  INFO
日 志 来 源: [1]::Chatter.Host.Program+<>c__DisplayClass7.<Main>b__0(f:\code\myRepo\Chatter\Host\Program.cs:47)
日 志 内 容:  ChatterService已经启动
 

日 志 时 间:  2013-03-11 13:11:49,417 
日 志 级 别:  INFO
日 志 来 源: [1]::Chatter.Host.Program+<>c__DisplayClass7.<Main>b__0(f:\code\myRepo\Chatter\Host\Program.cs:47)
日 志 内 容:  CustomPeerResolverService已经启动
 

日 志 时 间:  2013-03-11 13:11:49,419 
日 志 级 别:  INFO
日 志 来 源: [7]::Chatter.Host.Program+<>c__DisplayClass3.<Main>b__2(f:\code\myRepo\Chatter\Host\Program.cs:61)
日 志 内 容:  开始接收心跳包
 

日 志 时 间:  2013-03-11 13:23:31,765 
日 志 级 别:  INFO
日 志 来 源: [1]::Chatter.Host.Program+<>c__DisplayClass7.<Main>b__1(f:\code\myRepo\Chatter\Host\Program.cs:52)
日 志 内 容:  RegisterService已经关闭
 

日 志 时 间:  2013-03-11 13:23:31,766 
日 志 级 别:  INFO
日 志 来 源: [1]::Chatter.Host.Program+<>c__DisplayClass7.<Main>b__1(f:\code\myRepo\Chatter\Host\Program.cs:52)
日 志 内 容:  ChatterService已经关闭
 

日 志 时 间:  2013-03-11 13:23:31,767 
日 志 级 别:  INFO
日 志 来 源: [1]::Chatter.Host.Program+<>c__DisplayClass7.<Main>b__1(f:\code\myRepo\Chatter\Host\Program.cs:52)
日 志 内 容:  CustomPeerResolverService已经关闭
 

日 志 时 间:  2013-03-11 13:23:32,515 
日 志 级 别:  INFO
日 志 来 源: [7]::Chatter.Host.Program+<>c__DisplayClass3.<Main>b__2(f:\code\myRepo\Chatter\Host\Program.cs:92)
日 志 内 容:  停止接收心跳包
 

日 志 时 间:  2013-03-11 13:24:26,617 
日 志 级 别:  INFO
日 志 来 源: [1]::Chatter.Host.Program+<>c__DisplayClass7.<Main>b__0(f:\code\myRepo\Chatter\Host\Program.cs:47)
日 志 内 容:  RegisterService已经启动
 

日 志 时 间:  2013-03-11 13:24:26,674 
日 志 级 别:  INFO
日 志 来 源: [1]::Chatter.Host.Program+<>c__DisplayClass7.<Main>b__0(f:\code\myRepo\Chatter\Host\Program.cs:47)
日 志 内 容:  ChatterService已经启动
 

日 志 时 间:  2013-03-11 13:24:26,678 
日 志 级 别:  INFO
日 志 来 源: [1]::Chatter.Host.Program+<>c__DisplayClass7.<Main>b__0(f:\code\myRepo\Chatter\Host\Program.cs:47)
日 志 内 容:  CustomPeerResolverService已经启动
 

日 志 时 间:  2013-03-11 13:24:26,683 
日 志 级 别:  INFO
日 志 来 源: [7]::Chatter.Host.Program+<>c__DisplayClass3.<Main>b__2(f:\code\myRepo\Chatter\Host\Program.cs:61)
日 志 内 容:  开始接收心跳包
 

日 志 时 间:  2013-03-11 13:27:46,361 
日 志 级 别:  INFO
日 志 来 源: [13]::Chatter.Service.ChatterService.Login(f:\code\myRepo\Chatter\Service\ChatterService.cs:87)
日 志 内 容:  用户1234002 请求登录
 

日 志 时 间:  2013-03-11 13:27:46,621 
日 志 级 别:  INFO
日 志 来 源: [13]::Chatter.Service.ChatterService.Login(f:\code\myRepo\Chatter\Service\ChatterService.cs:141)
日 志 内 容:  用户1234002 登录成功
 

日 志 时 间:  2013-03-11 13:27:46,622 
日 志 级 别:  INFO
日 志 来 源: [13]::Chatter.Service.ChatterService.PrintOnLineNumber(f:\code\myRepo\Chatter\Service\ChatterService.cs:539)
日 志 内 容:  当前在线人数:1
 

日 志 时 间:  2013-03-11 13:27:50,051 
日 志 级 别:  INFO
日 志 来 源: [11]::Chatter.Service.ChatterService.Login(f:\code\myRepo\Chatter\Service\ChatterService.cs:87)
日 志 内 容:  用户1234001 请求登录
 

日 志 时 间:  2013-03-11 13:27:50,053 
日 志 级 别:  INFO
日 志 来 源: [11]::Chatter.Service.ChatterService.Login(f:\code\myRepo\Chatter\Service\ChatterService.cs:141)
日 志 内 容:  用户1234001 登录成功
 

日 志 时 间:  2013-03-11 13:27:50,053 
日 志 级 别:  INFO
日 志 来 源: [11]::Chatter.Service.ChatterService.PrintOnLineNumber(f:\code\myRepo\Chatter\Service\ChatterService.cs:539)
日 志 内 容:  当前在线人数:2
 

日 志 时 间:  2013-03-11 13:28:10,402 
日 志 级 别:  INFO
日 志 来 源: [11]::Chatter.Service.ChatterService.Logoff(f:\code\myRepo\Chatter\Service\ChatterService.cs:171)
日 志 内 容:  用户1234001 Tom退出
 

日 志 时 间:  2013-03-11 13:28:10,402 
日 志 级 别:  INFO
日 志 来 源: [11]::Chatter.Service.ChatterService.PrintOnLineNumber(f:\code\myRepo\Chatter\Service\ChatterService.cs:539)
日 志 内 容:  当前在线人数:1
 

日 志 时 间:  2013-03-11 13:28:11,958 
日 志 级 别:  INFO
日 志 来 源: [11]::Chatter.Service.ChatterService.Logoff(f:\code\myRepo\Chatter\Service\ChatterService.cs:171)
日 志 内 容:  用户1234002 asdf退出
 

日 志 时 间:  2013-03-11 13:28:11,980 
日 志 级 别:  INFO
日 志 来 源: [11]::Chatter.Service.ChatterService.PrintOnLineNumber(f:\code\myRepo\Chatter\Service\ChatterService.cs:539)
日 志 内 容:  当前在线人数:0
 

日 志 时 间:  2013-03-11 13:32:40,883 
日 志 级 别:  INFO
日 志 来 源: [9]::Chatter.Host.Program+<>c__DisplayClass7.<Main>b__0(f:\code\myRepo\Chatter\Host\Program.cs:47)
日 志 内 容:  RegisterService已经启动
 

日 志 时 间:  2013-03-11 13:32:40,945 
日 志 级 别:  INFO
日 志 来 源: [9]::Chatter.Host.Program+<>c__DisplayClass7.<Main>b__0(f:\code\myRepo\Chatter\Host\Program.cs:47)
日 志 内 容:  ChatterService已经启动
 

日 志 时 间:  2013-03-11 13:32:40,949 
日 志 级 别:  INFO
日 志 来 源: [9]::Chatter.Host.Program+<>c__DisplayClass7.<Main>b__0(f:\code\myRepo\Chatter\Host\Program.cs:47)
日 志 内 容:  CustomPeerResolverService已经启动
 

日 志 时 间:  2013-03-11 13:32:40,955 
日 志 级 别:  INFO
日 志 来 源: [14]::Chatter.Host.Program+<>c__DisplayClass3.<Main>b__2(f:\code\myRepo\Chatter\Host\Program.cs:61)
日 志 内 容:  开始接收心跳包
 

日 志 时 间:  2013-03-11 13:33:19,607 
日 志 级 别:  INFO
日 志 来 源: [16]::Chatter.Service.ChatterService.Login(f:\code\myRepo\Chatter\Service\ChatterService.cs:87)
日 志 内 容:  用户1234001 请求登录
 

日 志 时 间:  2013-03-11 13:33:19,914 
日 志 级 别:  INFO
日 志 来 源: [16]::Chatter.Service.ChatterService.Login(f:\code\myRepo\Chatter\Service\ChatterService.cs:141)
日 志 内 容:  用户1234001 登录成功
 

日 志 时 间:  2013-03-11 13:33:19,916 
日 志 级 别:  INFO
日 志 来 源: [16]::Chatter.Service.ChatterService.PrintOnLineNumber(f:\code\myRepo\Chatter\Service\ChatterService.cs:539)
日 志 内 容:  当前在线人数:1
 

日 志 时 间:  2013-03-11 13:33:23,448 
日 志 级 别:  INFO
日 志 来 源: [16]::Chatter.Service.ChatterService.Login(f:\code\myRepo\Chatter\Service\ChatterService.cs:87)
日 志 内 容:  用户1234002 请求登录
 

日 志 时 间:  2013-03-11 13:33:23,450 
日 志 级 别:  INFO
日 志 来 源: [16]::Chatter.Service.ChatterService.Login(f:\code\myRepo\Chatter\Service\ChatterService.cs:141)
日 志 内 容:  用户1234002 登录成功
 

日 志 时 间:  2013-03-11 13:33:23,451 
日 志 级 别:  INFO
日 志 来 源: [16]::Chatter.Service.ChatterService.PrintOnLineNumber(f:\code\myRepo\Chatter\Service\ChatterService.cs:539)
日 志 内 容:  当前在线人数:2
 

日 志 时 间:  2013-03-11 13:33:37,591 
日 志 级 别:  INFO
日 志 来 源: [14]::Chatter.Service.ChatterService.Logoff(f:\code\myRepo\Chatter\Service\ChatterService.cs:171)
日 志 内 容:  用户1234001 Tom退出
 

日 志 时 间:  2013-03-11 13:33:37,596 
日 志 级 别:  INFO
日 志 来 源: [14]::Chatter.Service.ChatterService.PrintOnLineNumber(f:\code\myRepo\Chatter\Service\ChatterService.cs:539)
日 志 内 容:  当前在线人数:1
 

日 志 时 间:  2013-03-11 13:34:04,013 
日 志 级 别:  INFO
日 志 来 源: [14]::Chatter.Service.ChatterService.Logoff(f:\code\myRepo\Chatter\Service\ChatterService.cs:171)
日 志 内 容:  用户1234002 asdf退出
 

日 志 时 间:  2013-03-11 13:34:04,014 
日 志 级 别:  INFO
日 志 来 源: [14]::Chatter.Service.ChatterService.PrintOnLineNumber(f:\code\myRepo\Chatter\Service\ChatterService.cs:539)
日 志 内 容:  当前在线人数:0
 

日 志 时 间:  2013-03-11 13:34:04,016 
日 志 级 别:  ERROR
日 志 来 源: [19]::Service.UDPHolePunching+<>c__DisplayClass5.<.ctor>b__2(f:\code\myRepo\Chatter\Service\UDPHolePunching.cs:65)
日 志 内 容:  接收udp包出错
 System.Net.Sockets.SocketException: A request to send or receive data was disallowed because the socket is not connected and (when sending on a datagram socket using a sendto call) no address was supplied
   at System.Net.Sockets.Socket.get_RemoteEndPoint()
   at Service.UDPHolePunching.<>c__DisplayClass5.<.ctor>b__2() in f:\code\myRepo\Chatter\Service\UDPHolePunching.cs:line 65


日 志 时 间:  2013-03-11 13:35:02,281 
日 志 级 别:  INFO
日 志 来 源: [10]::Chatter.Host.Program+<>c__DisplayClass7.<Main>b__0(f:\code\myRepo\Chatter\Host\Program.cs:47)
日 志 内 容:  RegisterService已经启动
 

日 志 时 间:  2013-03-11 13:35:02,327 
日 志 级 别:  INFO
日 志 来 源: [10]::Chatter.Host.Program+<>c__DisplayClass7.<Main>b__0(f:\code\myRepo\Chatter\Host\Program.cs:47)
日 志 内 容:  ChatterService已经启动
 

日 志 时 间:  2013-03-11 13:35:02,330 
日 志 级 别:  INFO
日 志 来 源: [10]::Chatter.Host.Program+<>c__DisplayClass7.<Main>b__0(f:\code\myRepo\Chatter\Host\Program.cs:47)
日 志 内 容:  CustomPeerResolverService已经启动
 

日 志 时 间:  2013-03-11 13:35:02,335 
日 志 级 别:  INFO
日 志 来 源: [15]::Chatter.Host.Program+<>c__DisplayClass3.<Main>b__2(f:\code\myRepo\Chatter\Host\Program.cs:61)
日 志 内 容:  开始接收心跳包
 

日 志 时 间:  2013-03-11 13:35:06,131 
日 志 级 别:  INFO
日 志 来 源: [13]::Chatter.Service.ChatterService.Login(f:\code\myRepo\Chatter\Service\ChatterService.cs:87)
日 志 内 容:  用户1234002 请求登录
 

日 志 时 间:  2013-03-11 13:35:06,383 
日 志 级 别:  INFO
日 志 来 源: [13]::Chatter.Service.ChatterService.Login(f:\code\myRepo\Chatter\Service\ChatterService.cs:141)
日 志 内 容:  用户1234002 登录成功
 

日 志 时 间:  2013-03-11 13:35:06,384 
日 志 级 别:  INFO
日 志 来 源: [13]::Chatter.Service.ChatterService.PrintOnLineNumber(f:\code\myRepo\Chatter\Service\ChatterService.cs:539)
日 志 内 容:  当前在线人数:1
 

日 志 时 间:  2013-03-11 13:35:08,433 
日 志 级 别:  INFO
日 志 来 源: [13]::Chatter.Service.ChatterService.Login(f:\code\myRepo\Chatter\Service\ChatterService.cs:87)
日 志 内 容:  用户1234001 请求登录
 

日 志 时 间:  2013-03-11 13:35:08,435 
日 志 级 别:  INFO
日 志 来 源: [13]::Chatter.Service.ChatterService.Login(f:\code\myRepo\Chatter\Service\ChatterService.cs:141)
日 志 内 容:  用户1234001 登录成功
 

日 志 时 间:  2013-03-11 13:35:08,435 
日 志 级 别:  INFO
日 志 来 源: [13]::Chatter.Service.ChatterService.PrintOnLineNumber(f:\code\myRepo\Chatter\Service\ChatterService.cs:539)
日 志 内 容:  当前在线人数:2
 

日 志 时 间:  2013-03-11 13:35:27,087 
日 志 级 别:  INFO
日 志 来 源: [15]::Chatter.Service.ChatterService.Logoff(f:\code\myRepo\Chatter\Service\ChatterService.cs:171)
日 志 内 容:  用户1234002 asdf退出
 

日 志 时 间:  2013-03-11 13:35:27,090 
日 志 级 别:  INFO
日 志 来 源: [15]::Chatter.Service.ChatterService.PrintOnLineNumber(f:\code\myRepo\Chatter\Service\ChatterService.cs:539)
日 志 内 容:  当前在线人数:1
 

日 志 时 间:  2013-03-11 13:37:09,116 
日 志 级 别:  INFO
日 志 来 源: [15]::Chatter.Service.ChatterService.Logoff(f:\code\myRepo\Chatter\Service\ChatterService.cs:171)
日 志 内 容:  用户1234001 Tom退出
 

日 志 时 间:  2013-03-11 13:37:09,116 
日 志 级 别:  INFO
日 志 来 源: [15]::Chatter.Service.ChatterService.PrintOnLineNumber(f:\code\myRepo\Chatter\Service\ChatterService.cs:539)
日 志 内 容:  当前在线人数:0
 

日 志 时 间:  2013-03-11 13:37:09,519 
日 志 级 别:  ERROR
日 志 来 源: [17]::Service.UDPHolePunching+<>c__DisplayClass5.<.ctor>b__2(f:\code\myRepo\Chatter\Service\UDPHolePunching.cs:65)
日 志 内 容:  接收udp包出错
 System.Net.Sockets.SocketException: A request to send or receive data was disallowed because the socket is not connected and (when sending on a datagram socket using a sendto call) no address was supplied
   at System.Net.Sockets.Socket.get_RemoteEndPoint()
   at Service.UDPHolePunching.<>c__DisplayClass5.<.ctor>b__2() in f:\code\myRepo\Chatter\Service\UDPHolePunching.cs:line 65


日 志 时 间:  2013-03-11 13:37:10,150 
日 志 级 别:  INFO
日 志 来 源: [20]::Chatter.Service.ChatterService.Logoff(f:\code\myRepo\Chatter\Service\ChatterService.cs:171)
日 志 内 容:  用户1234001 Tom退出
 

日 志 时 间:  2013-03-11 13:37:10,150 
日 志 级 别:  INFO
日 志 来 源: [18]::Chatter.Service.ChatterService.Logoff(f:\code\myRepo\Chatter\Service\ChatterService.cs:171)
日 志 内 容:  用户1234002 asdf退出
 

日 志 时 间:  2013-03-11 13:37:10,151 
日 志 级 别:  INFO
日 志 来 源: [20]::Chatter.Service.ChatterService.PrintOnLineNumber(f:\code\myRepo\Chatter\Service\ChatterService.cs:539)
日 志 内 容:  当前在线人数:0
 

日 志 时 间:  2013-03-11 13:37:10,151 
日 志 级 别:  INFO
日 志 来 源: [18]::Chatter.Service.ChatterService.PrintOnLineNumber(f:\code\myRepo\Chatter\Service\ChatterService.cs:539)
日 志 内 容:  当前在线人数:0
 

日 志 时 间:  2013-03-11 13:37:34,077 
日 志 级 别:  INFO
日 志 来 源: [10]::Chatter.Host.Program+<>c__DisplayClass7.<Main>b__0(f:\code\myRepo\Chatter\Host\Program.cs:47)
日 志 内 容:  RegisterService已经启动
 

日 志 时 间:  2013-03-11 13:37:34,107 
日 志 级 别:  INFO
日 志 来 源: [10]::Chatter.Host.Program+<>c__DisplayClass7.<Main>b__0(f:\code\myRepo\Chatter\Host\Program.cs:47)
日 志 内 容:  ChatterService已经启动
 

日 志 时 间:  2013-03-11 13:37:34,109 
日 志 级 别:  INFO
日 志 来 源: [10]::Chatter.Host.Program+<>c__DisplayClass7.<Main>b__0(f:\code\myRepo\Chatter\Host\Program.cs:47)
日 志 内 容:  CustomPeerResolverService已经启动
 

日 志 时 间:  2013-03-11 13:37:34,112 
日 志 级 别:  INFO
日 志 来 源: [15]::Chatter.Host.Program+<>c__DisplayClass3.<Main>b__2(f:\code\myRepo\Chatter\Host\Program.cs:61)
日 志 内 容:  开始接收心跳包
 

日 志 时 间:  2013-03-11 13:37:35,692 
日 志 级 别:  INFO
日 志 来 源: [12]::Chatter.Service.ChatterService.Login(f:\code\myRepo\Chatter\Service\ChatterService.cs:87)
日 志 内 容:  用户1234001 请求登录
 

日 志 时 间:  2013-03-11 13:37:35,943 
日 志 级 别:  INFO
日 志 来 源: [12]::Chatter.Service.ChatterService.Login(f:\code\myRepo\Chatter\Service\ChatterService.cs:141)
日 志 内 容:  用户1234001 登录成功
 

日 志 时 间:  2013-03-11 13:37:35,944 
日 志 级 别:  INFO
日 志 来 源: [12]::Chatter.Service.ChatterService.PrintOnLineNumber(f:\code\myRepo\Chatter\Service\ChatterService.cs:539)
日 志 内 容:  当前在线人数:1
 

日 志 时 间:  2013-03-11 13:37:40,746 
日 志 级 别:  INFO
日 志 来 源: [12]::Chatter.Service.ChatterService.Login(f:\code\myRepo\Chatter\Service\ChatterService.cs:87)
日 志 内 容:  用户1234002 请求登录
 

日 志 时 间:  2013-03-11 13:37:40,748 
日 志 级 别:  INFO
日 志 来 源: [12]::Chatter.Service.ChatterService.Login(f:\code\myRepo\Chatter\Service\ChatterService.cs:141)
日 志 内 容:  用户1234002 登录成功
 

日 志 时 间:  2013-03-11 13:37:40,749 
日 志 级 别:  INFO
日 志 来 源: [12]::Chatter.Service.ChatterService.PrintOnLineNumber(f:\code\myRepo\Chatter\Service\ChatterService.cs:539)
日 志 内 容:  当前在线人数:2
 

日 志 时 间:  2013-03-11 13:39:58,599 
日 志 级 别:  INFO
日 志 来 源: [10]::Chatter.Host.Program+<>c__DisplayClass7.<Main>b__0(f:\code\myRepo\Chatter\Host\Program.cs:47)
日 志 内 容:  RegisterService已经启动
 

日 志 时 间:  2013-03-11 13:39:58,643 
日 志 级 别:  INFO
日 志 来 源: [10]::Chatter.Host.Program+<>c__DisplayClass7.<Main>b__0(f:\code\myRepo\Chatter\Host\Program.cs:47)
日 志 内 容:  ChatterService已经启动
 

日 志 时 间:  2013-03-11 13:39:58,646 
日 志 级 别:  INFO
日 志 来 源: [10]::Chatter.Host.Program+<>c__DisplayClass7.<Main>b__0(f:\code\myRepo\Chatter\Host\Program.cs:47)
日 志 内 容:  CustomPeerResolverService已经启动
 

日 志 时 间:  2013-03-11 13:39:58,652 
日 志 级 别:  INFO
日 志 来 源: [15]::Chatter.Host.Program+<>c__DisplayClass3.<Main>b__2(f:\code\myRepo\Chatter\Host\Program.cs:61)
日 志 内 容:  开始接收心跳包
 

日 志 时 间:  2013-03-11 13:40:01,610 
日 志 级 别:  INFO
日 志 来 源: [12]::Chatter.Service.ChatterService.Login(f:\code\myRepo\Chatter\Service\ChatterService.cs:87)
日 志 内 容:  用户1234002 请求登录
 

日 志 时 间:  2013-03-11 13:40:01,907 
日 志 级 别:  INFO
日 志 来 源: [12]::Chatter.Service.ChatterService.Login(f:\code\myRepo\Chatter\Service\ChatterService.cs:141)
日 志 内 容:  用户1234002 登录成功
 

日 志 时 间:  2013-03-11 13:40:01,909 
日 志 级 别:  INFO
日 志 来 源: [12]::Chatter.Service.ChatterService.PrintOnLineNumber(f:\code\myRepo\Chatter\Service\ChatterService.cs:539)
日 志 内 容:  当前在线人数:1
 

日 志 时 间:  2013-03-11 13:40:05,514 
日 志 级 别:  INFO
日 志 来 源: [14]::Chatter.Service.ChatterService.Login(f:\code\myRepo\Chatter\Service\ChatterService.cs:87)
日 志 内 容:  用户1234001 请求登录
 

日 志 时 间:  2013-03-11 13:40:05,518 
日 志 级 别:  INFO
日 志 来 源: [14]::Chatter.Service.ChatterService.Login(f:\code\myRepo\Chatter\Service\ChatterService.cs:141)
日 志 内 容:  用户1234001 登录成功
 

日 志 时 间:  2013-03-11 13:40:05,519 
日 志 级 别:  INFO
日 志 来 源: [14]::Chatter.Service.ChatterService.PrintOnLineNumber(f:\code\myRepo\Chatter\Service\ChatterService.cs:539)
日 志 内 容:  当前在线人数:2
 

日 志 时 间:  2013-03-11 13:40:19,447 
日 志 级 别:  INFO
日 志 来 源: [15]::Chatter.Service.ChatterService.Logoff(f:\code\myRepo\Chatter\Service\ChatterService.cs:171)
日 志 内 容:  用户1234001 Tom退出
 

日 志 时 间:  2013-03-11 13:44:07,312 
日 志 级 别:  INFO
日 志 来 源: [1]::Chatter.Host.Program+<>c__DisplayClass7.<Main>b__0(f:\code\myRepo\Chatter\Host\Program.cs:47)
日 志 内 容:  RegisterService已经启动
 

日 志 时 间:  2013-03-11 13:44:07,371 
日 志 级 别:  INFO
日 志 来 源: [1]::Chatter.Host.Program+<>c__DisplayClass7.<Main>b__0(f:\code\myRepo\Chatter\Host\Program.cs:47)
日 志 内 容:  ChatterService已经启动
 

日 志 时 间:  2013-03-11 13:44:07,375 
日 志 级 别:  INFO
日 志 来 源: [1]::Chatter.Host.Program+<>c__DisplayClass7.<Main>b__0(f:\code\myRepo\Chatter\Host\Program.cs:47)
日 志 内 容:  CustomPeerResolverService已经启动
 

日 志 时 间:  2013-03-11 13:44:07,393 
日 志 级 别:  INFO
日 志 来 源: [7]::Chatter.Host.Program+<>c__DisplayClass3.<Main>b__2(f:\code\myRepo\Chatter\Host\Program.cs:61)
日 志 内 容:  开始接收心跳包
 

日 志 时 间:  2013-03-11 13:44:12,785 
日 志 级 别:  INFO
日 志 来 源: [6]::Chatter.Service.ChatterService.Login(f:\code\myRepo\Chatter\Service\ChatterService.cs:87)
日 志 内 容:  用户1234001 请求登录
 

日 志 时 间:  2013-03-11 13:44:13,124 
日 志 级 别:  INFO
日 志 来 源: [6]::Chatter.Service.ChatterService.Login(f:\code\myRepo\Chatter\Service\ChatterService.cs:141)
日 志 内 容:  用户1234001 登录成功
 

日 志 时 间:  2013-03-11 13:44:13,125 
日 志 级 别:  INFO
日 志 来 源: [6]::Chatter.Service.ChatterService.PrintOnLineNumber(f:\code\myRepo\Chatter\Service\ChatterService.cs:539)
日 志 内 容:  当前在线人数:1
 

日 志 时 间:  2013-03-11 13:44:18,391 
日 志 级 别:  INFO
日 志 来 源: [6]::Chatter.Service.ChatterService.Login(f:\code\myRepo\Chatter\Service\ChatterService.cs:87)
日 志 内 容:  用户1234002 请求登录
 

日 志 时 间:  2013-03-11 13:44:18,395 
日 志 级 别:  INFO
日 志 来 源: [6]::Chatter.Service.ChatterService.Login(f:\code\myRepo\Chatter\Service\ChatterService.cs:141)
日 志 内 容:  用户1234002 登录成功
 

日 志 时 间:  2013-03-11 13:44:18,395 
日 志 级 别:  INFO
日 志 来 源: [6]::Chatter.Service.ChatterService.PrintOnLineNumber(f:\code\myRepo\Chatter\Service\ChatterService.cs:539)
日 志 内 容:  当前在线人数:2
 

日 志 时 间:  2013-03-11 13:47:04,803 
日 志 级 别:  INFO
日 志 来 源: [4]::Chatter.Service.ChatterService.Logoff(f:\code\myRepo\Chatter\Service\ChatterService.cs:171)
日 志 内 容:  用户1234002 asdf退出
 

日 志 时 间:  2013-03-11 13:47:04,804 
日 志 级 别:  INFO
日 志 来 源: [4]::Chatter.Service.ChatterService.PrintOnLineNumber(f:\code\myRepo\Chatter\Service\ChatterService.cs:539)
日 志 内 容:  当前在线人数:1
 

日 志 时 间:  2013-03-11 13:47:06,052 
日 志 级 别:  INFO
日 志 来 源: [4]::Chatter.Service.ChatterService.Logoff(f:\code\myRepo\Chatter\Service\ChatterService.cs:171)
日 志 内 容:  用户1234001 Tom退出
 

日 志 时 间:  2013-03-11 13:47:06,056 
日 志 级 别:  INFO
日 志 来 源: [4]::Chatter.Service.ChatterService.PrintOnLineNumber(f:\code\myRepo\Chatter\Service\ChatterService.cs:539)
日 志 内 容:  当前在线人数:0
 

日 志 时 间:  2013-03-11 13:47:20,517 
日 志 级 别:  INFO
日 志 来 源: [1]::Chatter.Host.Program+<>c__DisplayClass7.<Main>b__1(f:\code\myRepo\Chatter\Host\Program.cs:52)
日 志 内 容:  RegisterService已经关闭
 

日 志 时 间:  2013-03-11 13:47:20,518 
日 志 级 别:  INFO
日 志 来 源: [1]::Chatter.Host.Program+<>c__DisplayClass7.<Main>b__1(f:\code\myRepo\Chatter\Host\Program.cs:52)
日 志 内 容:  ChatterService已经关闭
 

日 志 时 间:  2013-03-11 13:47:20,519 
日 志 级 别:  INFO
日 志 来 源: [1]::Chatter.Host.Program+<>c__DisplayClass7.<Main>b__1(f:\code\myRepo\Chatter\Host\Program.cs:52)
日 志 内 容:  CustomPeerResolverService已经关闭
 

日 志 时 间:  2013-03-11 13:47:21,435 
日 志 级 别:  INFO
日 志 来 源: [7]::Chatter.Host.Program+<>c__DisplayClass3.<Main>b__2(f:\code\myRepo\Chatter\Host\Program.cs:92)
日 志 内 容:  停止接收心跳包
 

