日 志 时 间:  2013-05-10 19:38:35,465 
日 志 级 别:  INFO
日 志 来 源: [1]::Chatter.Host.Program+<>c__DisplayClass4.<Main>b__0(e:\code\myRepo\Chatter\Host\Program.cs:47)
日 志 内 容:  RegisterService已经启动
 

日 志 时 间:  2013-05-10 19:38:36,049 
日 志 级 别:  INFO
日 志 来 源: [1]::Chatter.Host.Program+<>c__DisplayClass4.<Main>b__0(e:\code\myRepo\Chatter\Host\Program.cs:47)
日 志 内 容:  ChatterService已经启动
 

日 志 时 间:  2013-05-10 19:38:36,095 
日 志 级 别:  INFO
日 志 来 源: [1]::Chatter.Host.Program+<>c__DisplayClass4.<Main>b__0(e:\code\myRepo\Chatter\Host\Program.cs:47)
日 志 内 容:  CustomPeerResolverService已经启动
 

日 志 时 间:  2013-05-10 19:39:02,327 
日 志 级 别:  INFO
日 志 来 源: [9]::Chatter.Service.ChatterService.<.cctor>b__1(e:\code\myRepo\Chatter\Service\ChatterService.cs:74)
日 志 内 容:  开始接收心跳包
 

日 志 时 间:  2013-05-10 19:39:03,005 
日 志 级 别:  INFO
日 志 来 源: [8]::Chatter.Service.ChatterService.Login(e:\code\myRepo\Chatter\Service\ChatterService.cs:127)
日 志 内 容:  用户776041668 请求登录
 

日 志 时 间:  2013-05-10 19:39:05,621 
日 志 级 别:  ERROR
日 志 来 源: [8]::Chatter.DAL.DALService.IsMember(e:\code\myRepo\Chatter\DAL\DALService.cs:316)
日 志 内 容:  查询是否为合法用户时出现错误
 MySql.Data.MySqlClient.MySqlException: Unable to connect to any of the specified MySQL hosts.
   在 MySql.Data.MySqlClient.NativeDriver.Open()
   在 MySql.Data.MySqlClient.Driver.Open()
   在 MySql.Data.MySqlClient.Driver.Create(MySqlConnectionStringBuilder settings)
   在 MySql.Data.MySqlClient.MySqlPool.GetPooledConnection()
   在 MySql.Data.MySqlClient.MySqlPool.TryToGetDriver()
   在 MySql.Data.MySqlClient.MySqlPool.GetConnection()
   在 MySql.Data.MySqlClient.MySqlConnection.Open()
   在 Chatter.DAL.DALService.get_Conn() 位置 e:\code\myRepo\Chatter\DAL\DALService.cs:行号 32
   在 Chatter.DAL.DALService.IsMember(String id, String pwd) 位置 e:\code\myRepo\Chatter\DAL\DALService.cs:行号 316


日 志 时 间:  2013-05-10 19:39:05,689 
日 志 级 别:  INFO
日 志 来 源: [8]::Chatter.Service.ChatterService.Login(e:\code\myRepo\Chatter\Service\ChatterService.cs:137)
日 志 内 容:  用户776041668 登录失败
 

日 志 时 间:  2013-05-10 19:39:14,904 
日 志 级 别:  INFO
日 志 来 源: [5]::Chatter.Service.ChatterService.Login(e:\code\myRepo\Chatter\Service\ChatterService.cs:127)
日 志 内 容:  用户776041668 请求登录
 

日 志 时 间:  2013-05-10 19:39:15,467 
日 志 级 别:  INFO
日 志 来 源: [5]::Chatter.Service.ChatterService.Login(e:\code\myRepo\Chatter\Service\ChatterService.cs:137)
日 志 内 容:  用户776041668 登录失败
 

日 志 时 间:  2013-05-10 19:39:20,073 
日 志 级 别:  INFO
日 志 来 源: [5]::Chatter.Service.ChatterService.Login(e:\code\myRepo\Chatter\Service\ChatterService.cs:127)
日 志 内 容:  用户776041668 请求登录
 

日 志 时 间:  2013-05-10 19:39:20,074 
日 志 级 别:  INFO
日 志 来 源: [5]::Chatter.Service.ChatterService.Login(e:\code\myRepo\Chatter\Service\ChatterService.cs:137)
日 志 内 容:  用户776041668 登录失败
 

日 志 时 间:  2013-05-10 19:41:16,780 
日 志 级 别:  INFO
日 志 来 源: [12]::Chatter.Service.Util.NewMemberId(e:\code\myRepo\Chatter\Service\Util.cs:20)
日 志 内 容:  生成用户id：9502490
 

日 志 时 间:  2013-05-10 19:41:58,528 
日 志 级 别:  INFO
日 志 来 源: [15]::Chatter.Service.ChatterService.Login(e:\code\myRepo\Chatter\Service\ChatterService.cs:127)
日 志 内 容:  用户776041668 请求登录
 

日 志 时 间:  2013-05-10 19:41:58,528 
日 志 级 别:  INFO
日 志 来 源: [15]::Chatter.Service.ChatterService.Login(e:\code\myRepo\Chatter\Service\ChatterService.cs:137)
日 志 内 容:  用户776041668 登录失败
 

日 志 时 间:  2013-05-10 19:42:05,792 
日 志 级 别:  INFO
日 志 来 源: [17]::Chatter.Service.ChatterService.Login(e:\code\myRepo\Chatter\Service\ChatterService.cs:127)
日 志 内 容:  用户776041668 请求登录
 

日 志 时 间:  2013-05-10 19:42:05,793 
日 志 级 别:  INFO
日 志 来 源: [17]::Chatter.Service.ChatterService.Login(e:\code\myRepo\Chatter\Service\ChatterService.cs:137)
日 志 内 容:  用户776041668 登录失败
 

日 志 时 间:  2013-05-10 19:42:48,697 
日 志 级 别:  INFO
日 志 来 源: [18]::Chatter.Service.ChatterService.Login(e:\code\myRepo\Chatter\Service\ChatterService.cs:127)
日 志 内 容:  用户776041668 请求登录
 

日 志 时 间:  2013-05-10 19:42:48,699 
日 志 级 别:  INFO
日 志 来 源: [18]::Chatter.Service.ChatterService.Login(e:\code\myRepo\Chatter\Service\ChatterService.cs:137)
日 志 内 容:  用户776041668 登录失败
 

日 志 时 间:  2013-05-10 19:43:14,496 
日 志 级 别:  INFO
日 志 来 源: [18]::Chatter.Service.ChatterService.Login(e:\code\myRepo\Chatter\Service\ChatterService.cs:127)
日 志 内 容:  用户776041668 请求登录
 

日 志 时 间:  2013-05-10 19:43:14,498 
日 志 级 别:  INFO
日 志 来 源: [18]::Chatter.Service.ChatterService.Login(e:\code\myRepo\Chatter\Service\ChatterService.cs:137)
日 志 内 容:  用户776041668 登录失败
 

日 志 时 间:  2013-05-10 19:43:21,124 
日 志 级 别:  INFO
日 志 来 源: [18]::Chatter.Service.ChatterService.Login(e:\code\myRepo\Chatter\Service\ChatterService.cs:127)
日 志 内 容:  用户776041669 请求登录
 

日 志 时 间:  2013-05-10 19:43:21,126 
日 志 级 别:  INFO
日 志 来 源: [18]::Chatter.Service.ChatterService.Login(e:\code\myRepo\Chatter\Service\ChatterService.cs:137)
日 志 内 容:  用户776041669 登录失败
 

日 志 时 间:  2013-05-10 19:44:08,501 
日 志 级 别:  INFO
日 志 来 源: [22]::Chatter.Service.ChatterService.Login(e:\code\myRepo\Chatter\Service\ChatterService.cs:127)
日 志 内 容:  用户776041669 请求登录
 

日 志 时 间:  2013-05-10 19:44:22,230 
日 志 级 别:  INFO
日 志 来 源: [22]::Chatter.Service.ChatterService.Login(e:\code\myRepo\Chatter\Service\ChatterService.cs:137)
日 志 内 容:  用户776041669 登录失败
 

日 志 时 间:  2013-05-10 19:44:26,012 
日 志 级 别:  INFO
日 志 来 源: [25]::Chatter.Service.ChatterService.Login(e:\code\myRepo\Chatter\Service\ChatterService.cs:127)
日 志 内 容:  用户776041669 请求登录
 

日 志 时 间:  2013-05-10 19:45:53,714 
日 志 级 别:  INFO
日 志 来 源: [25]::Chatter.Service.ChatterService.Login(e:\code\myRepo\Chatter\Service\ChatterService.cs:197)
日 志 内 容:  用户776041669 登录成功
 

日 志 时 间:  2013-05-10 19:45:53,744 
日 志 级 别:  INFO
日 志 来 源: [25]::Chatter.Service.ChatterService.PrintOnLineNumber(e:\code\myRepo\Chatter\Service\ChatterService.cs:637)
日 志 内 容:  当前在线人数:1
 

日 志 时 间:  2013-05-10 19:46:00,186 
日 志 级 别:  INFO
日 志 来 源: [9]::Chatter.Service.ChatterService.Logoff(e:\code\myRepo\Chatter\Service\ChatterService.cs:227)
日 志 内 容:  用户776041669 walle退出
 

日 志 时 间:  2013-05-10 19:46:00,232 
日 志 级 别:  INFO
日 志 来 源: [9]::Chatter.Service.ChatterService.PrintOnLineNumber(e:\code\myRepo\Chatter\Service\ChatterService.cs:637)
日 志 内 容:  当前在线人数:0
 

日 志 时 间:  2013-05-10 19:46:00,191 
日 志 级 别:  INFO
日 志 来 源: [18]::Chatter.Service.ChatterService.Logoff(e:\code\myRepo\Chatter\Service\ChatterService.cs:227)
日 志 内 容:  用户776041669 walle退出
 

日 志 时 间:  2013-05-10 19:46:00,268 
日 志 级 别:  INFO
日 志 来 源: [18]::Chatter.Service.ChatterService.PrintOnLineNumber(e:\code\myRepo\Chatter\Service\ChatterService.cs:637)
日 志 内 容:  当前在线人数:0
 

日 志 时 间:  2013-05-10 19:46:00,431 
日 志 级 别:  INFO
日 志 来 源: [24]::Chatter.Service.ChatterService.Login(e:\code\myRepo\Chatter\Service\ChatterService.cs:127)
日 志 内 容:  用户776041669 请求登录
 

日 志 时 间:  2013-05-10 19:46:00,440 
日 志 级 别:  INFO
日 志 来 源: [24]::Chatter.Service.ChatterService.Login(e:\code\myRepo\Chatter\Service\ChatterService.cs:197)
日 志 内 容:  用户776041669 登录成功
 

日 志 时 间:  2013-05-10 19:46:00,442 
日 志 级 别:  INFO
日 志 来 源: [24]::Chatter.Service.ChatterService.PrintOnLineNumber(e:\code\myRepo\Chatter\Service\ChatterService.cs:637)
日 志 内 容:  当前在线人数:1
 

日 志 时 间:  2013-05-10 19:46:18,904 
日 志 级 别:  INFO
日 志 来 源: [24]::Chatter.Service.ChatterService.Login(e:\code\myRepo\Chatter\Service\ChatterService.cs:127)
日 志 内 容:  用户776041669 请求登录
 

日 志 时 间:  2013-05-10 19:46:18,919 
日 志 级 别:  ERROR
日 志 来 源: [24]::Chatter.Service.ChatterService.Login(e:\code\myRepo\Chatter\Service\ChatterService.cs:145)
日 志 内 容:  776041669登录时候出现错误
 System.ArgumentException: 已添加项。字典中的关键字:“776041669”所添加的关键字:“776041669”
   在 System.Collections.Hashtable.Insert(Object key, Object nvalue, Boolean add)
   在 Chatter.Service.ChatterService.Login(Member member) 位置 e:\code\myRepo\Chatter\Service\ChatterService.cs:行号 145


日 志 时 间:  2013-05-10 19:46:21,528 
日 志 级 别:  INFO
日 志 来 源: [25]::Chatter.Service.ChatterService.Login(e:\code\myRepo\Chatter\Service\ChatterService.cs:127)
日 志 内 容:  用户776041668 请求登录
 

日 志 时 间:  2013-05-10 19:46:21,633 
日 志 级 别:  INFO
日 志 来 源: [25]::Chatter.Service.ChatterService.Login(e:\code\myRepo\Chatter\Service\ChatterService.cs:197)
日 志 内 容:  用户776041668 登录成功
 

日 志 时 间:  2013-05-10 19:46:21,635 
日 志 级 别:  INFO
日 志 来 源: [25]::Chatter.Service.ChatterService.PrintOnLineNumber(e:\code\myRepo\Chatter\Service\ChatterService.cs:637)
日 志 内 容:  当前在线人数:2
 

日 志 时 间:  2013-05-10 19:48:28,525 
日 志 级 别:  INFO
日 志 来 源: [23]::Chatter.Service.TCPHolePunching+<>c__DisplayClass6.<.ctor>b__3(e:\code\myRepo\Chatter\Service\TCPHolePunching.cs:90)
日 志 内 容:  from:222.26.186.164:4276
 

日 志 时 间:  2013-05-10 19:48:28,528 
日 志 级 别:  INFO
日 志 来 源: [23]::Chatter.Service.TCPHolePunching+<>c__DisplayClass6.<.ctor>b__3(e:\code\myRepo\Chatter\Service\TCPHolePunching.cs:91)
日 志 内 容:  to:222.26.186.164:4274
 

日 志 时 间:  2013-05-10 19:48:53,353 
日 志 级 别:  INFO
日 志 来 源: [9]::Chatter.Service.ChatterService.Logoff(e:\code\myRepo\Chatter\Service\ChatterService.cs:227)
日 志 内 容:  用户776041668 Eva退出
 

日 志 时 间:  2013-05-10 19:48:53,355 
日 志 级 别:  INFO
日 志 来 源: [9]::Chatter.Service.ChatterService.PrintOnLineNumber(e:\code\myRepo\Chatter\Service\ChatterService.cs:637)
日 志 内 容:  当前在线人数:1
 

日 志 时 间:  2013-05-10 19:48:59,612 
日 志 级 别:  INFO
日 志 来 源: [21]::Chatter.Service.ChatterService.Login(e:\code\myRepo\Chatter\Service\ChatterService.cs:127)
日 志 内 容:  用户776041668 Eva请求登录
 

日 志 时 间:  2013-05-10 19:48:59,624 
日 志 级 别:  INFO
日 志 来 源: [21]::Chatter.Service.ChatterService.Login(e:\code\myRepo\Chatter\Service\ChatterService.cs:197)
日 志 内 容:  用户776041668 Eva登录成功
 

日 志 时 间:  2013-05-10 19:48:59,625 
日 志 级 别:  INFO
日 志 来 源: [21]::Chatter.Service.ChatterService.PrintOnLineNumber(e:\code\myRepo\Chatter\Service\ChatterService.cs:637)
日 志 内 容:  当前在线人数:2
 

日 志 时 间:  2013-05-10 19:48:59,628 
日 志 级 别:  DEBUG
日 志 来 源: [21]::Chatter.Service.ChatterService.SendHeartBeat(e:\code\myRepo\Chatter\Service\ChatterService.cs:879)
日 志 内 容:  776041668 Eva重新上线
 

日 志 时 间:  2013-05-10 19:49:04,367 
日 志 级 别:  INFO
日 志 来 源: [9]::Chatter.Service.ChatterService.Logoff(e:\code\myRepo\Chatter\Service\ChatterService.cs:227)
日 志 内 容:  用户776041668 Eva退出
 

日 志 时 间:  2013-05-10 19:49:04,370 
日 志 级 别:  INFO
日 志 来 源: [9]::Chatter.Service.ChatterService.PrintOnLineNumber(e:\code\myRepo\Chatter\Service\ChatterService.cs:637)
日 志 内 容:  当前在线人数:1
 

日 志 时 间:  2013-05-10 19:49:19,788 
日 志 级 别:  INFO
日 志 来 源: [24]::Chatter.Service.ChatterService.Login(e:\code\myRepo\Chatter\Service\ChatterService.cs:127)
日 志 内 容:  用户776041668 请求登录
 

日 志 时 间:  2013-05-10 19:49:19,804 
日 志 级 别:  INFO
日 志 来 源: [24]::Chatter.Service.ChatterService.Login(e:\code\myRepo\Chatter\Service\ChatterService.cs:197)
日 志 内 容:  用户776041668 登录成功
 

日 志 时 间:  2013-05-10 19:49:19,807 
日 志 级 别:  INFO
日 志 来 源: [24]::Chatter.Service.ChatterService.PrintOnLineNumber(e:\code\myRepo\Chatter\Service\ChatterService.cs:637)
日 志 内 容:  当前在线人数:2
 

日 志 时 间:  2013-05-10 19:49:20,807 
日 志 级 别:  INFO
日 志 来 源: [24]::Chatter.Service.ChatterService.Login(e:\code\myRepo\Chatter\Service\ChatterService.cs:127)
日 志 内 容:  用户776041668 请求登录
 

日 志 时 间:  2013-05-10 19:49:20,815 
日 志 级 别:  ERROR
日 志 来 源: [24]::Chatter.Service.ChatterService.Login(e:\code\myRepo\Chatter\Service\ChatterService.cs:145)
日 志 内 容:  776041668登录时候出现错误
 System.ArgumentException: 已添加项。字典中的关键字:“776041668”所添加的关键字:“776041668”
   在 System.Collections.Hashtable.Insert(Object key, Object nvalue, Boolean add)
   在 Chatter.Service.ChatterService.Login(Member member) 位置 e:\code\myRepo\Chatter\Service\ChatterService.cs:行号 145


日 志 时 间:  2013-05-10 19:49:23,157 
日 志 级 别:  INFO
日 志 来 源: [22]::Chatter.Service.ChatterService.Login(e:\code\myRepo\Chatter\Service\ChatterService.cs:127)
日 志 内 容:  用户776041668 请求登录
 

日 志 时 间:  2013-05-10 19:49:23,160 
日 志 级 别:  ERROR
日 志 来 源: [22]::Chatter.Service.ChatterService.Login(e:\code\myRepo\Chatter\Service\ChatterService.cs:145)
日 志 内 容:  776041668登录时候出现错误
 System.ArgumentException: 已添加项。字典中的关键字:“776041668”所添加的关键字:“776041668”
   在 System.Collections.Hashtable.Insert(Object key, Object nvalue, Boolean add)
   在 Chatter.Service.ChatterService.Login(Member member) 位置 e:\code\myRepo\Chatter\Service\ChatterService.cs:行号 145


日 志 时 间:  2013-05-10 19:49:24,392 
日 志 级 别:  INFO
日 志 来 源: [9]::Chatter.Service.ChatterService.Logoff(e:\code\myRepo\Chatter\Service\ChatterService.cs:227)
日 志 内 容:  用户776041668 Eva退出
 

日 志 时 间:  2013-05-10 19:49:24,393 
日 志 级 别:  INFO
日 志 来 源: [9]::Chatter.Service.ChatterService.PrintOnLineNumber(e:\code\myRepo\Chatter\Service\ChatterService.cs:637)
日 志 内 容:  当前在线人数:1
 

日 志 时 间:  2013-05-10 19:49:25,565 
日 志 级 别:  INFO
日 志 来 源: [21]::Chatter.Service.ChatterService.Login(e:\code\myRepo\Chatter\Service\ChatterService.cs:127)
日 志 内 容:  用户776041668 请求登录
 

日 志 时 间:  2013-05-10 19:49:25,575 
日 志 级 别:  INFO
日 志 来 源: [21]::Chatter.Service.ChatterService.Login(e:\code\myRepo\Chatter\Service\ChatterService.cs:197)
日 志 内 容:  用户776041668 登录成功
 

日 志 时 间:  2013-05-10 19:49:25,577 
日 志 级 别:  INFO
日 志 来 源: [21]::Chatter.Service.ChatterService.PrintOnLineNumber(e:\code\myRepo\Chatter\Service\ChatterService.cs:637)
日 志 内 容:  当前在线人数:2
 

日 志 时 间:  2013-05-10 19:49:59,612 
日 志 级 别:  INFO
日 志 来 源: [24]::Chatter.Service.ChatterService.Logoff(e:\code\myRepo\Chatter\Service\ChatterService.cs:227)
日 志 内 容:  用户776041668 Eva退出
 

日 志 时 间:  2013-05-10 19:49:59,612 
日 志 级 别:  INFO
日 志 来 源: [3]::Chatter.Service.ChatterService.Logoff(e:\code\myRepo\Chatter\Service\ChatterService.cs:227)
日 志 内 容:  用户776041669 walle退出
 

日 志 时 间:  2013-05-10 19:49:59,617 
日 志 级 别:  INFO
日 志 来 源: [24]::Chatter.Service.ChatterService.PrintOnLineNumber(e:\code\myRepo\Chatter\Service\ChatterService.cs:637)
日 志 内 容:  当前在线人数:1
 

日 志 时 间:  2013-05-10 19:49:59,619 
日 志 级 别:  INFO
日 志 来 源: [3]::Chatter.Service.ChatterService.PrintOnLineNumber(e:\code\myRepo\Chatter\Service\ChatterService.cs:637)
日 志 内 容:  当前在线人数:0
 

日 志 时 间:  2013-05-10 19:49:59,749 
日 志 级 别:  INFO
日 志 来 源: [3]::Chatter.Service.ChatterService.Login(e:\code\myRepo\Chatter\Service\ChatterService.cs:127)
日 志 内 容:  用户776041669 walle请求登录
 

日 志 时 间:  2013-05-10 19:49:59,758 
日 志 级 别:  INFO
日 志 来 源: [3]::Chatter.Service.ChatterService.Login(e:\code\myRepo\Chatter\Service\ChatterService.cs:197)
日 志 内 容:  用户776041669 walle登录成功
 

日 志 时 间:  2013-05-10 19:49:59,759 
日 志 级 别:  INFO
日 志 来 源: [3]::Chatter.Service.ChatterService.PrintOnLineNumber(e:\code\myRepo\Chatter\Service\ChatterService.cs:637)
日 志 内 容:  当前在线人数:1
 

日 志 时 间:  2013-05-10 19:49:59,761 
日 志 级 别:  DEBUG
日 志 来 源: [3]::Chatter.Service.ChatterService.SendHeartBeat(e:\code\myRepo\Chatter\Service\ChatterService.cs:879)
日 志 内 容:  776041669 walle重新上线
 

日 志 时 间:  2013-05-10 19:49:59,872 
日 志 级 别:  INFO
日 志 来 源: [3]::Chatter.Service.ChatterService.Login(e:\code\myRepo\Chatter\Service\ChatterService.cs:127)
日 志 内 容:  用户776041668 Eva请求登录
 

日 志 时 间:  2013-05-10 19:49:59,882 
日 志 级 别:  INFO
日 志 来 源: [3]::Chatter.Service.ChatterService.Login(e:\code\myRepo\Chatter\Service\ChatterService.cs:197)
日 志 内 容:  用户776041668 Eva登录成功
 

日 志 时 间:  2013-05-10 19:49:59,883 
日 志 级 别:  INFO
日 志 来 源: [3]::Chatter.Service.ChatterService.PrintOnLineNumber(e:\code\myRepo\Chatter\Service\ChatterService.cs:637)
日 志 内 容:  当前在线人数:2
 

日 志 时 间:  2013-05-10 19:49:59,976 
日 志 级 别:  DEBUG
日 志 来 源: [3]::Chatter.Service.ChatterService.SendHeartBeat(e:\code\myRepo\Chatter\Service\ChatterService.cs:879)
日 志 内 容:  776041668 Eva重新上线
 

日 志 时 间:  2013-05-10 19:50:53,764 
日 志 级 别:  INFO
日 志 来 源: [22]::Chatter.Service.ChatterService.Logoff(e:\code\myRepo\Chatter\Service\ChatterService.cs:227)
日 志 内 容:  用户776041669 walle退出
 

日 志 时 间:  2013-05-10 19:50:53,777 
日 志 级 别:  INFO
日 志 来 源: [22]::Chatter.Service.ChatterService.PrintOnLineNumber(e:\code\myRepo\Chatter\Service\ChatterService.cs:637)
日 志 内 容:  当前在线人数:1
 

日 志 时 间:  2013-05-10 19:51:01,577 
日 志 级 别:  INFO
日 志 来 源: [9]::Chatter.Service.ChatterService.Logoff(e:\code\myRepo\Chatter\Service\ChatterService.cs:227)
日 志 内 容:  用户776041668 Eva退出
 

日 志 时 间:  2013-05-10 19:51:01,577 
日 志 级 别:  INFO
日 志 来 源: [9]::Chatter.Service.ChatterService.PrintOnLineNumber(e:\code\myRepo\Chatter\Service\ChatterService.cs:637)
日 志 内 容:  当前在线人数:0
 

日 志 时 间:  2013-05-10 19:51:50,780 
日 志 级 别:  INFO
日 志 来 源: [24]::Chatter.Service.ChatterService.Logoff(e:\code\myRepo\Chatter\Service\ChatterService.cs:227)
日 志 内 容:  用户776041668 Eva退出
 

日 志 时 间:  2013-05-10 19:51:50,780 
日 志 级 别:  INFO
日 志 来 源: [24]::Chatter.Service.ChatterService.PrintOnLineNumber(e:\code\myRepo\Chatter\Service\ChatterService.cs:637)
日 志 内 容:  当前在线人数:0
 

日 志 时 间:  2013-05-10 19:51:53,171 
日 志 级 别:  INFO
日 志 来 源: [20]::Chatter.Service.ChatterService.Logoff(e:\code\myRepo\Chatter\Service\ChatterService.cs:227)
日 志 内 容:  用户776041668 Eva退出
 

日 志 时 间:  2013-05-10 19:51:53,171 
日 志 级 别:  INFO
日 志 来 源: [20]::Chatter.Service.ChatterService.PrintOnLineNumber(e:\code\myRepo\Chatter\Service\ChatterService.cs:637)
日 志 内 容:  当前在线人数:0
 

日 志 时 间:  2013-05-10 19:51:54,045 
日 志 级 别:  INFO
日 志 来 源: [24]::Chatter.Service.ChatterService.Logoff(e:\code\myRepo\Chatter\Service\ChatterService.cs:227)
日 志 内 容:  用户776041668 Eva退出
 

日 志 时 间:  2013-05-10 19:51:54,045 
日 志 级 别:  INFO
日 志 来 源: [24]::Chatter.Service.ChatterService.PrintOnLineNumber(e:\code\myRepo\Chatter\Service\ChatterService.cs:637)
日 志 内 容:  当前在线人数:0
 

日 志 时 间:  2013-05-10 19:51:57,648 
日 志 级 别:  INFO
日 志 来 源: [19]::Chatter.Service.ChatterService.Logoff(e:\code\myRepo\Chatter\Service\ChatterService.cs:227)
日 志 内 容:  用户776041668 Eva退出
 

日 志 时 间:  2013-05-10 19:51:57,648 
日 志 级 别:  INFO
日 志 来 源: [19]::Chatter.Service.ChatterService.PrintOnLineNumber(e:\code\myRepo\Chatter\Service\ChatterService.cs:637)
日 志 内 容:  当前在线人数:0
 

日 志 时 间:  2013-05-10 21:14:10,225 
日 志 级 别:  INFO
日 志 来 源: [1]::Chatter.Host.Program+<>c__DisplayClass4.<Main>b__0(e:\code\myRepo\Chatter\Host\Program.cs:47)
日 志 内 容:  RegisterService已经启动
 

日 志 时 间:  2013-05-10 21:14:10,860 
日 志 级 别:  INFO
日 志 来 源: [1]::Chatter.Host.Program+<>c__DisplayClass4.<Main>b__0(e:\code\myRepo\Chatter\Host\Program.cs:47)
日 志 内 容:  ChatterService已经启动
 

日 志 时 间:  2013-05-10 21:14:10,878 
日 志 级 别:  INFO
日 志 来 源: [1]::Chatter.Host.Program+<>c__DisplayClass4.<Main>b__0(e:\code\myRepo\Chatter\Host\Program.cs:47)
日 志 内 容:  CustomPeerResolverService已经启动
 

日 志 时 间:  2013-05-10 21:14:43,906 
日 志 级 别:  INFO
日 志 来 源: [7]::Chatter.Service.ChatterService.<.cctor>b__1(e:\code\myRepo\Chatter\Service\ChatterService.cs:74)
日 志 内 容:  开始接收心跳包
 

日 志 时 间:  2013-05-10 21:14:45,494 
日 志 级 别:  INFO
日 志 来 源: [5]::Chatter.Service.ChatterService.Login(e:\code\myRepo\Chatter\Service\ChatterService.cs:127)
日 志 内 容:  用户776041668 请求登录
 

日 志 时 间:  2013-05-10 21:14:46,565 
日 志 级 别:  INFO
日 志 来 源: [5]::Chatter.Service.ChatterService.Login(e:\code\myRepo\Chatter\Service\ChatterService.cs:197)
日 志 内 容:  用户776041668 登录成功
 

日 志 时 间:  2013-05-10 21:14:46,568 
日 志 级 别:  INFO
日 志 来 源: [5]::Chatter.Service.ChatterService.PrintOnLineNumber(e:\code\myRepo\Chatter\Service\ChatterService.cs:637)
日 志 内 容:  当前在线人数:1
 

日 志 时 间:  2013-05-10 21:23:13,673 
日 志 级 别:  INFO
日 志 来 源: [6]::Chatter.Service.ChatterService.Logoff(e:\code\myRepo\Chatter\Service\ChatterService.cs:227)
日 志 内 容:  用户776041668 Eva退出
 

日 志 时 间:  2013-05-10 21:23:13,675 
日 志 级 别:  INFO
日 志 来 源: [6]::Chatter.Service.ChatterService.PrintOnLineNumber(e:\code\myRepo\Chatter\Service\ChatterService.cs:637)
日 志 内 容:  当前在线人数:0
 

日 志 时 间:  2013-05-10 21:26:12,522 
日 志 级 别:  INFO
日 志 来 源: [13]::Chatter.Service.ChatterService.Login(e:\code\myRepo\Chatter\Service\ChatterService.cs:127)
日 志 内 容:  用户776041668 请求登录
 

日 志 时 间:  2013-05-10 21:26:12,530 
日 志 级 别:  INFO
日 志 来 源: [13]::Chatter.Service.ChatterService.Login(e:\code\myRepo\Chatter\Service\ChatterService.cs:197)
日 志 内 容:  用户776041668 登录成功
 

日 志 时 间:  2013-05-10 21:26:12,531 
日 志 级 别:  INFO
日 志 来 源: [13]::Chatter.Service.ChatterService.PrintOnLineNumber(e:\code\myRepo\Chatter\Service\ChatterService.cs:637)
日 志 内 容:  当前在线人数:1
 

日 志 时 间:  2013-05-10 21:26:16,868 
日 志 级 别:  INFO
日 志 来 源: [7]::Chatter.Service.ChatterService.Logoff(e:\code\myRepo\Chatter\Service\ChatterService.cs:227)
日 志 内 容:  用户776041668 Eva退出
 

日 志 时 间:  2013-05-10 21:26:16,869 
日 志 级 别:  INFO
日 志 来 源: [7]::Chatter.Service.ChatterService.PrintOnLineNumber(e:\code\myRepo\Chatter\Service\ChatterService.cs:637)
日 志 内 容:  当前在线人数:0
 

日 志 时 间:  2013-05-10 21:26:17,199 
日 志 级 别:  INFO
日 志 来 源: [13]::Chatter.Service.ChatterService.Login(e:\code\myRepo\Chatter\Service\ChatterService.cs:127)
日 志 内 容:  用户776041668 Eva请求登录
 

日 志 时 间:  2013-05-10 21:26:17,214 
日 志 级 别:  INFO
日 志 来 源: [13]::Chatter.Service.ChatterService.Login(e:\code\myRepo\Chatter\Service\ChatterService.cs:197)
日 志 内 容:  用户776041668 Eva登录成功
 

日 志 时 间:  2013-05-10 21:26:17,215 
日 志 级 别:  INFO
日 志 来 源: [13]::Chatter.Service.ChatterService.PrintOnLineNumber(e:\code\myRepo\Chatter\Service\ChatterService.cs:637)
日 志 内 容:  当前在线人数:1
 

日 志 时 间:  2013-05-10 21:26:17,218 
日 志 级 别:  DEBUG
日 志 来 源: [13]::Chatter.Service.ChatterService.SendHeartBeat(e:\code\myRepo\Chatter\Service\ChatterService.cs:879)
日 志 内 容:  776041668 Eva重新上线
 

日 志 时 间:  2013-05-10 21:35:06,792 
日 志 级 别:  INFO
日 志 来 源: [4]::Chatter.Service.ChatterService.Logoff(e:\code\myRepo\Chatter\Service\ChatterService.cs:227)
日 志 内 容:  用户776041668 Eva退出
 

日 志 时 间:  2013-05-10 21:35:06,811 
日 志 级 别:  INFO
日 志 来 源: [4]::Chatter.Service.ChatterService.PrintOnLineNumber(e:\code\myRepo\Chatter\Service\ChatterService.cs:637)
日 志 内 容:  当前在线人数:0
 

日 志 时 间:  2013-05-10 21:52:19,416 
日 志 级 别:  INFO
日 志 来 源: [1]::Chatter.Host.Program+<>c__DisplayClass4.<Main>b__0(e:\code\myRepo\Chatter\Host\Program.cs:47)
日 志 内 容:  RegisterService已经启动
 

日 志 时 间:  2013-05-10 21:52:20,019 
日 志 级 别:  INFO
日 志 来 源: [1]::Chatter.Host.Program+<>c__DisplayClass4.<Main>b__0(e:\code\myRepo\Chatter\Host\Program.cs:47)
日 志 内 容:  ChatterService已经启动
 

日 志 时 间:  2013-05-10 21:52:20,037 
日 志 级 别:  INFO
日 志 来 源: [1]::Chatter.Host.Program+<>c__DisplayClass4.<Main>b__0(e:\code\myRepo\Chatter\Host\Program.cs:47)
日 志 内 容:  CustomPeerResolverService已经启动
 

日 志 时 间:  2013-05-10 21:53:41,444 
日 志 级 别:  INFO
日 志 来 源: [7]::Chatter.Service.ChatterService.<.cctor>b__1(e:\code\myRepo\Chatter\Service\ChatterService.cs:74)
日 志 内 容:  开始接收心跳包
 

日 志 时 间:  2013-05-10 21:53:42,376 
日 志 级 别:  INFO
日 志 来 源: [6]::Chatter.Service.ChatterService.Login(e:\code\myRepo\Chatter\Service\ChatterService.cs:127)
日 志 内 容:  用户776041668 请求登录
 

日 志 时 间:  2013-05-10 21:53:43,341 
日 志 级 别:  INFO
日 志 来 源: [6]::Chatter.Service.ChatterService.Login(e:\code\myRepo\Chatter\Service\ChatterService.cs:197)
日 志 内 容:  用户776041668 登录成功
 

日 志 时 间:  2013-05-10 21:53:43,343 
日 志 级 别:  INFO
日 志 来 源: [6]::Chatter.Service.ChatterService.PrintOnLineNumber(e:\code\myRepo\Chatter\Service\ChatterService.cs:637)
日 志 内 容:  当前在线人数:1
 

日 志 时 间:  2013-05-10 21:54:11,416 
日 志 级 别:  INFO
日 志 来 源: [3]::Chatter.Service.ChatterService.Logoff(e:\code\myRepo\Chatter\Service\ChatterService.cs:227)
日 志 内 容:  用户776041668 Eva退出
 

日 志 时 间:  2013-05-10 21:54:11,431 
日 志 级 别:  INFO
日 志 来 源: [3]::Chatter.Service.ChatterService.PrintOnLineNumber(e:\code\myRepo\Chatter\Service\ChatterService.cs:637)
日 志 内 容:  当前在线人数:0
 

日 志 时 间:  2013-05-10 21:57:31,510 
日 志 级 别:  INFO
日 志 来 源: [12]::Chatter.Service.ChatterService.Login(e:\code\myRepo\Chatter\Service\ChatterService.cs:127)
日 志 内 容:  用户776041668 请求登录
 

日 志 时 间:  2013-05-10 21:57:31,528 
日 志 级 别:  INFO
日 志 来 源: [12]::Chatter.Service.ChatterService.Login(e:\code\myRepo\Chatter\Service\ChatterService.cs:197)
日 志 内 容:  用户776041668 登录成功
 

日 志 时 间:  2013-05-10 21:57:31,529 
日 志 级 别:  INFO
日 志 来 源: [12]::Chatter.Service.ChatterService.PrintOnLineNumber(e:\code\myRepo\Chatter\Service\ChatterService.cs:637)
日 志 内 容:  当前在线人数:1
 

日 志 时 间:  2013-05-10 21:57:34,746 
日 志 级 别:  INFO
日 志 来 源: [12]::Chatter.Service.ChatterService.Login(e:\code\myRepo\Chatter\Service\ChatterService.cs:127)
日 志 内 容:  用户776041668 请求登录
 

日 志 时 间:  2013-05-10 21:57:34,751 
日 志 级 别:  ERROR
日 志 来 源: [12]::Chatter.Service.ChatterService.Login(e:\code\myRepo\Chatter\Service\ChatterService.cs:145)
日 志 内 容:  776041668登录时候出现错误
 System.ArgumentException: 已添加项。字典中的关键字:“776041668”所添加的关键字:“776041668”
   在 System.Collections.Hashtable.Insert(Object key, Object nvalue, Boolean add)
   在 Chatter.Service.ChatterService.Login(Member member) 位置 e:\code\myRepo\Chatter\Service\ChatterService.cs:行号 145


日 志 时 间:  2013-05-10 21:57:35,558 
日 志 级 别:  INFO
日 志 来 源: [7]::Chatter.Service.ChatterService.Logoff(e:\code\myRepo\Chatter\Service\ChatterService.cs:227)
日 志 内 容:  用户776041668 Eva退出
 

日 志 时 间:  2013-05-10 21:57:35,560 
日 志 级 别:  INFO
日 志 来 源: [7]::Chatter.Service.ChatterService.PrintOnLineNumber(e:\code\myRepo\Chatter\Service\ChatterService.cs:637)
日 志 内 容:  当前在线人数:0
 

日 志 时 间:  2013-05-10 21:57:36,729 
日 志 级 别:  INFO
日 志 来 源: [13]::Chatter.Service.ChatterService.Login(e:\code\myRepo\Chatter\Service\ChatterService.cs:127)
日 志 内 容:  用户776041668 请求登录
 

日 志 时 间:  2013-05-10 21:57:36,737 
日 志 级 别:  INFO
日 志 来 源: [13]::Chatter.Service.ChatterService.Login(e:\code\myRepo\Chatter\Service\ChatterService.cs:197)
日 志 内 容:  用户776041668 登录成功
 

日 志 时 间:  2013-05-10 21:57:36,737 
日 志 级 别:  INFO
日 志 来 源: [13]::Chatter.Service.ChatterService.PrintOnLineNumber(e:\code\myRepo\Chatter\Service\ChatterService.cs:637)
日 志 内 容:  当前在线人数:1
 

日 志 时 间:  2013-05-10 21:57:43,564 
日 志 级 别:  INFO
日 志 来 源: [7]::Chatter.Service.ChatterService.Logoff(e:\code\myRepo\Chatter\Service\ChatterService.cs:227)
日 志 内 容:  用户776041668 Eva退出
 

日 志 时 间:  2013-05-10 21:57:43,564 
日 志 级 别:  INFO
日 志 来 源: [7]::Chatter.Service.ChatterService.PrintOnLineNumber(e:\code\myRepo\Chatter\Service\ChatterService.cs:637)
日 志 内 容:  当前在线人数:0
 

日 志 时 间:  2013-05-10 21:57:45,749 
日 志 级 别:  INFO
日 志 来 源: [13]::Chatter.Service.ChatterService.Login(e:\code\myRepo\Chatter\Service\ChatterService.cs:127)
日 志 内 容:  用户776041668 Eva请求登录
 

日 志 时 间:  2013-05-10 21:57:45,758 
日 志 级 别:  INFO
日 志 来 源: [13]::Chatter.Service.ChatterService.Login(e:\code\myRepo\Chatter\Service\ChatterService.cs:197)
日 志 内 容:  用户776041668 Eva登录成功
 

日 志 时 间:  2013-05-10 21:57:45,760 
日 志 级 别:  INFO
日 志 来 源: [13]::Chatter.Service.ChatterService.PrintOnLineNumber(e:\code\myRepo\Chatter\Service\ChatterService.cs:637)
日 志 内 容:  当前在线人数:1
 

日 志 时 间:  2013-05-10 21:57:45,763 
日 志 级 别:  DEBUG
日 志 来 源: [13]::Chatter.Service.ChatterService.SendHeartBeat(e:\code\myRepo\Chatter\Service\ChatterService.cs:889)
日 志 内 容:  776041668 Eva重新上线
 

日 志 时 间:  2013-05-10 21:57:56,995 
日 志 级 别:  INFO
日 志 来 源: [13]::Chatter.Service.ChatterService.Login(e:\code\myRepo\Chatter\Service\ChatterService.cs:127)
日 志 内 容:  用户776041669 请求登录
 

日 志 时 间:  2013-05-10 21:57:57,003 
日 志 级 别:  INFO
日 志 来 源: [13]::Chatter.Service.ChatterService.Login(e:\code\myRepo\Chatter\Service\ChatterService.cs:197)
日 志 内 容:  用户776041669 登录成功
 

日 志 时 间:  2013-05-10 21:57:57,004 
日 志 级 别:  INFO
日 志 来 源: [13]::Chatter.Service.ChatterService.PrintOnLineNumber(e:\code\myRepo\Chatter\Service\ChatterService.cs:637)
日 志 内 容:  当前在线人数:2
 

日 志 时 间:  2013-05-10 21:57:58,888 
日 志 级 别:  DEBUG
日 志 来 源: [12]::Chatter.DAL.DALService.DeleteFriend(e:\code\myRepo\Chatter\DAL\DALService.cs:427)
日 志 内 容:  删除前1234001;1234002;1234003;776041669;
 

日 志 时 间:  2013-05-10 21:57:58,891 
日 志 级 别:  DEBUG
日 志 来 源: [12]::Chatter.DAL.DALService.DeleteFriend(e:\code\myRepo\Chatter\DAL\DALService.cs:431)
日 志 内 容:  删除后1234001;1234002;1234003;
 

日 志 时 间:  2013-05-10 21:58:06,358 
日 志 级 别:  DEBUG
日 志 来 源: [12]::Chatter.DAL.DALService.DeleteFriend(e:\code\myRepo\Chatter\DAL\DALService.cs:427)
日 志 内 容:  删除前1234001;1234002;1234003;8526250;776041668;
 

日 志 时 间:  2013-05-10 21:58:06,359 
日 志 级 别:  DEBUG
日 志 来 源: [12]::Chatter.DAL.DALService.DeleteFriend(e:\code\myRepo\Chatter\DAL\DALService.cs:431)
日 志 内 容:  删除后1234001;1234002;1234003;8526250;
 

日 志 时 间:  2013-05-10 21:58:18,591 
日 志 级 别:  INFO
日 志 来 源: [7]::Chatter.Service.ChatterService.Logoff(e:\code\myRepo\Chatter\Service\ChatterService.cs:227)
日 志 内 容:  用户776041668 Eva退出
 

日 志 时 间:  2013-05-10 21:58:18,592 
日 志 级 别:  INFO
日 志 来 源: [7]::Chatter.Service.ChatterService.PrintOnLineNumber(e:\code\myRepo\Chatter\Service\ChatterService.cs:637)
日 志 内 容:  当前在线人数:1
 

日 志 时 间:  2013-05-10 21:59:24,965 
日 志 级 别:  INFO
日 志 来 源: [12]::Chatter.Service.ChatterService.Login(e:\code\myRepo\Chatter\Service\ChatterService.cs:127)
日 志 内 容:  用户776041668 Eva请求登录
 

日 志 时 间:  2013-05-10 21:59:24,973 
日 志 级 别:  INFO
日 志 来 源: [12]::Chatter.Service.ChatterService.Login(e:\code\myRepo\Chatter\Service\ChatterService.cs:197)
日 志 内 容:  用户776041668 Eva登录成功
 

日 志 时 间:  2013-05-10 21:59:24,974 
日 志 级 别:  INFO
日 志 来 源: [12]::Chatter.Service.ChatterService.PrintOnLineNumber(e:\code\myRepo\Chatter\Service\ChatterService.cs:637)
日 志 内 容:  当前在线人数:2
 

日 志 时 间:  2013-05-10 21:59:24,975 
日 志 级 别:  DEBUG
日 志 来 源: [12]::Chatter.Service.ChatterService.SendHeartBeat(e:\code\myRepo\Chatter\Service\ChatterService.cs:889)
日 志 内 容:  776041668 Eva重新上线
 

日 志 时 间:  2013-05-10 21:59:29,632 
日 志 级 别:  INFO
日 志 来 源: [7]::Chatter.Service.ChatterService.Logoff(e:\code\myRepo\Chatter\Service\ChatterService.cs:227)
日 志 内 容:  用户776041668 Eva退出
 

日 志 时 间:  2013-05-10 21:59:29,632 
日 志 级 别:  INFO
日 志 来 源: [7]::Chatter.Service.ChatterService.PrintOnLineNumber(e:\code\myRepo\Chatter\Service\ChatterService.cs:637)
日 志 内 容:  当前在线人数:1
 

日 志 时 间:  2013-05-10 21:59:38,515 
日 志 级 别:  INFO
日 志 来 源: [13]::Chatter.Service.ChatterService.Login(e:\code\myRepo\Chatter\Service\ChatterService.cs:127)
日 志 内 容:  用户776041668 Eva请求登录
 

日 志 时 间:  2013-05-10 21:59:38,531 
日 志 级 别:  INFO
日 志 来 源: [13]::Chatter.Service.ChatterService.Login(e:\code\myRepo\Chatter\Service\ChatterService.cs:197)
日 志 内 容:  用户776041668 Eva登录成功
 

日 志 时 间:  2013-05-10 21:59:38,532 
日 志 级 别:  INFO
日 志 来 源: [13]::Chatter.Service.ChatterService.PrintOnLineNumber(e:\code\myRepo\Chatter\Service\ChatterService.cs:637)
日 志 内 容:  当前在线人数:2
 

日 志 时 间:  2013-05-10 21:59:38,534 
日 志 级 别:  DEBUG
日 志 来 源: [13]::Chatter.Service.ChatterService.SendHeartBeat(e:\code\myRepo\Chatter\Service\ChatterService.cs:889)
日 志 内 容:  776041668 Eva重新上线
 

日 志 时 间:  2013-05-10 21:59:42,641 
日 志 级 别:  INFO
日 志 来 源: [7]::Chatter.Service.ChatterService.Logoff(e:\code\myRepo\Chatter\Service\ChatterService.cs:227)
日 志 内 容:  用户776041669 walle退出
 

日 志 时 间:  2013-05-10 21:59:42,641 
日 志 级 别:  INFO
日 志 来 源: [7]::Chatter.Service.ChatterService.PrintOnLineNumber(e:\code\myRepo\Chatter\Service\ChatterService.cs:637)
日 志 内 容:  当前在线人数:1
 

日 志 时 间:  2013-05-10 22:00:48,881 
日 志 级 别:  INFO
日 志 来 源: [4]::Chatter.Service.ChatterService.Login(e:\code\myRepo\Chatter\Service\ChatterService.cs:127)
日 志 内 容:  用户776041669 walle请求登录
 

日 志 时 间:  2013-05-10 22:00:48,887 
日 志 级 别:  INFO
日 志 来 源: [4]::Chatter.Service.ChatterService.Login(e:\code\myRepo\Chatter\Service\ChatterService.cs:197)
日 志 内 容:  用户776041669 walle登录成功
 

日 志 时 间:  2013-05-10 22:00:48,889 
日 志 级 别:  INFO
日 志 来 源: [4]::Chatter.Service.ChatterService.PrintOnLineNumber(e:\code\myRepo\Chatter\Service\ChatterService.cs:637)
日 志 内 容:  当前在线人数:2
 

日 志 时 间:  2013-05-10 22:00:48,892 
日 志 级 别:  DEBUG
日 志 来 源: [4]::Chatter.Service.ChatterService.SendHeartBeat(e:\code\myRepo\Chatter\Service\ChatterService.cs:889)
日 志 内 容:  776041669 walle重新上线
 

日 志 时 间:  2013-05-10 22:00:53,688 
日 志 级 别:  INFO
日 志 来 源: [7]::Chatter.Service.ChatterService.Logoff(e:\code\myRepo\Chatter\Service\ChatterService.cs:227)
日 志 内 容:  用户776041669 walle退出
 

日 志 时 间:  2013-05-10 22:00:53,689 
日 志 级 别:  INFO
日 志 来 源: [7]::Chatter.Service.ChatterService.PrintOnLineNumber(e:\code\myRepo\Chatter\Service\ChatterService.cs:637)
日 志 内 容:  当前在线人数:1
 

日 志 时 间:  2013-05-10 22:01:59,383 
日 志 级 别:  INFO
日 志 来 源: [13]::Chatter.Service.ChatterService.Login(e:\code\myRepo\Chatter\Service\ChatterService.cs:127)
日 志 内 容:  用户776041669 walle请求登录
 

日 志 时 间:  2013-05-10 22:01:59,406 
日 志 级 别:  INFO
日 志 来 源: [13]::Chatter.Service.ChatterService.Login(e:\code\myRepo\Chatter\Service\ChatterService.cs:197)
日 志 内 容:  用户776041669 walle登录成功
 

日 志 时 间:  2013-05-10 22:01:59,408 
日 志 级 别:  INFO
日 志 来 源: [13]::Chatter.Service.ChatterService.PrintOnLineNumber(e:\code\myRepo\Chatter\Service\ChatterService.cs:637)
日 志 内 容:  当前在线人数:2
 

日 志 时 间:  2013-05-10 22:01:59,409 
日 志 级 别:  DEBUG
日 志 来 源: [13]::Chatter.Service.ChatterService.SendHeartBeat(e:\code\myRepo\Chatter\Service\ChatterService.cs:889)
日 志 内 容:  776041669 walle重新上线
 

日 志 时 间:  2013-05-10 22:02:03,721 
日 志 级 别:  INFO
日 志 来 源: [7]::Chatter.Service.ChatterService.Logoff(e:\code\myRepo\Chatter\Service\ChatterService.cs:227)
日 志 内 容:  用户776041669 walle退出
 

日 志 时 间:  2013-05-10 22:02:03,722 
日 志 级 别:  INFO
日 志 来 源: [7]::Chatter.Service.ChatterService.PrintOnLineNumber(e:\code\myRepo\Chatter\Service\ChatterService.cs:637)
日 志 内 容:  当前在线人数:1
 

日 志 时 间:  2013-05-10 22:03:00,557 
日 志 级 别:  INFO
日 志 来 源: [10]::Chatter.Service.ChatterService.Login(e:\code\myRepo\Chatter\Service\ChatterService.cs:127)
日 志 内 容:  用户776041669 walle请求登录
 

日 志 时 间:  2013-05-10 22:03:00,589 
日 志 级 别:  INFO
日 志 来 源: [10]::Chatter.Service.ChatterService.Login(e:\code\myRepo\Chatter\Service\ChatterService.cs:197)
日 志 内 容:  用户776041669 walle登录成功
 

日 志 时 间:  2013-05-10 22:03:00,601 
日 志 级 别:  INFO
日 志 来 源: [10]::Chatter.Service.ChatterService.PrintOnLineNumber(e:\code\myRepo\Chatter\Service\ChatterService.cs:637)
日 志 内 容:  当前在线人数:2
 

日 志 时 间:  2013-05-10 22:03:00,605 
日 志 级 别:  DEBUG
日 志 来 源: [10]::Chatter.Service.ChatterService.SendHeartBeat(e:\code\myRepo\Chatter\Service\ChatterService.cs:889)
日 志 内 容:  776041669 walle重新上线
 

日 志 时 间:  2013-05-10 22:07:31,637 
日 志 级 别:  INFO
日 志 来 源: [12]::Chatter.Service.ChatterService.Logoff(e:\code\myRepo\Chatter\Service\ChatterService.cs:227)
日 志 内 容:  用户776041668 Eva退出
 

日 志 时 间:  2013-05-10 22:07:31,640 
日 志 级 别:  INFO
日 志 来 源: [12]::Chatter.Service.ChatterService.PrintOnLineNumber(e:\code\myRepo\Chatter\Service\ChatterService.cs:637)
日 志 内 容:  当前在线人数:1
 

日 志 时 间:  2013-05-10 22:07:32,070 
日 志 级 别:  INFO
日 志 来 源: [8]::Chatter.Service.ChatterService.Login(e:\code\myRepo\Chatter\Service\ChatterService.cs:127)
日 志 内 容:  用户776041668 Eva请求登录
 

日 志 时 间:  2013-05-10 22:07:32,080 
日 志 级 别:  INFO
日 志 来 源: [8]::Chatter.Service.ChatterService.Login(e:\code\myRepo\Chatter\Service\ChatterService.cs:197)
日 志 内 容:  用户776041668 Eva登录成功
 

日 志 时 间:  2013-05-10 22:07:32,081 
日 志 级 别:  INFO
日 志 来 源: [8]::Chatter.Service.ChatterService.PrintOnLineNumber(e:\code\myRepo\Chatter\Service\ChatterService.cs:637)
日 志 内 容:  当前在线人数:2
 

日 志 时 间:  2013-05-10 22:07:32,084 
日 志 级 别:  DEBUG
日 志 来 源: [8]::Chatter.Service.ChatterService.SendHeartBeat(e:\code\myRepo\Chatter\Service\ChatterService.cs:889)
日 志 内 容:  776041668 Eva重新上线
 

日 志 时 间:  2013-05-10 22:07:34,747 
日 志 级 别:  INFO
日 志 来 源: [4]::Chatter.Service.ChatterService.Logoff(e:\code\myRepo\Chatter\Service\ChatterService.cs:227)
日 志 内 容:  用户776041668 Eva退出
 

日 志 时 间:  2013-05-10 22:07:34,751 
日 志 级 别:  INFO
日 志 来 源: [4]::Chatter.Service.ChatterService.PrintOnLineNumber(e:\code\myRepo\Chatter\Service\ChatterService.cs:637)
日 志 内 容:  当前在线人数:1
 

日 志 时 间:  2013-05-10 22:07:35,112 
日 志 级 别:  INFO
日 志 来 源: [4]::Chatter.Service.ChatterService.Login(e:\code\myRepo\Chatter\Service\ChatterService.cs:127)
日 志 内 容:  用户776041668 Eva请求登录
 

日 志 时 间:  2013-05-10 22:07:35,121 
日 志 级 别:  INFO
日 志 来 源: [4]::Chatter.Service.ChatterService.Login(e:\code\myRepo\Chatter\Service\ChatterService.cs:197)
日 志 内 容:  用户776041668 Eva登录成功
 

日 志 时 间:  2013-05-10 22:07:35,123 
日 志 级 别:  INFO
日 志 来 源: [4]::Chatter.Service.ChatterService.PrintOnLineNumber(e:\code\myRepo\Chatter\Service\ChatterService.cs:637)
日 志 内 容:  当前在线人数:2
 

日 志 时 间:  2013-05-10 22:07:35,126 
日 志 级 别:  DEBUG
日 志 来 源: [4]::Chatter.Service.ChatterService.SendHeartBeat(e:\code\myRepo\Chatter\Service\ChatterService.cs:889)
日 志 内 容:  776041668 Eva重新上线
 

日 志 时 间:  2013-05-10 22:19:24,197 
日 志 级 别:  INFO
日 志 来 源: [8]::Chatter.Service.ChatterService.Logoff(e:\code\myRepo\Chatter\Service\ChatterService.cs:227)
日 志 内 容:  用户776041669 walle退出
 

日 志 时 间:  2013-05-10 22:19:24,200 
日 志 级 别:  INFO
日 志 来 源: [8]::Chatter.Service.ChatterService.PrintOnLineNumber(e:\code\myRepo\Chatter\Service\ChatterService.cs:637)
日 志 内 容:  当前在线人数:1
 

日 志 时 间:  2013-05-10 22:19:31,332 
日 志 级 别:  INFO
日 志 来 源: [7]::Chatter.Service.ChatterService.Logoff(e:\code\myRepo\Chatter\Service\ChatterService.cs:227)
日 志 内 容:  用户776041668 Eva退出
 

日 志 时 间:  2013-05-10 22:19:31,333 
日 志 级 别:  INFO
日 志 来 源: [7]::Chatter.Service.ChatterService.PrintOnLineNumber(e:\code\myRepo\Chatter\Service\ChatterService.cs:637)
日 志 内 容:  当前在线人数:0
 

日 志 时 间:  2013-05-10 22:20:26,673 
日 志 级 别:  INFO
日 志 来 源: [16]::Chatter.Service.ChatterService.Logoff(e:\code\myRepo\Chatter\Service\ChatterService.cs:227)
日 志 内 容:  用户776041668 Eva退出
 

日 志 时 间:  2013-05-10 22:20:26,675 
日 志 级 别:  INFO
日 志 来 源: [16]::Chatter.Service.ChatterService.PrintOnLineNumber(e:\code\myRepo\Chatter\Service\ChatterService.cs:637)
日 志 内 容:  当前在线人数:0
 

