日 志 时 间:  2013-04-23 07:23:18,256 
日 志 级 别:  INFO
日 志 来 源: [1]::Chatter.Host.Program+<>c__DisplayClass4.<Main>b__0(e:\code\myRepo\Chatter\Host\Program.cs:47)
日 志 内 容:  RegisterService已经启动
 

日 志 时 间:  2013-04-23 07:23:18,474 
日 志 级 别:  INFO
日 志 来 源: [1]::Chatter.Host.Program+<>c__DisplayClass4.<Main>b__0(e:\code\myRepo\Chatter\Host\Program.cs:47)
日 志 内 容:  ChatterService已经启动
 

日 志 时 间:  2013-04-23 07:23:18,490 
日 志 级 别:  INFO
日 志 来 源: [1]::Chatter.Host.Program+<>c__DisplayClass4.<Main>b__0(e:\code\myRepo\Chatter\Host\Program.cs:47)
日 志 内 容:  CustomPeerResolverService已经启动
 

日 志 时 间:  2013-04-23 13:06:05,612 
日 志 级 别:  INFO
日 志 来 源: [1]::Chatter.Host.Program+<>c__DisplayClass4.<Main>b__0(e:\code\myRepo\Chatter\Host\Program.cs:47)
日 志 内 容:  RegisterService已经启动
 

日 志 时 间:  2013-04-23 13:06:05,842 
日 志 级 别:  INFO
日 志 来 源: [1]::Chatter.Host.Program+<>c__DisplayClass4.<Main>b__0(e:\code\myRepo\Chatter\Host\Program.cs:47)
日 志 内 容:  ChatterService已经启动
 

日 志 时 间:  2013-04-23 13:06:05,852 
日 志 级 别:  INFO
日 志 来 源: [1]::Chatter.Host.Program+<>c__DisplayClass4.<Main>b__0(e:\code\myRepo\Chatter\Host\Program.cs:47)
日 志 内 容:  CustomPeerResolverService已经启动
 

日 志 时 间:  2013-04-23 15:31:40,760 
日 志 级 别:  INFO
日 志 来 源: [11]::Chatter.Service.ChatterService.<.cctor>b__1(e:\code\myRepo\Chatter\Service\ChatterService.cs:74)
日 志 内 容:  开始接收心跳包
 

日 志 时 间:  2013-04-23 15:31:41,255 
日 志 级 别:  INFO
日 志 来 源: [9]::Chatter.Service.ChatterService.Login(e:\code\myRepo\Chatter\Service\ChatterService.cs:127)
日 志 内 容:  用户1234001 请求登录
 

日 志 时 间:  2013-04-23 15:31:41,865 
日 志 级 别:  INFO
日 志 来 源: [9]::Chatter.Service.ChatterService.Login(e:\code\myRepo\Chatter\Service\ChatterService.cs:197)
日 志 内 容:  用户1234001 登录成功
 

日 志 时 间:  2013-04-23 15:31:41,865 
日 志 级 别:  INFO
日 志 来 源: [9]::Chatter.Service.ChatterService.PrintOnLineNumber(e:\code\myRepo\Chatter\Service\ChatterService.cs:637)
日 志 内 容:  当前在线人数:1
 

日 志 时 间:  2013-04-23 15:33:34,584 
日 志 级 别:  INFO
日 志 来 源: [10]::Chatter.Service.ChatterService.Login(e:\code\myRepo\Chatter\Service\ChatterService.cs:127)
日 志 内 容:  用户776041668 请求登录
 

日 志 时 间:  2013-04-23 15:33:34,594 
日 志 级 别:  INFO
日 志 来 源: [10]::Chatter.Service.ChatterService.Login(e:\code\myRepo\Chatter\Service\ChatterService.cs:197)
日 志 内 容:  用户776041668 登录成功
 

日 志 时 间:  2013-04-23 15:33:34,594 
日 志 级 别:  INFO
日 志 来 源: [10]::Chatter.Service.ChatterService.PrintOnLineNumber(e:\code\myRepo\Chatter\Service\ChatterService.cs:637)
日 志 内 容:  当前在线人数:2
 

日 志 时 间:  2013-04-23 15:34:42,311 
日 志 级 别:  INFO
日 志 来 源: [14]::Chatter.Service.ChatterService.Login(e:\code\myRepo\Chatter\Service\ChatterService.cs:127)
日 志 内 容:  用户776041669 请求登录
 

日 志 时 间:  2013-04-23 15:34:42,321 
日 志 级 别:  INFO
日 志 来 源: [14]::Chatter.Service.ChatterService.Login(e:\code\myRepo\Chatter\Service\ChatterService.cs:197)
日 志 内 容:  用户776041669 登录成功
 

日 志 时 间:  2013-04-23 15:34:42,326 
日 志 级 别:  INFO
日 志 来 源: [14]::Chatter.Service.ChatterService.PrintOnLineNumber(e:\code\myRepo\Chatter\Service\ChatterService.cs:637)
日 志 内 容:  当前在线人数:3
 

日 志 时 间:  2013-04-23 15:35:05,997 
日 志 级 别:  INFO
日 志 来 源: [7]::Chatter.Service.TCPHolePunching+<>c__DisplayClass6.<.ctor>b__3(e:\code\myRepo\Chatter\Service\TCPHolePunching.cs:90)
日 志 内 容:  from:222.26.105.148:63877
 

日 志 时 间:  2013-04-23 15:35:06,033 
日 志 级 别:  INFO
日 志 来 源: [7]::Chatter.Service.TCPHolePunching+<>c__DisplayClass6.<.ctor>b__3(e:\code\myRepo\Chatter\Service\TCPHolePunching.cs:91)
日 志 内 容:  to:222.26.105.148:63818
 

日 志 时 间:  2013-04-23 15:42:11,207 
日 志 级 别:  INFO
日 志 来 源: [26]::Chatter.Service.TCPHolePunching+<>c__DisplayClass6.<.ctor>b__3(e:\code\myRepo\Chatter\Service\TCPHolePunching.cs:90)
日 志 内 容:  from:222.26.186.164:2129
 

日 志 时 间:  2013-04-23 15:42:11,208 
日 志 级 别:  INFO
日 志 来 源: [26]::Chatter.Service.TCPHolePunching+<>c__DisplayClass6.<.ctor>b__3(e:\code\myRepo\Chatter\Service\TCPHolePunching.cs:91)
日 志 内 容:  to:222.26.105.148:4513
 

日 志 时 间:  2013-04-23 15:43:35,302 
日 志 级 别:  INFO
日 志 来 源: [6]::Chatter.Service.TCPHolePunching+<>c__DisplayClass6.<.ctor>b__3(e:\code\myRepo\Chatter\Service\TCPHolePunching.cs:90)
日 志 内 容:  from:222.26.105.148:5372
 

日 志 时 间:  2013-04-23 15:43:35,302 
日 志 级 别:  INFO
日 志 来 源: [6]::Chatter.Service.TCPHolePunching+<>c__DisplayClass6.<.ctor>b__3(e:\code\myRepo\Chatter\Service\TCPHolePunching.cs:91)
日 志 内 容:  to:222.26.105.148:5340
 

日 志 时 间:  2013-04-23 15:44:43,357 
日 志 级 别:  INFO
日 志 来 源: [11]::Chatter.Service.ChatterService.Logoff(e:\code\myRepo\Chatter\Service\ChatterService.cs:227)
日 志 内 容:  用户776041669 walle退出
 

日 志 时 间:  2013-04-23 15:44:43,357 
日 志 级 别:  INFO
日 志 来 源: [11]::Chatter.Service.ChatterService.PrintOnLineNumber(e:\code\myRepo\Chatter\Service\ChatterService.cs:637)
日 志 内 容:  当前在线人数:2
 

日 志 时 间:  2013-04-23 15:44:46,377 
日 志 级 别:  INFO
日 志 来 源: [11]::Chatter.Service.ChatterService.Logoff(e:\code\myRepo\Chatter\Service\ChatterService.cs:227)
日 志 内 容:  用户776041668 Eva退出
 

日 志 时 间:  2013-04-23 15:44:46,377 
日 志 级 别:  INFO
日 志 来 源: [11]::Chatter.Service.ChatterService.PrintOnLineNumber(e:\code\myRepo\Chatter\Service\ChatterService.cs:637)
日 志 内 容:  当前在线人数:1
 

日 志 时 间:  2013-04-23 15:44:48,412 
日 志 级 别:  WARN
日 志 来 源: [7]::Chatter.Service.ChatterService.HandleEvent(e:\code\myRepo\Chatter\Service\ChatterService.cs:617)
日 志 内 容:  回调失败776041668
 

日 志 时 间:  2013-04-23 15:44:55,447 
日 志 级 别:  INFO
日 志 来 源: [11]::Chatter.Service.ChatterService.Logoff(e:\code\myRepo\Chatter\Service\ChatterService.cs:227)
日 志 内 容:  用户1234001 Kevin退出
 

日 志 时 间:  2013-04-23 15:44:55,447 
日 志 级 别:  INFO
日 志 来 源: [11]::Chatter.Service.ChatterService.PrintOnLineNumber(e:\code\myRepo\Chatter\Service\ChatterService.cs:637)
日 志 内 容:  当前在线人数:0
 

日 志 时 间:  2013-04-23 15:45:39,619 
日 志 级 别:  INFO
日 志 来 源: [30]::Chatter.Service.ChatterService.Logoff(e:\code\myRepo\Chatter\Service\ChatterService.cs:227)
日 志 内 容:  用户776041669 walle退出
 

日 志 时 间:  2013-04-23 15:45:39,619 
日 志 级 别:  INFO
日 志 来 源: [30]::Chatter.Service.ChatterService.PrintOnLineNumber(e:\code\myRepo\Chatter\Service\ChatterService.cs:637)
日 志 内 容:  当前在线人数:0
 

日 志 时 间:  2013-04-23 15:45:42,039 
日 志 级 别:  INFO
日 志 来 源: [29]::Chatter.Service.ChatterService.Logoff(e:\code\myRepo\Chatter\Service\ChatterService.cs:227)
日 志 内 容:  用户776041668 Eva退出
 

日 志 时 间:  2013-04-23 15:45:42,039 
日 志 级 别:  INFO
日 志 来 源: [29]::Chatter.Service.ChatterService.PrintOnLineNumber(e:\code\myRepo\Chatter\Service\ChatterService.cs:637)
日 志 内 容:  当前在线人数:0
 

日 志 时 间:  2013-04-23 15:45:50,954 
日 志 级 别:  INFO
日 志 来 源: [30]::Chatter.Service.ChatterService.Logoff(e:\code\myRepo\Chatter\Service\ChatterService.cs:227)
日 志 内 容:  用户1234001 Kevin退出
 

日 志 时 间:  2013-04-23 15:45:50,954 
日 志 级 别:  INFO
日 志 来 源: [30]::Chatter.Service.ChatterService.PrintOnLineNumber(e:\code\myRepo\Chatter\Service\ChatterService.cs:637)
日 志 内 容:  当前在线人数:0
 

