日 志 时 间:  2013-03-15 16:18:48,492 
日 志 级 别:  INFO
日 志 来 源: [1]::Chatter.Host.Program+<>c__DisplayClass4.<Main>b__0(f:\code\myRepo\Chatter\Host\Program.cs:47)
日 志 内 容:  RegisterService已经启动
 

日 志 时 间:  2013-03-15 16:18:48,592 
日 志 级 别:  INFO
日 志 来 源: [1]::Chatter.Host.Program+<>c__DisplayClass4.<Main>b__0(f:\code\myRepo\Chatter\Host\Program.cs:47)
日 志 内 容:  ChatterService已经启动
 

日 志 时 间:  2013-03-15 16:18:48,610 
日 志 级 别:  INFO
日 志 来 源: [1]::Chatter.Host.Program+<>c__DisplayClass4.<Main>b__0(f:\code\myRepo\Chatter\Host\Program.cs:47)
日 志 内 容:  CustomPeerResolverService已经启动
 

日 志 时 间:  2013-03-15 16:51:15,350 
日 志 级 别:  INFO
日 志 来 源: [11]::Chatter.Service.ChatterService.<.cctor>b__1(f:\code\myRepo\Chatter\Service\ChatterService.cs:74)
日 志 内 容:  开始接收心跳包
 

日 志 时 间:  2013-03-15 16:51:15,362 
日 志 级 别:  INFO
日 志 来 源: [8]::Chatter.Service.ChatterService.Login(f:\code\myRepo\Chatter\Service\ChatterService.cs:127)
日 志 内 容:  用户776041668 请求登录
 

日 志 时 间:  2013-03-15 16:51:15,870 
日 志 级 别:  INFO
日 志 来 源: [8]::Chatter.Service.ChatterService.Login(f:\code\myRepo\Chatter\Service\ChatterService.cs:181)
日 志 内 容:  用户776041668 登录成功
 

日 志 时 间:  2013-03-15 16:51:15,871 
日 志 级 别:  INFO
日 志 来 源: [8]::Chatter.Service.ChatterService.PrintOnLineNumber(f:\code\myRepo\Chatter\Service\ChatterService.cs:584)
日 志 内 容:  当前在线人数:1
 

日 志 时 间:  2013-03-15 16:51:33,354 
日 志 级 别:  INFO
日 志 来 源: [11]::Chatter.Service.ChatterService.Logoff(f:\code\myRepo\Chatter\Service\ChatterService.cs:211)
日 志 内 容:  用户776041668 eva退出
 

日 志 时 间:  2013-03-15 16:51:33,355 
日 志 级 别:  INFO
日 志 来 源: [11]::Chatter.Service.ChatterService.PrintOnLineNumber(f:\code\myRepo\Chatter\Service\ChatterService.cs:584)
日 志 内 容:  当前在线人数:0
 

日 志 时 间:  2013-03-15 16:51:33,548 
日 志 级 别:  INFO
日 志 来 源: [13]::Chatter.Service.ChatterService.Login(f:\code\myRepo\Chatter\Service\ChatterService.cs:127)
日 志 内 容:  用户776041668 请求登录
 

日 志 时 间:  2013-03-15 16:51:33,550 
日 志 级 别:  INFO
日 志 来 源: [13]::Chatter.Service.ChatterService.Login(f:\code\myRepo\Chatter\Service\ChatterService.cs:181)
日 志 内 容:  用户776041668 登录成功
 

日 志 时 间:  2013-03-15 16:51:33,550 
日 志 级 别:  INFO
日 志 来 源: [13]::Chatter.Service.ChatterService.PrintOnLineNumber(f:\code\myRepo\Chatter\Service\ChatterService.cs:584)
日 志 内 容:  当前在线人数:1
 

日 志 时 间:  2013-03-15 16:51:38,012 
日 志 级 别:  INFO
日 志 来 源: [10]::Chatter.Service.ChatterService.Login(f:\code\myRepo\Chatter\Service\ChatterService.cs:127)
日 志 内 容:  用户776041669 请求登录
 

日 志 时 间:  2013-03-15 16:51:38,015 
日 志 级 别:  INFO
日 志 来 源: [10]::Chatter.Service.ChatterService.Login(f:\code\myRepo\Chatter\Service\ChatterService.cs:181)
日 志 内 容:  用户776041669 登录成功
 

日 志 时 间:  2013-03-15 16:51:38,015 
日 志 级 别:  INFO
日 志 来 源: [10]::Chatter.Service.ChatterService.PrintOnLineNumber(f:\code\myRepo\Chatter\Service\ChatterService.cs:584)
日 志 内 容:  当前在线人数:2
 

日 志 时 间:  2013-03-15 16:51:52,945 
日 志 级 别:  INFO
日 志 来 源: [10]::Chatter.Service.ChatterService.Logoff(f:\code\myRepo\Chatter\Service\ChatterService.cs:211)
日 志 内 容:  用户776041669 walle退出
 

日 志 时 间:  2013-03-15 16:51:52,951 
日 志 级 别:  INFO
日 志 来 源: [10]::Chatter.Service.ChatterService.PrintOnLineNumber(f:\code\myRepo\Chatter\Service\ChatterService.cs:584)
日 志 内 容:  当前在线人数:1
 

日 志 时 间:  2013-03-15 16:51:57,355 
日 志 级 别:  INFO
日 志 来 源: [11]::Chatter.Service.ChatterService.Logoff(f:\code\myRepo\Chatter\Service\ChatterService.cs:211)
日 志 内 容:  用户776041668 eva退出
 

日 志 时 间:  2013-03-15 16:51:57,355 
日 志 级 别:  INFO
日 志 来 源: [11]::Chatter.Service.ChatterService.PrintOnLineNumber(f:\code\myRepo\Chatter\Service\ChatterService.cs:584)
日 志 内 容:  当前在线人数:0
 

日 志 时 间:  2013-03-15 16:52:28,422 
日 志 级 别:  INFO
日 志 来 源: [10]::Chatter.Service.ChatterService.Logoff(f:\code\myRepo\Chatter\Service\ChatterService.cs:211)
日 志 内 容:  用户776041668 eva退出
 

日 志 时 间:  2013-03-15 16:52:28,422 
日 志 级 别:  INFO
日 志 来 源: [10]::Chatter.Service.ChatterService.PrintOnLineNumber(f:\code\myRepo\Chatter\Service\ChatterService.cs:584)
日 志 内 容:  当前在线人数:0
 

日 志 时 间:  2013-03-15 16:52:53,152 
日 志 级 别:  INFO
日 志 来 源: [10]::Chatter.Service.ChatterService.Logoff(f:\code\myRepo\Chatter\Service\ChatterService.cs:211)
日 志 内 容:  用户776041668 eva退出
 

日 志 时 间:  2013-03-15 16:52:53,153 
日 志 级 别:  INFO
日 志 来 源: [10]::Chatter.Service.ChatterService.PrintOnLineNumber(f:\code\myRepo\Chatter\Service\ChatterService.cs:584)
日 志 内 容:  当前在线人数:0
 

日 志 时 间:  2013-03-15 16:53:08,344 
日 志 级 别:  INFO
日 志 来 源: [1]::Chatter.Host.Program+<>c__DisplayClass4.<Main>b__1(f:\code\myRepo\Chatter\Host\Program.cs:52)
日 志 内 容:  RegisterService已经关闭
 

日 志 时 间:  2013-03-15 16:53:08,355 
日 志 级 别:  INFO
日 志 来 源: [11]::Chatter.Service.ChatterService.<.cctor>b__1(f:\code\myRepo\Chatter\Service\ChatterService.cs:105)
日 志 内 容:  停止接收心跳包
 

日 志 时 间:  2013-03-15 16:53:08,370 
日 志 级 别:  INFO
日 志 来 源: [1]::Chatter.Host.Program+<>c__DisplayClass4.<Main>b__1(f:\code\myRepo\Chatter\Host\Program.cs:52)
日 志 内 容:  ChatterService已经关闭
 

日 志 时 间:  2013-03-15 16:53:08,371 
日 志 级 别:  INFO
日 志 来 源: [1]::Chatter.Host.Program+<>c__DisplayClass4.<Main>b__1(f:\code\myRepo\Chatter\Host\Program.cs:52)
日 志 内 容:  CustomPeerResolverService已经关闭
 

日 志 时 间:  2013-03-15 16:58:10,070 
日 志 级 别:  INFO
日 志 来 源: [1]::Chatter.Host.Program+<>c__DisplayClass4.<Main>b__0(f:\code\myRepo\Chatter\Host\Program.cs:47)
日 志 内 容:  RegisterService已经启动
 

日 志 时 间:  2013-03-15 16:58:10,160 
日 志 级 别:  INFO
日 志 来 源: [1]::Chatter.Host.Program+<>c__DisplayClass4.<Main>b__0(f:\code\myRepo\Chatter\Host\Program.cs:47)
日 志 内 容:  ChatterService已经启动
 

日 志 时 间:  2013-03-15 16:58:10,164 
日 志 级 别:  INFO
日 志 来 源: [1]::Chatter.Host.Program+<>c__DisplayClass4.<Main>b__0(f:\code\myRepo\Chatter\Host\Program.cs:47)
日 志 内 容:  CustomPeerResolverService已经启动
 

日 志 时 间:  2013-03-15 16:58:48,302 
日 志 级 别:  INFO
日 志 来 源: [1]::Chatter.Host.Program+<>c__DisplayClass4.<Main>b__0(f:\code\myRepo\Chatter\Host\Program.cs:47)
日 志 内 容:  RegisterService已经启动
 

日 志 时 间:  2013-03-15 16:58:48,366 
日 志 级 别:  INFO
日 志 来 源: [1]::Chatter.Host.Program+<>c__DisplayClass4.<Main>b__0(f:\code\myRepo\Chatter\Host\Program.cs:47)
日 志 内 容:  ChatterService已经启动
 

日 志 时 间:  2013-03-15 16:58:48,369 
日 志 级 别:  INFO
日 志 来 源: [1]::Chatter.Host.Program+<>c__DisplayClass4.<Main>b__0(f:\code\myRepo\Chatter\Host\Program.cs:47)
日 志 内 容:  CustomPeerResolverService已经启动
 

日 志 时 间:  2013-03-15 16:59:17,554 
日 志 级 别:  INFO
日 志 来 源: [10]::Chatter.Service.ChatterService.<.cctor>b__1(f:\code\myRepo\Chatter\Service\ChatterService.cs:74)
日 志 内 容:  开始接收心跳包
 

日 志 时 间:  2013-03-15 16:59:17,567 
日 志 级 别:  INFO
日 志 来 源: [9]::Chatter.Service.ChatterService.Login(f:\code\myRepo\Chatter\Service\ChatterService.cs:127)
日 志 内 容:  用户776041669 请求登录
 

日 志 时 间:  2013-03-15 16:59:17,855 
日 志 级 别:  INFO
日 志 来 源: [9]::Chatter.Service.ChatterService.Login(f:\code\myRepo\Chatter\Service\ChatterService.cs:181)
日 志 内 容:  用户776041669 登录成功
 

日 志 时 间:  2013-03-15 16:59:17,856 
日 志 级 别:  INFO
日 志 来 源: [9]::Chatter.Service.ChatterService.PrintOnLineNumber(f:\code\myRepo\Chatter\Service\ChatterService.cs:584)
日 志 内 容:  当前在线人数:1
 

日 志 时 间:  2013-03-15 16:59:25,527 
日 志 级 别:  INFO
日 志 来 源: [3]::Chatter.Service.ChatterService.Login(f:\code\myRepo\Chatter\Service\ChatterService.cs:127)
日 志 内 容:  用户776041668 请求登录
 

日 志 时 间:  2013-03-15 16:59:25,530 
日 志 级 别:  INFO
日 志 来 源: [3]::Chatter.Service.ChatterService.Login(f:\code\myRepo\Chatter\Service\ChatterService.cs:181)
日 志 内 容:  用户776041668 登录成功
 

日 志 时 间:  2013-03-15 16:59:25,530 
日 志 级 别:  INFO
日 志 来 源: [3]::Chatter.Service.ChatterService.PrintOnLineNumber(f:\code\myRepo\Chatter\Service\ChatterService.cs:584)
日 志 内 容:  当前在线人数:2
 

日 志 时 间:  2013-03-15 17:00:19,413 
日 志 级 别:  INFO
日 志 来 源: [13]::Chatter.Service.ChatterService.Logoff(f:\code\myRepo\Chatter\Service\ChatterService.cs:211)
日 志 内 容:  用户776041669 walle退出
 

日 志 时 间:  2013-03-15 17:00:19,414 
日 志 级 别:  INFO
日 志 来 源: [13]::Chatter.Service.ChatterService.PrintOnLineNumber(f:\code\myRepo\Chatter\Service\ChatterService.cs:584)
日 志 内 容:  当前在线人数:1
 

日 志 时 间:  2013-03-15 17:00:38,512 
日 志 级 别:  INFO
日 志 来 源: [16]::Chatter.Service.ChatterService.Logoff(f:\code\myRepo\Chatter\Service\ChatterService.cs:211)
日 志 内 容:  用户776041668 eva退出
 

日 志 时 间:  2013-03-15 17:00:38,512 
日 志 级 别:  INFO
日 志 来 源: [16]::Chatter.Service.ChatterService.PrintOnLineNumber(f:\code\myRepo\Chatter\Service\ChatterService.cs:584)
日 志 内 容:  当前在线人数:0
 

日 志 时 间:  2013-03-15 17:01:14,538 
日 志 级 别:  INFO
日 志 来 源: [18]::Chatter.Service.ChatterService.Login(f:\code\myRepo\Chatter\Service\ChatterService.cs:127)
日 志 内 容:  用户776041668 请求登录
 

日 志 时 间:  2013-03-15 17:01:14,542 
日 志 级 别:  INFO
日 志 来 源: [18]::Chatter.Service.ChatterService.Login(f:\code\myRepo\Chatter\Service\ChatterService.cs:181)
日 志 内 容:  用户776041668 登录成功
 

日 志 时 间:  2013-03-15 17:01:14,543 
日 志 级 别:  INFO
日 志 来 源: [18]::Chatter.Service.ChatterService.PrintOnLineNumber(f:\code\myRepo\Chatter\Service\ChatterService.cs:584)
日 志 内 容:  当前在线人数:1
 

日 志 时 间:  2013-03-15 17:01:19,868 
日 志 级 别:  INFO
日 志 来 源: [18]::Chatter.Service.ChatterService.Login(f:\code\myRepo\Chatter\Service\ChatterService.cs:127)
日 志 内 容:  用户776041669 请求登录
 

日 志 时 间:  2013-03-15 17:01:19,870 
日 志 级 别:  INFO
日 志 来 源: [18]::Chatter.Service.ChatterService.Login(f:\code\myRepo\Chatter\Service\ChatterService.cs:181)
日 志 内 容:  用户776041669 登录成功
 

日 志 时 间:  2013-03-15 17:01:19,871 
日 志 级 别:  INFO
日 志 来 源: [18]::Chatter.Service.ChatterService.PrintOnLineNumber(f:\code\myRepo\Chatter\Service\ChatterService.cs:584)
日 志 内 容:  当前在线人数:2
 

日 志 时 间:  2013-03-15 17:01:46,603 
日 志 级 别:  INFO
日 志 来 源: [10]::Chatter.Service.ChatterService.Logoff(f:\code\myRepo\Chatter\Service\ChatterService.cs:211)
日 志 内 容:  用户776041668 eva退出
 

日 志 时 间:  2013-03-15 17:01:46,604 
日 志 级 别:  INFO
日 志 来 源: [10]::Chatter.Service.ChatterService.PrintOnLineNumber(f:\code\myRepo\Chatter\Service\ChatterService.cs:584)
日 志 内 容:  当前在线人数:1
 

日 志 时 间:  2013-03-15 17:01:47,854 
日 志 级 别:  INFO
日 志 来 源: [18]::Chatter.Service.ChatterService.Login(f:\code\myRepo\Chatter\Service\ChatterService.cs:127)
日 志 内 容:  用户776041668 eva请求登录
 

日 志 时 间:  2013-03-15 17:01:47,863 
日 志 级 别:  INFO
日 志 来 源: [18]::Chatter.Service.ChatterService.Login(f:\code\myRepo\Chatter\Service\ChatterService.cs:181)
日 志 内 容:  用户776041668 eva登录成功
 

日 志 时 间:  2013-03-15 17:01:47,864 
日 志 级 别:  INFO
日 志 来 源: [18]::Chatter.Service.ChatterService.PrintOnLineNumber(f:\code\myRepo\Chatter\Service\ChatterService.cs:584)
日 志 内 容:  当前在线人数:2
 

日 志 时 间:  2013-03-15 17:01:47,866 
日 志 级 别:  DEBUG
日 志 来 源: [18]::Chatter.Service.ChatterService.SendHeartBeat(f:\code\myRepo\Chatter\Service\ChatterService.cs:832)
日 志 内 容:  776041668 eva重新上线
 

日 志 时 间:  2013-03-15 17:01:52,604 
日 志 级 别:  INFO
日 志 来 源: [10]::Chatter.Service.ChatterService.Logoff(f:\code\myRepo\Chatter\Service\ChatterService.cs:211)
日 志 内 容:  用户776041668 eva退出
 

日 志 时 间:  2013-03-15 17:01:52,605 
日 志 级 别:  INFO
日 志 来 源: [10]::Chatter.Service.ChatterService.PrintOnLineNumber(f:\code\myRepo\Chatter\Service\ChatterService.cs:584)
日 志 内 容:  当前在线人数:1
 

日 志 时 间:  2013-03-15 17:01:55,606 
日 志 级 别:  INFO
日 志 来 源: [10]::Chatter.Service.ChatterService.Logoff(f:\code\myRepo\Chatter\Service\ChatterService.cs:211)
日 志 内 容:  用户776041669 walle退出
 

日 志 时 间:  2013-03-15 17:01:55,606 
日 志 级 别:  INFO
日 志 来 源: [10]::Chatter.Service.ChatterService.PrintOnLineNumber(f:\code\myRepo\Chatter\Service\ChatterService.cs:584)
日 志 内 容:  当前在线人数:0
 

日 志 时 间:  2013-03-15 17:02:47,857 
日 志 级 别:  INFO
日 志 来 源: [7]::Chatter.Service.ChatterService.Logoff(f:\code\myRepo\Chatter\Service\ChatterService.cs:211)
日 志 内 容:  用户776041668 eva退出
 

日 志 时 间:  2013-03-15 17:02:47,859 
日 志 级 别:  INFO
日 志 来 源: [7]::Chatter.Service.ChatterService.PrintOnLineNumber(f:\code\myRepo\Chatter\Service\ChatterService.cs:584)
日 志 内 容:  当前在线人数:0
 

日 志 时 间:  2013-03-15 17:03:26,033 
日 志 级 别:  INFO
日 志 来 源: [22]::Chatter.Service.ChatterService.Logoff(f:\code\myRepo\Chatter\Service\ChatterService.cs:211)
日 志 内 容:  用户776041669 walle退出
 

日 志 时 间:  2013-03-15 17:03:26,034 
日 志 级 别:  INFO
日 志 来 源: [22]::Chatter.Service.ChatterService.PrintOnLineNumber(f:\code\myRepo\Chatter\Service\ChatterService.cs:584)
日 志 内 容:  当前在线人数:0
 

日 志 时 间:  2013-03-15 17:06:48,662 
日 志 级 别:  INFO
日 志 来 源: [27]::Chatter.Service.ChatterService.Login(f:\code\myRepo\Chatter\Service\ChatterService.cs:127)
日 志 内 容:  用户776041669 请求登录
 

日 志 时 间:  2013-03-15 17:06:48,664 
日 志 级 别:  INFO
日 志 来 源: [27]::Chatter.Service.ChatterService.Login(f:\code\myRepo\Chatter\Service\ChatterService.cs:181)
日 志 内 容:  用户776041669 登录成功
 

日 志 时 间:  2013-03-15 17:06:48,665 
日 志 级 别:  INFO
日 志 来 源: [27]::Chatter.Service.ChatterService.PrintOnLineNumber(f:\code\myRepo\Chatter\Service\ChatterService.cs:584)
日 志 内 容:  当前在线人数:1
 

日 志 时 间:  2013-03-15 17:06:51,082 
日 志 级 别:  INFO
日 志 来 源: [26]::Chatter.Service.ChatterService.Login(f:\code\myRepo\Chatter\Service\ChatterService.cs:127)
日 志 内 容:  用户776041668 请求登录
 

日 志 时 间:  2013-03-15 17:06:51,085 
日 志 级 别:  INFO
日 志 来 源: [26]::Chatter.Service.ChatterService.Login(f:\code\myRepo\Chatter\Service\ChatterService.cs:181)
日 志 内 容:  用户776041668 登录成功
 

日 志 时 间:  2013-03-15 17:06:51,086 
日 志 级 别:  INFO
日 志 来 源: [26]::Chatter.Service.ChatterService.PrintOnLineNumber(f:\code\myRepo\Chatter\Service\ChatterService.cs:584)
日 志 内 容:  当前在线人数:2
 

日 志 时 间:  2013-03-15 17:07:11,919 
日 志 级 别:  INFO
日 志 来 源: [16]::Chatter.Service.ChatterService.Logoff(f:\code\myRepo\Chatter\Service\ChatterService.cs:211)
日 志 内 容:  用户776041669 walle退出
 

日 志 时 间:  2013-03-15 17:07:11,919 
日 志 级 别:  INFO
日 志 来 源: [16]::Chatter.Service.ChatterService.PrintOnLineNumber(f:\code\myRepo\Chatter\Service\ChatterService.cs:584)
日 志 内 容:  当前在线人数:1
 

日 志 时 间:  2013-03-15 17:07:20,639 
日 志 级 别:  INFO
日 志 来 源: [10]::Chatter.Service.ChatterService.Logoff(f:\code\myRepo\Chatter\Service\ChatterService.cs:211)
日 志 内 容:  用户776041668 eva退出
 

日 志 时 间:  2013-03-15 17:07:20,639 
日 志 级 别:  INFO
日 志 来 源: [10]::Chatter.Service.ChatterService.PrintOnLineNumber(f:\code\myRepo\Chatter\Service\ChatterService.cs:584)
日 志 内 容:  当前在线人数:0
 

日 志 时 间:  2013-03-15 17:07:54,552 
日 志 级 别:  INFO
日 志 来 源: [14]::Chatter.Service.ChatterService.Login(f:\code\myRepo\Chatter\Service\ChatterService.cs:127)
日 志 内 容:  用户776041668 eva请求登录
 

日 志 时 间:  2013-03-15 17:07:54,556 
日 志 级 别:  INFO
日 志 来 源: [14]::Chatter.Service.ChatterService.Login(f:\code\myRepo\Chatter\Service\ChatterService.cs:181)
日 志 内 容:  用户776041668 eva登录成功
 

日 志 时 间:  2013-03-15 17:07:54,559 
日 志 级 别:  INFO
日 志 来 源: [14]::Chatter.Service.ChatterService.PrintOnLineNumber(f:\code\myRepo\Chatter\Service\ChatterService.cs:584)
日 志 内 容:  当前在线人数:1
 

日 志 时 间:  2013-03-15 17:07:54,560 
日 志 级 别:  DEBUG
日 志 来 源: [14]::Chatter.Service.ChatterService.SendHeartBeat(f:\code\myRepo\Chatter\Service\ChatterService.cs:832)
日 志 内 容:  776041668 eva重新上线
 

日 志 时 间:  2013-03-15 17:08:03,644 
日 志 级 别:  INFO
日 志 来 源: [10]::Chatter.Service.ChatterService.Logoff(f:\code\myRepo\Chatter\Service\ChatterService.cs:211)
日 志 内 容:  用户776041668 eva退出
 

日 志 时 间:  2013-03-15 17:08:03,645 
日 志 级 别:  INFO
日 志 来 源: [10]::Chatter.Service.ChatterService.PrintOnLineNumber(f:\code\myRepo\Chatter\Service\ChatterService.cs:584)
日 志 内 容:  当前在线人数:0
 

日 志 时 间:  2013-03-15 17:08:15,587 
日 志 级 别:  INFO
日 志 来 源: [15]::Chatter.Service.ChatterService.Login(f:\code\myRepo\Chatter\Service\ChatterService.cs:127)
日 志 内 容:  用户776041668 eva请求登录
 

日 志 时 间:  2013-03-15 17:08:15,591 
日 志 级 别:  INFO
日 志 来 源: [15]::Chatter.Service.ChatterService.Login(f:\code\myRepo\Chatter\Service\ChatterService.cs:181)
日 志 内 容:  用户776041668 eva登录成功
 

日 志 时 间:  2013-03-15 17:08:15,592 
日 志 级 别:  INFO
日 志 来 源: [15]::Chatter.Service.ChatterService.PrintOnLineNumber(f:\code\myRepo\Chatter\Service\ChatterService.cs:584)
日 志 内 容:  当前在线人数:1
 

日 志 时 间:  2013-03-15 17:08:15,594 
日 志 级 别:  DEBUG
日 志 来 源: [15]::Chatter.Service.ChatterService.SendHeartBeat(f:\code\myRepo\Chatter\Service\ChatterService.cs:832)
日 志 内 容:  776041668 eva重新上线
 

日 志 时 间:  2013-03-15 17:09:44,658 
日 志 级 别:  INFO
日 志 来 源: [10]::Chatter.Service.ChatterService.Logoff(f:\code\myRepo\Chatter\Service\ChatterService.cs:211)
日 志 内 容:  用户776041668 eva退出
 

日 志 时 间:  2013-03-15 17:10:40,163 
日 志 级 别:  INFO
日 志 来 源: [27]::Chatter.Service.ChatterService.Logoff(f:\code\myRepo\Chatter\Service\ChatterService.cs:211)
日 志 内 容:  用户776041668 eva退出
 

日 志 时 间:  2013-03-15 17:11:11,620 
日 志 级 别:  INFO
日 志 来 源: [8]::Chatter.Service.ChatterService.Login(f:\code\myRepo\Chatter\Service\ChatterService.cs:127)
日 志 内 容:  用户776041668 请求登录
 

日 志 时 间:  2013-03-15 17:11:18,905 
日 志 级 别:  INFO
日 志 来 源: [30]::Chatter.Service.ChatterService.Login(f:\code\myRepo\Chatter\Service\ChatterService.cs:127)
日 志 内 容:  用户776041669 请求登录
 

日 志 时 间:  2013-03-15 17:11:21,843 
日 志 级 别:  INFO
日 志 来 源: [10]::Chatter.Service.ChatterService.PrintOnLineNumber(f:\code\myRepo\Chatter\Service\ChatterService.cs:584)
日 志 内 容:  当前在线人数:0
 

日 志 时 间:  2013-03-15 17:11:21,843 
日 志 级 别:  INFO
日 志 来 源: [27]::Chatter.Service.ChatterService.PrintOnLineNumber(f:\code\myRepo\Chatter\Service\ChatterService.cs:584)
日 志 内 容:  当前在线人数:0
 

日 志 时 间:  2013-03-15 17:11:21,848 
日 志 级 别:  INFO
日 志 来 源: [8]::Chatter.Service.ChatterService.Login(f:\code\myRepo\Chatter\Service\ChatterService.cs:181)
日 志 内 容:  用户776041668 登录成功
 

日 志 时 间:  2013-03-15 17:11:21,849 
日 志 级 别:  INFO
日 志 来 源: [8]::Chatter.Service.ChatterService.PrintOnLineNumber(f:\code\myRepo\Chatter\Service\ChatterService.cs:584)
日 志 内 容:  当前在线人数:1
 

日 志 时 间:  2013-03-15 17:11:21,876 
日 志 级 别:  ERROR
日 志 来 源: [30]::Chatter.DAL.DALService.IsMember(f:\code\myRepo\Chatter\DAL\DALService.cs:317)
日 志 内 容:  查询是否为合法用户时出现错误
 MySql.Data.MySqlClient.MySqlException: There is already an open DataReader associated with this Connection which must be closed first.
   at MySql.Data.MySqlClient.ExceptionInterceptor.Throw(Exception exception)
   at MySql.Data.MySqlClient.MySqlCommand.Throw(Exception ex)
   at MySql.Data.MySqlClient.MySqlCommand.ExecuteReader(CommandBehavior behavior)
   at MySql.Data.MySqlClient.MySqlCommand.ExecuteScalar()
   at Chatter.DAL.DALService.IsMember(String id, String pwd) in f:\code\myRepo\Chatter\DAL\DALService.cs:line 317


日 志 时 间:  2013-03-15 17:11:21,892 
日 志 级 别:  INFO
日 志 来 源: [30]::Chatter.Service.ChatterService.Login(f:\code\myRepo\Chatter\Service\ChatterService.cs:135)
日 志 内 容:  用户776041669 登录失败
 

日 志 时 间:  2013-03-15 17:11:28,318 
日 志 级 别:  INFO
日 志 来 源: [4]::Chatter.Service.ChatterService.Login(f:\code\myRepo\Chatter\Service\ChatterService.cs:127)
日 志 内 容:  用户776041669 请求登录
 

日 志 时 间:  2013-03-15 17:11:28,321 
日 志 级 别:  INFO
日 志 来 源: [4]::Chatter.Service.ChatterService.Login(f:\code\myRepo\Chatter\Service\ChatterService.cs:181)
日 志 内 容:  用户776041669 登录成功
 

日 志 时 间:  2013-03-15 17:11:28,322 
日 志 级 别:  INFO
日 志 来 源: [4]::Chatter.Service.ChatterService.PrintOnLineNumber(f:\code\myRepo\Chatter\Service\ChatterService.cs:584)
日 志 内 容:  当前在线人数:2
 

日 志 时 间:  2013-03-15 17:12:29,906 
日 志 级 别:  INFO
日 志 来 源: [22]::Chatter.Service.ChatterService.Logoff(f:\code\myRepo\Chatter\Service\ChatterService.cs:211)
日 志 内 容:  用户776041669 walle退出
 

日 志 时 间:  2013-03-15 17:12:33,856 
日 志 级 别:  INFO
日 志 来 源: [10]::Chatter.Service.ChatterService.Logoff(f:\code\myRepo\Chatter\Service\ChatterService.cs:211)
日 志 内 容:  用户776041669 walle退出
 

日 志 时 间:  2013-03-15 17:12:41,186 
日 志 级 别:  INFO
日 志 来 源: [22]::Chatter.Service.ChatterService.PrintOnLineNumber(f:\code\myRepo\Chatter\Service\ChatterService.cs:584)
日 志 内 容:  当前在线人数:1
 

日 志 时 间:  2013-03-15 17:12:41,187 
日 志 级 别:  INFO
日 志 来 源: [10]::Chatter.Service.ChatterService.PrintOnLineNumber(f:\code\myRepo\Chatter\Service\ChatterService.cs:584)
日 志 内 容:  当前在线人数:1
 

日 志 时 间:  2013-03-15 17:12:41,190 
日 志 级 别:  INFO
日 志 来 源: [10]::Chatter.Service.ChatterService.Logoff(f:\code\myRepo\Chatter\Service\ChatterService.cs:211)
日 志 内 容:  用户776041668 eva退出
 

日 志 时 间:  2013-03-15 17:12:41,192 
日 志 级 别:  INFO
日 志 来 源: [10]::Chatter.Service.ChatterService.PrintOnLineNumber(f:\code\myRepo\Chatter\Service\ChatterService.cs:584)
日 志 内 容:  当前在线人数:0
 

日 志 时 间:  2013-03-15 17:12:41,472 
日 志 级 别:  INFO
日 志 来 源: [22]::Chatter.Service.ChatterService.Login(f:\code\myRepo\Chatter\Service\ChatterService.cs:127)
日 志 内 容:  用户776041668 eva请求登录
 

日 志 时 间:  2013-03-15 17:12:41,476 
日 志 级 别:  INFO
日 志 来 源: [22]::Chatter.Service.ChatterService.Login(f:\code\myRepo\Chatter\Service\ChatterService.cs:181)
日 志 内 容:  用户776041668 eva登录成功
 

日 志 时 间:  2013-03-15 17:12:41,477 
日 志 级 别:  INFO
日 志 来 源: [22]::Chatter.Service.ChatterService.PrintOnLineNumber(f:\code\myRepo\Chatter\Service\ChatterService.cs:584)
日 志 内 容:  当前在线人数:1
 

日 志 时 间:  2013-03-15 17:12:41,478 
日 志 级 别:  DEBUG
日 志 来 源: [22]::Chatter.Service.ChatterService.SendHeartBeat(f:\code\myRepo\Chatter\Service\ChatterService.cs:832)
日 志 内 容:  776041668 eva重新上线
 

日 志 时 间:  2013-03-15 17:13:18,291 
日 志 级 别:  INFO
日 志 来 源: [23]::Chatter.Service.ChatterService.Logoff(f:\code\myRepo\Chatter\Service\ChatterService.cs:211)
日 志 内 容:  用户776041668 eva退出
 

日 志 时 间:  2013-03-15 17:13:18,294 
日 志 级 别:  INFO
日 志 来 源: [23]::Chatter.Service.ChatterService.PrintOnLineNumber(f:\code\myRepo\Chatter\Service\ChatterService.cs:584)
日 志 内 容:  当前在线人数:0
 

日 志 时 间:  2013-03-15 17:14:30,657 
日 志 级 别:  INFO
日 志 来 源: [15]::Chatter.Service.ChatterService.Login(f:\code\myRepo\Chatter\Service\ChatterService.cs:127)
日 志 内 容:  用户776041669 请求登录
 

日 志 时 间:  2013-03-15 17:14:30,661 
日 志 级 别:  INFO
日 志 来 源: [15]::Chatter.Service.ChatterService.Login(f:\code\myRepo\Chatter\Service\ChatterService.cs:181)
日 志 内 容:  用户776041669 登录成功
 

日 志 时 间:  2013-03-15 17:14:30,662 
日 志 级 别:  INFO
日 志 来 源: [15]::Chatter.Service.ChatterService.PrintOnLineNumber(f:\code\myRepo\Chatter\Service\ChatterService.cs:584)
日 志 内 容:  当前在线人数:1
 

日 志 时 间:  2013-03-15 17:14:35,595 
日 志 级 别:  INFO
日 志 来 源: [24]::Chatter.Service.ChatterService.Login(f:\code\myRepo\Chatter\Service\ChatterService.cs:127)
日 志 内 容:  用户776041668 请求登录
 

日 志 时 间:  2013-03-15 17:14:35,597 
日 志 级 别:  INFO
日 志 来 源: [24]::Chatter.Service.ChatterService.Login(f:\code\myRepo\Chatter\Service\ChatterService.cs:181)
日 志 内 容:  用户776041668 登录成功
 

日 志 时 间:  2013-03-15 17:14:35,597 
日 志 级 别:  INFO
日 志 来 源: [24]::Chatter.Service.ChatterService.PrintOnLineNumber(f:\code\myRepo\Chatter\Service\ChatterService.cs:584)
日 志 内 容:  当前在线人数:2
 

日 志 时 间:  2013-03-15 17:16:51,217 
日 志 级 别:  INFO
日 志 来 源: [10]::Chatter.Service.ChatterService.Logoff(f:\code\myRepo\Chatter\Service\ChatterService.cs:211)
日 志 内 容:  用户776041669 walle退出
 

日 志 时 间:  2013-03-15 17:16:51,218 
日 志 级 别:  INFO
日 志 来 源: [10]::Chatter.Service.ChatterService.PrintOnLineNumber(f:\code\myRepo\Chatter\Service\ChatterService.cs:584)
日 志 内 容:  当前在线人数:1
 

日 志 时 间:  2013-03-15 17:16:52,219 
日 志 级 别:  INFO
日 志 来 源: [10]::Chatter.Service.ChatterService.Logoff(f:\code\myRepo\Chatter\Service\ChatterService.cs:211)
日 志 内 容:  用户776041668 eva退出
 

日 志 时 间:  2013-03-15 17:16:52,219 
日 志 级 别:  INFO
日 志 来 源: [10]::Chatter.Service.ChatterService.PrintOnLineNumber(f:\code\myRepo\Chatter\Service\ChatterService.cs:584)
日 志 内 容:  当前在线人数:0
 

日 志 时 间:  2013-03-15 17:16:56,290 
日 志 级 别:  WARN
日 志 来 源: [9]::Chatter.Service.ChatterService.HandleEvent(f:\code\myRepo\Chatter\Service\ChatterService.cs:564)
日 志 内 容:  回调失败776041668
 

日 志 时 间:  2013-03-15 17:16:57,304 
日 志 级 别:  INFO
日 志 来 源: [14]::Chatter.Service.ChatterService.Login(f:\code\myRepo\Chatter\Service\ChatterService.cs:127)
日 志 内 容:  用户776041668 请求登录
 

日 志 时 间:  2013-03-15 17:16:57,306 
日 志 级 别:  INFO
日 志 来 源: [14]::Chatter.Service.ChatterService.Login(f:\code\myRepo\Chatter\Service\ChatterService.cs:181)
日 志 内 容:  用户776041668 登录成功
 

日 志 时 间:  2013-03-15 17:16:57,308 
日 志 级 别:  INFO
日 志 来 源: [14]::Chatter.Service.ChatterService.PrintOnLineNumber(f:\code\myRepo\Chatter\Service\ChatterService.cs:584)
日 志 内 容:  当前在线人数:1
 

日 志 时 间:  2013-03-15 17:17:03,998 
日 志 级 别:  INFO
日 志 来 源: [17]::Chatter.Service.ChatterService.Login(f:\code\myRepo\Chatter\Service\ChatterService.cs:127)
日 志 内 容:  用户776041669 请求登录
 

日 志 时 间:  2013-03-15 17:17:04,000 
日 志 级 别:  INFO
日 志 来 源: [17]::Chatter.Service.ChatterService.Login(f:\code\myRepo\Chatter\Service\ChatterService.cs:181)
日 志 内 容:  用户776041669 登录成功
 

日 志 时 间:  2013-03-15 17:17:04,000 
日 志 级 别:  INFO
日 志 来 源: [17]::Chatter.Service.ChatterService.PrintOnLineNumber(f:\code\myRepo\Chatter\Service\ChatterService.cs:584)
日 志 内 容:  当前在线人数:2
 

日 志 时 间:  2013-03-15 17:17:47,058 
日 志 级 别:  INFO
日 志 来 源: [17]::Chatter.Service.ChatterService.Logoff(f:\code\myRepo\Chatter\Service\ChatterService.cs:211)
日 志 内 容:  用户776041669 walle退出
 

日 志 时 间:  2013-03-15 17:17:47,061 
日 志 级 别:  INFO
日 志 来 源: [17]::Chatter.Service.ChatterService.PrintOnLineNumber(f:\code\myRepo\Chatter\Service\ChatterService.cs:584)
日 志 内 容:  当前在线人数:1
 

日 志 时 间:  2013-03-15 17:17:47,225 
日 志 级 别:  INFO
日 志 来 源: [17]::Chatter.Service.ChatterService.Login(f:\code\myRepo\Chatter\Service\ChatterService.cs:127)
日 志 内 容:  用户776041669 walle请求登录
 

日 志 时 间:  2013-03-15 17:17:47,228 
日 志 级 别:  INFO
日 志 来 源: [17]::Chatter.Service.ChatterService.Login(f:\code\myRepo\Chatter\Service\ChatterService.cs:181)
日 志 内 容:  用户776041669 walle登录成功
 

日 志 时 间:  2013-03-15 17:17:47,229 
日 志 级 别:  INFO
日 志 来 源: [17]::Chatter.Service.ChatterService.PrintOnLineNumber(f:\code\myRepo\Chatter\Service\ChatterService.cs:584)
日 志 内 容:  当前在线人数:2
 

日 志 时 间:  2013-03-15 17:17:47,231 
日 志 级 别:  DEBUG
日 志 来 源: [17]::Chatter.Service.ChatterService.SendHeartBeat(f:\code\myRepo\Chatter\Service\ChatterService.cs:832)
日 志 内 容:  776041669 walle重新上线
 

日 志 时 间:  2013-03-15 17:17:47,239 
日 志 级 别:  INFO
日 志 来 源: [14]::Chatter.Service.ChatterService.Logoff(f:\code\myRepo\Chatter\Service\ChatterService.cs:211)
日 志 内 容:  用户776041668 eva退出
 

日 志 时 间:  2013-03-15 17:17:47,240 
日 志 级 别:  WARN
日 志 来 源: [9]::Chatter.Service.ChatterService.HandleEvent(f:\code\myRepo\Chatter\Service\ChatterService.cs:564)
日 志 内 容:  回调失败776041668
 

日 志 时 间:  2013-03-15 17:17:47,240 
日 志 级 别:  INFO
日 志 来 源: [14]::Chatter.Service.ChatterService.PrintOnLineNumber(f:\code\myRepo\Chatter\Service\ChatterService.cs:584)
日 志 内 容:  当前在线人数:1
 

日 志 时 间:  2013-03-15 17:17:47,630 
日 志 级 别:  INFO
日 志 来 源: [14]::Chatter.Service.ChatterService.Login(f:\code\myRepo\Chatter\Service\ChatterService.cs:127)
日 志 内 容:  用户776041668 eva请求登录
 

日 志 时 间:  2013-03-15 17:17:47,633 
日 志 级 别:  INFO
日 志 来 源: [14]::Chatter.Service.ChatterService.Login(f:\code\myRepo\Chatter\Service\ChatterService.cs:181)
日 志 内 容:  用户776041668 eva登录成功
 

日 志 时 间:  2013-03-15 17:17:47,635 
日 志 级 别:  INFO
日 志 来 源: [14]::Chatter.Service.ChatterService.PrintOnLineNumber(f:\code\myRepo\Chatter\Service\ChatterService.cs:584)
日 志 内 容:  当前在线人数:2
 

日 志 时 间:  2013-03-15 17:17:47,636 
日 志 级 别:  DEBUG
日 志 来 源: [14]::Chatter.Service.ChatterService.SendHeartBeat(f:\code\myRepo\Chatter\Service\ChatterService.cs:832)
日 志 内 容:  776041668 eva重新上线
 

日 志 时 间:  2013-03-15 17:18:02,228 
日 志 级 别:  INFO
日 志 来 源: [10]::Chatter.Service.ChatterService.Logoff(f:\code\myRepo\Chatter\Service\ChatterService.cs:211)
日 志 内 容:  用户776041668 eva退出
 

日 志 时 间:  2013-03-15 17:18:02,229 
日 志 级 别:  INFO
日 志 来 源: [10]::Chatter.Service.ChatterService.PrintOnLineNumber(f:\code\myRepo\Chatter\Service\ChatterService.cs:584)
日 志 内 容:  当前在线人数:1
 

日 志 时 间:  2013-03-15 17:18:06,231 
日 志 级 别:  INFO
日 志 来 源: [10]::Chatter.Service.ChatterService.Logoff(f:\code\myRepo\Chatter\Service\ChatterService.cs:211)
日 志 内 容:  用户776041669 walle退出
 

日 志 时 间:  2013-03-15 17:18:06,232 
日 志 级 别:  INFO
日 志 来 源: [10]::Chatter.Service.ChatterService.PrintOnLineNumber(f:\code\myRepo\Chatter\Service\ChatterService.cs:584)
日 志 内 容:  当前在线人数:0
 

日 志 时 间:  2013-03-15 17:18:07,230 
日 志 级 别:  WARN
日 志 来 源: [23]::Chatter.Service.ChatterService.HandleEvent(f:\code\myRepo\Chatter\Service\ChatterService.cs:564)
日 志 内 容:  回调失败776041669
 

日 志 时 间:  2013-03-15 17:18:07,231 
日 志 级 别:  WARN
日 志 来 源: [8]::Chatter.Service.ChatterService.HandleEvent(f:\code\myRepo\Chatter\Service\ChatterService.cs:564)
日 志 内 容:  回调失败776041669
 

日 志 时 间:  2013-03-15 17:18:07,231 
日 志 级 别:  WARN
日 志 来 源: [9]::Chatter.Service.ChatterService.HandleEvent(f:\code\myRepo\Chatter\Service\ChatterService.cs:564)
日 志 内 容:  回调失败776041669
 

日 志 时 间:  2013-03-15 17:18:07,236 
日 志 级 别:  WARN
日 志 来 源: [28]::Chatter.Service.ChatterService.HandleEvent(f:\code\myRepo\Chatter\Service\ChatterService.cs:564)
日 志 内 容:  回调失败776041669
 

日 志 时 间:  2013-03-15 17:18:58,181 
日 志 级 别:  INFO
日 志 来 源: [31]::Chatter.Service.ChatterService.Logoff(f:\code\myRepo\Chatter\Service\ChatterService.cs:211)
日 志 内 容:  用户776041668 eva退出
 

日 志 时 间:  2013-03-15 17:18:58,183 
日 志 级 别:  INFO
日 志 来 源: [31]::Chatter.Service.ChatterService.PrintOnLineNumber(f:\code\myRepo\Chatter\Service\ChatterService.cs:584)
日 志 内 容:  当前在线人数:0
 

日 志 时 间:  2013-03-15 17:19:01,275 
日 志 级 别:  INFO
日 志 来 源: [30]::Chatter.Service.ChatterService.Logoff(f:\code\myRepo\Chatter\Service\ChatterService.cs:211)
日 志 内 容:  用户776041669 walle退出
 

日 志 时 间:  2013-03-15 17:19:01,276 
日 志 级 别:  INFO
日 志 来 源: [30]::Chatter.Service.ChatterService.PrintOnLineNumber(f:\code\myRepo\Chatter\Service\ChatterService.cs:584)
日 志 内 容:  当前在线人数:0
 

日 志 时 间:  2013-03-15 17:20:03,258 
日 志 级 别:  INFO
日 志 来 源: [32]::Chatter.Service.ChatterService.Login(f:\code\myRepo\Chatter\Service\ChatterService.cs:127)
日 志 内 容:  用户776041669 请求登录
 

日 志 时 间:  2013-03-15 17:20:03,260 
日 志 级 别:  INFO
日 志 来 源: [32]::Chatter.Service.ChatterService.Login(f:\code\myRepo\Chatter\Service\ChatterService.cs:181)
日 志 内 容:  用户776041669 登录成功
 

日 志 时 间:  2013-03-15 17:20:03,261 
日 志 级 别:  INFO
日 志 来 源: [32]::Chatter.Service.ChatterService.PrintOnLineNumber(f:\code\myRepo\Chatter\Service\ChatterService.cs:584)
日 志 内 容:  当前在线人数:1
 

日 志 时 间:  2013-03-15 17:20:05,138 
日 志 级 别:  INFO
日 志 来 源: [33]::Chatter.Service.ChatterService.Login(f:\code\myRepo\Chatter\Service\ChatterService.cs:127)
日 志 内 容:  用户776041669 请求登录
 

日 志 时 间:  2013-03-15 17:20:05,142 
日 志 级 别:  ERROR
日 志 来 源: [33]::Chatter.Service.ChatterService.Login(f:\code\myRepo\Chatter\Service\ChatterService.cs:142)
日 志 内 容:  776041669登录时候出现错误
 System.ArgumentException: Item has already been added. Key in dictionary: '776041669'  Key being added: '776041669'
   at System.Collections.Hashtable.Insert(Object key, Object nvalue, Boolean add)
   at Chatter.Service.ChatterService.Login(Member member) in f:\code\myRepo\Chatter\Service\ChatterService.cs:line 142


日 志 时 间:  2013-03-15 17:20:10,510 
日 志 级 别:  INFO
日 志 来 源: [33]::Chatter.Service.ChatterService.Login(f:\code\myRepo\Chatter\Service\ChatterService.cs:127)
日 志 内 容:  用户776041668 请求登录
 

日 志 时 间:  2013-03-15 17:20:10,514 
日 志 级 别:  INFO
日 志 来 源: [33]::Chatter.Service.ChatterService.Login(f:\code\myRepo\Chatter\Service\ChatterService.cs:181)
日 志 内 容:  用户776041668 登录成功
 

日 志 时 间:  2013-03-15 17:20:10,517 
日 志 级 别:  INFO
日 志 来 源: [33]::Chatter.Service.ChatterService.PrintOnLineNumber(f:\code\myRepo\Chatter\Service\ChatterService.cs:584)
日 志 内 容:  当前在线人数:2
 

日 志 时 间:  2013-03-15 17:20:25,634 
日 志 级 别:  INFO
日 志 来 源: [35]::Chatter.Service.ChatterService.Logoff(f:\code\myRepo\Chatter\Service\ChatterService.cs:211)
日 志 内 容:  用户776041669 walle退出
 

日 志 时 间:  2013-03-15 17:20:25,635 
日 志 级 别:  INFO
日 志 来 源: [35]::Chatter.Service.ChatterService.PrintOnLineNumber(f:\code\myRepo\Chatter\Service\ChatterService.cs:584)
日 志 内 容:  当前在线人数:1
 

日 志 时 间:  2013-03-15 17:21:17,893 
日 志 级 别:  INFO
日 志 来 源: [38]::Chatter.Service.ChatterService.Logoff(f:\code\myRepo\Chatter\Service\ChatterService.cs:211)
日 志 内 容:  用户776041668 eva退出
 

日 志 时 间:  2013-03-15 17:21:17,897 
日 志 级 别:  INFO
日 志 来 源: [38]::Chatter.Service.ChatterService.PrintOnLineNumber(f:\code\myRepo\Chatter\Service\ChatterService.cs:584)
日 志 内 容:  当前在线人数:0
 

日 志 时 间:  2013-03-15 17:21:32,132 
日 志 级 别:  INFO
日 志 来 源: [38]::Chatter.Service.ChatterService.Login(f:\code\myRepo\Chatter\Service\ChatterService.cs:127)
日 志 内 容:  用户776041668 请求登录
 

日 志 时 间:  2013-03-15 17:21:32,134 
日 志 级 别:  INFO
日 志 来 源: [38]::Chatter.Service.ChatterService.Login(f:\code\myRepo\Chatter\Service\ChatterService.cs:181)
日 志 内 容:  用户776041668 登录成功
 

日 志 时 间:  2013-03-15 17:21:32,134 
日 志 级 别:  INFO
日 志 来 源: [38]::Chatter.Service.ChatterService.PrintOnLineNumber(f:\code\myRepo\Chatter\Service\ChatterService.cs:584)
日 志 内 容:  当前在线人数:1
 

日 志 时 间:  2013-03-15 17:21:37,697 
日 志 级 别:  INFO
日 志 来 源: [39]::Chatter.Service.ChatterService.Login(f:\code\myRepo\Chatter\Service\ChatterService.cs:127)
日 志 内 容:  用户776041669 请求登录
 

日 志 时 间:  2013-03-15 17:21:37,699 
日 志 级 别:  INFO
日 志 来 源: [39]::Chatter.Service.ChatterService.Login(f:\code\myRepo\Chatter\Service\ChatterService.cs:181)
日 志 内 容:  用户776041669 登录成功
 

日 志 时 间:  2013-03-15 17:21:37,699 
日 志 级 别:  INFO
日 志 来 源: [39]::Chatter.Service.ChatterService.PrintOnLineNumber(f:\code\myRepo\Chatter\Service\ChatterService.cs:584)
日 志 内 容:  当前在线人数:2
 

日 志 时 间:  2013-03-15 17:21:54,271 
日 志 级 别:  INFO
日 志 来 源: [10]::Chatter.Service.ChatterService.Logoff(f:\code\myRepo\Chatter\Service\ChatterService.cs:211)
日 志 内 容:  用户776041668 eva退出
 

日 志 时 间:  2013-03-15 17:21:54,271 
日 志 级 别:  INFO
日 志 来 源: [10]::Chatter.Service.ChatterService.PrintOnLineNumber(f:\code\myRepo\Chatter\Service\ChatterService.cs:584)
日 志 内 容:  当前在线人数:1
 

日 志 时 间:  2013-03-15 17:21:54,395 
日 志 级 别:  INFO
日 志 来 源: [39]::Chatter.Service.ChatterService.Login(f:\code\myRepo\Chatter\Service\ChatterService.cs:127)
日 志 内 容:  用户776041668 eva请求登录
 

日 志 时 间:  2013-03-15 17:21:54,399 
日 志 级 别:  INFO
日 志 来 源: [39]::Chatter.Service.ChatterService.Login(f:\code\myRepo\Chatter\Service\ChatterService.cs:181)
日 志 内 容:  用户776041668 eva登录成功
 

日 志 时 间:  2013-03-15 17:21:54,405 
日 志 级 别:  INFO
日 志 来 源: [39]::Chatter.Service.ChatterService.PrintOnLineNumber(f:\code\myRepo\Chatter\Service\ChatterService.cs:584)
日 志 内 容:  当前在线人数:2
 

日 志 时 间:  2013-03-15 17:21:54,407 
日 志 级 别:  DEBUG
日 志 来 源: [39]::Chatter.Service.ChatterService.SendHeartBeat(f:\code\myRepo\Chatter\Service\ChatterService.cs:832)
日 志 内 容:  776041668 eva重新上线
 

日 志 时 间:  2013-03-15 17:21:59,272 
日 志 级 别:  INFO
日 志 来 源: [10]::Chatter.Service.ChatterService.Logoff(f:\code\myRepo\Chatter\Service\ChatterService.cs:211)
日 志 内 容:  用户776041668 eva退出
 

日 志 时 间:  2013-03-15 17:21:59,272 
日 志 级 别:  INFO
日 志 来 源: [10]::Chatter.Service.ChatterService.PrintOnLineNumber(f:\code\myRepo\Chatter\Service\ChatterService.cs:584)
日 志 内 容:  当前在线人数:1
 

日 志 时 间:  2013-03-15 17:22:01,272 
日 志 级 别:  INFO
日 志 来 源: [10]::Chatter.Service.ChatterService.Logoff(f:\code\myRepo\Chatter\Service\ChatterService.cs:211)
日 志 内 容:  用户776041669 walle退出
 

日 志 时 间:  2013-03-15 17:22:01,272 
日 志 级 别:  INFO
日 志 来 源: [10]::Chatter.Service.ChatterService.PrintOnLineNumber(f:\code\myRepo\Chatter\Service\ChatterService.cs:584)
日 志 内 容:  当前在线人数:0
 

日 志 时 间:  2013-03-15 17:22:05,129 
日 志 级 别:  INFO
日 志 来 源: [31]::Chatter.Service.ChatterService.Logoff(f:\code\myRepo\Chatter\Service\ChatterService.cs:211)
日 志 内 容:  用户776041669 walle退出
 

日 志 时 间:  2013-03-15 17:22:05,130 
日 志 级 别:  INFO
日 志 来 源: [31]::Chatter.Service.ChatterService.PrintOnLineNumber(f:\code\myRepo\Chatter\Service\ChatterService.cs:584)
日 志 内 容:  当前在线人数:0
 

日 志 时 间:  2013-03-15 17:22:07,899 
日 志 级 别:  INFO
日 志 来 源: [39]::Chatter.Service.ChatterService.Login(f:\code\myRepo\Chatter\Service\ChatterService.cs:127)
日 志 内 容:  用户776041669 walle请求登录
 

日 志 时 间:  2013-03-15 17:22:07,908 
日 志 级 别:  INFO
日 志 来 源: [39]::Chatter.Service.ChatterService.Login(f:\code\myRepo\Chatter\Service\ChatterService.cs:181)
日 志 内 容:  用户776041669 walle登录成功
 

日 志 时 间:  2013-03-15 17:22:07,911 
日 志 级 别:  INFO
日 志 来 源: [39]::Chatter.Service.ChatterService.PrintOnLineNumber(f:\code\myRepo\Chatter\Service\ChatterService.cs:584)
日 志 内 容:  当前在线人数:1
 

日 志 时 间:  2013-03-15 17:22:07,911 
日 志 级 别:  DEBUG
日 志 来 源: [39]::Chatter.Service.ChatterService.SendHeartBeat(f:\code\myRepo\Chatter\Service\ChatterService.cs:832)
日 志 内 容:  776041669 walle重新上线
 

日 志 时 间:  2013-03-15 17:22:26,863 
日 志 级 别:  INFO
日 志 来 源: [31]::Chatter.Service.ChatterService.Logoff(f:\code\myRepo\Chatter\Service\ChatterService.cs:211)
日 志 内 容:  用户776041669 walle退出
 

日 志 时 间:  2013-03-15 17:22:26,865 
日 志 级 别:  INFO
日 志 来 源: [31]::Chatter.Service.ChatterService.PrintOnLineNumber(f:\code\myRepo\Chatter\Service\ChatterService.cs:584)
日 志 内 容:  当前在线人数:0
 

日 志 时 间:  2013-03-15 17:22:57,456 
日 志 级 别:  INFO
日 志 来 源: [39]::Chatter.Service.ChatterService.Logoff(f:\code\myRepo\Chatter\Service\ChatterService.cs:211)
日 志 内 容:  用户776041668 eva退出
 

日 志 时 间:  2013-03-15 17:22:57,457 
日 志 级 别:  INFO
日 志 来 源: [39]::Chatter.Service.ChatterService.PrintOnLineNumber(f:\code\myRepo\Chatter\Service\ChatterService.cs:584)
日 志 内 容:  当前在线人数:0
 

日 志 时 间:  2013-03-15 17:23:10,329 
日 志 级 别:  INFO
日 志 来 源: [33]::Chatter.Service.ChatterService.Login(f:\code\myRepo\Chatter\Service\ChatterService.cs:127)
日 志 内 容:  用户776041669 请求登录
 

日 志 时 间:  2013-03-15 17:23:10,331 
日 志 级 别:  INFO
日 志 来 源: [33]::Chatter.Service.ChatterService.Login(f:\code\myRepo\Chatter\Service\ChatterService.cs:181)
日 志 内 容:  用户776041669 登录成功
 

日 志 时 间:  2013-03-15 17:23:10,332 
日 志 级 别:  INFO
日 志 来 源: [33]::Chatter.Service.ChatterService.PrintOnLineNumber(f:\code\myRepo\Chatter\Service\ChatterService.cs:584)
日 志 内 容:  当前在线人数:1
 

日 志 时 间:  2013-03-15 17:23:16,676 
日 志 级 别:  INFO
日 志 来 源: [34]::Chatter.Service.ChatterService.Login(f:\code\myRepo\Chatter\Service\ChatterService.cs:127)
日 志 内 容:  用户776041668 请求登录
 

日 志 时 间:  2013-03-15 17:23:16,678 
日 志 级 别:  INFO
日 志 来 源: [34]::Chatter.Service.ChatterService.Login(f:\code\myRepo\Chatter\Service\ChatterService.cs:181)
日 志 内 容:  用户776041668 登录成功
 

日 志 时 间:  2013-03-15 17:23:16,678 
日 志 级 别:  INFO
日 志 来 源: [34]::Chatter.Service.ChatterService.PrintOnLineNumber(f:\code\myRepo\Chatter\Service\ChatterService.cs:584)
日 志 内 容:  当前在线人数:2
 

日 志 时 间:  2013-03-15 17:23:31,287 
日 志 级 别:  INFO
日 志 来 源: [10]::Chatter.Service.ChatterService.Logoff(f:\code\myRepo\Chatter\Service\ChatterService.cs:211)
日 志 内 容:  用户776041669 walle退出
 

日 志 时 间:  2013-03-15 17:23:31,287 
日 志 级 别:  INFO
日 志 来 源: [10]::Chatter.Service.ChatterService.PrintOnLineNumber(f:\code\myRepo\Chatter\Service\ChatterService.cs:584)
日 志 内 容:  当前在线人数:1
 

日 志 时 间:  2013-03-15 17:23:36,183 
日 志 级 别:  INFO
日 志 来 源: [39]::Chatter.Service.ChatterService.Login(f:\code\myRepo\Chatter\Service\ChatterService.cs:127)
日 志 内 容:  用户776041669 walle请求登录
 

日 志 时 间:  2013-03-15 17:23:36,184 
日 志 级 别:  INFO
日 志 来 源: [39]::Chatter.Service.ChatterService.Login(f:\code\myRepo\Chatter\Service\ChatterService.cs:181)
日 志 内 容:  用户776041669 walle登录成功
 

日 志 时 间:  2013-03-15 17:23:36,187 
日 志 级 别:  INFO
日 志 来 源: [39]::Chatter.Service.ChatterService.PrintOnLineNumber(f:\code\myRepo\Chatter\Service\ChatterService.cs:584)
日 志 内 容:  当前在线人数:2
 

日 志 时 间:  2013-03-15 17:23:36,190 
日 志 级 别:  DEBUG
日 志 来 源: [39]::Chatter.Service.ChatterService.SendHeartBeat(f:\code\myRepo\Chatter\Service\ChatterService.cs:832)
日 志 内 容:  776041669 walle重新上线
 

日 志 时 间:  2013-03-15 17:23:40,288 
日 志 级 别:  INFO
日 志 来 源: [10]::Chatter.Service.ChatterService.Logoff(f:\code\myRepo\Chatter\Service\ChatterService.cs:211)
日 志 内 容:  用户776041669 walle退出
 

日 志 时 间:  2013-03-15 17:23:40,288 
日 志 级 别:  INFO
日 志 来 源: [10]::Chatter.Service.ChatterService.PrintOnLineNumber(f:\code\myRepo\Chatter\Service\ChatterService.cs:584)
日 志 内 容:  当前在线人数:1
 

日 志 时 间:  2013-03-15 17:23:40,288 
日 志 级 别:  INFO
日 志 来 源: [10]::Chatter.Service.ChatterService.Logoff(f:\code\myRepo\Chatter\Service\ChatterService.cs:211)
日 志 内 容:  用户776041668 eva退出
 

日 志 时 间:  2013-03-15 17:23:40,289 
日 志 级 别:  INFO
日 志 来 源: [10]::Chatter.Service.ChatterService.PrintOnLineNumber(f:\code\myRepo\Chatter\Service\ChatterService.cs:584)
日 志 内 容:  当前在线人数:0
 

日 志 时 间:  2013-03-15 17:23:45,290 
日 志 级 别:  WARN
日 志 来 源: [8]::Chatter.Service.ChatterService.HandleEvent(f:\code\myRepo\Chatter\Service\ChatterService.cs:564)
日 志 内 容:  回调失败776041668
 

日 志 时 间:  2013-03-15 17:23:45,290 
日 志 级 别:  WARN
日 志 来 源: [28]::Chatter.Service.ChatterService.HandleEvent(f:\code\myRepo\Chatter\Service\ChatterService.cs:564)
日 志 内 容:  回调失败776041668
 

日 志 时 间:  2013-03-15 17:23:47,242 
日 志 级 别:  INFO
日 志 来 源: [23]::Chatter.Service.ChatterService.Login(f:\code\myRepo\Chatter\Service\ChatterService.cs:127)
日 志 内 容:  用户776041669 walle请求登录
 

日 志 时 间:  2013-03-15 17:23:47,246 
日 志 级 别:  INFO
日 志 来 源: [23]::Chatter.Service.ChatterService.Login(f:\code\myRepo\Chatter\Service\ChatterService.cs:181)
日 志 内 容:  用户776041669 walle登录成功
 

日 志 时 间:  2013-03-15 17:23:47,247 
日 志 级 别:  INFO
日 志 来 源: [23]::Chatter.Service.ChatterService.PrintOnLineNumber(f:\code\myRepo\Chatter\Service\ChatterService.cs:584)
日 志 内 容:  当前在线人数:1
 

日 志 时 间:  2013-03-15 17:23:47,248 
日 志 级 别:  DEBUG
日 志 来 源: [23]::Chatter.Service.ChatterService.SendHeartBeat(f:\code\myRepo\Chatter\Service\ChatterService.cs:832)
日 志 内 容:  776041669 walle重新上线
 

日 志 时 间:  2013-03-15 17:23:47,268 
日 志 级 别:  INFO
日 志 来 源: [23]::Chatter.Service.ChatterService.Logoff(f:\code\myRepo\Chatter\Service\ChatterService.cs:211)
日 志 内 容:  用户776041669 walle退出
 

日 志 时 间:  2013-03-15 17:23:47,278 
日 志 级 别:  INFO
日 志 来 源: [23]::Chatter.Service.ChatterService.PrintOnLineNumber(f:\code\myRepo\Chatter\Service\ChatterService.cs:584)
日 志 内 容:  当前在线人数:0
 

日 志 时 间:  2013-03-15 17:24:34,801 
日 志 级 别:  INFO
日 志 来 源: [3]::Chatter.Service.ChatterService.Login(f:\code\myRepo\Chatter\Service\ChatterService.cs:127)
日 志 内 容:  用户776041668 请求登录
 

日 志 时 间:  2013-03-15 17:24:34,804 
日 志 级 别:  INFO
日 志 来 源: [3]::Chatter.Service.ChatterService.Login(f:\code\myRepo\Chatter\Service\ChatterService.cs:181)
日 志 内 容:  用户776041668 登录成功
 

日 志 时 间:  2013-03-15 17:24:34,805 
日 志 级 别:  INFO
日 志 来 源: [3]::Chatter.Service.ChatterService.PrintOnLineNumber(f:\code\myRepo\Chatter\Service\ChatterService.cs:584)
日 志 内 容:  当前在线人数:1
 

日 志 时 间:  2013-03-15 17:24:36,010 
日 志 级 别:  INFO
日 志 来 源: [36]::Chatter.Service.ChatterService.Logoff(f:\code\myRepo\Chatter\Service\ChatterService.cs:211)
日 志 内 容:  用户776041668 eva退出
 

日 志 时 间:  2013-03-15 17:24:36,012 
日 志 级 别:  INFO
日 志 来 源: [36]::Chatter.Service.ChatterService.PrintOnLineNumber(f:\code\myRepo\Chatter\Service\ChatterService.cs:584)
日 志 内 容:  当前在线人数:0
 

日 志 时 间:  2013-03-15 17:24:36,432 
日 志 级 别:  INFO
日 志 来 源: [36]::Chatter.Service.ChatterService.Login(f:\code\myRepo\Chatter\Service\ChatterService.cs:127)
日 志 内 容:  用户776041668 eva请求登录
 

日 志 时 间:  2013-03-15 17:24:36,435 
日 志 级 别:  INFO
日 志 来 源: [36]::Chatter.Service.ChatterService.Login(f:\code\myRepo\Chatter\Service\ChatterService.cs:181)
日 志 内 容:  用户776041668 eva登录成功
 

日 志 时 间:  2013-03-15 17:24:36,435 
日 志 级 别:  INFO
日 志 来 源: [36]::Chatter.Service.ChatterService.PrintOnLineNumber(f:\code\myRepo\Chatter\Service\ChatterService.cs:584)
日 志 内 容:  当前在线人数:1
 

日 志 时 间:  2013-03-15 17:24:36,436 
日 志 级 别:  DEBUG
日 志 来 源: [36]::Chatter.Service.ChatterService.SendHeartBeat(f:\code\myRepo\Chatter\Service\ChatterService.cs:832)
日 志 内 容:  776041668 eva重新上线
 

日 志 时 间:  2013-03-15 17:24:41,056 
日 志 级 别:  INFO
日 志 来 源: [31]::Chatter.Service.ChatterService.Login(f:\code\myRepo\Chatter\Service\ChatterService.cs:127)
日 志 内 容:  用户776041669 请求登录
 

日 志 时 间:  2013-03-15 17:24:41,058 
日 志 级 别:  INFO
日 志 来 源: [31]::Chatter.Service.ChatterService.Login(f:\code\myRepo\Chatter\Service\ChatterService.cs:181)
日 志 内 容:  用户776041669 登录成功
 

日 志 时 间:  2013-03-15 17:24:41,059 
日 志 级 别:  INFO
日 志 来 源: [31]::Chatter.Service.ChatterService.PrintOnLineNumber(f:\code\myRepo\Chatter\Service\ChatterService.cs:584)
日 志 内 容:  当前在线人数:2
 

日 志 时 间:  2013-03-15 17:25:52,302 
日 志 级 别:  INFO
日 志 来 源: [10]::Chatter.Service.ChatterService.Logoff(f:\code\myRepo\Chatter\Service\ChatterService.cs:211)
日 志 内 容:  用户776041668 eva退出
 

日 志 时 间:  2013-03-15 17:25:52,302 
日 志 级 别:  INFO
日 志 来 源: [10]::Chatter.Service.ChatterService.PrintOnLineNumber(f:\code\myRepo\Chatter\Service\ChatterService.cs:584)
日 志 内 容:  当前在线人数:1
 

日 志 时 间:  2013-03-15 17:25:53,303 
日 志 级 别:  INFO
日 志 来 源: [10]::Chatter.Service.ChatterService.Logoff(f:\code\myRepo\Chatter\Service\ChatterService.cs:211)
日 志 内 容:  用户776041669 walle退出
 

日 志 时 间:  2013-03-15 17:25:53,303 
日 志 级 别:  INFO
日 志 来 源: [10]::Chatter.Service.ChatterService.PrintOnLineNumber(f:\code\myRepo\Chatter\Service\ChatterService.cs:584)
日 志 内 容:  当前在线人数:0
 

日 志 时 间:  2013-03-15 17:26:48,188 
日 志 级 别:  INFO
日 志 来 源: [22]::Chatter.Service.ChatterService.Logoff(f:\code\myRepo\Chatter\Service\ChatterService.cs:211)
日 志 内 容:  用户776041668 eva退出
 

日 志 时 间:  2013-03-15 17:26:48,188 
日 志 级 别:  INFO
日 志 来 源: [22]::Chatter.Service.ChatterService.PrintOnLineNumber(f:\code\myRepo\Chatter\Service\ChatterService.cs:584)
日 志 内 容:  当前在线人数:0
 

日 志 时 间:  2013-03-15 17:26:49,379 
日 志 级 别:  INFO
日 志 来 源: [24]::Chatter.Service.ChatterService.Logoff(f:\code\myRepo\Chatter\Service\ChatterService.cs:211)
日 志 内 容:  用户776041669 walle退出
 

日 志 时 间:  2013-03-15 17:26:49,380 
日 志 级 别:  INFO
日 志 来 源: [24]::Chatter.Service.ChatterService.PrintOnLineNumber(f:\code\myRepo\Chatter\Service\ChatterService.cs:584)
日 志 内 容:  当前在线人数:0
 

日 志 时 间:  2013-03-15 17:28:07,826 
日 志 级 别:  INFO
日 志 来 源: [9]::Chatter.Service.ChatterService.Login(f:\code\myRepo\Chatter\Service\ChatterService.cs:127)
日 志 内 容:  用户776041669 请求登录
 

日 志 时 间:  2013-03-15 17:28:07,829 
日 志 级 别:  INFO
日 志 来 源: [9]::Chatter.Service.ChatterService.Login(f:\code\myRepo\Chatter\Service\ChatterService.cs:181)
日 志 内 容:  用户776041669 登录成功
 

日 志 时 间:  2013-03-15 17:28:07,829 
日 志 级 别:  INFO
日 志 来 源: [9]::Chatter.Service.ChatterService.PrintOnLineNumber(f:\code\myRepo\Chatter\Service\ChatterService.cs:584)
日 志 内 容:  当前在线人数:1
 

日 志 时 间:  2013-03-15 17:28:11,482 
日 志 级 别:  INFO
日 志 来 源: [9]::Chatter.Service.ChatterService.Login(f:\code\myRepo\Chatter\Service\ChatterService.cs:127)
日 志 内 容:  用户776041668 请求登录
 

日 志 时 间:  2013-03-15 17:28:11,484 
日 志 级 别:  INFO
日 志 来 源: [9]::Chatter.Service.ChatterService.Login(f:\code\myRepo\Chatter\Service\ChatterService.cs:181)
日 志 内 容:  用户776041668 登录成功
 

日 志 时 间:  2013-03-15 17:28:11,484 
日 志 级 别:  INFO
日 志 来 源: [9]::Chatter.Service.ChatterService.PrintOnLineNumber(f:\code\myRepo\Chatter\Service\ChatterService.cs:584)
日 志 内 容:  当前在线人数:2
 

日 志 时 间:  2013-03-15 17:29:49,438 
日 志 级 别:  INFO
日 志 来 源: [22]::Chatter.Service.ChatterService.Logoff(f:\code\myRepo\Chatter\Service\ChatterService.cs:211)
日 志 内 容:  用户776041668 eva退出
 

日 志 时 间:  2013-03-15 17:29:49,440 
日 志 级 别:  INFO
日 志 来 源: [22]::Chatter.Service.ChatterService.PrintOnLineNumber(f:\code\myRepo\Chatter\Service\ChatterService.cs:584)
日 志 内 容:  当前在线人数:1
 

日 志 时 间:  2013-03-15 17:29:52,357 
日 志 级 别:  INFO
日 志 来 源: [22]::Chatter.Service.ChatterService.Logoff(f:\code\myRepo\Chatter\Service\ChatterService.cs:211)
日 志 内 容:  用户776041669 walle退出
 

日 志 时 间:  2013-03-15 17:29:52,359 
日 志 级 别:  INFO
日 志 来 源: [22]::Chatter.Service.ChatterService.PrintOnLineNumber(f:\code\myRepo\Chatter\Service\ChatterService.cs:584)
日 志 内 容:  当前在线人数:0
 

日 志 时 间:  2013-03-15 17:31:38,858 
日 志 级 别:  INFO
日 志 来 源: [35]::Chatter.Service.ChatterService.Login(f:\code\myRepo\Chatter\Service\ChatterService.cs:127)
日 志 内 容:  用户776041668 请求登录
 

日 志 时 间:  2013-03-15 17:31:51,220 
日 志 级 别:  INFO
日 志 来 源: [24]::Chatter.Service.ChatterService.Login(f:\code\myRepo\Chatter\Service\ChatterService.cs:127)
日 志 内 容:  用户776041668 请求登录
 

日 志 时 间:  2013-03-15 17:31:52,802 
日 志 级 别:  ERROR
日 志 来 源: [24]::Chatter.DAL.DALService.IsMember(f:\code\myRepo\Chatter\DAL\DALService.cs:317)
日 志 内 容:  查询是否为合法用户时出现错误
 MySql.Data.MySqlClient.MySqlException: There is already an open DataReader associated with this Connection which must be closed first.
   at MySql.Data.MySqlClient.ExceptionInterceptor.Throw(Exception exception)
   at MySql.Data.MySqlClient.MySqlCommand.Throw(Exception ex)
   at MySql.Data.MySqlClient.MySqlCommand.ExecuteReader(CommandBehavior behavior)
   at MySql.Data.MySqlClient.MySqlCommand.ExecuteScalar()
   at Chatter.DAL.DALService.IsMember(String id, String pwd) in f:\code\myRepo\Chatter\DAL\DALService.cs:line 317


日 志 时 间:  2013-03-15 17:31:52,804 
日 志 级 别:  INFO
日 志 来 源: [35]::Chatter.Service.ChatterService.Login(f:\code\myRepo\Chatter\Service\ChatterService.cs:181)
日 志 内 容:  用户776041668 登录成功
 

日 志 时 间:  2013-03-15 17:31:52,805 
日 志 级 别:  INFO
日 志 来 源: [24]::Chatter.Service.ChatterService.Login(f:\code\myRepo\Chatter\Service\ChatterService.cs:135)
日 志 内 容:  用户776041668 登录失败
 

日 志 时 间:  2013-03-15 17:31:52,806 
日 志 级 别:  INFO
日 志 来 源: [35]::Chatter.Service.ChatterService.PrintOnLineNumber(f:\code\myRepo\Chatter\Service\ChatterService.cs:584)
日 志 内 容:  当前在线人数:1
 

日 志 时 间:  2013-03-15 17:31:56,693 
日 志 级 别:  INFO
日 志 来 源: [24]::Chatter.Service.ChatterService.Login(f:\code\myRepo\Chatter\Service\ChatterService.cs:127)
日 志 内 容:  用户776041669 请求登录
 

日 志 时 间:  2013-03-15 17:31:56,700 
日 志 级 别:  INFO
日 志 来 源: [24]::Chatter.Service.ChatterService.Login(f:\code\myRepo\Chatter\Service\ChatterService.cs:181)
日 志 内 容:  用户776041669 登录成功
 

日 志 时 间:  2013-03-15 17:31:56,701 
日 志 级 别:  INFO
日 志 来 源: [24]::Chatter.Service.ChatterService.PrintOnLineNumber(f:\code\myRepo\Chatter\Service\ChatterService.cs:584)
日 志 内 容:  当前在线人数:2
 

日 志 时 间:  2013-03-15 17:32:39,351 
日 志 级 别:  INFO
日 志 来 源: [10]::Chatter.Service.ChatterService.Logoff(f:\code\myRepo\Chatter\Service\ChatterService.cs:211)
日 志 内 容:  用户776041668 eva退出
 

日 志 时 间:  2013-03-15 17:32:39,351 
日 志 级 别:  INFO
日 志 来 源: [10]::Chatter.Service.ChatterService.PrintOnLineNumber(f:\code\myRepo\Chatter\Service\ChatterService.cs:584)
日 志 内 容:  当前在线人数:1
 

日 志 时 间:  2013-03-15 17:32:41,341 
日 志 级 别:  INFO
日 志 来 源: [9]::Chatter.Service.ChatterService.Login(f:\code\myRepo\Chatter\Service\ChatterService.cs:127)
日 志 内 容:  用户776041668 eva请求登录
 

日 志 时 间:  2013-03-15 17:32:41,345 
日 志 级 别:  INFO
日 志 来 源: [9]::Chatter.Service.ChatterService.Login(f:\code\myRepo\Chatter\Service\ChatterService.cs:181)
日 志 内 容:  用户776041668 eva登录成功
 

日 志 时 间:  2013-03-15 17:32:41,345 
日 志 级 别:  INFO
日 志 来 源: [9]::Chatter.Service.ChatterService.PrintOnLineNumber(f:\code\myRepo\Chatter\Service\ChatterService.cs:584)
日 志 内 容:  当前在线人数:2
 

日 志 时 间:  2013-03-15 17:32:41,347 
日 志 级 别:  DEBUG
日 志 来 源: [9]::Chatter.Service.ChatterService.SendHeartBeat(f:\code\myRepo\Chatter\Service\ChatterService.cs:832)
日 志 内 容:  776041668 eva重新上线
 

日 志 时 间:  2013-03-15 17:32:45,353 
日 志 级 别:  INFO
日 志 来 源: [10]::Chatter.Service.ChatterService.Logoff(f:\code\myRepo\Chatter\Service\ChatterService.cs:211)
日 志 内 容:  用户776041668 eva退出
 

日 志 时 间:  2013-03-15 17:32:45,353 
日 志 级 别:  INFO
日 志 来 源: [10]::Chatter.Service.ChatterService.PrintOnLineNumber(f:\code\myRepo\Chatter\Service\ChatterService.cs:584)
日 志 内 容:  当前在线人数:1
 

日 志 时 间:  2013-03-15 17:33:13,163 
日 志 级 别:  INFO
日 志 来 源: [24]::Chatter.Service.ChatterService.Logoff(f:\code\myRepo\Chatter\Service\ChatterService.cs:211)
日 志 内 容:  用户776041669 walle退出
 

日 志 时 间:  2013-03-15 17:33:13,163 
日 志 级 别:  INFO
日 志 来 源: [24]::Chatter.Service.ChatterService.PrintOnLineNumber(f:\code\myRepo\Chatter\Service\ChatterService.cs:584)
日 志 内 容:  当前在线人数:0
 

日 志 时 间:  2013-03-15 17:33:19,055 
日 志 级 别:  INFO
日 志 来 源: [24]::Chatter.Service.ChatterService.Login(f:\code\myRepo\Chatter\Service\ChatterService.cs:127)
日 志 内 容:  用户776041669 请求登录
 

日 志 时 间:  2013-03-15 17:33:19,058 
日 志 级 别:  INFO
日 志 来 源: [24]::Chatter.Service.ChatterService.Login(f:\code\myRepo\Chatter\Service\ChatterService.cs:181)
日 志 内 容:  用户776041669 登录成功
 

日 志 时 间:  2013-03-15 17:33:19,058 
日 志 级 别:  INFO
日 志 来 源: [24]::Chatter.Service.ChatterService.PrintOnLineNumber(f:\code\myRepo\Chatter\Service\ChatterService.cs:584)
日 志 内 容:  当前在线人数:1
 

日 志 时 间:  2013-03-15 17:33:23,212 
日 志 级 别:  INFO
日 志 来 源: [24]::Chatter.Service.ChatterService.Login(f:\code\myRepo\Chatter\Service\ChatterService.cs:127)
日 志 内 容:  用户776041668 请求登录
 

日 志 时 间:  2013-03-15 17:33:23,214 
日 志 级 别:  INFO
日 志 来 源: [24]::Chatter.Service.ChatterService.Login(f:\code\myRepo\Chatter\Service\ChatterService.cs:181)
日 志 内 容:  用户776041668 登录成功
 

日 志 时 间:  2013-03-15 17:33:23,214 
日 志 级 别:  INFO
日 志 来 源: [24]::Chatter.Service.ChatterService.PrintOnLineNumber(f:\code\myRepo\Chatter\Service\ChatterService.cs:584)
日 志 内 容:  当前在线人数:2
 

日 志 时 间:  2013-03-15 17:33:40,101 
日 志 级 别:  INFO
日 志 来 源: [9]::Chatter.Service.ChatterService.Logoff(f:\code\myRepo\Chatter\Service\ChatterService.cs:211)
日 志 内 容:  用户776041668 eva退出
 

日 志 时 间:  2013-03-15 17:33:40,103 
日 志 级 别:  INFO
日 志 来 源: [9]::Chatter.Service.ChatterService.PrintOnLineNumber(f:\code\myRepo\Chatter\Service\ChatterService.cs:584)
日 志 内 容:  当前在线人数:1
 

日 志 时 间:  2013-03-15 17:33:41,278 
日 志 级 别:  INFO
日 志 来 源: [24]::Chatter.Service.ChatterService.Logoff(f:\code\myRepo\Chatter\Service\ChatterService.cs:211)
日 志 内 容:  用户776041668 eva退出
 

日 志 时 间:  2013-03-15 17:33:41,345 
日 志 级 别:  INFO
日 志 来 源: [24]::Chatter.Service.ChatterService.PrintOnLineNumber(f:\code\myRepo\Chatter\Service\ChatterService.cs:584)
日 志 内 容:  当前在线人数:1
 

日 志 时 间:  2013-03-15 17:33:41,346 
日 志 级 别:  WARN
日 志 来 源: [8]::Chatter.Service.ChatterService.HandleEvent(f:\code\myRepo\Chatter\Service\ChatterService.cs:564)
日 志 内 容:  回调失败776041669
 

日 志 时 间:  2013-03-15 17:33:41,346 
日 志 级 别:  WARN
日 志 来 源: [30]::Chatter.Service.ChatterService.HandleEvent(f:\code\myRepo\Chatter\Service\ChatterService.cs:564)
日 志 内 容:  回调失败776041669
 

日 志 时 间:  2013-03-15 17:33:43,276 
日 志 级 别:  INFO
日 志 来 源: [24]::Chatter.Service.ChatterService.Logoff(f:\code\myRepo\Chatter\Service\ChatterService.cs:211)
日 志 内 容:  用户776041669 walle退出
 

日 志 时 间:  2013-03-15 17:33:43,279 
日 志 级 别:  INFO
日 志 来 源: [24]::Chatter.Service.ChatterService.PrintOnLineNumber(f:\code\myRepo\Chatter\Service\ChatterService.cs:584)
日 志 内 容:  当前在线人数:0
 

日 志 时 间:  2013-03-15 17:34:28,885 
日 志 级 别:  INFO
日 志 来 源: [7]::Chatter.Service.ChatterService.Login(f:\code\myRepo\Chatter\Service\ChatterService.cs:127)
日 志 内 容:  用户776041668 请求登录
 

日 志 时 间:  2013-03-15 17:34:28,887 
日 志 级 别:  INFO
日 志 来 源: [7]::Chatter.Service.ChatterService.Login(f:\code\myRepo\Chatter\Service\ChatterService.cs:181)
日 志 内 容:  用户776041668 登录成功
 

日 志 时 间:  2013-03-15 17:34:28,888 
日 志 级 别:  INFO
日 志 来 源: [7]::Chatter.Service.ChatterService.PrintOnLineNumber(f:\code\myRepo\Chatter\Service\ChatterService.cs:584)
日 志 内 容:  当前在线人数:1
 

日 志 时 间:  2013-03-15 17:34:32,296 
日 志 级 别:  INFO
日 志 来 源: [7]::Chatter.Service.ChatterService.Login(f:\code\myRepo\Chatter\Service\ChatterService.cs:127)
日 志 内 容:  用户776041669 请求登录
 

日 志 时 间:  2013-03-15 17:34:32,298 
日 志 级 别:  INFO
日 志 来 源: [7]::Chatter.Service.ChatterService.Login(f:\code\myRepo\Chatter\Service\ChatterService.cs:181)
日 志 内 容:  用户776041669 登录成功
 

日 志 时 间:  2013-03-15 17:34:32,299 
日 志 级 别:  INFO
日 志 来 源: [7]::Chatter.Service.ChatterService.PrintOnLineNumber(f:\code\myRepo\Chatter\Service\ChatterService.cs:584)
日 志 内 容:  当前在线人数:2
 

日 志 时 间:  2013-03-15 17:35:31,406 
日 志 级 别:  INFO
日 志 来 源: [7]::Chatter.Service.ChatterService.Logoff(f:\code\myRepo\Chatter\Service\ChatterService.cs:211)
日 志 内 容:  用户776041668 eva退出
 

日 志 时 间:  2013-03-15 17:35:31,407 
日 志 级 别:  INFO
日 志 来 源: [7]::Chatter.Service.ChatterService.PrintOnLineNumber(f:\code\myRepo\Chatter\Service\ChatterService.cs:584)
日 志 内 容:  当前在线人数:1
 

日 志 时 间:  2013-03-15 17:35:35,372 
日 志 级 别:  INFO
日 志 来 源: [10]::Chatter.Service.ChatterService.Logoff(f:\code\myRepo\Chatter\Service\ChatterService.cs:211)
日 志 内 容:  用户776041669 walle退出
 

日 志 时 间:  2013-03-15 17:35:35,372 
日 志 级 别:  INFO
日 志 来 源: [10]::Chatter.Service.ChatterService.PrintOnLineNumber(f:\code\myRepo\Chatter\Service\ChatterService.cs:584)
日 志 内 容:  当前在线人数:0
 

