日 志 时 间:  2013-01-29 11:11:35,631 
日 志 级 别:  INFO
日 志 来 源:  Chatter.Service.ChatterService.Login(f:\code\myRepo\Chatter\Service\ChatterService.cs:70)
日 志 内 容:  用户776041669 登录
 

日 志 时 间:  2013-01-29 11:11:38,680 
日 志 级 别:  ERROR
日 志 来 源:  Chatter.DAL.DALService.IsMember(f:\code\myRepo\Chatter\DAL\DALService.cs:288)
日 志 内 容:  查询是否为合法用户时出现错误
 MySql.Data.MySqlClient.MySqlException (0x80004005): Unable to connect to any of the specified MySQL hosts.
   at MySql.Data.MySqlClient.NativeDriver.Open()
   at MySql.Data.MySqlClient.Driver.Open()
   at MySql.Data.MySqlClient.Driver.Create(MySqlConnectionStringBuilder settings)
   at MySql.Data.MySqlClient.MySqlPool.GetPooledConnection()
   at MySql.Data.MySqlClient.MySqlPool.TryToGetDriver()
   at MySql.Data.MySqlClient.MySqlPool.GetConnection()
   at MySql.Data.MySqlClient.MySqlConnection.Open()
   at Chatter.DAL.DALService.get_Conn() in f:\code\myRepo\Chatter\DAL\DALService.cs:line 32
   at Chatter.DAL.DALService.IsMember(String id, String pwd) in f:\code\myRepo\Chatter\DAL\DALService.cs:line 280


日 志 时 间:  2013-01-29 11:11:49,421 
日 志 级 别:  INFO
日 志 来 源:  Chatter.Service.ChatterService.Login(f:\code\myRepo\Chatter\Service\ChatterService.cs:70)
日 志 内 容:  用户4177319 登录
 

日 志 时 间:  2013-01-29 11:11:50,423 
日 志 级 别:  ERROR
日 志 来 源:  Chatter.DAL.DALService.IsMember(f:\code\myRepo\Chatter\DAL\DALService.cs:288)
日 志 内 容:  查询是否为合法用户时出现错误
 MySql.Data.MySqlClient.MySqlException (0x80004005): Unable to connect to any of the specified MySQL hosts.
   at MySql.Data.MySqlClient.NativeDriver.Open()
   at MySql.Data.MySqlClient.Driver.Open()
   at MySql.Data.MySqlClient.Driver.Create(MySqlConnectionStringBuilder settings)
   at MySql.Data.MySqlClient.MySqlPool.GetPooledConnection()
   at MySql.Data.MySqlClient.MySqlPool.TryToGetDriver()
   at MySql.Data.MySqlClient.MySqlPool.GetConnection()
   at MySql.Data.MySqlClient.MySqlConnection.Open()
   at Chatter.DAL.DALService.get_Conn() in f:\code\myRepo\Chatter\DAL\DALService.cs:line 38
   at Chatter.DAL.DALService.IsMember(String id, String pwd) in f:\code\myRepo\Chatter\DAL\DALService.cs:line 280


日 志 时 间:  2013-01-29 11:12:14,301 
日 志 级 别:  INFO
日 志 来 源:  Chatter.Service.ChatterService.Login(f:\code\myRepo\Chatter\Service\ChatterService.cs:70)
日 志 内 容:  用户4177319 登录
 

日 志 时 间:  2013-01-29 11:12:16,345 
日 志 级 别:  INFO
日 志 来 源:  Chatter.Service.ChatterService.PrintOnLineNumber(f:\code\myRepo\Chatter\Service\ChatterService.cs:310)
日 志 内 容:  当前在线人数:1
 

日 志 时 间:  2013-01-29 11:13:08,521 
日 志 级 别:  INFO
日 志 来 源:  Chatter.Service.ChatterService.Login(f:\code\myRepo\Chatter\Service\ChatterService.cs:70)
日 志 内 容:  用户776041669 登录
 

日 志 时 间:  2013-01-29 11:13:08,523 
日 志 级 别:  INFO
日 志 来 源:  Chatter.Service.ChatterService.PrintOnLineNumber(f:\code\myRepo\Chatter\Service\ChatterService.cs:310)
日 志 内 容:  当前在线人数:2
 

日 志 时 间:  2013-01-29 11:13:46,263 
日 志 级 别:  INFO
日 志 来 源:  Chatter.Service.ChatterService.Logoff(f:\code\myRepo\Chatter\Service\ChatterService.cs:137)
日 志 内 容:  用户776041669 walle退出
 

日 志 时 间:  2013-01-29 11:13:46,264 
日 志 级 别:  INFO
日 志 来 源:  Chatter.Service.ChatterService.PrintOnLineNumber(f:\code\myRepo\Chatter\Service\ChatterService.cs:310)
日 志 内 容:  当前在线人数:1
 

日 志 时 间:  2013-01-29 11:13:47,626 
日 志 级 别:  INFO
日 志 来 源:  Chatter.Service.ChatterService.Logoff(f:\code\myRepo\Chatter\Service\ChatterService.cs:137)
日 志 内 容:  用户4177319 Tom退出
 

日 志 时 间:  2013-01-29 11:13:47,627 
日 志 级 别:  INFO
日 志 来 源:  Chatter.Service.ChatterService.PrintOnLineNumber(f:\code\myRepo\Chatter\Service\ChatterService.cs:310)
日 志 内 容:  当前在线人数:0
 

日 志 时 间:  2013-01-29 11:18:34,600 
日 志 级 别:  INFO
日 志 来 源:  Chatter.Service.ChatterService.Login(f:\code\myRepo\Chatter\Service\ChatterService.cs:70)
日 志 内 容:  用户776041669 登录
 

日 志 时 间:  2013-01-29 11:18:34,603 
日 志 级 别:  INFO
日 志 来 源:  Chatter.Service.ChatterService.PrintOnLineNumber(f:\code\myRepo\Chatter\Service\ChatterService.cs:310)
日 志 内 容:  当前在线人数:1
 

日 志 时 间:  2013-01-29 11:18:37,683 
日 志 级 别:  INFO
日 志 来 源:  Chatter.Service.ChatterService.Logoff(f:\code\myRepo\Chatter\Service\ChatterService.cs:137)
日 志 内 容:  用户776041669 walle退出
 

日 志 时 间:  2013-01-29 11:18:37,683 
日 志 级 别:  INFO
日 志 来 源:  Chatter.Service.ChatterService.PrintOnLineNumber(f:\code\myRepo\Chatter\Service\ChatterService.cs:310)
日 志 内 容:  当前在线人数:0
 

日 志 时 间:  2013-01-29 11:18:50,648 
日 志 级 别:  INFO
日 志 来 源:  Chatter.Service.ChatterService.Login(f:\code\myRepo\Chatter\Service\ChatterService.cs:70)
日 志 内 容:  用户4177319 登录
 

日 志 时 间:  2013-01-29 11:18:50,651 
日 志 级 别:  INFO
日 志 来 源:  Chatter.Service.ChatterService.PrintOnLineNumber(f:\code\myRepo\Chatter\Service\ChatterService.cs:310)
日 志 内 容:  当前在线人数:1
 

日 志 时 间:  2013-01-29 11:35:53,807 
日 志 级 别:  INFO
日 志 来 源:  Chatter.Service.ChatterService.Login(f:\code\myRepo\Chatter\Service\ChatterService.cs:70)
日 志 内 容:  用户776041669 登录
 

日 志 时 间:  2013-01-29 11:35:53,977 
日 志 级 别:  INFO
日 志 来 源:  Chatter.Service.ChatterService.PrintOnLineNumber(f:\code\myRepo\Chatter\Service\ChatterService.cs:310)
日 志 内 容:  当前在线人数:1
 

日 志 时 间:  2013-01-29 11:35:58,416 
日 志 级 别:  ERROR
日 志 来 源:  Chatter.DAL.DALService.DeleteFriend(f:\code\myRepo\Chatter\DAL\DALService.cs:425)
日 志 内 容:  删除好友出现错误

 MySql.Data.MySqlClient.MySqlException (0x80004005): Fatal error encountered during command execution. ---> MySql.Data.MySqlClient.MySqlException (0x80004005): Parameter '?groupId' must be defined.
   at MySql.Data.MySqlClient.Statement.SerializeParameter(MySqlParameterCollection parameters, MySqlPacket packet, String parmName, Int32 parameterIndex)
   at MySql.Data.MySqlClient.Statement.InternalBindParameters(String sql, MySqlParameterCollection parameters, MySqlPacket packet)
   at MySql.Data.MySqlClient.Statement.BindParameters()
   at MySql.Data.MySqlClient.PreparableStatement.Execute()
   at MySql.Data.MySqlClient.MySqlCommand.ExecuteReader(CommandBehavior behavior)
   at MySql.Data.MySqlClient.MySqlCommand.ExecuteReader(CommandBehavior behavior)
   at MySql.Data.MySqlClient.MySqlCommand.ExecuteReader()
   at Chatter.DAL.DALService.DeleteFriend(String id, String userGroupId, String friendId) in f:\code\myRepo\Chatter\DAL\DALService.cs:line 383


日 志 时 间:  2013-01-29 11:36:16,524 
日 志 级 别:  INFO
日 志 来 源:  Chatter.Service.ChatterService.Logoff(f:\code\myRepo\Chatter\Service\ChatterService.cs:137)
日 志 内 容:  用户776041669 walle退出
 

日 志 时 间:  2013-01-29 11:36:16,525 
日 志 级 别:  INFO
日 志 来 源:  Chatter.Service.ChatterService.PrintOnLineNumber(f:\code\myRepo\Chatter\Service\ChatterService.cs:310)
日 志 内 容:  当前在线人数:0
 

日 志 时 间:  2013-01-29 11:36:26,877 
日 志 级 别:  INFO
日 志 来 源:  Chatter.Service.ChatterService.Login(f:\code\myRepo\Chatter\Service\ChatterService.cs:70)
日 志 内 容:  用户776041669 登录
 

日 志 时 间:  2013-01-29 11:36:26,880 
日 志 级 别:  INFO
日 志 来 源:  Chatter.Service.ChatterService.PrintOnLineNumber(f:\code\myRepo\Chatter\Service\ChatterService.cs:310)
日 志 内 容:  当前在线人数:1
 

日 志 时 间:  2013-01-29 11:36:54,194 
日 志 级 别:  ERROR
日 志 来 源:  Chatter.DAL.DALService.DeleteFriend(f:\code\myRepo\Chatter\DAL\DALService.cs:425)
日 志 内 容:  删除好友出现错误

 MySql.Data.MySqlClient.MySqlException (0x80004005): Fatal error encountered during command execution. ---> MySql.Data.MySqlClient.MySqlException (0x80004005): Parameter '?groupId' must be defined.
   at MySql.Data.MySqlClient.Statement.SerializeParameter(MySqlParameterCollection parameters, MySqlPacket packet, String parmName, Int32 parameterIndex)
   at MySql.Data.MySqlClient.Statement.InternalBindParameters(String sql, MySqlParameterCollection parameters, MySqlPacket packet)
   at MySql.Data.MySqlClient.Statement.BindParameters()
   at MySql.Data.MySqlClient.PreparableStatement.Execute()
   at MySql.Data.MySqlClient.MySqlCommand.ExecuteReader(CommandBehavior behavior)
   at MySql.Data.MySqlClient.MySqlCommand.ExecuteReader(CommandBehavior behavior)
   at MySql.Data.MySqlClient.MySqlCommand.ExecuteReader()
   at Chatter.DAL.DALService.DeleteFriend(String id, String userGroupId, String friendId) in f:\code\myRepo\Chatter\DAL\DALService.cs:line 383


日 志 时 间:  2013-01-29 11:39:48,459 
日 志 级 别:  ERROR
日 志 来 源:  Chatter.DAL.DALService.DeleteFriend(f:\code\myRepo\Chatter\DAL\DALService.cs:425)
日 志 内 容:  删除好友出现错误

 MySql.Data.MySqlClient.MySqlException (0x80004005): Fatal error encountered during command execution. ---> MySql.Data.MySqlClient.MySqlException (0x80004005): Parameter '?groupId' must be defined.
   at MySql.Data.MySqlClient.Statement.SerializeParameter(MySqlParameterCollection parameters, MySqlPacket packet, String parmName, Int32 parameterIndex)
   at MySql.Data.MySqlClient.Statement.InternalBindParameters(String sql, MySqlParameterCollection parameters, MySqlPacket packet)
   at MySql.Data.MySqlClient.Statement.BindParameters()
   at MySql.Data.MySqlClient.PreparableStatement.Execute()
   at MySql.Data.MySqlClient.MySqlCommand.ExecuteReader(CommandBehavior behavior)
   at MySql.Data.MySqlClient.MySqlCommand.ExecuteReader(CommandBehavior behavior)
   at MySql.Data.MySqlClient.MySqlCommand.ExecuteReader()
   at Chatter.DAL.DALService.DeleteFriend(String id, String userGroupId, String friendId) in f:\code\myRepo\Chatter\DAL\DALService.cs:line 383


日 志 时 间:  2013-01-29 11:41:30,525 
日 志 级 别:  INFO
日 志 来 源:  Chatter.Service.ChatterService.Login(f:\code\myRepo\Chatter\Service\ChatterService.cs:70)
日 志 内 容:  用户776041669 登录
 

日 志 时 间:  2013-01-29 11:41:30,690 
日 志 级 别:  INFO
日 志 来 源:  Chatter.Service.ChatterService.PrintOnLineNumber(f:\code\myRepo\Chatter\Service\ChatterService.cs:310)
日 志 内 容:  当前在线人数:1
 

日 志 时 间:  2013-01-29 11:41:38,231 
日 志 级 别:  DEBUG
日 志 来 源:  Chatter.DAL.DALService.DeleteFriend(f:\code\myRepo\Chatter\DAL\DALService.cs:391)
日 志 内 容:  删除前776041668;4177319;
 

日 志 时 间:  2013-01-29 11:41:54,506 
日 志 级 别:  DEBUG
日 志 来 源:  Chatter.DAL.DALService.DeleteFriend(f:\code\myRepo\Chatter\DAL\DALService.cs:395)
日 志 内 容:  删除后776041668;
 

日 志 时 间:  2013-01-29 11:42:44,282 
日 志 级 别:  ERROR
日 志 来 源:  Chatter.DAL.DALService.DeleteFriend(f:\code\myRepo\Chatter\DAL\DALService.cs:426)
日 志 内 容:  删除好友出现错误

 MySql.Data.MySqlClient.MySqlException (0x80004005): Fatal error encountered during command execution. ---> MySql.Data.MySqlClient.MySqlException (0x80004005): Parameter '?id' must be defined.
   at MySql.Data.MySqlClient.Statement.SerializeParameter(MySqlParameterCollection parameters, MySqlPacket packet, String parmName, Int32 parameterIndex)
   at MySql.Data.MySqlClient.Statement.InternalBindParameters(String sql, MySqlParameterCollection parameters, MySqlPacket packet)
   at MySql.Data.MySqlClient.Statement.BindParameters()
   at MySql.Data.MySqlClient.Statement.Execute()
   at MySql.Data.MySqlClient.PreparableStatement.Execute()
   at MySql.Data.MySqlClient.MySqlCommand.ExecuteReader(CommandBehavior behavior)
   at MySql.Data.MySqlClient.MySqlCommand.ExecuteReader(CommandBehavior behavior)
   at MySql.Data.MySqlClient.MySqlCommand.ExecuteReader()
   at MySql.Data.MySqlClient.MySqlCommand.ExecuteNonQuery()
   at Chatter.DAL.DALService.DeleteFriend(String id, String userGroupId, String friendId) in f:\code\myRepo\Chatter\DAL\DALService.cs:line 419


日 志 时 间:  2013-01-29 11:45:44,313 
日 志 级 别:  INFO
日 志 来 源:  Chatter.Service.ChatterService.Login(f:\code\myRepo\Chatter\Service\ChatterService.cs:70)
日 志 内 容:  用户776041669 登录
 

日 志 时 间:  2013-01-29 11:45:44,494 
日 志 级 别:  INFO
日 志 来 源:  Chatter.Service.ChatterService.PrintOnLineNumber(f:\code\myRepo\Chatter\Service\ChatterService.cs:310)
日 志 内 容:  当前在线人数:1
 

日 志 时 间:  2013-01-29 11:45:47,644 
日 志 级 别:  DEBUG
日 志 来 源:  Chatter.DAL.DALService.DeleteFriend(f:\code\myRepo\Chatter\DAL\DALService.cs:391)
日 志 内 容:  删除前776041668;4177319;
 

日 志 时 间:  2013-01-29 11:45:47,646 
日 志 级 别:  DEBUG
日 志 来 源:  Chatter.DAL.DALService.DeleteFriend(f:\code\myRepo\Chatter\DAL\DALService.cs:395)
日 志 内 容:  删除后776041668;
 

日 志 时 间:  2013-01-29 11:45:55,008 
日 志 级 别:  INFO
日 志 来 源:  Chatter.Service.ChatterService.Logoff(f:\code\myRepo\Chatter\Service\ChatterService.cs:137)
日 志 内 容:  用户776041669 walle退出
 

日 志 时 间:  2013-01-29 11:45:55,009 
日 志 级 别:  INFO
日 志 来 源:  Chatter.Service.ChatterService.PrintOnLineNumber(f:\code\myRepo\Chatter\Service\ChatterService.cs:310)
日 志 内 容:  当前在线人数:0
 

日 志 时 间:  2013-01-29 11:46:00,221 
日 志 级 别:  INFO
日 志 来 源:  Chatter.Service.ChatterService.Login(f:\code\myRepo\Chatter\Service\ChatterService.cs:70)
日 志 内 容:  用户776041669 登录
 

日 志 时 间:  2013-01-29 11:46:00,222 
日 志 级 别:  INFO
日 志 来 源:  Chatter.Service.ChatterService.PrintOnLineNumber(f:\code\myRepo\Chatter\Service\ChatterService.cs:310)
日 志 内 容:  当前在线人数:1
 

日 志 时 间:  2013-01-29 11:46:02,787 
日 志 级 别:  INFO
日 志 来 源:  Chatter.Service.ChatterService.Logoff(f:\code\myRepo\Chatter\Service\ChatterService.cs:137)
日 志 内 容:  用户776041669 walle退出
 

日 志 时 间:  2013-01-29 11:46:02,787 
日 志 级 别:  INFO
日 志 来 源:  Chatter.Service.ChatterService.PrintOnLineNumber(f:\code\myRepo\Chatter\Service\ChatterService.cs:310)
日 志 内 容:  当前在线人数:0
 

日 志 时 间:  2013-01-29 11:47:27,668 
日 志 级 别:  INFO
日 志 来 源:  Chatter.Service.ChatterService.Login(f:\code\myRepo\Chatter\Service\ChatterService.cs:70)
日 志 内 容:  用户4177319 登录
 

日 志 时 间:  2013-01-29 11:47:31,997 
日 志 级 别:  INFO
日 志 来 源:  Chatter.Service.ChatterService.PrintOnLineNumber(f:\code\myRepo\Chatter\Service\ChatterService.cs:310)
日 志 内 容:  当前在线人数:1
 

日 志 时 间:  2013-01-29 11:47:37,398 
日 志 级 别:  DEBUG
日 志 来 源:  Chatter.DAL.DALService.DeleteFriend(f:\code\myRepo\Chatter\DAL\DALService.cs:391)
日 志 内 容:  删除前776041668;776041669;
 

日 志 时 间:  2013-01-29 11:47:37,398 
日 志 级 别:  DEBUG
日 志 来 源:  Chatter.DAL.DALService.DeleteFriend(f:\code\myRepo\Chatter\DAL\DALService.cs:395)
日 志 内 容:  删除后776041669;
 

日 志 时 间:  2013-01-29 11:47:41,145 
日 志 级 别:  DEBUG
日 志 来 源:  Chatter.DAL.DALService.DeleteFriend(f:\code\myRepo\Chatter\DAL\DALService.cs:391)
日 志 内 容:  删除前776041669;
 

日 志 时 间:  2013-01-29 11:47:41,145 
日 志 级 别:  DEBUG
日 志 来 源:  Chatter.DAL.DALService.DeleteFriend(f:\code\myRepo\Chatter\DAL\DALService.cs:395)
日 志 内 容:  删除后
 

日 志 时 间:  2013-01-29 11:50:28,665 
日 志 级 别:  INFO
日 志 来 源:  Chatter.Service.ChatterService.Logoff(f:\code\myRepo\Chatter\Service\ChatterService.cs:137)
日 志 内 容:  用户4177319 Tom退出
 

日 志 时 间:  2013-01-29 11:50:28,665 
日 志 级 别:  INFO
日 志 来 源:  Chatter.Service.ChatterService.PrintOnLineNumber(f:\code\myRepo\Chatter\Service\ChatterService.cs:310)
日 志 内 容:  当前在线人数:0
 

日 志 时 间:  2013-01-29 11:50:38,116 
日 志 级 别:  INFO
日 志 来 源:  Chatter.Service.ChatterService.Login(f:\code\myRepo\Chatter\Service\ChatterService.cs:70)
日 志 内 容:  用户776041668 登录
 

日 志 时 间:  2013-01-29 11:50:38,119 
日 志 级 别:  INFO
日 志 来 源:  Chatter.Service.ChatterService.PrintOnLineNumber(f:\code\myRepo\Chatter\Service\ChatterService.cs:310)
日 志 内 容:  当前在线人数:1
 

日 志 时 间:  2013-01-29 11:50:41,277 
日 志 级 别:  DEBUG
日 志 来 源:  Chatter.DAL.DALService.DeleteFriend(f:\code\myRepo\Chatter\DAL\DALService.cs:391)
日 志 内 容:  删除前776041669;4177319;
 

日 志 时 间:  2013-01-29 11:50:41,277 
日 志 级 别:  DEBUG
日 志 来 源:  Chatter.DAL.DALService.DeleteFriend(f:\code\myRepo\Chatter\DAL\DALService.cs:395)
日 志 内 容:  删除后776041669;
 

日 志 时 间:  2013-01-29 11:50:49,546 
日 志 级 别:  DEBUG
日 志 来 源:  Chatter.DAL.DALService.DeleteFriend(f:\code\myRepo\Chatter\DAL\DALService.cs:391)
日 志 内 容:  删除前776041669;
 

日 志 时 间:  2013-01-29 11:50:49,547 
日 志 级 别:  DEBUG
日 志 来 源:  Chatter.DAL.DALService.DeleteFriend(f:\code\myRepo\Chatter\DAL\DALService.cs:395)
日 志 内 容:  删除后
 

日 志 时 间:  2013-01-29 11:50:56,578 
日 志 级 别:  INFO
日 志 来 源:  Chatter.Service.ChatterService.Logoff(f:\code\myRepo\Chatter\Service\ChatterService.cs:137)
日 志 内 容:  用户776041668 eva退出
 

日 志 时 间:  2013-01-29 11:50:56,578 
日 志 级 别:  INFO
日 志 来 源:  Chatter.Service.ChatterService.PrintOnLineNumber(f:\code\myRepo\Chatter\Service\ChatterService.cs:310)
日 志 内 容:  当前在线人数:0
 

日 志 时 间:  2013-01-29 12:51:19,929 
日 志 级 别:  INFO
日 志 来 源:  Chatter.Service.ChatterService.Login(f:\code\myRepo\Chatter\Service\ChatterService.cs:70)
日 志 内 容:  用户776041669 登录
 

日 志 时 间:  2013-01-29 12:51:23,020 
日 志 级 别:  INFO
日 志 来 源:  Chatter.Service.ChatterService.PrintOnLineNumber(f:\code\myRepo\Chatter\Service\ChatterService.cs:310)
日 志 内 容:  当前在线人数:1
 

日 志 时 间:  2013-01-29 12:53:00,067 
日 志 级 别:  INFO
日 志 来 源:  Chatter.Service.ChatterService.Login(f:\code\myRepo\Chatter\Service\ChatterService.cs:70)
日 志 内 容:  用户776041669 登录
 

日 志 时 间:  2013-01-29 12:53:00,069 
日 志 级 别:  ERROR
日 志 来 源:  Chatter.Service.ChatterService.Login(f:\code\myRepo\Chatter\Service\ChatterService.cs:125)
日 志 内 容:  776041669登录时候出现错误
 System.ArgumentException: Item has already been added. Key in dictionary: '776041669'  Key being added: '776041669'
   at System.Collections.Hashtable.Insert(Object key, Object nvalue, Boolean add)
   at System.Collections.Hashtable.Add(Object key, Object value)
   at Chatter.Service.ChatterService.Login(Member member) in f:\code\myRepo\Chatter\Service\ChatterService.cs:line 117


日 志 时 间:  2013-01-29 12:53:46,336 
日 志 级 别:  INFO
日 志 来 源:  Chatter.Service.ChatterService.Login(f:\code\myRepo\Chatter\Service\ChatterService.cs:70)
日 志 内 容:  用户776041669 登录
 

日 志 时 间:  2013-01-29 12:53:46,526 
日 志 级 别:  INFO
日 志 来 源:  Chatter.Service.ChatterService.PrintOnLineNumber(f:\code\myRepo\Chatter\Service\ChatterService.cs:310)
日 志 内 容:  当前在线人数:1
 

日 志 时 间:  2013-01-29 12:53:54,619 
日 志 级 别:  INFO
日 志 来 源:  Chatter.Service.ChatterService.Login(f:\code\myRepo\Chatter\Service\ChatterService.cs:70)
日 志 内 容:  用户776041668 登录
 

日 志 时 间:  2013-01-29 12:53:54,621 
日 志 级 别:  INFO
日 志 来 源:  Chatter.Service.ChatterService.PrintOnLineNumber(f:\code\myRepo\Chatter\Service\ChatterService.cs:310)
日 志 内 容:  当前在线人数:2
 

日 志 时 间:  2013-01-29 12:54:33,800 
日 志 级 别:  DEBUG
日 志 来 源:  Chatter.DAL.DALService.DeleteFriend(f:\code\myRepo\Chatter\DAL\DALService.cs:391)
日 志 内 容:  删除前776041668;
 

日 志 时 间:  2013-01-29 12:54:33,802 
日 志 级 别:  DEBUG
日 志 来 源:  Chatter.DAL.DALService.DeleteFriend(f:\code\myRepo\Chatter\DAL\DALService.cs:395)
日 志 内 容:  删除后
 

日 志 时 间:  2013-01-29 12:54:49,160 
日 志 级 别:  DEBUG
日 志 来 源:  Chatter.DAL.DALService.DeleteFriend(f:\code\myRepo\Chatter\DAL\DALService.cs:391)
日 志 内 容:  删除前776041669;
 

日 志 时 间:  2013-01-29 12:54:49,161 
日 志 级 别:  DEBUG
日 志 来 源:  Chatter.DAL.DALService.DeleteFriend(f:\code\myRepo\Chatter\DAL\DALService.cs:395)
日 志 内 容:  删除后
 

日 志 时 间:  2013-01-29 12:55:12,494 
日 志 级 别:  INFO
日 志 来 源:  Chatter.Service.ChatterService.Logoff(f:\code\myRepo\Chatter\Service\ChatterService.cs:137)
日 志 内 容:  用户776041669 walle退出
 

日 志 时 间:  2013-01-29 12:55:12,495 
日 志 级 别:  INFO
日 志 来 源:  Chatter.Service.ChatterService.PrintOnLineNumber(f:\code\myRepo\Chatter\Service\ChatterService.cs:310)
日 志 内 容:  当前在线人数:1
 

日 志 时 间:  2013-01-29 12:55:13,609 
日 志 级 别:  INFO
日 志 来 源:  Chatter.Service.ChatterService.Logoff(f:\code\myRepo\Chatter\Service\ChatterService.cs:137)
日 志 内 容:  用户776041668 eva退出
 

日 志 时 间:  2013-01-29 12:55:13,609 
日 志 级 别:  INFO
日 志 来 源:  Chatter.Service.ChatterService.PrintOnLineNumber(f:\code\myRepo\Chatter\Service\ChatterService.cs:310)
日 志 内 容:  当前在线人数:0
 

日 志 时 间:  2013-01-29 12:57:41,167 
日 志 级 别:  INFO
日 志 来 源:  Chatter.Service.ChatterService.Login(f:\code\myRepo\Chatter\Service\ChatterService.cs:70)
日 志 内 容:  用户776041669 登录
 

日 志 时 间:  2013-01-29 12:57:41,171 
日 志 级 别:  ERROR
日 志 来 源:  Chatter.Service.ChatterService.Login(f:\code\myRepo\Chatter\Service\ChatterService.cs:125)
日 志 内 容:  776041669登录时候出现错误
 System.ArgumentException: An item with the same key has already been added.
   at System.ThrowHelper.ThrowArgumentException(ExceptionResource resource)
   at System.Collections.Generic.Dictionary`2.Insert(TKey key, TValue value, Boolean add)
   at System.Collections.Generic.Dictionary`2.Add(TKey key, TValue value)
   at Chatter.Service.ChatterService.GetFriendsList(String id) in f:\code\myRepo\Chatter\Service\ChatterService.cs:line 222
   at Chatter.Service.ChatterService.Login(Member member) in f:\code\myRepo\Chatter\Service\ChatterService.cs:line 85


日 志 时 间:  2013-01-29 12:58:07,471 
日 志 级 别:  INFO
日 志 来 源:  Chatter.Service.ChatterService.Login(f:\code\myRepo\Chatter\Service\ChatterService.cs:70)
日 志 内 容:  用户776041668 登录
 

日 志 时 间:  2013-01-29 12:58:07,480 
日 志 级 别:  INFO
日 志 来 源:  Chatter.Service.ChatterService.PrintOnLineNumber(f:\code\myRepo\Chatter\Service\ChatterService.cs:310)
日 志 内 容:  当前在线人数:1
 

日 志 时 间:  2013-01-29 12:58:17,248 
日 志 级 别:  INFO
日 志 来 源:  Chatter.Service.ChatterService.Login(f:\code\myRepo\Chatter\Service\ChatterService.cs:70)
日 志 内 容:  用户776041669 登录
 

日 志 时 间:  2013-01-29 12:58:19,402 
日 志 级 别:  ERROR
日 志 来 源:  Chatter.Service.ChatterService.Login(f:\code\myRepo\Chatter\Service\ChatterService.cs:125)
日 志 内 容:  776041669登录时候出现错误
 System.ArgumentException: An item with the same key has already been added.
   at System.ThrowHelper.ThrowArgumentException(ExceptionResource resource)
   at System.Collections.Generic.Dictionary`2.Insert(TKey key, TValue value, Boolean add)
   at System.Collections.Generic.Dictionary`2.Add(TKey key, TValue value)
   at Chatter.Service.ChatterService.GetFriendsList(String id) in f:\code\myRepo\Chatter\Service\ChatterService.cs:line 222
   at Chatter.Service.ChatterService.Login(Member member) in f:\code\myRepo\Chatter\Service\ChatterService.cs:line 85


日 志 时 间:  2013-01-29 12:59:13,926 
日 志 级 别:  INFO
日 志 来 源:  Chatter.Service.ChatterService.Logoff(f:\code\myRepo\Chatter\Service\ChatterService.cs:137)
日 志 内 容:  用户776041668 eva退出
 

日 志 时 间:  2013-01-29 12:59:16,702 
日 志 级 别:  INFO
日 志 来 源:  Chatter.Service.ChatterService.PrintOnLineNumber(f:\code\myRepo\Chatter\Service\ChatterService.cs:310)
日 志 内 容:  当前在线人数:0
 

日 志 时 间:  2013-01-29 12:59:32,320 
日 志 级 别:  INFO
日 志 来 源:  Chatter.Service.ChatterService.Login(f:\code\myRepo\Chatter\Service\ChatterService.cs:70)
日 志 内 容:  用户776041668 登录
 

日 志 时 间:  2013-01-29 12:59:32,324 
日 志 级 别:  INFO
日 志 来 源:  Chatter.Service.ChatterService.PrintOnLineNumber(f:\code\myRepo\Chatter\Service\ChatterService.cs:310)
日 志 内 容:  当前在线人数:1
 

日 志 时 间:  2013-01-29 12:59:35,497 
日 志 级 别:  INFO
日 志 来 源:  Chatter.Service.ChatterService.Logoff(f:\code\myRepo\Chatter\Service\ChatterService.cs:137)
日 志 内 容:  用户776041668 eva退出
 

日 志 时 间:  2013-01-29 12:59:35,497 
日 志 级 别:  INFO
日 志 来 源:  Chatter.Service.ChatterService.PrintOnLineNumber(f:\code\myRepo\Chatter\Service\ChatterService.cs:310)
日 志 内 容:  当前在线人数:0
 

日 志 时 间:  2013-01-29 12:59:41,700 
日 志 级 别:  INFO
日 志 来 源:  Chatter.Service.ChatterService.Login(f:\code\myRepo\Chatter\Service\ChatterService.cs:70)
日 志 内 容:  用户776041668 登录
 

日 志 时 间:  2013-01-29 12:59:41,702 
日 志 级 别:  INFO
日 志 来 源:  Chatter.Service.ChatterService.PrintOnLineNumber(f:\code\myRepo\Chatter\Service\ChatterService.cs:310)
日 志 内 容:  当前在线人数:1
 

日 志 时 间:  2013-01-29 12:59:51,295 
日 志 级 别:  INFO
日 志 来 源:  Chatter.Service.ChatterService.Login(f:\code\myRepo\Chatter\Service\ChatterService.cs:70)
日 志 内 容:  用户776041669 登录
 

日 志 时 间:  2013-01-29 13:00:16,539 
日 志 级 别:  INFO
日 志 来 源:  Chatter.Service.ChatterService.Login(f:\code\myRepo\Chatter\Service\ChatterService.cs:70)
日 志 内 容:  用户776041669 登录
 

日 志 时 间:  2013-01-29 13:00:16,715 
日 志 级 别:  ERROR
日 志 来 源:  Chatter.Service.ChatterService.Login(f:\code\myRepo\Chatter\Service\ChatterService.cs:125)
日 志 内 容:  776041669登录时候出现错误
 System.ArgumentException: An item with the same key has already been added.
   at System.ThrowHelper.ThrowArgumentException(ExceptionResource resource)
   at System.Collections.Generic.Dictionary`2.Insert(TKey key, TValue value, Boolean add)
   at System.Collections.Generic.Dictionary`2.Add(TKey key, TValue value)
   at Chatter.Service.ChatterService.GetFriendsList(String id) in f:\code\myRepo\Chatter\Service\ChatterService.cs:line 222
   at Chatter.Service.ChatterService.Login(Member member) in f:\code\myRepo\Chatter\Service\ChatterService.cs:line 85


日 志 时 间:  2013-01-29 13:01:58,604 
日 志 级 别:  INFO
日 志 来 源:  Chatter.Service.ChatterService.Login(f:\code\myRepo\Chatter\Service\ChatterService.cs:70)
日 志 内 容:  用户776041669 登录
 

日 志 时 间:  2013-01-29 13:02:06,226 
日 志 级 别:  INFO
日 志 来 源:  Chatter.Service.ChatterService.PrintOnLineNumber(f:\code\myRepo\Chatter\Service\ChatterService.cs:310)
日 志 内 容:  当前在线人数:1
 

日 志 时 间:  2013-01-29 13:02:14,889 
日 志 级 别:  DEBUG
日 志 来 源:  Chatter.DAL.DALService.DeleteFriend(f:\code\myRepo\Chatter\DAL\DALService.cs:391)
日 志 内 容:  删除前776041668;
 

日 志 时 间:  2013-01-29 13:02:14,891 
日 志 级 别:  DEBUG
日 志 来 源:  Chatter.DAL.DALService.DeleteFriend(f:\code\myRepo\Chatter\DAL\DALService.cs:395)
日 志 内 容:  删除后
 

日 志 时 间:  2013-01-29 13:02:30,014 
日 志 级 别:  INFO
日 志 来 源:  Chatter.Service.ChatterService.Login(f:\code\myRepo\Chatter\Service\ChatterService.cs:70)
日 志 内 容:  用户776041668 登录
 

日 志 时 间:  2013-01-29 13:02:30,017 
日 志 级 别:  INFO
日 志 来 源:  Chatter.Service.ChatterService.PrintOnLineNumber(f:\code\myRepo\Chatter\Service\ChatterService.cs:310)
日 志 内 容:  当前在线人数:2
 

日 志 时 间:  2013-01-29 13:06:13,981 
日 志 级 别:  INFO
日 志 来 源:  Chatter.Service.ChatterService.Logoff(f:\code\myRepo\Chatter\Service\ChatterService.cs:137)
日 志 内 容:  用户776041668 eva退出
 

日 志 时 间:  2013-01-29 13:06:13,982 
日 志 级 别:  INFO
日 志 来 源:  Chatter.Service.ChatterService.PrintOnLineNumber(f:\code\myRepo\Chatter\Service\ChatterService.cs:310)
日 志 内 容:  当前在线人数:1
 

日 志 时 间:  2013-01-29 13:06:21,893 
日 志 级 别:  INFO
日 志 来 源:  Chatter.Service.ChatterService.Logoff(f:\code\myRepo\Chatter\Service\ChatterService.cs:137)
日 志 内 容:  用户776041669 walle退出
 

日 志 时 间:  2013-01-29 13:06:21,894 
日 志 级 别:  INFO
日 志 来 源:  Chatter.Service.ChatterService.PrintOnLineNumber(f:\code\myRepo\Chatter\Service\ChatterService.cs:310)
日 志 内 容:  当前在线人数:0
 

日 志 时 间:  2013-01-29 13:06:48,469 
日 志 级 别:  INFO
日 志 来 源:  Chatter.Service.ChatterService.Login(f:\code\myRepo\Chatter\Service\ChatterService.cs:70)
日 志 内 容:  用户776041669 登录
 

日 志 时 间:  2013-01-29 13:06:48,472 
日 志 级 别:  INFO
日 志 来 源:  Chatter.Service.ChatterService.PrintOnLineNumber(f:\code\myRepo\Chatter\Service\ChatterService.cs:310)
日 志 内 容:  当前在线人数:1
 

日 志 时 间:  2013-01-29 13:07:12,129 
日 志 级 别:  INFO
日 志 来 源:  Chatter.Service.ChatterService.Login(f:\code\myRepo\Chatter\Service\ChatterService.cs:70)
日 志 内 容:  用户776041668 登录
 

日 志 时 间:  2013-01-29 13:07:12,130 
日 志 级 别:  INFO
日 志 来 源:  Chatter.Service.ChatterService.PrintOnLineNumber(f:\code\myRepo\Chatter\Service\ChatterService.cs:310)
日 志 内 容:  当前在线人数:2
 

日 志 时 间:  2013-01-29 13:09:28,432 
日 志 级 别:  INFO
日 志 来 源:  Chatter.Service.ChatterService.Logoff(f:\code\myRepo\Chatter\Service\ChatterService.cs:137)
日 志 内 容:  用户776041668 eva退出
 

日 志 时 间:  2013-01-29 13:09:30,466 
日 志 级 别:  INFO
日 志 来 源:  Chatter.Service.ChatterService.PrintOnLineNumber(f:\code\myRepo\Chatter\Service\ChatterService.cs:310)
日 志 内 容:  当前在线人数:1
 

日 志 时 间:  2013-01-29 13:09:53,370 
日 志 级 别:  INFO
日 志 来 源:  Chatter.Service.ChatterService.Logoff(f:\code\myRepo\Chatter\Service\ChatterService.cs:137)
日 志 内 容:  用户776041669 walle退出
 

日 志 时 间:  2013-01-29 13:09:53,371 
日 志 级 别:  INFO
日 志 来 源:  Chatter.Service.ChatterService.PrintOnLineNumber(f:\code\myRepo\Chatter\Service\ChatterService.cs:310)
日 志 内 容:  当前在线人数:0
 

日 志 时 间:  2013-01-29 13:11:22,536 
日 志 级 别:  INFO
日 志 来 源:  Chatter.Service.ChatterService.Login(f:\code\myRepo\Chatter\Service\ChatterService.cs:70)
日 志 内 容:  用户776041669 登录
 

日 志 时 间:  2013-01-29 13:11:22,538 
日 志 级 别:  INFO
日 志 来 源:  Chatter.Service.ChatterService.PrintOnLineNumber(f:\code\myRepo\Chatter\Service\ChatterService.cs:310)
日 志 内 容:  当前在线人数:1
 

日 志 时 间:  2013-01-29 13:11:32,142 
日 志 级 别:  INFO
日 志 来 源:  Chatter.Service.ChatterService.Login(f:\code\myRepo\Chatter\Service\ChatterService.cs:70)
日 志 内 容:  用户776041668 登录
 

日 志 时 间:  2013-01-29 13:11:32,145 
日 志 级 别:  INFO
日 志 来 源:  Chatter.Service.ChatterService.PrintOnLineNumber(f:\code\myRepo\Chatter\Service\ChatterService.cs:310)
日 志 内 容:  当前在线人数:2
 

日 志 时 间:  2013-01-29 13:13:10,291 
日 志 级 别:  INFO
日 志 来 源:  Chatter.Service.ChatterService.Logoff(f:\code\myRepo\Chatter\Service\ChatterService.cs:137)
日 志 内 容:  用户776041669 walle退出
 

日 志 时 间:  2013-01-29 13:13:10,292 
日 志 级 别:  INFO
日 志 来 源:  Chatter.Service.ChatterService.PrintOnLineNumber(f:\code\myRepo\Chatter\Service\ChatterService.cs:310)
日 志 内 容:  当前在线人数:1
 

日 志 时 间:  2013-01-29 14:08:30,666 
日 志 级 别:  INFO
日 志 来 源:  Chatter.Service.ChatterService.Login(f:\code\myRepo\Chatter\Service\ChatterService.cs:70)
日 志 内 容:  用户776041669 登录
 

日 志 时 间:  2013-01-29 14:08:30,847 
日 志 级 别:  INFO
日 志 来 源:  Chatter.Service.ChatterService.PrintOnLineNumber(f:\code\myRepo\Chatter\Service\ChatterService.cs:310)
日 志 内 容:  当前在线人数:1
 

日 志 时 间:  2013-01-29 14:08:39,197 
日 志 级 别:  INFO
日 志 来 源:  Chatter.Service.ChatterService.Login(f:\code\myRepo\Chatter\Service\ChatterService.cs:70)
日 志 内 容:  用户776041668 登录
 

日 志 时 间:  2013-01-29 14:08:39,200 
日 志 级 别:  INFO
日 志 来 源:  Chatter.Service.ChatterService.PrintOnLineNumber(f:\code\myRepo\Chatter\Service\ChatterService.cs:310)
日 志 内 容:  当前在线人数:2
 

日 志 时 间:  2013-01-29 14:15:34,856 
日 志 级 别:  INFO
日 志 来 源:  Chatter.Service.ChatterService.Logoff(f:\code\myRepo\Chatter\Service\ChatterService.cs:137)
日 志 内 容:  用户776041668 eva退出
 

日 志 时 间:  2013-01-29 14:15:34,858 
日 志 级 别:  INFO
日 志 来 源:  Chatter.Service.ChatterService.PrintOnLineNumber(f:\code\myRepo\Chatter\Service\ChatterService.cs:310)
日 志 内 容:  当前在线人数:1
 

日 志 时 间:  2013-01-29 14:15:38,775 
日 志 级 别:  INFO
日 志 来 源:  Chatter.Service.ChatterService.Logoff(f:\code\myRepo\Chatter\Service\ChatterService.cs:137)
日 志 内 容:  用户776041669 walle退出
 

日 志 时 间:  2013-01-29 14:15:38,776 
日 志 级 别:  INFO
日 志 来 源:  Chatter.Service.ChatterService.PrintOnLineNumber(f:\code\myRepo\Chatter\Service\ChatterService.cs:310)
日 志 内 容:  当前在线人数:0
 

日 志 时 间:  2013-01-29 14:15:48,057 
日 志 级 别:  INFO
日 志 来 源:  Chatter.Service.ChatterService.Login(f:\code\myRepo\Chatter\Service\ChatterService.cs:70)
日 志 内 容:  用户776041669 登录
 

日 志 时 间:  2013-01-29 14:15:50,199 
日 志 级 别:  INFO
日 志 来 源:  Chatter.Service.ChatterService.PrintOnLineNumber(f:\code\myRepo\Chatter\Service\ChatterService.cs:310)
日 志 内 容:  当前在线人数:1
 

日 志 时 间:  2013-01-29 14:16:02,498 
日 志 级 别:  INFO
日 志 来 源:  Chatter.Service.ChatterService.Login(f:\code\myRepo\Chatter\Service\ChatterService.cs:70)
日 志 内 容:  用户776041668 登录
 

日 志 时 间:  2013-01-29 14:16:02,501 
日 志 级 别:  INFO
日 志 来 源:  Chatter.Service.ChatterService.PrintOnLineNumber(f:\code\myRepo\Chatter\Service\ChatterService.cs:310)
日 志 内 容:  当前在线人数:2
 

日 志 时 间:  2013-01-29 14:16:17,543 
日 志 级 别:  ERROR
日 志 来 源:  Chatter.DAL.DALService.IsFriend(f:\code\myRepo\Chatter\DAL\DALService.cs:290)
日 志 内 容:  查询是否为好友的时候出现错误
 MySql.Data.MySqlClient.MySqlException (0x80004005): You have an error in your SQL syntax; check the manual that corresponds to your MySQL server version for the right syntax to use near '%'776041669'%' at line 1
   at MySql.Data.MySqlClient.MySqlStream.ReadPacket()
   at MySql.Data.MySqlClient.NativeDriver.GetResult(Int32& affectedRow, Int64& insertedId)
   at MySql.Data.MySqlClient.Driver.GetResult(Int32 statementId, Int32& affectedRows, Int64& insertedId)
   at MySql.Data.MySqlClient.Driver.NextResult(Int32 statementId, Boolean force)
   at MySql.Data.MySqlClient.MySqlDataReader.NextResult()
   at MySql.Data.MySqlClient.MySqlCommand.ExecuteReader(CommandBehavior behavior)
   at MySql.Data.MySqlClient.MySqlCommand.ExecuteReader()
   at MySql.Data.MySqlClient.MySqlCommand.ExecuteScalar()
   at Chatter.DAL.DALService.IsFriend(String id, String friendId) in f:\code\myRepo\Chatter\DAL\DALService.cs:line 286


日 志 时 间:  2013-01-29 14:17:32,608 
日 志 级 别:  INFO
日 志 来 源:  Chatter.Service.ChatterService.Login(f:\code\myRepo\Chatter\Service\ChatterService.cs:70)
日 志 内 容:  用户776041669 登录
 

日 志 时 间:  2013-01-29 14:17:32,776 
日 志 级 别:  INFO
日 志 来 源:  Chatter.Service.ChatterService.PrintOnLineNumber(f:\code\myRepo\Chatter\Service\ChatterService.cs:310)
日 志 内 容:  当前在线人数:1
 

日 志 时 间:  2013-01-29 14:17:42,840 
日 志 级 别:  INFO
日 志 来 源:  Chatter.Service.ChatterService.Login(f:\code\myRepo\Chatter\Service\ChatterService.cs:70)
日 志 内 容:  用户776041668 登录
 

日 志 时 间:  2013-01-29 14:17:42,842 
日 志 级 别:  ERROR
日 志 来 源:  Chatter.Service.ChatterService.Login(f:\code\myRepo\Chatter\Service\ChatterService.cs:125)
日 志 内 容:  776041668登录时候出现错误
 System.ArgumentException: An item with the same key has already been added.
   at System.ThrowHelper.ThrowArgumentException(ExceptionResource resource)
   at System.Collections.Generic.Dictionary`2.Insert(TKey key, TValue value, Boolean add)
   at System.Collections.Generic.Dictionary`2.Add(TKey key, TValue value)
   at Chatter.Service.ChatterService.GetFriendsList(String id) in f:\code\myRepo\Chatter\Service\ChatterService.cs:line 222
   at Chatter.Service.ChatterService.Login(Member member) in f:\code\myRepo\Chatter\Service\ChatterService.cs:line 85


日 志 时 间:  2013-01-29 14:17:56,586 
日 志 级 别:  INFO
日 志 来 源:  Chatter.Service.ChatterService.Logoff(f:\code\myRepo\Chatter\Service\ChatterService.cs:137)
日 志 内 容:  用户776041669 walle退出
 

日 志 时 间:  2013-01-29 14:17:56,587 
日 志 级 别:  INFO
日 志 来 源:  Chatter.Service.ChatterService.PrintOnLineNumber(f:\code\myRepo\Chatter\Service\ChatterService.cs:310)
日 志 内 容:  当前在线人数:0
 

日 志 时 间:  2013-01-29 14:20:16,979 
日 志 级 别:  INFO
日 志 来 源:  Chatter.Service.ChatterService.Login(f:\code\myRepo\Chatter\Service\ChatterService.cs:70)
日 志 内 容:  用户776041669 登录
 

日 志 时 间:  2013-01-29 14:20:17,157 
日 志 级 别:  INFO
日 志 来 源:  Chatter.Service.ChatterService.PrintOnLineNumber(f:\code\myRepo\Chatter\Service\ChatterService.cs:310)
日 志 内 容:  当前在线人数:1
 

日 志 时 间:  2013-01-29 14:20:23,311 
日 志 级 别:  INFO
日 志 来 源:  Chatter.Service.ChatterService.Login(f:\code\myRepo\Chatter\Service\ChatterService.cs:70)
日 志 内 容:  用户776041668 登录
 

日 志 时 间:  2013-01-29 14:20:23,314 
日 志 级 别:  INFO
日 志 来 源:  Chatter.Service.ChatterService.PrintOnLineNumber(f:\code\myRepo\Chatter\Service\ChatterService.cs:310)
日 志 内 容:  当前在线人数:2
 

日 志 时 间:  2013-01-29 14:21:47,667 
日 志 级 别:  ERROR
日 志 来 源:  Chatter.DAL.DALService.IsFriend(f:\code\myRepo\Chatter\DAL\DALService.cs:290)
日 志 内 容:  查询是否为好友的时候出现错误
 MySql.Data.MySqlClient.MySqlException (0x80004005): You have an error in your SQL syntax; check the manual that corresponds to your MySQL server version for the right syntax to use near '%'776041669'%' at line 1
   at MySql.Data.MySqlClient.MySqlStream.ReadPacket()
   at MySql.Data.MySqlClient.NativeDriver.GetResult(Int32& affectedRow, Int64& insertedId)
   at MySql.Data.MySqlClient.Driver.GetResult(Int32 statementId, Int32& affectedRows, Int64& insertedId)
   at MySql.Data.MySqlClient.Driver.NextResult(Int32 statementId, Boolean force)
   at MySql.Data.MySqlClient.MySqlDataReader.NextResult()
   at MySql.Data.MySqlClient.MySqlCommand.ExecuteReader(CommandBehavior behavior)
   at MySql.Data.MySqlClient.MySqlCommand.ExecuteReader()
   at MySql.Data.MySqlClient.MySqlCommand.ExecuteScalar()
   at Chatter.DAL.DALService.IsFriend(String id, String friendId) in f:\code\myRepo\Chatter\DAL\DALService.cs:line 286


日 志 时 间:  2013-01-29 14:24:29,351 
日 志 级 别:  INFO
日 志 来 源:  Chatter.Service.ChatterService.Login(f:\code\myRepo\Chatter\Service\ChatterService.cs:70)
日 志 内 容:  用户776041669 登录
 

日 志 时 间:  2013-01-29 14:24:29,545 
日 志 级 别:  INFO
日 志 来 源:  Chatter.Service.ChatterService.PrintOnLineNumber(f:\code\myRepo\Chatter\Service\ChatterService.cs:310)
日 志 内 容:  当前在线人数:1
 

日 志 时 间:  2013-01-29 14:24:53,869 
日 志 级 别:  INFO
日 志 来 源:  Chatter.Service.ChatterService.Login(f:\code\myRepo\Chatter\Service\ChatterService.cs:70)
日 志 内 容:  用户776041668 登录
 

日 志 时 间:  2013-01-29 14:24:53,873 
日 志 级 别:  INFO
日 志 来 源:  Chatter.Service.ChatterService.PrintOnLineNumber(f:\code\myRepo\Chatter\Service\ChatterService.cs:310)
日 志 内 容:  当前在线人数:2
 

日 志 时 间:  2013-01-29 14:25:54,954 
日 志 级 别:  INFO
日 志 来 源:  Chatter.Service.ChatterService.Logoff(f:\code\myRepo\Chatter\Service\ChatterService.cs:137)
日 志 内 容:  用户776041669 walle退出
 

日 志 时 间:  2013-01-29 14:25:54,955 
日 志 级 别:  INFO
日 志 来 源:  Chatter.Service.ChatterService.PrintOnLineNumber(f:\code\myRepo\Chatter\Service\ChatterService.cs:310)
日 志 内 容:  当前在线人数:1
 

日 志 时 间:  2013-01-29 14:25:56,286 
日 志 级 别:  INFO
日 志 来 源:  Chatter.Service.ChatterService.Logoff(f:\code\myRepo\Chatter\Service\ChatterService.cs:137)
日 志 内 容:  用户776041668 eva退出
 

日 志 时 间:  2013-01-29 14:25:56,287 
日 志 级 别:  INFO
日 志 来 源:  Chatter.Service.ChatterService.PrintOnLineNumber(f:\code\myRepo\Chatter\Service\ChatterService.cs:310)
日 志 内 容:  当前在线人数:0
 

日 志 时 间:  2013-01-29 14:28:30,496 
日 志 级 别:  INFO
日 志 来 源:  Chatter.Service.ChatterService.Login(f:\code\myRepo\Chatter\Service\ChatterService.cs:70)
日 志 内 容:  用户776041669 登录
 

日 志 时 间:  2013-01-29 14:28:30,671 
日 志 级 别:  INFO
日 志 来 源:  Chatter.Service.ChatterService.PrintOnLineNumber(f:\code\myRepo\Chatter\Service\ChatterService.cs:310)
日 志 内 容:  当前在线人数:1
 

日 志 时 间:  2013-01-29 14:28:41,195 
日 志 级 别:  INFO
日 志 来 源:  Chatter.Service.ChatterService.Login(f:\code\myRepo\Chatter\Service\ChatterService.cs:70)
日 志 内 容:  用户776041668 登录
 

日 志 时 间:  2013-01-29 14:28:41,199 
日 志 级 别:  INFO
日 志 来 源:  Chatter.Service.ChatterService.PrintOnLineNumber(f:\code\myRepo\Chatter\Service\ChatterService.cs:310)
日 志 内 容:  当前在线人数:2
 

日 志 时 间:  2013-01-29 14:28:51,382 
日 志 级 别:  DEBUG
日 志 来 源:  Chatter.DAL.DALService.DeleteFriend(f:\code\myRepo\Chatter\DAL\DALService.cs:423)
日 志 内 容:  删除前776041669;
 

日 志 时 间:  2013-01-29 14:28:51,384 
日 志 级 别:  DEBUG
日 志 来 源:  Chatter.DAL.DALService.DeleteFriend(f:\code\myRepo\Chatter\DAL\DALService.cs:427)
日 志 内 容:  删除后
 

日 志 时 间:  2013-01-29 14:28:54,197 
日 志 级 别:  INFO
日 志 来 源:  Chatter.Service.ChatterService.Logoff(f:\code\myRepo\Chatter\Service\ChatterService.cs:137)
日 志 内 容:  用户776041669 walle退出
 

日 志 时 间:  2013-01-29 14:28:54,198 
日 志 级 别:  INFO
日 志 来 源:  Chatter.Service.ChatterService.PrintOnLineNumber(f:\code\myRepo\Chatter\Service\ChatterService.cs:310)
日 志 内 容:  当前在线人数:1
 

日 志 时 间:  2013-01-29 14:29:20,767 
日 志 级 别:  INFO
日 志 来 源:  Chatter.Service.ChatterService.Login(f:\code\myRepo\Chatter\Service\ChatterService.cs:70)
日 志 内 容:  用户776041668 登录
 

日 志 时 间:  2013-01-29 14:29:20,769 
日 志 级 别:  ERROR
日 志 来 源:  Chatter.Service.ChatterService.Login(f:\code\myRepo\Chatter\Service\ChatterService.cs:125)
日 志 内 容:  776041668登录时候出现错误
 System.ArgumentException: Item has already been added. Key in dictionary: '776041668'  Key being added: '776041668'
   at System.Collections.Hashtable.Insert(Object key, Object nvalue, Boolean add)
   at System.Collections.Hashtable.Add(Object key, Object value)
   at Chatter.Service.ChatterService.Login(Member member) in f:\code\myRepo\Chatter\Service\ChatterService.cs:line 117


日 志 时 间:  2013-01-29 14:30:27,371 
日 志 级 别:  INFO
日 志 来 源:  Chatter.Service.ChatterService.Login(f:\code\myRepo\Chatter\Service\ChatterService.cs:70)
日 志 内 容:  用户776041669 登录
 

日 志 时 间:  2013-01-29 14:30:27,376 
日 志 级 别:  INFO
日 志 来 源:  Chatter.Service.ChatterService.PrintOnLineNumber(f:\code\myRepo\Chatter\Service\ChatterService.cs:310)
日 志 内 容:  当前在线人数:2
 

日 志 时 间:  2013-01-29 14:30:37,543 
日 志 级 别:  INFO
日 志 来 源:  Chatter.Service.ChatterService.Logoff(f:\code\myRepo\Chatter\Service\ChatterService.cs:137)
日 志 内 容:  用户776041669 walle退出
 

日 志 时 间:  2013-01-29 14:30:37,544 
日 志 级 别:  INFO
日 志 来 源:  Chatter.Service.ChatterService.PrintOnLineNumber(f:\code\myRepo\Chatter\Service\ChatterService.cs:310)
日 志 内 容:  当前在线人数:1
 

日 志 时 间:  2013-01-29 14:30:39,531 
日 志 级 别:  INFO
日 志 来 源:  Chatter.Service.ChatterService.Logoff(f:\code\myRepo\Chatter\Service\ChatterService.cs:137)
日 志 内 容:  用户776041668 eva退出
 

日 志 时 间:  2013-01-29 14:30:39,532 
日 志 级 别:  INFO
日 志 来 源:  Chatter.Service.ChatterService.PrintOnLineNumber(f:\code\myRepo\Chatter\Service\ChatterService.cs:310)
日 志 内 容:  当前在线人数:0
 

日 志 时 间:  2013-01-29 14:30:39,533 
日 志 级 别:  ERROR
日 志 来 源:  Chatter.Service.ChatterService.HandleEvent(f:\code\myRepo\Chatter\Service\ChatterService.cs:301)
日 志 内 容:  回调出现问题
 System.ObjectDisposedException: Cannot access a disposed object.
Object name: 'System.ServiceModel.Channels.ServiceChannel'.

Server stack trace: 
   at System.ServiceModel.Channels.CommunicationObject.ThrowIfDisposedOrNotOpen()
   at System.ServiceModel.Channels.ServiceChannel.Call(String action, Boolean oneway, ProxyOperationRuntime operation, Object[] ins, Object[] outs, TimeSpan timeout)
   at System.ServiceModel.Channels.ServiceChannelProxy.InvokeService(IMethodCallMessage methodCall, ProxyOperationRuntime operation)
   at System.ServiceModel.Channels.ServiceChannelProxy.Invoke(IMessage message)

Exception rethrown at [0]: 
   at System.Runtime.Remoting.Proxies.RealProxy.HandleReturnMessage(IMessage reqMsg, IMessage retMsg)
   at System.Runtime.Remoting.Proxies.RealProxy.PrivateInvoke(MessageData& msgData, Int32 type)
   at Chatter.Contract.ServiceContract.IChatterCallback.OnLogoff(String id)
   at Chatter.Service.ChatterService.HandleEvent(Object sender, ChatEventArgs e) in f:\code\myRepo\Chatter\Service\ChatterService.cs:line 293


日 志 时 间:  2013-01-29 14:37:00,296 
日 志 级 别:  INFO
日 志 来 源:  Chatter.Service.ChatterService.Login(f:\code\myRepo\Chatter\Service\ChatterService.cs:70)
日 志 内 容:  用户776041669 登录
 

日 志 时 间:  2013-01-29 14:37:00,465 
日 志 级 别:  INFO
日 志 来 源:  Chatter.Service.ChatterService.PrintOnLineNumber(f:\code\myRepo\Chatter\Service\ChatterService.cs:310)
日 志 内 容:  当前在线人数:1
 

日 志 时 间:  2013-01-29 14:37:08,936 
日 志 级 别:  INFO
日 志 来 源:  Chatter.Service.ChatterService.Login(f:\code\myRepo\Chatter\Service\ChatterService.cs:70)
日 志 内 容:  用户776041668 登录
 

日 志 时 间:  2013-01-29 14:37:08,937 
日 志 级 别:  INFO
日 志 来 源:  Chatter.Service.ChatterService.PrintOnLineNumber(f:\code\myRepo\Chatter\Service\ChatterService.cs:310)
日 志 内 容:  当前在线人数:2
 

日 志 时 间:  2013-01-29 14:37:33,309 
日 志 级 别:  INFO
日 志 来 源:  Chatter.Service.ChatterService.Logoff(f:\code\myRepo\Chatter\Service\ChatterService.cs:137)
日 志 内 容:  用户776041668 eva退出
 

日 志 时 间:  2013-01-29 14:37:33,310 
日 志 级 别:  INFO
日 志 来 源:  Chatter.Service.ChatterService.PrintOnLineNumber(f:\code\myRepo\Chatter\Service\ChatterService.cs:310)
日 志 内 容:  当前在线人数:1
 

日 志 时 间:  2013-01-29 14:37:53,131 
日 志 级 别:  INFO
日 志 来 源:  Chatter.Service.ChatterService.Login(f:\code\myRepo\Chatter\Service\ChatterService.cs:70)
日 志 内 容:  用户776041669 登录
 

日 志 时 间:  2013-01-29 14:37:53,302 
日 志 级 别:  INFO
日 志 来 源:  Chatter.Service.ChatterService.PrintOnLineNumber(f:\code\myRepo\Chatter\Service\ChatterService.cs:310)
日 志 内 容:  当前在线人数:1
 

日 志 时 间:  2013-01-29 14:38:01,941 
日 志 级 别:  INFO
日 志 来 源:  Chatter.Service.ChatterService.Login(f:\code\myRepo\Chatter\Service\ChatterService.cs:70)
日 志 内 容:  用户776041668 登录
 

日 志 时 间:  2013-01-29 14:38:01,942 
日 志 级 别:  INFO
日 志 来 源:  Chatter.Service.ChatterService.PrintOnLineNumber(f:\code\myRepo\Chatter\Service\ChatterService.cs:310)
日 志 内 容:  当前在线人数:2
 

日 志 时 间:  2013-01-29 14:38:18,852 
日 志 级 别:  DEBUG
日 志 来 源:  Chatter.DAL.DALService.DeleteFriend(f:\code\myRepo\Chatter\DAL\DALService.cs:423)
日 志 内 容:  删除前776041668;
 

日 志 时 间:  2013-01-29 14:38:18,855 
日 志 级 别:  DEBUG
日 志 来 源:  Chatter.DAL.DALService.DeleteFriend(f:\code\myRepo\Chatter\DAL\DALService.cs:427)
日 志 内 容:  删除后
 

日 志 时 间:  2013-01-29 14:38:58,821 
日 志 级 别:  INFO
日 志 来 源:  Chatter.Service.ChatterService.Logoff(f:\code\myRepo\Chatter\Service\ChatterService.cs:137)
日 志 内 容:  用户776041668 eva退出
 

日 志 时 间:  2013-01-29 14:38:58,821 
日 志 级 别:  INFO
日 志 来 源:  Chatter.Service.ChatterService.PrintOnLineNumber(f:\code\myRepo\Chatter\Service\ChatterService.cs:310)
日 志 内 容:  当前在线人数:1
 

日 志 时 间:  2013-01-29 14:40:11,259 
日 志 级 别:  INFO
日 志 来 源:  Chatter.Service.ChatterService.Login(f:\code\myRepo\Chatter\Service\ChatterService.cs:70)
日 志 内 容:  用户776041669 登录
 

日 志 时 间:  2013-01-29 14:40:11,439 
日 志 级 别:  INFO
日 志 来 源:  Chatter.Service.ChatterService.PrintOnLineNumber(f:\code\myRepo\Chatter\Service\ChatterService.cs:310)
日 志 内 容:  当前在线人数:1
 

日 志 时 间:  2013-01-29 14:40:29,465 
日 志 级 别:  INFO
日 志 来 源:  Chatter.Service.ChatterService.Login(f:\code\myRepo\Chatter\Service\ChatterService.cs:70)
日 志 内 容:  用户776041668 登录
 

日 志 时 间:  2013-01-29 14:40:29,469 
日 志 级 别:  ERROR
日 志 来 源:  Chatter.DAL.DALService.GetFriendList(f:\code\myRepo\Chatter\DAL\DALService.cs:533)
日 志 内 容:  获取好友列表出现错误

 System.ArgumentOutOfRangeException: Length cannot be less than zero.
Parameter name: length
   at System.String.InternalSubStringWithChecks(Int32 startIndex, Int32 length, Boolean fAlwaysCopy)
   at System.String.Substring(Int32 startIndex, Int32 length)
   at Chatter.DAL.DALService.GetNames(String temp) in f:\code\myRepo\Chatter\DAL\DALService.cs:line 557
   at Chatter.DAL.DALService.GetFriendList(String id) in f:\code\myRepo\Chatter\DAL\DALService.cs:line 500


日 志 时 间:  2013-01-29 14:40:29,494 
日 志 级 别:  ERROR
日 志 来 源:  Chatter.Service.ChatterService.Login(f:\code\myRepo\Chatter\Service\ChatterService.cs:125)
日 志 内 容:  776041668登录时候出现错误
 System.NullReferenceException: Object reference not set to an instance of an object.
   at Chatter.Service.ChatterService.RefreshFriendsList() in f:\code\myRepo\Chatter\Service\ChatterService.cs:line 216
   at Chatter.Service.ChatterService.Login(Member member) in f:\code\myRepo\Chatter\Service\ChatterService.cs:line 85


日 志 时 间:  2013-01-29 14:40:37,447 
日 志 级 别:  INFO
日 志 来 源:  Chatter.Service.ChatterService.Login(f:\code\myRepo\Chatter\Service\ChatterService.cs:70)
日 志 内 容:  用户776041669 登录
 

日 志 时 间:  2013-01-29 14:40:39,476 
日 志 级 别:  ERROR
日 志 来 源:  Chatter.Service.ChatterService.Login(f:\code\myRepo\Chatter\Service\ChatterService.cs:125)
日 志 内 容:  776041669登录时候出现错误
 System.ArgumentException: Item has already been added. Key in dictionary: '776041669'  Key being added: '776041669'
   at System.Collections.Hashtable.Insert(Object key, Object nvalue, Boolean add)
   at System.Collections.Hashtable.Add(Object key, Object value)
   at Chatter.Service.ChatterService.Login(Member member) in f:\code\myRepo\Chatter\Service\ChatterService.cs:line 117


日 志 时 间:  2013-01-29 14:40:48,657 
日 志 级 别:  INFO
日 志 来 源:  Chatter.Service.ChatterService.Login(f:\code\myRepo\Chatter\Service\ChatterService.cs:70)
日 志 内 容:  用户776041668 登录
 

日 志 时 间:  2013-01-29 14:40:48,660 
日 志 级 别:  ERROR
日 志 来 源:  Chatter.DAL.DALService.GetFriendList(f:\code\myRepo\Chatter\DAL\DALService.cs:533)
日 志 内 容:  获取好友列表出现错误

 System.ArgumentOutOfRangeException: Length cannot be less than zero.
Parameter name: length
   at System.String.InternalSubStringWithChecks(Int32 startIndex, Int32 length, Boolean fAlwaysCopy)
   at System.String.Substring(Int32 startIndex, Int32 length)
   at Chatter.DAL.DALService.GetNames(String temp) in f:\code\myRepo\Chatter\DAL\DALService.cs:line 557
   at Chatter.DAL.DALService.GetFriendList(String id) in f:\code\myRepo\Chatter\DAL\DALService.cs:line 500


日 志 时 间:  2013-01-29 14:40:48,661 
日 志 级 别:  ERROR
日 志 来 源:  Chatter.Service.ChatterService.Login(f:\code\myRepo\Chatter\Service\ChatterService.cs:125)
日 志 内 容:  776041668登录时候出现错误
 System.NullReferenceException: Object reference not set to an instance of an object.
   at Chatter.Service.ChatterService.RefreshFriendsList() in f:\code\myRepo\Chatter\Service\ChatterService.cs:line 216
   at Chatter.Service.ChatterService.Login(Member member) in f:\code\myRepo\Chatter\Service\ChatterService.cs:line 85


日 志 时 间:  2013-01-29 14:42:04,774 
日 志 级 别:  INFO
日 志 来 源:  Chatter.Service.ChatterService.Login(f:\code\myRepo\Chatter\Service\ChatterService.cs:70)
日 志 内 容:  用户776041668 登录
 

日 志 时 间:  2013-01-29 14:42:06,572 
日 志 级 别:  INFO
日 志 来 源:  Chatter.Service.ChatterService.PrintOnLineNumber(f:\code\myRepo\Chatter\Service\ChatterService.cs:310)
日 志 内 容:  当前在线人数:2
 

日 志 时 间:  2013-01-29 14:45:28,141 
日 志 级 别:  INFO
日 志 来 源:  Chatter.Service.ChatterService.Login(f:\code\myRepo\Chatter\Service\ChatterService.cs:70)
日 志 内 容:  用户776041668 登录
 

日 志 时 间:  2013-01-29 14:45:28,350 
日 志 级 别:  INFO
日 志 来 源:  Chatter.Service.ChatterService.PrintOnLineNumber(f:\code\myRepo\Chatter\Service\ChatterService.cs:310)
日 志 内 容:  当前在线人数:1
 

日 志 时 间:  2013-01-29 14:45:33,122 
日 志 级 别:  INFO
日 志 来 源:  Chatter.Service.ChatterService.Login(f:\code\myRepo\Chatter\Service\ChatterService.cs:70)
日 志 内 容:  用户776041669 登录
 

日 志 时 间:  2013-01-29 14:45:33,129 
日 志 级 别:  INFO
日 志 来 源:  Chatter.Service.ChatterService.PrintOnLineNumber(f:\code\myRepo\Chatter\Service\ChatterService.cs:310)
日 志 内 容:  当前在线人数:2
 

日 志 时 间:  2013-01-29 14:46:22,148 
日 志 级 别:  INFO
日 志 来 源:  Chatter.Service.ChatterService.Login(f:\code\myRepo\Chatter\Service\ChatterService.cs:70)
日 志 内 容:  用户776041669 登录
 

日 志 时 间:  2013-01-29 14:46:22,350 
日 志 级 别:  INFO
日 志 来 源:  Chatter.Service.ChatterService.PrintOnLineNumber(f:\code\myRepo\Chatter\Service\ChatterService.cs:310)
日 志 内 容:  当前在线人数:1
 

日 志 时 间:  2013-01-29 14:46:33,619 
日 志 级 别:  INFO
日 志 来 源:  Chatter.Service.ChatterService.Login(f:\code\myRepo\Chatter\Service\ChatterService.cs:70)
日 志 内 容:  用户776041668 登录
 

日 志 时 间:  2013-01-29 14:46:33,624 
日 志 级 别:  INFO
日 志 来 源:  Chatter.Service.ChatterService.PrintOnLineNumber(f:\code\myRepo\Chatter\Service\ChatterService.cs:310)
日 志 内 容:  当前在线人数:2
 

日 志 时 间:  2013-01-29 14:48:49,627 
日 志 级 别:  INFO
日 志 来 源:  Chatter.Service.ChatterService.Login(f:\code\myRepo\Chatter\Service\ChatterService.cs:70)
日 志 内 容:  用户776041669 登录
 

日 志 时 间:  2013-01-29 14:48:49,813 
日 志 级 别:  INFO
日 志 来 源:  Chatter.Service.ChatterService.PrintOnLineNumber(f:\code\myRepo\Chatter\Service\ChatterService.cs:310)
日 志 内 容:  当前在线人数:1
 

日 志 时 间:  2013-01-29 14:49:07,123 
日 志 级 别:  INFO
日 志 来 源:  Chatter.Service.ChatterService.Login(f:\code\myRepo\Chatter\Service\ChatterService.cs:70)
日 志 内 容:  用户776041668 登录
 

日 志 时 间:  2013-01-29 14:49:07,127 
日 志 级 别:  INFO
日 志 来 源:  Chatter.Service.ChatterService.PrintOnLineNumber(f:\code\myRepo\Chatter\Service\ChatterService.cs:310)
日 志 内 容:  当前在线人数:2
 

日 志 时 间:  2013-01-29 14:49:55,440 
日 志 级 别:  DEBUG
日 志 来 源:  Chatter.DAL.DALService.DeleteFriend(f:\code\myRepo\Chatter\DAL\DALService.cs:423)
日 志 内 容:  删除前776041669;
 

日 志 时 间:  2013-01-29 14:49:55,444 
日 志 级 别:  DEBUG
日 志 来 源:  Chatter.DAL.DALService.DeleteFriend(f:\code\myRepo\Chatter\DAL\DALService.cs:427)
日 志 内 容:  删除后
 

日 志 时 间:  2013-01-29 14:49:58,723 
日 志 级 别:  DEBUG
日 志 来 源:  Chatter.DAL.DALService.DeleteFriend(f:\code\myRepo\Chatter\DAL\DALService.cs:423)
日 志 内 容:  删除前776041668;
 

日 志 时 间:  2013-01-29 14:49:58,725 
日 志 级 别:  DEBUG
日 志 来 源:  Chatter.DAL.DALService.DeleteFriend(f:\code\myRepo\Chatter\DAL\DALService.cs:427)
日 志 内 容:  删除后
 

日 志 时 间:  2013-01-29 14:50:17,014 
日 志 级 别:  DEBUG
日 志 来 源:  Chatter.DAL.DALService.DeleteFriend(f:\code\myRepo\Chatter\DAL\DALService.cs:423)
日 志 内 容:  删除前776041669;
 

日 志 时 间:  2013-01-29 14:50:17,015 
日 志 级 别:  DEBUG
日 志 来 源:  Chatter.DAL.DALService.DeleteFriend(f:\code\myRepo\Chatter\DAL\DALService.cs:427)
日 志 内 容:  删除后
 

日 志 时 间:  2013-01-29 14:51:10,267 
日 志 级 别:  DEBUG
日 志 来 源:  Chatter.DAL.DALService.DeleteFriend(f:\code\myRepo\Chatter\DAL\DALService.cs:423)
日 志 内 容:  删除前776041668;
 

日 志 时 间:  2013-01-29 14:51:10,268 
日 志 级 别:  DEBUG
日 志 来 源:  Chatter.DAL.DALService.DeleteFriend(f:\code\myRepo\Chatter\DAL\DALService.cs:427)
日 志 内 容:  删除后
 

日 志 时 间:  2013-01-29 14:51:18,318 
日 志 级 别:  DEBUG
日 志 来 源:  Chatter.DAL.DALService.DeleteFriend(f:\code\myRepo\Chatter\DAL\DALService.cs:423)
日 志 内 容:  删除前776041669;
 

日 志 时 间:  2013-01-29 14:51:18,319 
日 志 级 别:  DEBUG
日 志 来 源:  Chatter.DAL.DALService.DeleteFriend(f:\code\myRepo\Chatter\DAL\DALService.cs:427)
日 志 内 容:  删除后
 

日 志 时 间:  2013-01-29 14:51:48,527 
日 志 级 别:  DEBUG
日 志 来 源:  Chatter.DAL.DALService.DeleteFriend(f:\code\myRepo\Chatter\DAL\DALService.cs:423)
日 志 内 容:  删除前776041669;
 

日 志 时 间:  2013-01-29 14:51:48,528 
日 志 级 别:  DEBUG
日 志 来 源:  Chatter.DAL.DALService.DeleteFriend(f:\code\myRepo\Chatter\DAL\DALService.cs:427)
日 志 内 容:  删除后
 

日 志 时 间:  2013-01-29 14:51:51,637 
日 志 级 别:  DEBUG
日 志 来 源:  Chatter.DAL.DALService.DeleteFriend(f:\code\myRepo\Chatter\DAL\DALService.cs:423)
日 志 内 容:  删除前776041668;
 

日 志 时 间:  2013-01-29 14:51:51,638 
日 志 级 别:  DEBUG
日 志 来 源:  Chatter.DAL.DALService.DeleteFriend(f:\code\myRepo\Chatter\DAL\DALService.cs:427)
日 志 内 容:  删除后
 

日 志 时 间:  2013-01-29 14:52:07,799 
日 志 级 别:  INFO
日 志 来 源:  Chatter.Service.ChatterService.Logoff(f:\code\myRepo\Chatter\Service\ChatterService.cs:137)
日 志 内 容:  用户776041669 walle退出
 

日 志 时 间:  2013-01-29 14:52:07,799 
日 志 级 别:  INFO
日 志 来 源:  Chatter.Service.ChatterService.PrintOnLineNumber(f:\code\myRepo\Chatter\Service\ChatterService.cs:310)
日 志 内 容:  当前在线人数:1
 

日 志 时 间:  2013-01-29 14:52:09,273 
日 志 级 别:  INFO
日 志 来 源:  Chatter.Service.ChatterService.Logoff(f:\code\myRepo\Chatter\Service\ChatterService.cs:137)
日 志 内 容:  用户776041668 eva退出
 

日 志 时 间:  2013-01-29 14:52:09,273 
日 志 级 别:  INFO
日 志 来 源:  Chatter.Service.ChatterService.PrintOnLineNumber(f:\code\myRepo\Chatter\Service\ChatterService.cs:310)
日 志 内 容:  当前在线人数:0
 

日 志 时 间:  2013-01-29 14:56:39,892 
日 志 级 别:  INFO
日 志 来 源:  Chatter.Service.ChatterService.Login(f:\code\myRepo\Chatter\Service\ChatterService.cs:70)
日 志 内 容:  用户776041669 登录
 

日 志 时 间:  2013-01-29 14:56:40,077 
日 志 级 别:  INFO
日 志 来 源:  Chatter.Service.ChatterService.PrintOnLineNumber(f:\code\myRepo\Chatter\Service\ChatterService.cs:310)
日 志 内 容:  当前在线人数:1
 

日 志 时 间:  2013-01-29 14:56:47,711 
日 志 级 别:  INFO
日 志 来 源:  Chatter.Service.ChatterService.Login(f:\code\myRepo\Chatter\Service\ChatterService.cs:70)
日 志 内 容:  用户776041668 登录
 

日 志 时 间:  2013-01-29 14:56:47,714 
日 志 级 别:  INFO
日 志 来 源:  Chatter.Service.ChatterService.PrintOnLineNumber(f:\code\myRepo\Chatter\Service\ChatterService.cs:310)
日 志 内 容:  当前在线人数:2
 

日 志 时 间:  2013-01-29 14:57:13,287 
日 志 级 别:  INFO
日 志 来 源:  Chatter.Service.ChatterService.Logoff(f:\code\myRepo\Chatter\Service\ChatterService.cs:137)
日 志 内 容:  用户776041669 walle退出
 

日 志 时 间:  2013-01-29 14:57:13,288 
日 志 级 别:  INFO
日 志 来 源:  Chatter.Service.ChatterService.PrintOnLineNumber(f:\code\myRepo\Chatter\Service\ChatterService.cs:310)
日 志 内 容:  当前在线人数:1
 

日 志 时 间:  2013-01-29 15:01:08,949 
日 志 级 别:  INFO
日 志 来 源:  Chatter.Service.ChatterService.Logoff(f:\code\myRepo\Chatter\Service\ChatterService.cs:137)
日 志 内 容:  用户776041668 eva退出
 

日 志 时 间:  2013-01-29 15:01:08,949 
日 志 级 别:  INFO
日 志 来 源:  Chatter.Service.ChatterService.PrintOnLineNumber(f:\code\myRepo\Chatter\Service\ChatterService.cs:310)
日 志 内 容:  当前在线人数:0
 

日 志 时 间:  2013-01-29 15:01:22,468 
日 志 级 别:  INFO
日 志 来 源:  Chatter.Service.ChatterService.Login(f:\code\myRepo\Chatter\Service\ChatterService.cs:70)
日 志 内 容:  用户776041668 登录
 

日 志 时 间:  2013-01-29 15:01:22,638 
日 志 级 别:  INFO
日 志 来 源:  Chatter.Service.ChatterService.PrintOnLineNumber(f:\code\myRepo\Chatter\Service\ChatterService.cs:310)
日 志 内 容:  当前在线人数:1
 

日 志 时 间:  2013-01-29 15:01:28,465 
日 志 级 别:  INFO
日 志 来 源:  Chatter.Service.ChatterService.Login(f:\code\myRepo\Chatter\Service\ChatterService.cs:70)
日 志 内 容:  用户776041669 登录
 

日 志 时 间:  2013-01-29 15:01:28,468 
日 志 级 别:  INFO
日 志 来 源:  Chatter.Service.ChatterService.PrintOnLineNumber(f:\code\myRepo\Chatter\Service\ChatterService.cs:310)
日 志 内 容:  当前在线人数:2
 

日 志 时 间:  2013-01-29 15:02:03,109 
日 志 级 别:  DEBUG
日 志 来 源:  Chatter.DAL.DALService.DeleteFriend(f:\code\myRepo\Chatter\DAL\DALService.cs:423)
日 志 内 容:  删除前776041668;
 

日 志 时 间:  2013-01-29 15:02:03,112 
日 志 级 别:  DEBUG
日 志 来 源:  Chatter.DAL.DALService.DeleteFriend(f:\code\myRepo\Chatter\DAL\DALService.cs:427)
日 志 内 容:  删除后
 

日 志 时 间:  2013-01-29 15:02:59,862 
日 志 级 别:  DEBUG
日 志 来 源:  Chatter.DAL.DALService.DeleteFriend(f:\code\myRepo\Chatter\DAL\DALService.cs:423)
日 志 内 容:  删除前776041669;
 

日 志 时 间:  2013-01-29 15:02:59,864 
日 志 级 别:  DEBUG
日 志 来 源:  Chatter.DAL.DALService.DeleteFriend(f:\code\myRepo\Chatter\DAL\DALService.cs:427)
日 志 内 容:  删除后
 

日 志 时 间:  2013-01-29 15:03:11,204 
日 志 级 别:  DEBUG
日 志 来 源:  Chatter.DAL.DALService.DeleteFriend(f:\code\myRepo\Chatter\DAL\DALService.cs:423)
日 志 内 容:  删除前776041668;
 

日 志 时 间:  2013-01-29 15:03:11,204 
日 志 级 别:  DEBUG
日 志 来 源:  Chatter.DAL.DALService.DeleteFriend(f:\code\myRepo\Chatter\DAL\DALService.cs:427)
日 志 内 容:  删除后
 

日 志 时 间:  2013-01-29 15:03:22,671 
日 志 级 别:  DEBUG
日 志 来 源:  Chatter.DAL.DALService.DeleteFriend(f:\code\myRepo\Chatter\DAL\DALService.cs:423)
日 志 内 容:  删除前776041668;
 

日 志 时 间:  2013-01-29 15:03:22,671 
日 志 级 别:  DEBUG
日 志 来 源:  Chatter.DAL.DALService.DeleteFriend(f:\code\myRepo\Chatter\DAL\DALService.cs:427)
日 志 内 容:  删除后
 

日 志 时 间:  2013-01-29 15:03:24,817 
日 志 级 别:  DEBUG
日 志 来 源:  Chatter.DAL.DALService.DeleteFriend(f:\code\myRepo\Chatter\DAL\DALService.cs:423)
日 志 内 容:  删除前776041669;
 

日 志 时 间:  2013-01-29 15:03:24,817 
日 志 级 别:  DEBUG
日 志 来 源:  Chatter.DAL.DALService.DeleteFriend(f:\code\myRepo\Chatter\DAL\DALService.cs:427)
日 志 内 容:  删除后
 

日 志 时 间:  2013-01-29 15:04:08,723 
日 志 级 别:  INFO
日 志 来 源:  Chatter.Service.ChatterService.Logoff(f:\code\myRepo\Chatter\Service\ChatterService.cs:137)
日 志 内 容:  用户776041669 walle退出
 

日 志 时 间:  2013-01-29 15:04:24,727 
日 志 级 别:  INFO
日 志 来 源:  Chatter.Service.ChatterService.Logoff(f:\code\myRepo\Chatter\Service\ChatterService.cs:137)
日 志 内 容:  用户776041668 eva退出
 

日 志 时 间:  2013-01-29 15:04:29,591 
日 志 级 别:  INFO
日 志 来 源:  Chatter.Service.ChatterService.PrintOnLineNumber(f:\code\myRepo\Chatter\Service\ChatterService.cs:310)
日 志 内 容:  当前在线人数:0
 

日 志 时 间:  2013-01-29 15:04:29,592 
日 志 级 别:  INFO
日 志 来 源:  Chatter.Service.ChatterService.PrintOnLineNumber(f:\code\myRepo\Chatter\Service\ChatterService.cs:310)
日 志 内 容:  当前在线人数:0
 

日 志 时 间:  2013-01-29 15:05:39,807 
日 志 级 别:  INFO
日 志 来 源:  Chatter.Service.ChatterService.Login(f:\code\myRepo\Chatter\Service\ChatterService.cs:70)
日 志 内 容:  用户776041669 登录
 

日 志 时 间:  2013-01-29 15:05:39,810 
日 志 级 别:  INFO
日 志 来 源:  Chatter.Service.ChatterService.PrintOnLineNumber(f:\code\myRepo\Chatter\Service\ChatterService.cs:310)
日 志 内 容:  当前在线人数:1
 

日 志 时 间:  2013-01-29 15:05:49,037 
日 志 级 别:  INFO
日 志 来 源:  Chatter.Service.ChatterService.Login(f:\code\myRepo\Chatter\Service\ChatterService.cs:70)
日 志 内 容:  用户776041668 登录
 

日 志 时 间:  2013-01-29 15:05:49,040 
日 志 级 别:  INFO
日 志 来 源:  Chatter.Service.ChatterService.PrintOnLineNumber(f:\code\myRepo\Chatter\Service\ChatterService.cs:310)
日 志 内 容:  当前在线人数:2
 

日 志 时 间:  2013-01-29 15:05:57,317 
日 志 级 别:  DEBUG
日 志 来 源:  Chatter.DAL.DALService.DeleteFriend(f:\code\myRepo\Chatter\DAL\DALService.cs:423)
日 志 内 容:  删除前776041668;
 

日 志 时 间:  2013-01-29 15:05:57,318 
日 志 级 别:  DEBUG
日 志 来 源:  Chatter.DAL.DALService.DeleteFriend(f:\code\myRepo\Chatter\DAL\DALService.cs:427)
日 志 内 容:  删除后
 

日 志 时 间:  2013-01-29 15:06:10,642 
日 志 级 别:  INFO
日 志 来 源:  Chatter.Service.ChatterService.Logoff(f:\code\myRepo\Chatter\Service\ChatterService.cs:137)
日 志 内 容:  用户776041669 walle退出
 

日 志 时 间:  2013-01-29 15:06:10,642 
日 志 级 别:  INFO
日 志 来 源:  Chatter.Service.ChatterService.PrintOnLineNumber(f:\code\myRepo\Chatter\Service\ChatterService.cs:310)
日 志 内 容:  当前在线人数:1
 

日 志 时 间:  2013-01-29 15:06:20,413 
日 志 级 别:  INFO
日 志 来 源:  Chatter.Service.ChatterService.Login(f:\code\myRepo\Chatter\Service\ChatterService.cs:70)
日 志 内 容:  用户776041669 登录
 

日 志 时 间:  2013-01-29 15:06:20,416 
日 志 级 别:  INFO
日 志 来 源:  Chatter.Service.ChatterService.PrintOnLineNumber(f:\code\myRepo\Chatter\Service\ChatterService.cs:310)
日 志 内 容:  当前在线人数:2
 

日 志 时 间:  2013-01-29 15:06:28,156 
日 志 级 别:  DEBUG
日 志 来 源:  Chatter.DAL.DALService.DeleteFriend(f:\code\myRepo\Chatter\DAL\DALService.cs:423)
日 志 内 容:  删除前776041668;
 

日 志 时 间:  2013-01-29 15:06:28,157 
日 志 级 别:  DEBUG
日 志 来 源:  Chatter.DAL.DALService.DeleteFriend(f:\code\myRepo\Chatter\DAL\DALService.cs:427)
日 志 内 容:  删除后
 

日 志 时 间:  2013-01-29 15:06:30,789 
日 志 级 别:  DEBUG
日 志 来 源:  Chatter.DAL.DALService.DeleteFriend(f:\code\myRepo\Chatter\DAL\DALService.cs:423)
日 志 内 容:  删除前776041669;
 

日 志 时 间:  2013-01-29 15:06:30,790 
日 志 级 别:  DEBUG
日 志 来 源:  Chatter.DAL.DALService.DeleteFriend(f:\code\myRepo\Chatter\DAL\DALService.cs:427)
日 志 内 容:  删除后
 

日 志 时 间:  2013-01-29 15:06:44,911 
日 志 级 别:  INFO
日 志 来 源:  Chatter.Service.ChatterService.Logoff(f:\code\myRepo\Chatter\Service\ChatterService.cs:137)
日 志 内 容:  用户776041669 walle退出
 

日 志 时 间:  2013-01-29 15:06:44,912 
日 志 级 别:  INFO
日 志 来 源:  Chatter.Service.ChatterService.PrintOnLineNumber(f:\code\myRepo\Chatter\Service\ChatterService.cs:310)
日 志 内 容:  当前在线人数:1
 

日 志 时 间:  2013-01-29 15:06:58,794 
日 志 级 别:  INFO
日 志 来 源:  Chatter.Service.ChatterService.Login(f:\code\myRepo\Chatter\Service\ChatterService.cs:70)
日 志 内 容:  用户776041668 登录
 

日 志 时 间:  2013-01-29 15:06:58,798 
日 志 级 别:  ERROR
日 志 来 源:  Chatter.Service.ChatterService.Login(f:\code\myRepo\Chatter\Service\ChatterService.cs:125)
日 志 内 容:  776041668登录时候出现错误
 System.ArgumentException: Item has already been added. Key in dictionary: '776041668'  Key being added: '776041668'
   at System.Collections.Hashtable.Insert(Object key, Object nvalue, Boolean add)
   at System.Collections.Hashtable.Add(Object key, Object value)
   at Chatter.Service.ChatterService.Login(Member member) in f:\code\myRepo\Chatter\Service\ChatterService.cs:line 117


日 志 时 间:  2013-01-29 15:07:02,354 
日 志 级 别:  INFO
日 志 来 源:  Chatter.Service.ChatterService.Login(f:\code\myRepo\Chatter\Service\ChatterService.cs:70)
日 志 内 容:  用户776041669 登录
 

日 志 时 间:  2013-01-29 15:07:02,358 
日 志 级 别:  INFO
日 志 来 源:  Chatter.Service.ChatterService.PrintOnLineNumber(f:\code\myRepo\Chatter\Service\ChatterService.cs:310)
日 志 内 容:  当前在线人数:2
 

日 志 时 间:  2013-01-29 15:07:10,601 
日 志 级 别:  DEBUG
日 志 来 源:  Chatter.DAL.DALService.DeleteFriend(f:\code\myRepo\Chatter\DAL\DALService.cs:423)
日 志 内 容:  删除前776041669;
 

日 志 时 间:  2013-01-29 15:07:10,602 
日 志 级 别:  DEBUG
日 志 来 源:  Chatter.DAL.DALService.DeleteFriend(f:\code\myRepo\Chatter\DAL\DALService.cs:427)
日 志 内 容:  删除后
 

日 志 时 间:  2013-01-29 15:07:15,027 
日 志 级 别:  INFO
日 志 来 源:  Chatter.Service.ChatterService.Logoff(f:\code\myRepo\Chatter\Service\ChatterService.cs:137)
日 志 内 容:  用户776041668 eva退出
 

日 志 时 间:  2013-01-29 15:07:15,028 
日 志 级 别:  INFO
日 志 来 源:  Chatter.Service.ChatterService.PrintOnLineNumber(f:\code\myRepo\Chatter\Service\ChatterService.cs:310)
日 志 内 容:  当前在线人数:1
 

日 志 时 间:  2013-01-29 15:07:37,875 
日 志 级 别:  INFO
日 志 来 源:  Chatter.Service.ChatterService.Login(f:\code\myRepo\Chatter\Service\ChatterService.cs:70)
日 志 内 容:  用户776041668 登录
 

日 志 时 间:  2013-01-29 15:07:37,878 
日 志 级 别:  INFO
日 志 来 源:  Chatter.Service.ChatterService.PrintOnLineNumber(f:\code\myRepo\Chatter\Service\ChatterService.cs:310)
日 志 内 容:  当前在线人数:2
 

日 志 时 间:  2013-01-29 15:07:58,779 
日 志 级 别:  INFO
日 志 来 源:  Chatter.Service.ChatterService.Logoff(f:\code\myRepo\Chatter\Service\ChatterService.cs:137)
日 志 内 容:  用户776041668 eva退出
 

日 志 时 间:  2013-01-29 15:07:58,780 
日 志 级 别:  INFO
日 志 来 源:  Chatter.Service.ChatterService.PrintOnLineNumber(f:\code\myRepo\Chatter\Service\ChatterService.cs:310)
日 志 内 容:  当前在线人数:1
 

日 志 时 间:  2013-01-29 15:07:59,887 
日 志 级 别:  INFO
日 志 来 源:  Chatter.Service.ChatterService.Logoff(f:\code\myRepo\Chatter\Service\ChatterService.cs:137)
日 志 内 容:  用户776041669 walle退出
 

日 志 时 间:  2013-01-29 15:07:59,888 
日 志 级 别:  INFO
日 志 来 源:  Chatter.Service.ChatterService.PrintOnLineNumber(f:\code\myRepo\Chatter\Service\ChatterService.cs:310)
日 志 内 容:  当前在线人数:0
 

日 志 时 间:  2013-01-29 15:09:26,658 
日 志 级 别:  INFO
日 志 来 源:  Chatter.Service.ChatterService.Login(f:\code\myRepo\Chatter\Service\ChatterService.cs:70)
日 志 内 容:  用户776041668 登录
 

日 志 时 间:  2013-01-29 15:09:26,660 
日 志 级 别:  INFO
日 志 来 源:  Chatter.Service.ChatterService.PrintOnLineNumber(f:\code\myRepo\Chatter\Service\ChatterService.cs:310)
日 志 内 容:  当前在线人数:1
 

日 志 时 间:  2013-01-29 15:09:39,644 
日 志 级 别:  INFO
日 志 来 源:  Chatter.Service.ChatterService.Login(f:\code\myRepo\Chatter\Service\ChatterService.cs:70)
日 志 内 容:  用户776041669 登录
 

日 志 时 间:  2013-01-29 15:09:39,646 
日 志 级 别:  INFO
日 志 来 源:  Chatter.Service.ChatterService.PrintOnLineNumber(f:\code\myRepo\Chatter\Service\ChatterService.cs:310)
日 志 内 容:  当前在线人数:2
 

日 志 时 间:  2013-01-29 15:09:44,608 
日 志 级 别:  DEBUG
日 志 来 源:  Chatter.DAL.DALService.DeleteFriend(f:\code\myRepo\Chatter\DAL\DALService.cs:423)
日 志 内 容:  删除前776041669;
 

日 志 时 间:  2013-01-29 15:09:44,609 
日 志 级 别:  DEBUG
日 志 来 源:  Chatter.DAL.DALService.DeleteFriend(f:\code\myRepo\Chatter\DAL\DALService.cs:427)
日 志 内 容:  删除后
 

日 志 时 间:  2013-01-29 15:09:51,275 
日 志 级 别:  INFO
日 志 来 源:  Chatter.Service.ChatterService.Logoff(f:\code\myRepo\Chatter\Service\ChatterService.cs:137)
日 志 内 容:  用户776041669 walle退出
 

日 志 时 间:  2013-01-29 15:09:51,275 
日 志 级 别:  INFO
日 志 来 源:  Chatter.Service.ChatterService.PrintOnLineNumber(f:\code\myRepo\Chatter\Service\ChatterService.cs:310)
日 志 内 容:  当前在线人数:1
 

日 志 时 间:  2013-01-29 15:09:53,889 
日 志 级 别:  INFO
日 志 来 源:  Chatter.Service.ChatterService.Logoff(f:\code\myRepo\Chatter\Service\ChatterService.cs:137)
日 志 内 容:  用户776041668 eva退出
 

日 志 时 间:  2013-01-29 15:09:53,889 
日 志 级 别:  INFO
日 志 来 源:  Chatter.Service.ChatterService.PrintOnLineNumber(f:\code\myRepo\Chatter\Service\ChatterService.cs:310)
日 志 内 容:  当前在线人数:0
 

日 志 时 间:  2013-01-29 15:09:53,890 
日 志 级 别:  ERROR
日 志 来 源:  Chatter.Service.ChatterService.HandleEvent(f:\code\myRepo\Chatter\Service\ChatterService.cs:301)
日 志 内 容:  回调出现问题
 System.ObjectDisposedException: Cannot access a disposed object.
Object name: 'System.ServiceModel.Channels.ServiceChannel'.

Server stack trace: 
   at System.ServiceModel.Channels.CommunicationObject.ThrowIfDisposedOrNotOpen()
   at System.ServiceModel.Channels.ServiceChannel.Call(String action, Boolean oneway, ProxyOperationRuntime operation, Object[] ins, Object[] outs, TimeSpan timeout)
   at System.ServiceModel.Channels.ServiceChannelProxy.InvokeService(IMethodCallMessage methodCall, ProxyOperationRuntime operation)
   at System.ServiceModel.Channels.ServiceChannelProxy.Invoke(IMessage message)

Exception rethrown at [0]: 
   at System.Runtime.Remoting.Proxies.RealProxy.HandleReturnMessage(IMessage reqMsg, IMessage retMsg)
   at System.Runtime.Remoting.Proxies.RealProxy.PrivateInvoke(MessageData& msgData, Int32 type)
   at Chatter.Contract.ServiceContract.IChatterCallback.OnLogoff(String id)
   at Chatter.Service.ChatterService.HandleEvent(Object sender, ChatEventArgs e) in f:\code\myRepo\Chatter\Service\ChatterService.cs:line 293


日 志 时 间:  2013-01-29 15:09:59,530 
日 志 级 别:  INFO
日 志 来 源:  Chatter.Service.ChatterService.Login(f:\code\myRepo\Chatter\Service\ChatterService.cs:70)
日 志 内 容:  用户776041669 登录
 

日 志 时 间:  2013-01-29 15:09:59,537 
日 志 级 别:  INFO
日 志 来 源:  Chatter.Service.ChatterService.PrintOnLineNumber(f:\code\myRepo\Chatter\Service\ChatterService.cs:310)
日 志 内 容:  当前在线人数:1
 

日 志 时 间:  2013-01-29 15:10:01,626 
日 志 级 别:  INFO
日 志 来 源:  Chatter.Service.ChatterService.Logoff(f:\code\myRepo\Chatter\Service\ChatterService.cs:137)
日 志 内 容:  用户776041669 walle退出
 

日 志 时 间:  2013-01-29 15:10:01,627 
日 志 级 别:  INFO
日 志 来 源:  Chatter.Service.ChatterService.PrintOnLineNumber(f:\code\myRepo\Chatter\Service\ChatterService.cs:310)
日 志 内 容:  当前在线人数:0
 

日 志 时 间:  2013-01-29 15:10:06,991 
日 志 级 别:  INFO
日 志 来 源:  Chatter.Service.ChatterService.Login(f:\code\myRepo\Chatter\Service\ChatterService.cs:70)
日 志 内 容:  用户776041669 登录
 

日 志 时 间:  2013-01-29 15:10:06,995 
日 志 级 别:  INFO
日 志 来 源:  Chatter.Service.ChatterService.PrintOnLineNumber(f:\code\myRepo\Chatter\Service\ChatterService.cs:310)
日 志 内 容:  当前在线人数:1
 

日 志 时 间:  2013-01-29 15:10:14,129 
日 志 级 别:  INFO
日 志 来 源:  Chatter.Service.ChatterService.Login(f:\code\myRepo\Chatter\Service\ChatterService.cs:70)
日 志 内 容:  用户776041668 登录
 

日 志 时 间:  2013-01-29 15:10:14,132 
日 志 级 别:  INFO
日 志 来 源:  Chatter.Service.ChatterService.PrintOnLineNumber(f:\code\myRepo\Chatter\Service\ChatterService.cs:310)
日 志 内 容:  当前在线人数:2
 

日 志 时 间:  2013-01-29 15:10:33,220 
日 志 级 别:  INFO
日 志 来 源:  Chatter.Service.ChatterService.Logoff(f:\code\myRepo\Chatter\Service\ChatterService.cs:137)
日 志 内 容:  用户776041668 eva退出
 

日 志 时 间:  2013-01-29 15:10:33,220 
日 志 级 别:  INFO
日 志 来 源:  Chatter.Service.ChatterService.PrintOnLineNumber(f:\code\myRepo\Chatter\Service\ChatterService.cs:310)
日 志 内 容:  当前在线人数:1
 

日 志 时 间:  2013-01-29 15:10:34,384 
日 志 级 别:  INFO
日 志 来 源:  Chatter.Service.ChatterService.Logoff(f:\code\myRepo\Chatter\Service\ChatterService.cs:137)
日 志 内 容:  用户776041669 walle退出
 

日 志 时 间:  2013-01-29 15:10:34,385 
日 志 级 别:  INFO
日 志 来 源:  Chatter.Service.ChatterService.PrintOnLineNumber(f:\code\myRepo\Chatter\Service\ChatterService.cs:310)
日 志 内 容:  当前在线人数:0
 

日 志 时 间:  2013-01-29 15:10:47,073 
日 志 级 别:  INFO
日 志 来 源:  Chatter.Service.ChatterService.Login(f:\code\myRepo\Chatter\Service\ChatterService.cs:70)
日 志 内 容:  用户776041669 登录
 

日 志 时 间:  2013-01-29 15:10:47,076 
日 志 级 别:  INFO
日 志 来 源:  Chatter.Service.ChatterService.PrintOnLineNumber(f:\code\myRepo\Chatter\Service\ChatterService.cs:310)
日 志 内 容:  当前在线人数:1
 

日 志 时 间:  2013-01-29 15:10:56,091 
日 志 级 别:  INFO
日 志 来 源:  Chatter.Service.ChatterService.Login(f:\code\myRepo\Chatter\Service\ChatterService.cs:70)
日 志 内 容:  用户776041668 登录
 

日 志 时 间:  2013-01-29 15:10:56,095 
日 志 级 别:  INFO
日 志 来 源:  Chatter.Service.ChatterService.PrintOnLineNumber(f:\code\myRepo\Chatter\Service\ChatterService.cs:310)
日 志 内 容:  当前在线人数:2
 

日 志 时 间:  2013-01-29 15:11:01,878 
日 志 级 别:  INFO
日 志 来 源:  Chatter.Service.ChatterService.Logoff(f:\code\myRepo\Chatter\Service\ChatterService.cs:137)
日 志 内 容:  用户776041669 walle退出
 

日 志 时 间:  2013-01-29 15:11:01,881 
日 志 级 别:  INFO
日 志 来 源:  Chatter.Service.ChatterService.PrintOnLineNumber(f:\code\myRepo\Chatter\Service\ChatterService.cs:310)
日 志 内 容:  当前在线人数:1
 

日 志 时 间:  2013-01-29 15:11:01,881 
日 志 级 别:  INFO
日 志 来 源:  Chatter.Service.ChatterService.Logoff(f:\code\myRepo\Chatter\Service\ChatterService.cs:137)
日 志 内 容:  用户776041668 eva退出
 

日 志 时 间:  2013-01-29 15:11:01,889 
日 志 级 别:  INFO
日 志 来 源:  Chatter.Service.ChatterService.PrintOnLineNumber(f:\code\myRepo\Chatter\Service\ChatterService.cs:310)
日 志 内 容:  当前在线人数:0
 

日 志 时 间:  2013-01-29 15:26:16,929 
日 志 级 别:  INFO
日 志 来 源:  Chatter.Service.ChatterService.Login(f:\code\myRepo\Chatter\Service\ChatterService.cs:70)
日 志 内 容:  用户776041669 登录
 

日 志 时 间:  2013-01-29 15:26:17,123 
日 志 级 别:  INFO
日 志 来 源:  Chatter.Service.ChatterService.PrintOnLineNumber(f:\code\myRepo\Chatter\Service\ChatterService.cs:315)
日 志 内 容:  当前在线人数:1
 

日 志 时 间:  2013-01-29 15:26:24,931 
日 志 级 别:  INFO
日 志 来 源:  Chatter.Service.ChatterService.Login(f:\code\myRepo\Chatter\Service\ChatterService.cs:70)
日 志 内 容:  用户776041668 登录
 

日 志 时 间:  2013-01-29 15:26:24,937 
日 志 级 别:  INFO
日 志 来 源:  Chatter.Service.ChatterService.PrintOnLineNumber(f:\code\myRepo\Chatter\Service\ChatterService.cs:315)
日 志 内 容:  当前在线人数:2
 

日 志 时 间:  2013-01-29 15:26:31,064 
日 志 级 别:  INFO
日 志 来 源:  Chatter.Service.ChatterService.Logoff(f:\code\myRepo\Chatter\Service\ChatterService.cs:137)
日 志 内 容:  用户776041669 walle退出
 

日 志 时 间:  2013-01-29 15:26:31,065 
日 志 级 别:  INFO
日 志 来 源:  Chatter.Service.ChatterService.Logoff(f:\code\myRepo\Chatter\Service\ChatterService.cs:137)
日 志 内 容:  用户776041668 eva退出
 

日 志 时 间:  2013-01-29 15:26:31,068 
日 志 级 别:  INFO
日 志 来 源:  Chatter.Service.ChatterService.PrintOnLineNumber(f:\code\myRepo\Chatter\Service\ChatterService.cs:315)
日 志 内 容:  当前在线人数:1
 

日 志 时 间:  2013-01-29 15:26:31,069 
日 志 级 别:  INFO
日 志 来 源:  Chatter.Service.ChatterService.PrintOnLineNumber(f:\code\myRepo\Chatter\Service\ChatterService.cs:315)
日 志 内 容:  当前在线人数:0
 

日 志 时 间:  2013-01-29 15:26:39,364 
日 志 级 别:  INFO
日 志 来 源:  Chatter.Service.ChatterService.Login(f:\code\myRepo\Chatter\Service\ChatterService.cs:70)
日 志 内 容:  用户776041669 登录
 

日 志 时 间:  2013-01-29 15:26:39,367 
日 志 级 别:  INFO
日 志 来 源:  Chatter.Service.ChatterService.PrintOnLineNumber(f:\code\myRepo\Chatter\Service\ChatterService.cs:315)
日 志 内 容:  当前在线人数:1
 

日 志 时 间:  2013-01-29 15:26:47,287 
日 志 级 别:  INFO
日 志 来 源:  Chatter.Service.ChatterService.Login(f:\code\myRepo\Chatter\Service\ChatterService.cs:70)
日 志 内 容:  用户776041668 登录
 

日 志 时 间:  2013-01-29 15:26:47,291 
日 志 级 别:  INFO
日 志 来 源:  Chatter.Service.ChatterService.PrintOnLineNumber(f:\code\myRepo\Chatter\Service\ChatterService.cs:315)
日 志 内 容:  当前在线人数:2
 

日 志 时 间:  2013-01-29 15:26:50,465 
日 志 级 别:  DEBUG
日 志 来 源:  Chatter.DAL.DALService.DeleteFriend(f:\code\myRepo\Chatter\DAL\DALService.cs:423)
日 志 内 容:  删除前776041669;
 

日 志 时 间:  2013-01-29 15:26:50,467 
日 志 级 别:  DEBUG
日 志 来 源:  Chatter.DAL.DALService.DeleteFriend(f:\code\myRepo\Chatter\DAL\DALService.cs:427)
日 志 内 容:  删除后
 

日 志 时 间:  2013-01-29 15:26:52,802 
日 志 级 别:  INFO
日 志 来 源:  Chatter.Service.ChatterService.Logoff(f:\code\myRepo\Chatter\Service\ChatterService.cs:137)
日 志 内 容:  用户776041668 eva退出
 

日 志 时 间:  2013-01-29 15:26:52,806 
日 志 级 别:  INFO
日 志 来 源:  Chatter.Service.ChatterService.PrintOnLineNumber(f:\code\myRepo\Chatter\Service\ChatterService.cs:315)
日 志 内 容:  当前在线人数:1
 

日 志 时 间:  2013-01-29 15:26:52,807 
日 志 级 别:  INFO
日 志 来 源:  Chatter.Service.ChatterService.Logoff(f:\code\myRepo\Chatter\Service\ChatterService.cs:137)
日 志 内 容:  用户776041669 walle退出
 

日 志 时 间:  2013-01-29 15:26:52,816 
日 志 级 别:  INFO
日 志 来 源:  Chatter.Service.ChatterService.PrintOnLineNumber(f:\code\myRepo\Chatter\Service\ChatterService.cs:315)
日 志 内 容:  当前在线人数:0
 

日 志 时 间:  2013-01-29 15:27:50,056 
日 志 级 别:  INFO
日 志 来 源:  Chatter.Service.ChatterService.Login(f:\code\myRepo\Chatter\Service\ChatterService.cs:70)
日 志 内 容:  用户776041669 登录
 

日 志 时 间:  2013-01-29 15:27:50,059 
日 志 级 别:  INFO
日 志 来 源:  Chatter.Service.ChatterService.PrintOnLineNumber(f:\code\myRepo\Chatter\Service\ChatterService.cs:315)
日 志 内 容:  当前在线人数:1
 

日 志 时 间:  2013-01-29 15:27:51,934 
日 志 级 别:  INFO
日 志 来 源:  Chatter.Service.ChatterService.Logoff(f:\code\myRepo\Chatter\Service\ChatterService.cs:137)
日 志 内 容:  用户776041669 walle退出
 

日 志 时 间:  2013-01-29 15:27:51,935 
日 志 级 别:  INFO
日 志 来 源:  Chatter.Service.ChatterService.PrintOnLineNumber(f:\code\myRepo\Chatter\Service\ChatterService.cs:315)
日 志 内 容:  当前在线人数:0
 

日 志 时 间:  2013-01-29 15:29:20,873 
日 志 级 别:  INFO
日 志 来 源:  Chatter.Service.ChatterService.Login(f:\code\myRepo\Chatter\Service\ChatterService.cs:70)
日 志 内 容:  用户776041669 登录
 

日 志 时 间:  2013-01-29 15:29:22,522 
日 志 级 别:  INFO
日 志 来 源:  Chatter.Service.ChatterService.PrintOnLineNumber(f:\code\myRepo\Chatter\Service\ChatterService.cs:315)
日 志 内 容:  当前在线人数:1
 

日 志 时 间:  2013-01-29 15:29:29,810 
日 志 级 别:  INFO
日 志 来 源:  Chatter.Service.ChatterService.Login(f:\code\myRepo\Chatter\Service\ChatterService.cs:70)
日 志 内 容:  用户776041668 登录
 

日 志 时 间:  2013-01-29 15:29:29,813 
日 志 级 别:  INFO
日 志 来 源:  Chatter.Service.ChatterService.PrintOnLineNumber(f:\code\myRepo\Chatter\Service\ChatterService.cs:315)
日 志 内 容:  当前在线人数:2
 

日 志 时 间:  2013-01-29 15:29:37,451 
日 志 级 别:  INFO
日 志 来 源:  Chatter.Service.ChatterService.Logoff(f:\code\myRepo\Chatter\Service\ChatterService.cs:137)
日 志 内 容:  用户776041669 walle退出
 

日 志 时 间:  2013-01-29 15:29:37,451 
日 志 级 别:  INFO
日 志 来 源:  Chatter.Service.ChatterService.PrintOnLineNumber(f:\code\myRepo\Chatter\Service\ChatterService.cs:315)
日 志 内 容:  当前在线人数:1
 

日 志 时 间:  2013-01-29 15:29:37,453 
日 志 级 别:  INFO
日 志 来 源:  Chatter.Service.ChatterService.Logoff(f:\code\myRepo\Chatter\Service\ChatterService.cs:137)
日 志 内 容:  用户776041668 eva退出
 

日 志 时 间:  2013-01-29 15:29:37,454 
日 志 级 别:  INFO
日 志 来 源:  Chatter.Service.ChatterService.PrintOnLineNumber(f:\code\myRepo\Chatter\Service\ChatterService.cs:315)
日 志 内 容:  当前在线人数:0
 

日 志 时 间:  2013-01-29 15:29:46,302 
日 志 级 别:  INFO
日 志 来 源:  Chatter.Service.ChatterService.Login(f:\code\myRepo\Chatter\Service\ChatterService.cs:70)
日 志 内 容:  用户776041669 登录
 

日 志 时 间:  2013-01-29 15:29:46,304 
日 志 级 别:  INFO
日 志 来 源:  Chatter.Service.ChatterService.PrintOnLineNumber(f:\code\myRepo\Chatter\Service\ChatterService.cs:315)
日 志 内 容:  当前在线人数:1
 

日 志 时 间:  2013-01-29 15:29:51,519 
日 志 级 别:  INFO
日 志 来 源:  Chatter.Service.ChatterService.Login(f:\code\myRepo\Chatter\Service\ChatterService.cs:70)
日 志 内 容:  用户776041668 登录
 

日 志 时 间:  2013-01-29 15:29:51,522 
日 志 级 别:  INFO
日 志 来 源:  Chatter.Service.ChatterService.PrintOnLineNumber(f:\code\myRepo\Chatter\Service\ChatterService.cs:315)
日 志 内 容:  当前在线人数:2
 

日 志 时 间:  2013-01-29 15:30:08,243 
日 志 级 别:  INFO
日 志 来 源:  Chatter.Service.ChatterService.Logoff(f:\code\myRepo\Chatter\Service\ChatterService.cs:137)
日 志 内 容:  用户776041668 eva退出
 

日 志 时 间:  2013-01-29 15:30:08,244 
日 志 级 别:  INFO
日 志 来 源:  Chatter.Service.ChatterService.PrintOnLineNumber(f:\code\myRepo\Chatter\Service\ChatterService.cs:315)
日 志 内 容:  当前在线人数:1
 

日 志 时 间:  2013-01-29 15:30:08,256 
日 志 级 别:  INFO
日 志 来 源:  Chatter.Service.ChatterService.Logoff(f:\code\myRepo\Chatter\Service\ChatterService.cs:137)
日 志 内 容:  用户776041669 walle退出
 

日 志 时 间:  2013-01-29 15:30:08,257 
日 志 级 别:  INFO
日 志 来 源:  Chatter.Service.ChatterService.PrintOnLineNumber(f:\code\myRepo\Chatter\Service\ChatterService.cs:315)
日 志 内 容:  当前在线人数:0
 

日 志 时 间:  2013-01-29 15:36:08,729 
日 志 级 别:  INFO
日 志 来 源:  Chatter.Service.ChatterService.Login(f:\code\myRepo\Chatter\Service\ChatterService.cs:70)
日 志 内 容:  用户776041669 登录
 

日 志 时 间:  2013-01-29 15:36:08,851 
日 志 级 别:  INFO
日 志 来 源:  Chatter.Service.ChatterService.PrintOnLineNumber(f:\code\myRepo\Chatter\Service\ChatterService.cs:315)
日 志 内 容:  当前在线人数:1
 

日 志 时 间:  2013-01-29 15:36:15,572 
日 志 级 别:  INFO
日 志 来 源:  Chatter.Service.ChatterService.Login(f:\code\myRepo\Chatter\Service\ChatterService.cs:70)
日 志 内 容:  用户776041668 登录
 

日 志 时 间:  2013-01-29 15:36:15,575 
日 志 级 别:  INFO
日 志 来 源:  Chatter.Service.ChatterService.PrintOnLineNumber(f:\code\myRepo\Chatter\Service\ChatterService.cs:315)
日 志 内 容:  当前在线人数:2
 

日 志 时 间:  2013-01-29 15:36:18,679 
日 志 级 别:  INFO
日 志 来 源:  Chatter.Service.ChatterService.Logoff(f:\code\myRepo\Chatter\Service\ChatterService.cs:137)
日 志 内 容:  用户776041668 eva退出
 

日 志 时 间:  2013-01-29 15:36:18,685 
日 志 级 别:  INFO
日 志 来 源:  Chatter.Service.ChatterService.PrintOnLineNumber(f:\code\myRepo\Chatter\Service\ChatterService.cs:315)
日 志 内 容:  当前在线人数:1
 

日 志 时 间:  2013-01-29 15:36:18,707 
日 志 级 别:  INFO
日 志 来 源:  Chatter.Service.ChatterService.Logoff(f:\code\myRepo\Chatter\Service\ChatterService.cs:137)
日 志 内 容:  用户776041669 walle退出
 

日 志 时 间:  2013-01-29 15:36:18,709 
日 志 级 别:  INFO
日 志 来 源:  Chatter.Service.ChatterService.PrintOnLineNumber(f:\code\myRepo\Chatter\Service\ChatterService.cs:315)
日 志 内 容:  当前在线人数:0
 

日 志 时 间:  2013-01-29 15:36:26,187 
日 志 级 别:  INFO
日 志 来 源:  Chatter.Service.ChatterService.Login(f:\code\myRepo\Chatter\Service\ChatterService.cs:70)
日 志 内 容:  用户776041669 登录
 

日 志 时 间:  2013-01-29 15:36:26,193 
日 志 级 别:  INFO
日 志 来 源:  Chatter.Service.ChatterService.PrintOnLineNumber(f:\code\myRepo\Chatter\Service\ChatterService.cs:315)
日 志 内 容:  当前在线人数:1
 

日 志 时 间:  2013-01-29 15:36:31,500 
日 志 级 别:  INFO
日 志 来 源:  Chatter.Service.ChatterService.Login(f:\code\myRepo\Chatter\Service\ChatterService.cs:70)
日 志 内 容:  用户776041668 登录
 

日 志 时 间:  2013-01-29 15:36:31,503 
日 志 级 别:  INFO
日 志 来 源:  Chatter.Service.ChatterService.PrintOnLineNumber(f:\code\myRepo\Chatter\Service\ChatterService.cs:315)
日 志 内 容:  当前在线人数:2
 

日 志 时 间:  2013-01-29 15:36:50,044 
日 志 级 别:  INFO
日 志 来 源:  Chatter.Service.ChatterService.Login(f:\code\myRepo\Chatter\Service\ChatterService.cs:70)
日 志 内 容:  用户4177319 登录
 

日 志 时 间:  2013-01-29 15:36:50,047 
日 志 级 别:  INFO
日 志 来 源:  Chatter.Service.ChatterService.PrintOnLineNumber(f:\code\myRepo\Chatter\Service\ChatterService.cs:315)
日 志 内 容:  当前在线人数:3
 

日 志 时 间:  2013-01-29 15:37:44,628 
日 志 级 别:  INFO
日 志 来 源:  Chatter.Service.ChatterService.Logoff(f:\code\myRepo\Chatter\Service\ChatterService.cs:137)
日 志 内 容:  用户4177319 Tom退出
 

日 志 时 间:  2013-01-29 15:37:44,629 
日 志 级 别:  INFO
日 志 来 源:  Chatter.Service.ChatterService.PrintOnLineNumber(f:\code\myRepo\Chatter\Service\ChatterService.cs:315)
日 志 内 容:  当前在线人数:2
 

日 志 时 间:  2013-01-29 15:37:44,659 
日 志 级 别:  INFO
日 志 来 源:  Chatter.Service.ChatterService.Logoff(f:\code\myRepo\Chatter\Service\ChatterService.cs:137)
日 志 内 容:  用户776041668 eva退出
 

日 志 时 间:  2013-01-29 15:37:44,675 
日 志 级 别:  INFO
日 志 来 源:  Chatter.Service.ChatterService.Logoff(f:\code\myRepo\Chatter\Service\ChatterService.cs:137)
日 志 内 容:  用户776041669 walle退出
 

日 志 时 间:  2013-01-29 15:37:44,675 
日 志 级 别:  INFO
日 志 来 源:  Chatter.Service.ChatterService.PrintOnLineNumber(f:\code\myRepo\Chatter\Service\ChatterService.cs:315)
日 志 内 容:  当前在线人数:1
 

日 志 时 间:  2013-01-29 15:37:44,680 
日 志 级 别:  INFO
日 志 来 源:  Chatter.Service.ChatterService.PrintOnLineNumber(f:\code\myRepo\Chatter\Service\ChatterService.cs:315)
日 志 内 容:  当前在线人数:0
 

