日 志 时 间:  2013-02-23 14:20:27,084 
日 志 级 别:  INFO
日 志 来 源:  Chatter.Host.Program+<>c__DisplayClass7.<Main>b__0(f:\code\myRepo\Chatter\Host\Program.cs:32)
日 志 内 容:  RegisterService已经启动
 

日 志 时 间:  2013-02-23 14:20:27,256 
日 志 级 别:  INFO
日 志 来 源:  Chatter.Host.Program+<>c__DisplayClass7.<Main>b__0(f:\code\myRepo\Chatter\Host\Program.cs:32)
日 志 内 容:  ChatterService已经启动
 

日 志 时 间:  2013-02-23 14:20:27,256 
日 志 级 别:  INFO
日 志 来 源:  Chatter.Host.Program+<>c__DisplayClass3.<Main>b__2(f:\code\myRepo\Chatter\Host\Program.cs:45)
日 志 内 容:  开始发送心跳包
 

日 志 时 间:  2013-02-23 14:21:07,786 
日 志 级 别:  INFO
日 志 来 源:  Chatter.Service.ChatterService.Login(f:\code\myRepo\Chatter\Service\ChatterService.cs:76)
日 志 内 容:  用户776041669 请求登录
 

日 志 时 间:  2013-02-23 14:21:10,485 
日 志 级 别:  ERROR
日 志 来 源:  Chatter.DAL.DALService.IsMember(f:\code\myRepo\Chatter\DAL\DALService.cs:320)
日 志 内 容:  查询是否为合法用户时出现错误
 MySql.Data.MySqlClient.MySqlException (0x80004005): Unable to connect to any of the specified MySQL hosts.
   在 MySql.Data.MySqlClient.NativeDriver.Open()
   在 MySql.Data.MySqlClient.Driver.Open()
   在 MySql.Data.MySqlClient.Driver.Create(MySqlConnectionStringBuilder settings)
   在 MySql.Data.MySqlClient.MySqlPool.GetPooledConnection()
   在 MySql.Data.MySqlClient.MySqlPool.TryToGetDriver()
   在 MySql.Data.MySqlClient.MySqlPool.GetConnection()
   在 MySql.Data.MySqlClient.MySqlConnection.Open()
   在 Chatter.DAL.DALService.get_Conn() 位置 f:\code\myRepo\Chatter\DAL\DALService.cs:行号 32
   在 Chatter.DAL.DALService.IsMember(String id, String pwd) 位置 f:\code\myRepo\Chatter\DAL\DALService.cs:行号 312


日 志 时 间:  2013-02-23 14:21:10,625 
日 志 级 别:  INFO
日 志 来 源:  Chatter.Service.ChatterService.Login(f:\code\myRepo\Chatter\Service\ChatterService.cs:84)
日 志 内 容:  用户776041669 登录失败
 

日 志 时 间:  2013-02-23 14:21:35,378 
日 志 级 别:  INFO
日 志 来 源:  Chatter.Service.ChatterService.Login(f:\code\myRepo\Chatter\Service\ChatterService.cs:76)
日 志 内 容:  用户776041669 请求登录
 

日 志 时 间:  2013-02-23 14:21:36,330 
日 志 级 别:  INFO
日 志 来 源:  Chatter.Service.ChatterService.Login(f:\code\myRepo\Chatter\Service\ChatterService.cs:130)
日 志 内 容:  用户776041669 登录成功
 

日 志 时 间:  2013-02-23 14:21:36,330 
日 志 级 别:  INFO
日 志 来 源:  Chatter.Service.ChatterService.PrintOnLineNumber(f:\code\myRepo\Chatter\Service\ChatterService.cs:439)
日 志 内 容:  当前在线人数:1
 

日 志 时 间:  2013-02-23 14:21:50,767 
日 志 级 别:  INFO
日 志 来 源:  Chatter.Service.ChatterService.Login(f:\code\myRepo\Chatter\Service\ChatterService.cs:76)
日 志 内 容:  用户776041668 请求登录
 

日 志 时 间:  2013-02-23 14:21:50,782 
日 志 级 别:  INFO
日 志 来 源:  Chatter.Service.ChatterService.Login(f:\code\myRepo\Chatter\Service\ChatterService.cs:130)
日 志 内 容:  用户776041668 登录成功
 

日 志 时 间:  2013-02-23 14:21:50,782 
日 志 级 别:  INFO
日 志 来 源:  Chatter.Service.ChatterService.PrintOnLineNumber(f:\code\myRepo\Chatter\Service\ChatterService.cs:439)
日 志 内 容:  当前在线人数:2
 

日 志 时 间:  2013-02-23 14:22:45,790 
日 志 级 别:  INFO
日 志 来 源:  Chatter.Service.ChatterService.Logoff(f:\code\myRepo\Chatter\Service\ChatterService.cs:160)
日 志 内 容:  用户776041668 Eva退出
 

日 志 时 间:  2013-02-23 14:22:45,790 
日 志 级 别:  INFO
日 志 来 源:  Chatter.Service.ChatterService.PrintOnLineNumber(f:\code\myRepo\Chatter\Service\ChatterService.cs:439)
日 志 内 容:  当前在线人数:1
 

日 志 时 间:  2013-02-23 14:23:12,045 
日 志 级 别:  WARN
日 志 来 源:  Chatter.Service.ChatterService.SendHearBeat(f:\code\myRepo\Chatter\Service\ChatterService.cs:673)
日 志 内 容:  发送心跳包失败776041669_walle
 

日 志 时 间:  2013-02-23 14:23:12,045 
日 志 级 别:  INFO
日 志 来 源:  Chatter.Service.ChatterService.Logoff(f:\code\myRepo\Chatter\Service\ChatterService.cs:160)
日 志 内 容:  用户776041669 walle退出
 

日 志 时 间:  2013-02-23 14:23:12,045 
日 志 级 别:  INFO
日 志 来 源:  Chatter.Service.ChatterService.PrintOnLineNumber(f:\code\myRepo\Chatter\Service\ChatterService.cs:439)
日 志 内 容:  当前在线人数:0
 

日 志 时 间:  2013-02-23 14:23:12,045 
日 志 级 别:  WARN
日 志 来 源:  Chatter.Service.ChatterService.SendHearBeat(f:\code\myRepo\Chatter\Service\ChatterService.cs:673)
日 志 内 容:  发送心跳包失败776041668_Eva
 

日 志 时 间:  2013-02-23 14:23:12,045 
日 志 级 别:  INFO
日 志 来 源:  Chatter.Service.ChatterService.Logoff(f:\code\myRepo\Chatter\Service\ChatterService.cs:160)
日 志 内 容:  用户776041668 Eva退出
 

日 志 时 间:  2013-02-23 14:23:12,045 
日 志 级 别:  INFO
日 志 来 源:  Chatter.Service.ChatterService.PrintOnLineNumber(f:\code\myRepo\Chatter\Service\ChatterService.cs:439)
日 志 内 容:  当前在线人数:0
 

日 志 时 间:  2013-02-23 14:23:12,357 
日 志 级 别:  INFO
日 志 来 源:  Chatter.Service.ChatterService.Logoff(f:\code\myRepo\Chatter\Service\ChatterService.cs:160)
日 志 内 容:  用户776041669 walle退出
 

日 志 时 间:  2013-02-23 14:23:12,357 
日 志 级 别:  INFO
日 志 来 源:  Chatter.Service.ChatterService.PrintOnLineNumber(f:\code\myRepo\Chatter\Service\ChatterService.cs:439)
日 志 内 容:  当前在线人数:0
 

日 志 时 间:  2013-02-23 14:23:18,587 
日 志 级 别:  INFO
日 志 来 源:  Chatter.Service.ChatterService.Login(f:\code\myRepo\Chatter\Service\ChatterService.cs:76)
日 志 内 容:  用户776041668 请求登录
 

日 志 时 间:  2013-02-23 14:23:18,587 
日 志 级 别:  INFO
日 志 来 源:  Chatter.Service.ChatterService.Login(f:\code\myRepo\Chatter\Service\ChatterService.cs:130)
日 志 内 容:  用户776041668 登录成功
 

日 志 时 间:  2013-02-23 14:23:18,587 
日 志 级 别:  INFO
日 志 来 源:  Chatter.Service.ChatterService.PrintOnLineNumber(f:\code\myRepo\Chatter\Service\ChatterService.cs:439)
日 志 内 容:  当前在线人数:1
 

日 志 时 间:  2013-02-23 14:23:29,777 
日 志 级 别:  INFO
日 志 来 源:  Chatter.Service.ChatterService.Login(f:\code\myRepo\Chatter\Service\ChatterService.cs:76)
日 志 内 容:  用户776041669 请求登录
 

日 志 时 间:  2013-02-23 14:23:29,777 
日 志 级 别:  INFO
日 志 来 源:  Chatter.Service.ChatterService.Login(f:\code\myRepo\Chatter\Service\ChatterService.cs:130)
日 志 内 容:  用户776041669 登录成功
 

日 志 时 间:  2013-02-23 14:23:29,793 
日 志 级 别:  INFO
日 志 来 源:  Chatter.Service.ChatterService.PrintOnLineNumber(f:\code\myRepo\Chatter\Service\ChatterService.cs:439)
日 志 内 容:  当前在线人数:2
 

日 志 时 间:  2013-02-23 14:25:18,990 
日 志 级 别:  WARN
日 志 来 源:  Chatter.Service.ChatterService.SendHearBeat(f:\code\myRepo\Chatter\Service\ChatterService.cs:673)
日 志 内 容:  发送心跳包失败776041668_Eva
 

日 志 时 间:  2013-02-23 14:25:18,990 
日 志 级 别:  INFO
日 志 来 源:  Chatter.Service.ChatterService.Logoff(f:\code\myRepo\Chatter\Service\ChatterService.cs:160)
日 志 内 容:  用户776041668 Eva退出
 

日 志 时 间:  2013-02-23 14:25:18,990 
日 志 级 别:  INFO
日 志 来 源:  Chatter.Service.ChatterService.PrintOnLineNumber(f:\code\myRepo\Chatter\Service\ChatterService.cs:439)
日 志 内 容:  当前在线人数:1
 

日 志 时 间:  2013-02-23 14:25:55,581 
日 志 级 别:  INFO
日 志 来 源:  Chatter.Host.Program+<>c__DisplayClass7.<Main>b__1(f:\code\myRepo\Chatter\Host\Program.cs:37)
日 志 内 容:  RegisterService已经关闭
 

日 志 时 间:  2013-02-23 14:25:56,236 
日 志 级 别:  INFO
日 志 来 源:  Chatter.Host.Program+<>c__DisplayClass3.<Main>b__2(f:\code\myRepo\Chatter\Host\Program.cs:58)
日 志 内 容:  停止发送心跳包
 

日 志 时 间:  2013-02-23 14:26:05,737 
日 志 级 别:  INFO
日 志 来 源:  Chatter.Service.ChatterService.Logoff(f:\code\myRepo\Chatter\Service\ChatterService.cs:160)
日 志 内 容:  用户776041668 Eva退出
 

日 志 时 间:  2013-02-23 14:26:05,799 
日 志 级 别:  INFO
日 志 来 源:  Chatter.Service.ChatterService.PrintOnLineNumber(f:\code\myRepo\Chatter\Service\ChatterService.cs:439)
日 志 内 容:  当前在线人数:1
 

日 志 时 间:  2013-02-23 14:26:06,142 
日 志 级 别:  INFO
日 志 来 源:  Chatter.Service.ChatterService.Logoff(f:\code\myRepo\Chatter\Service\ChatterService.cs:160)
日 志 内 容:  用户776041669 walle退出
 

日 志 时 间:  2013-02-23 14:26:06,142 
日 志 级 别:  INFO
日 志 来 源:  Chatter.Service.ChatterService.PrintOnLineNumber(f:\code\myRepo\Chatter\Service\ChatterService.cs:439)
日 志 内 容:  当前在线人数:0
 

日 志 时 间:  2013-02-23 14:26:06,158 
日 志 级 别:  INFO
日 志 来 源:  Chatter.Host.Program+<>c__DisplayClass7.<Main>b__1(f:\code\myRepo\Chatter\Host\Program.cs:37)
日 志 内 容:  ChatterService已经关闭
 

日 志 时 间:  2013-02-23 14:42:03,710 
日 志 级 别:  INFO
日 志 来 源:  Chatter.Host.Program+<>c__DisplayClass7.<Main>b__0(f:\code\myRepo\Chatter\Host\Program.cs:32)
日 志 内 容:  RegisterService已经启动
 

日 志 时 间:  2013-02-23 14:42:03,746 
日 志 级 别:  INFO
日 志 来 源:  Chatter.Host.Program+<>c__DisplayClass7.<Main>b__0(f:\code\myRepo\Chatter\Host\Program.cs:32)
日 志 内 容:  ChatterService已经启动
 

日 志 时 间:  2013-02-23 14:42:03,748 
日 志 级 别:  INFO
日 志 来 源:  Chatter.Host.Program+<>c__DisplayClass3.<Main>b__2(f:\code\myRepo\Chatter\Host\Program.cs:45)
日 志 内 容:  开始发送心跳包
 

日 志 时 间:  2013-02-23 14:42:19,426 
日 志 级 别:  INFO
日 志 来 源:  Chatter.Service.ChatterService.Login(f:\code\myRepo\Chatter\Service\ChatterService.cs:76)
日 志 内 容:  用户776041669 请求登录
 

日 志 时 间:  2013-02-23 14:42:20,583 
日 志 级 别:  INFO
日 志 来 源:  Chatter.Service.ChatterService.Login(f:\code\myRepo\Chatter\Service\ChatterService.cs:130)
日 志 内 容:  用户776041669 登录成功
 

日 志 时 间:  2013-02-23 14:42:20,584 
日 志 级 别:  INFO
日 志 来 源:  Chatter.Service.ChatterService.PrintOnLineNumber(f:\code\myRepo\Chatter\Service\ChatterService.cs:439)
日 志 内 容:  当前在线人数:1
 

日 志 时 间:  2013-02-23 14:42:32,306 
日 志 级 别:  INFO
日 志 来 源:  Chatter.Service.ChatterService.Login(f:\code\myRepo\Chatter\Service\ChatterService.cs:76)
日 志 内 容:  用户776041668 请求登录
 

日 志 时 间:  2013-02-23 14:42:32,314 
日 志 级 别:  INFO
日 志 来 源:  Chatter.Service.ChatterService.Login(f:\code\myRepo\Chatter\Service\ChatterService.cs:130)
日 志 内 容:  用户776041668 登录成功
 

日 志 时 间:  2013-02-23 14:42:32,315 
日 志 级 别:  INFO
日 志 来 源:  Chatter.Service.ChatterService.PrintOnLineNumber(f:\code\myRepo\Chatter\Service\ChatterService.cs:439)
日 志 内 容:  当前在线人数:2
 

日 志 时 间:  2013-02-23 14:43:08,873 
日 志 级 别:  INFO
日 志 来 源:  Chatter.Service.ChatterService.Logoff(f:\code\myRepo\Chatter\Service\ChatterService.cs:160)
日 志 内 容:  用户776041669 walle退出
 

日 志 时 间:  2013-02-23 14:43:23,314 
日 志 级 别:  INFO
日 志 来 源:  Chatter.Service.ChatterService.Logoff(f:\code\myRepo\Chatter\Service\ChatterService.cs:160)
日 志 内 容:  用户776041668 Eva退出
 

日 志 时 间:  2013-02-23 14:43:23,357 
日 志 级 别:  WARN
日 志 来 源:  Chatter.Service.ChatterService.SendHearBeat(f:\code\myRepo\Chatter\Service\ChatterService.cs:673)
日 志 内 容:  发送心跳包失败776041668_Eva
 

日 志 时 间:  2013-02-23 14:43:24,978 
日 志 级 别:  INFO
日 志 来 源:  Chatter.Service.ChatterService.PrintOnLineNumber(f:\code\myRepo\Chatter\Service\ChatterService.cs:439)
日 志 内 容:  当前在线人数:1
 

日 志 时 间:  2013-02-23 14:43:24,978 
日 志 级 别:  INFO
日 志 来 源:  Chatter.Service.ChatterService.Logoff(f:\code\myRepo\Chatter\Service\ChatterService.cs:160)
日 志 内 容:  用户776041668 Eva退出
 

日 志 时 间:  2013-02-23 14:43:24,980 
日 志 级 别:  INFO
日 志 来 源:  Chatter.Service.ChatterService.PrintOnLineNumber(f:\code\myRepo\Chatter\Service\ChatterService.cs:439)
日 志 内 容:  当前在线人数:0
 

日 志 时 间:  2013-02-23 14:43:24,982 
日 志 级 别:  INFO
日 志 来 源:  Chatter.Service.ChatterService.PrintOnLineNumber(f:\code\myRepo\Chatter\Service\ChatterService.cs:439)
日 志 内 容:  当前在线人数:0
 

日 志 时 间:  2013-02-23 14:44:04,659 
日 志 级 别:  INFO
日 志 来 源:  Chatter.Service.ChatterService.Login(f:\code\myRepo\Chatter\Service\ChatterService.cs:76)
日 志 内 容:  用户776041668 请求登录
 

日 志 时 间:  2013-02-23 14:44:04,665 
日 志 级 别:  INFO
日 志 来 源:  Chatter.Service.ChatterService.Login(f:\code\myRepo\Chatter\Service\ChatterService.cs:130)
日 志 内 容:  用户776041668 登录成功
 

日 志 时 间:  2013-02-23 14:44:04,665 
日 志 级 别:  INFO
日 志 来 源:  Chatter.Service.ChatterService.PrintOnLineNumber(f:\code\myRepo\Chatter\Service\ChatterService.cs:439)
日 志 内 容:  当前在线人数:1
 

日 志 时 间:  2013-02-23 14:44:16,862 
日 志 级 别:  INFO
日 志 来 源:  Chatter.Service.ChatterService.Login(f:\code\myRepo\Chatter\Service\ChatterService.cs:76)
日 志 内 容:  用户776041669 请求登录
 

日 志 时 间:  2013-02-23 14:44:16,875 
日 志 级 别:  INFO
日 志 来 源:  Chatter.Service.ChatterService.Login(f:\code\myRepo\Chatter\Service\ChatterService.cs:130)
日 志 内 容:  用户776041669 登录成功
 

日 志 时 间:  2013-02-23 14:44:16,877 
日 志 级 别:  INFO
日 志 来 源:  Chatter.Service.ChatterService.PrintOnLineNumber(f:\code\myRepo\Chatter\Service\ChatterService.cs:439)
日 志 内 容:  当前在线人数:2
 

日 志 时 间:  2013-02-23 14:45:32,163 
日 志 级 别:  WARN
日 志 来 源:  Chatter.Service.ChatterService.SendHearBeat(f:\code\myRepo\Chatter\Service\ChatterService.cs:673)
日 志 内 容:  发送心跳包失败776041668_Eva
 

日 志 时 间:  2013-02-23 14:45:32,163 
日 志 级 别:  INFO
日 志 来 源:  Chatter.Service.ChatterService.Logoff(f:\code\myRepo\Chatter\Service\ChatterService.cs:160)
日 志 内 容:  用户776041668 Eva退出
 

日 志 时 间:  2013-02-23 14:45:32,164 
日 志 级 别:  INFO
日 志 来 源:  Chatter.Service.ChatterService.PrintOnLineNumber(f:\code\myRepo\Chatter\Service\ChatterService.cs:439)
日 志 内 容:  当前在线人数:1
 

日 志 时 间:  2013-02-23 14:45:39,396 
日 志 级 别:  ERROR
日 志 来 源:  Chatter.Service.ChatterService.SendMesg(f:\code\myRepo\Chatter\Service\ChatterService.cs:247)
日 志 内 容:  转发信息出错
 System.TimeoutException: 消息无法在分配的超时 00:01:05 内传输。可靠通道的传输窗口中没有可用空间。分配给此操作的时间可能已经是更长超时的一部分。

Server stack trace: 
   在 System.ServiceModel.Channels.TransmissionStrategy.WaitQueueAdder.Wait(TimeSpan timeout)
   在 System.ServiceModel.Channels.TransmissionStrategy.InternalAdd(Message message, Boolean isLast, TimeSpan timeout, Object state, MessageAttemptInfo& attemptInfo)
   在 System.ServiceModel.Channels.ReliableOutputConnection.InternalAddMessage(Message message, TimeSpan timeout, Object state, Boolean isLast)
   在 System.ServiceModel.Channels.ReliableDuplexSessionChannel.OnSend(Message message, TimeSpan timeout)
   在 System.ServiceModel.Channels.DuplexChannel.Send(Message message, TimeSpan timeout)
   在 System.ServiceModel.Dispatcher.DuplexChannelBinder.Send(Message message, TimeSpan timeout)
   在 System.ServiceModel.Channels.ServiceChannel.Call(String action, Boolean oneway, ProxyOperationRuntime operation, Object[] ins, Object[] outs, TimeSpan timeout)
   在 System.ServiceModel.Channels.ServiceChannelProxy.InvokeService(IMethodCallMessage methodCall, ProxyOperationRuntime operation)
   在 System.ServiceModel.Channels.ServiceChannelProxy.Invoke(IMessage message)

Exception rethrown at [0]: 
   在 System.Runtime.Remoting.Proxies.RealProxy.HandleReturnMessage(IMessage reqMsg, IMessage retMsg)
   在 System.Runtime.Remoting.Proxies.RealProxy.PrivateInvoke(MessageData& msgData, Int32 type)
   在 Chatter.Contract.ServiceContract.IChatterCallback.OnSendMessage(Message mesg)
   在 Chatter.Service.ChatterService.SendTextMessage(Message mesg) 位置 f:\code\myRepo\Chatter\Service\ChatterService.cs:行号 312
   在 Chatter.Service.ChatterService.SendMesg(Message mesg) 位置 f:\code\myRepo\Chatter\Service\ChatterService.cs:行号 226


日 志 时 间:  2013-02-23 14:46:34,156 
日 志 级 别:  INFO
日 志 来 源:  Chatter.Service.ChatterService.Logoff(f:\code\myRepo\Chatter\Service\ChatterService.cs:160)
日 志 内 容:  用户776041668 Eva退出
 

日 志 时 间:  2013-02-23 14:46:34,157 
日 志 级 别:  INFO
日 志 来 源:  Chatter.Service.ChatterService.PrintOnLineNumber(f:\code\myRepo\Chatter\Service\ChatterService.cs:439)
日 志 内 容:  当前在线人数:1
 

日 志 时 间:  2013-02-23 14:46:38,167 
日 志 级 别:  WARN
日 志 来 源:  Chatter.Service.ChatterService.SendHearBeat(f:\code\myRepo\Chatter\Service\ChatterService.cs:673)
日 志 内 容:  发送心跳包失败776041669_walle
 

日 志 时 间:  2013-02-23 14:46:38,168 
日 志 级 别:  INFO
日 志 来 源:  Chatter.Service.ChatterService.Logoff(f:\code\myRepo\Chatter\Service\ChatterService.cs:160)
日 志 内 容:  用户776041669 walle退出
 

日 志 时 间:  2013-02-23 14:46:38,169 
日 志 级 别:  INFO
日 志 来 源:  Chatter.Service.ChatterService.PrintOnLineNumber(f:\code\myRepo\Chatter\Service\ChatterService.cs:439)
日 志 内 容:  当前在线人数:0
 

日 志 时 间:  2013-02-23 14:47:11,114 
日 志 级 别:  INFO
日 志 来 源:  Chatter.Service.ChatterService.Logoff(f:\code\myRepo\Chatter\Service\ChatterService.cs:160)
日 志 内 容:  用户776041669 walle退出
 

日 志 时 间:  2013-02-23 14:50:20,705 
日 志 级 别:  INFO
日 志 来 源:  Chatter.Service.ChatterService.Login(f:\code\myRepo\Chatter\Service\ChatterService.cs:76)
日 志 内 容:  用户776041669 请求登录
 

日 志 时 间:  2013-02-23 14:50:22,476 
日 志 级 别:  INFO
日 志 来 源:  Chatter.Service.ChatterService.PrintOnLineNumber(f:\code\myRepo\Chatter\Service\ChatterService.cs:439)
日 志 内 容:  当前在线人数:0
 

日 志 时 间:  2013-02-23 14:50:22,485 
日 志 级 别:  INFO
日 志 来 源:  Chatter.Service.ChatterService.Login(f:\code\myRepo\Chatter\Service\ChatterService.cs:130)
日 志 内 容:  用户776041669 登录成功
 

日 志 时 间:  2013-02-23 14:50:22,486 
日 志 级 别:  INFO
日 志 来 源:  Chatter.Service.ChatterService.PrintOnLineNumber(f:\code\myRepo\Chatter\Service\ChatterService.cs:439)
日 志 内 容:  当前在线人数:1
 

日 志 时 间:  2013-02-23 14:50:32,994 
日 志 级 别:  INFO
日 志 来 源:  Chatter.Service.ChatterService.Login(f:\code\myRepo\Chatter\Service\ChatterService.cs:76)
日 志 内 容:  用户776041668 请求登录
 

日 志 时 间:  2013-02-23 14:50:33,002 
日 志 级 别:  INFO
日 志 来 源:  Chatter.Service.ChatterService.Login(f:\code\myRepo\Chatter\Service\ChatterService.cs:130)
日 志 内 容:  用户776041668 登录成功
 

日 志 时 间:  2013-02-23 14:50:33,003 
日 志 级 别:  INFO
日 志 来 源:  Chatter.Service.ChatterService.PrintOnLineNumber(f:\code\myRepo\Chatter\Service\ChatterService.cs:439)
日 志 内 容:  当前在线人数:2
 

日 志 时 间:  2013-02-23 14:52:28,762 
日 志 级 别:  INFO
日 志 来 源:  Chatter.Host.Program+<>c__DisplayClass7.<Main>b__0(f:\code\myRepo\Chatter\Host\Program.cs:32)
日 志 内 容:  RegisterService已经启动
 

日 志 时 间:  2013-02-23 14:52:28,840 
日 志 级 别:  INFO
日 志 来 源:  Chatter.Host.Program+<>c__DisplayClass7.<Main>b__0(f:\code\myRepo\Chatter\Host\Program.cs:32)
日 志 内 容:  ChatterService已经启动
 

日 志 时 间:  2013-02-23 14:52:28,840 
日 志 级 别:  INFO
日 志 来 源:  Chatter.Host.Program+<>c__DisplayClass3.<Main>b__2(f:\code\myRepo\Chatter\Host\Program.cs:45)
日 志 内 容:  开始发送心跳包
 

日 志 时 间:  2013-02-23 14:52:35,540 
日 志 级 别:  INFO
日 志 来 源:  Chatter.Service.ChatterService.Login(f:\code\myRepo\Chatter\Service\ChatterService.cs:76)
日 志 内 容:  用户776041668 请求登录
 

日 志 时 间:  2013-02-23 14:52:35,883 
日 志 级 别:  INFO
日 志 来 源:  Chatter.Service.ChatterService.Login(f:\code\myRepo\Chatter\Service\ChatterService.cs:130)
日 志 内 容:  用户776041668 登录成功
 

日 志 时 间:  2013-02-23 14:52:35,883 
日 志 级 别:  INFO
日 志 来 源:  Chatter.Service.ChatterService.PrintOnLineNumber(f:\code\myRepo\Chatter\Service\ChatterService.cs:439)
日 志 内 容:  当前在线人数:1
 

日 志 时 间:  2013-02-23 14:53:40,966 
日 志 级 别:  WARN
日 志 来 源:  Chatter.Service.ChatterService.SendHearBeat(f:\code\myRepo\Chatter\Service\ChatterService.cs:673)
日 志 内 容:  发送心跳包失败776041668_Eva
 

日 志 时 间:  2013-02-23 14:53:40,968 
日 志 级 别:  INFO
日 志 来 源:  Chatter.Service.ChatterService.Logoff(f:\code\myRepo\Chatter\Service\ChatterService.cs:160)
日 志 内 容:  用户776041668 Eva退出
 

日 志 时 间:  2013-02-23 14:53:40,969 
日 志 级 别:  INFO
日 志 来 源:  Chatter.Service.ChatterService.PrintOnLineNumber(f:\code\myRepo\Chatter\Service\ChatterService.cs:439)
日 志 内 容:  当前在线人数:0
 

日 志 时 间:  2013-02-23 14:56:20,816 
日 志 级 别:  INFO
日 志 来 源:  Chatter.Service.ChatterService.Logoff(f:\code\myRepo\Chatter\Service\ChatterService.cs:160)
日 志 内 容:  用户776041668 Eva退出
 

日 志 时 间:  2013-02-23 14:56:42,139 
日 志 级 别:  INFO
日 志 来 源:  Chatter.Service.ChatterService.Login(f:\code\myRepo\Chatter\Service\ChatterService.cs:76)
日 志 内 容:  用户776041668 请求登录
 

日 志 时 间:  2013-02-23 14:56:46,086 
日 志 级 别:  INFO
日 志 来 源:  Chatter.Service.ChatterService.PrintOnLineNumber(f:\code\myRepo\Chatter\Service\ChatterService.cs:439)
日 志 内 容:  当前在线人数:0
 

日 志 时 间:  2013-02-23 14:56:46,086 
日 志 级 别:  INFO
日 志 来 源:  Chatter.Service.ChatterService.Login(f:\code\myRepo\Chatter\Service\ChatterService.cs:130)
日 志 内 容:  用户776041668 登录成功
 

日 志 时 间:  2013-02-23 14:56:46,102 
日 志 级 别:  INFO
日 志 来 源:  Chatter.Service.ChatterService.PrintOnLineNumber(f:\code\myRepo\Chatter\Service\ChatterService.cs:439)
日 志 内 容:  当前在线人数:1
 

日 志 时 间:  2013-02-23 14:57:37,433 
日 志 级 别:  INFO
日 志 来 源:  Chatter.Service.ChatterService.Logoff(f:\code\myRepo\Chatter\Service\ChatterService.cs:160)
日 志 内 容:  用户776041668 Eva退出
 

日 志 时 间:  2013-02-23 14:57:37,433 
日 志 级 别:  INFO
日 志 来 源:  Chatter.Service.ChatterService.PrintOnLineNumber(f:\code\myRepo\Chatter\Service\ChatterService.cs:439)
日 志 内 容:  当前在线人数:0
 

日 志 时 间:  2013-02-23 14:57:56,026 
日 志 级 别:  INFO
日 志 来 源:  Chatter.Service.ChatterService.Login(f:\code\myRepo\Chatter\Service\ChatterService.cs:76)
日 志 内 容:  用户776041668 请求登录
 

日 志 时 间:  2013-02-23 14:57:56,041 
日 志 级 别:  INFO
日 志 来 源:  Chatter.Service.ChatterService.Login(f:\code\myRepo\Chatter\Service\ChatterService.cs:130)
日 志 内 容:  用户776041668 登录成功
 

日 志 时 间:  2013-02-23 14:57:56,041 
日 志 级 别:  INFO
日 志 来 源:  Chatter.Service.ChatterService.PrintOnLineNumber(f:\code\myRepo\Chatter\Service\ChatterService.cs:439)
日 志 内 容:  当前在线人数:1
 

日 志 时 间:  2013-02-23 14:59:03,022 
日 志 级 别:  WARN
日 志 来 源:  Chatter.Service.ChatterService.SendHearBeat(f:\code\myRepo\Chatter\Service\ChatterService.cs:673)
日 志 内 容:  发送心跳包失败776041668_Eva
 

日 志 时 间:  2013-02-23 14:59:03,022 
日 志 级 别:  INFO
日 志 来 源:  Chatter.Service.ChatterService.Logoff(f:\code\myRepo\Chatter\Service\ChatterService.cs:160)
日 志 内 容:  用户776041668 Eva退出
 

日 志 时 间:  2013-02-23 14:59:03,022 
日 志 级 别:  INFO
日 志 来 源:  Chatter.Service.ChatterService.PrintOnLineNumber(f:\code\myRepo\Chatter\Service\ChatterService.cs:439)
日 志 内 容:  当前在线人数:0
 

日 志 时 间:  2013-02-23 15:00:50,024 
日 志 级 别:  INFO
日 志 来 源:  Chatter.Service.ChatterService.Logoff(f:\code\myRepo\Chatter\Service\ChatterService.cs:160)
日 志 内 容:  用户776041668 Eva退出
 

日 志 时 间:  2013-02-23 15:00:50,024 
日 志 级 别:  INFO
日 志 来 源:  Chatter.Service.ChatterService.PrintOnLineNumber(f:\code\myRepo\Chatter\Service\ChatterService.cs:439)
日 志 内 容:  当前在线人数:0
 

日 志 时 间:  2013-02-23 15:01:25,927 
日 志 级 别:  INFO
日 志 来 源:  Chatter.Service.ChatterService.Login(f:\code\myRepo\Chatter\Service\ChatterService.cs:76)
日 志 内 容:  用户776041668 请求登录
 

日 志 时 间:  2013-02-23 15:01:25,957 
日 志 级 别:  INFO
日 志 来 源:  Chatter.Service.ChatterService.Login(f:\code\myRepo\Chatter\Service\ChatterService.cs:130)
日 志 内 容:  用户776041668 登录成功
 

日 志 时 间:  2013-02-23 15:01:25,960 
日 志 级 别:  INFO
日 志 来 源:  Chatter.Service.ChatterService.PrintOnLineNumber(f:\code\myRepo\Chatter\Service\ChatterService.cs:439)
日 志 内 容:  当前在线人数:1
 

日 志 时 间:  2013-02-23 15:02:31,293 
日 志 级 别:  WARN
日 志 来 源:  Chatter.Service.ChatterService.SendHearBeat(f:\code\myRepo\Chatter\Service\ChatterService.cs:673)
日 志 内 容:  发送心跳包失败776041668_Eva
 

日 志 时 间:  2013-02-23 15:02:31,294 
日 志 级 别:  INFO
日 志 来 源:  Chatter.Service.ChatterService.Logoff(f:\code\myRepo\Chatter\Service\ChatterService.cs:160)
日 志 内 容:  用户776041668 Eva退出
 

日 志 时 间:  2013-02-23 15:02:31,294 
日 志 级 别:  INFO
日 志 来 源:  Chatter.Service.ChatterService.PrintOnLineNumber(f:\code\myRepo\Chatter\Service\ChatterService.cs:439)
日 志 内 容:  当前在线人数:0
 

日 志 时 间:  2013-02-23 15:02:40,698 
日 志 级 别:  INFO
日 志 来 源:  Chatter.Service.ChatterService.Logoff(f:\code\myRepo\Chatter\Service\ChatterService.cs:160)
日 志 内 容:  用户776041668 Eva退出
 

日 志 时 间:  2013-02-23 15:02:40,709 
日 志 级 别:  INFO
日 志 来 源:  Chatter.Service.ChatterService.PrintOnLineNumber(f:\code\myRepo\Chatter\Service\ChatterService.cs:439)
日 志 内 容:  当前在线人数:0
 

日 志 时 间:  2013-02-23 15:03:25,116 
日 志 级 别:  INFO
日 志 来 源:  Chatter.Service.ChatterService.Login(f:\code\myRepo\Chatter\Service\ChatterService.cs:76)
日 志 内 容:  用户776041668 请求登录
 

日 志 时 间:  2013-02-23 15:03:25,122 
日 志 级 别:  INFO
日 志 来 源:  Chatter.Service.ChatterService.Login(f:\code\myRepo\Chatter\Service\ChatterService.cs:130)
日 志 内 容:  用户776041668 登录成功
 

日 志 时 间:  2013-02-23 15:03:25,123 
日 志 级 别:  INFO
日 志 来 源:  Chatter.Service.ChatterService.PrintOnLineNumber(f:\code\myRepo\Chatter\Service\ChatterService.cs:439)
日 志 内 容:  当前在线人数:1
 

日 志 时 间:  2013-02-23 15:04:30,926 
日 志 级 别:  WARN
日 志 来 源:  Chatter.Service.ChatterService.SendHearBeat(f:\code\myRepo\Chatter\Service\ChatterService.cs:673)
日 志 内 容:  发送心跳包失败776041668_Eva
 

日 志 时 间:  2013-02-23 15:05:39,870 
日 志 级 别:  INFO
日 志 来 源:  Chatter.Service.ChatterService.Logoff(f:\code\myRepo\Chatter\Service\ChatterService.cs:160)
日 志 内 容:  用户776041668 Eva退出
 

日 志 时 间:  2013-02-23 15:06:37,734 
日 志 级 别:  INFO
日 志 来 源:  Chatter.Service.ChatterService.Logoff(f:\code\myRepo\Chatter\Service\ChatterService.cs:160)
日 志 内 容:  用户776041668 Eva退出
 

日 志 时 间:  2013-02-23 15:06:37,734 
日 志 级 别:  INFO
日 志 来 源:  Chatter.Service.ChatterService.PrintOnLineNumber(f:\code\myRepo\Chatter\Service\ChatterService.cs:439)
日 志 内 容:  当前在线人数:0
 

日 志 时 间:  2013-02-23 15:06:37,734 
日 志 级 别:  INFO
日 志 来 源:  Chatter.Service.ChatterService.PrintOnLineNumber(f:\code\myRepo\Chatter\Service\ChatterService.cs:439)
日 志 内 容:  当前在线人数:0
 

日 志 时 间:  2013-02-23 15:06:46,811 
日 志 级 别:  INFO
日 志 来 源:  Chatter.Service.ChatterService.Login(f:\code\myRepo\Chatter\Service\ChatterService.cs:76)
日 志 内 容:  用户776041668 请求登录
 

日 志 时 间:  2013-02-23 15:06:46,811 
日 志 级 别:  INFO
日 志 来 源:  Chatter.Service.ChatterService.Login(f:\code\myRepo\Chatter\Service\ChatterService.cs:130)
日 志 内 容:  用户776041668 登录成功
 

日 志 时 间:  2013-02-23 15:06:46,811 
日 志 级 别:  INFO
日 志 来 源:  Chatter.Service.ChatterService.PrintOnLineNumber(f:\code\myRepo\Chatter\Service\ChatterService.cs:439)
日 志 内 容:  当前在线人数:1
 

日 志 时 间:  2013-02-23 15:09:34,291 
日 志 级 别:  WARN
日 志 来 源:  Chatter.Service.ChatterService.SendHearBeat(f:\code\myRepo\Chatter\Service\ChatterService.cs:673)
日 志 内 容:  发送心跳包失败776041668_Eva
 

日 志 时 间:  2013-02-23 15:09:34,447 
日 志 级 别:  INFO
日 志 来 源:  Chatter.Service.ChatterService.Logoff(f:\code\myRepo\Chatter\Service\ChatterService.cs:160)
日 志 内 容:  用户776041668 Eva退出
 

日 志 时 间:  2013-02-23 15:09:34,447 
日 志 级 别:  INFO
日 志 来 源:  Chatter.Service.ChatterService.PrintOnLineNumber(f:\code\myRepo\Chatter\Service\ChatterService.cs:439)
日 志 内 容:  当前在线人数:0
 

日 志 时 间:  2013-02-23 15:09:49,064 
日 志 级 别:  INFO
日 志 来 源:  Chatter.Service.ChatterService.Logoff(f:\code\myRepo\Chatter\Service\ChatterService.cs:160)
日 志 内 容:  用户776041668 Eva退出
 

日 志 时 间:  2013-02-23 15:09:49,064 
日 志 级 别:  INFO
日 志 来 源:  Chatter.Service.ChatterService.PrintOnLineNumber(f:\code\myRepo\Chatter\Service\ChatterService.cs:439)
日 志 内 容:  当前在线人数:0
 

日 志 时 间:  2013-02-23 15:11:21,485 
日 志 级 别:  INFO
日 志 来 源:  Chatter.Service.ChatterService.Login(f:\code\myRepo\Chatter\Service\ChatterService.cs:76)
日 志 内 容:  用户776041668 请求登录
 

日 志 时 间:  2013-02-23 15:11:21,625 
日 志 级 别:  INFO
日 志 来 源:  Chatter.Service.ChatterService.Login(f:\code\myRepo\Chatter\Service\ChatterService.cs:130)
日 志 内 容:  用户776041668 登录成功
 

日 志 时 间:  2013-02-23 15:11:21,625 
日 志 级 别:  INFO
日 志 来 源:  Chatter.Service.ChatterService.PrintOnLineNumber(f:\code\myRepo\Chatter\Service\ChatterService.cs:439)
日 志 内 容:  当前在线人数:1
 

日 志 时 间:  2013-02-23 15:11:57,825 
日 志 级 别:  INFO
日 志 来 源:  Chatter.Host.Program+<>c__DisplayClass7.<Main>b__0(e:\code\myRepo\Chatter\Host\Program.cs:32)
日 志 内 容:  RegisterService已经启动
 

日 志 时 间:  2013-02-23 15:11:57,934 
日 志 级 别:  INFO
日 志 来 源:  Chatter.Host.Program+<>c__DisplayClass7.<Main>b__0(e:\code\myRepo\Chatter\Host\Program.cs:32)
日 志 内 容:  ChatterService已经启动
 

日 志 时 间:  2013-02-23 15:11:57,981 
日 志 级 别:  INFO
日 志 来 源:  Chatter.Host.Program+<>c__DisplayClass3.<Main>b__2(e:\code\myRepo\Chatter\Host\Program.cs:45)
日 志 内 容:  开始发送心跳包
 

日 志 时 间:  2013-02-23 15:12:54,236 
日 志 级 别:  INFO
日 志 来 源:  Chatter.Service.ChatterService.Login(e:\code\myRepo\Chatter\Service\ChatterService.cs:76)
日 志 内 容:  用户776041668 请求登录
 

日 志 时 间:  2013-02-23 15:12:55,406 
日 志 级 别:  INFO
日 志 来 源:  Chatter.Service.ChatterService.Login(e:\code\myRepo\Chatter\Service\ChatterService.cs:130)
日 志 内 容:  用户776041668 登录成功
 

日 志 时 间:  2013-02-23 15:12:55,406 
日 志 级 别:  INFO
日 志 来 源:  Chatter.Service.ChatterService.PrintOnLineNumber(e:\code\myRepo\Chatter\Service\ChatterService.cs:448)
日 志 内 容:  当前在线人数:1
 

日 志 时 间:  2013-02-23 15:13:59,447 
日 志 级 别:  INFO
日 志 来 源:  Chatter.Host.Program+<>c__DisplayClass7.<Main>b__1(e:\code\myRepo\Chatter\Host\Program.cs:37)
日 志 内 容:  RegisterService已经关闭
 

日 志 时 间:  2013-02-23 15:14:03,097 
日 志 级 别:  WARN
日 志 来 源:  Chatter.Service.ChatterService.SendHearBeat(e:\code\myRepo\Chatter\Service\ChatterService.cs:682)
日 志 内 容:  发送心跳包失败776041668_Eva
 

日 志 时 间:  2013-02-23 15:14:03,097 
日 志 级 别:  INFO
日 志 来 源:  Chatter.Service.ChatterService.Logoff(e:\code\myRepo\Chatter\Service\ChatterService.cs:160)
日 志 内 容:  用户776041668 Eva退出
 

日 志 时 间:  2013-02-23 15:14:03,097 
日 志 级 别:  INFO
日 志 来 源:  Chatter.Service.ChatterService.PrintOnLineNumber(e:\code\myRepo\Chatter\Service\ChatterService.cs:448)
日 志 内 容:  当前在线人数:0
 

日 志 时 间:  2013-02-23 15:14:03,113 
日 志 级 别:  INFO
日 志 来 源:  Chatter.Host.Program+<>c__DisplayClass3.<Main>b__2(e:\code\myRepo\Chatter\Host\Program.cs:58)
日 志 内 容:  停止发送心跳包
 

日 志 时 间:  2013-02-23 15:14:09,427 
日 志 级 别:  INFO
日 志 来 源:  Chatter.Service.ChatterService.Logoff(e:\code\myRepo\Chatter\Service\ChatterService.cs:160)
日 志 内 容:  用户776041668 Eva退出
 

日 志 时 间:  2013-02-23 15:14:09,661 
日 志 级 别:  INFO
日 志 来 源:  Chatter.Service.ChatterService.PrintOnLineNumber(e:\code\myRepo\Chatter\Service\ChatterService.cs:448)
日 志 内 容:  当前在线人数:0
 

日 志 时 间:  2013-02-23 15:14:09,661 
日 志 级 别:  INFO
日 志 来 源:  Chatter.Host.Program+<>c__DisplayClass7.<Main>b__1(e:\code\myRepo\Chatter\Host\Program.cs:37)
日 志 内 容:  ChatterService已经关闭
 

日 志 时 间:  2013-02-23 15:16:40,512 
日 志 级 别:  INFO
日 志 来 源:  Chatter.Host.Program+<>c__DisplayClass7.<Main>b__0(e:\code\myRepo\Chatter\Host\Program.cs:32)
日 志 内 容:  RegisterService已经启动
 

日 志 时 间:  2013-02-23 15:16:40,590 
日 志 级 别:  INFO
日 志 来 源:  Chatter.Host.Program+<>c__DisplayClass7.<Main>b__0(e:\code\myRepo\Chatter\Host\Program.cs:32)
日 志 内 容:  ChatterService已经启动
 

日 志 时 间:  2013-02-23 15:16:40,606 
日 志 级 别:  INFO
日 志 来 源:  Chatter.Host.Program+<>c__DisplayClass3.<Main>b__2(e:\code\myRepo\Chatter\Host\Program.cs:45)
日 志 内 容:  开始发送心跳包
 

日 志 时 间:  2013-02-23 15:17:01,408 
日 志 级 别:  INFO
日 志 来 源:  Chatter.Service.ChatterService.Login(e:\code\myRepo\Chatter\Service\ChatterService.cs:76)
日 志 内 容:  用户776041668 请求登录
 

日 志 时 间:  2013-02-23 15:17:02,422 
日 志 级 别:  INFO
日 志 来 源:  Chatter.Service.ChatterService.Login(e:\code\myRepo\Chatter\Service\ChatterService.cs:130)
日 志 内 容:  用户776041668 登录成功
 

日 志 时 间:  2013-02-23 15:17:02,422 
日 志 级 别:  INFO
日 志 来 源:  Chatter.Service.ChatterService.PrintOnLineNumber(e:\code\myRepo\Chatter\Service\ChatterService.cs:448)
日 志 内 容:  当前在线人数:1
 

日 志 时 间:  2013-02-23 15:19:21,069 
日 志 级 别:  WARN
日 志 来 源:  Chatter.Service.ChatterService.SendHearBeat(e:\code\myRepo\Chatter\Service\ChatterService.cs:682)
日 志 内 容:  发送心跳包失败776041668_Eva
 

日 志 时 间:  2013-02-23 15:19:21,071 
日 志 级 别:  INFO
日 志 来 源:  Chatter.Service.ChatterService.Logoff(e:\code\myRepo\Chatter\Service\ChatterService.cs:160)
日 志 内 容:  用户776041668 Eva退出
 

日 志 时 间:  2013-02-23 15:19:21,072 
日 志 级 别:  INFO
日 志 来 源:  Chatter.Service.ChatterService.PrintOnLineNumber(e:\code\myRepo\Chatter\Service\ChatterService.cs:448)
日 志 内 容:  当前在线人数:0
 

日 志 时 间:  2013-02-23 15:19:25,121 
日 志 级 别:  INFO
日 志 来 源:  Chatter.Service.ChatterService.Login(e:\code\myRepo\Chatter\Service\ChatterService.cs:76)
日 志 内 容:  用户776041668 请求登录
 

日 志 时 间:  2013-02-23 15:19:25,121 
日 志 级 别:  INFO
日 志 来 源:  Chatter.Service.ChatterService.Login(e:\code\myRepo\Chatter\Service\ChatterService.cs:130)
日 志 内 容:  用户776041668 登录成功
 

日 志 时 间:  2013-02-23 15:19:25,121 
日 志 级 别:  INFO
日 志 来 源:  Chatter.Service.ChatterService.PrintOnLineNumber(e:\code\myRepo\Chatter\Service\ChatterService.cs:448)
日 志 内 容:  当前在线人数:1
 

日 志 时 间:  2013-02-23 15:19:49,800 
日 志 级 别:  INFO
日 志 来 源:  Chatter.Service.ChatterService.Logoff(e:\code\myRepo\Chatter\Service\ChatterService.cs:160)
日 志 内 容:  用户776041668 Eva退出
 

日 志 时 间:  2013-02-23 15:19:49,800 
日 志 级 别:  INFO
日 志 来 源:  Chatter.Service.ChatterService.PrintOnLineNumber(e:\code\myRepo\Chatter\Service\ChatterService.cs:448)
日 志 内 容:  当前在线人数:0
 

日 志 时 间:  2013-02-23 15:20:30,151 
日 志 级 别:  WARN
日 志 来 源:  Chatter.Service.ChatterService.SendHearBeat(e:\code\myRepo\Chatter\Service\ChatterService.cs:682)
日 志 内 容:  发送心跳包失败776041668_Eva
 

日 志 时 间:  2013-02-23 15:20:30,151 
日 志 级 别:  INFO
日 志 来 源:  Chatter.Service.ChatterService.Logoff(e:\code\myRepo\Chatter\Service\ChatterService.cs:160)
日 志 内 容:  用户776041668 Eva退出
 

日 志 时 间:  2013-02-23 15:20:30,151 
日 志 级 别:  INFO
日 志 来 源:  Chatter.Service.ChatterService.PrintOnLineNumber(e:\code\myRepo\Chatter\Service\ChatterService.cs:448)
日 志 内 容:  当前在线人数:0
 

日 志 时 间:  2013-02-23 15:22:39,376 
日 志 级 别:  INFO
日 志 来 源:  Chatter.Service.ChatterService.Logoff(e:\code\myRepo\Chatter\Service\ChatterService.cs:160)
日 志 内 容:  用户776041668 Eva退出
 

日 志 时 间:  2013-02-23 15:22:39,377 
日 志 级 别:  INFO
日 志 来 源:  Chatter.Service.ChatterService.PrintOnLineNumber(e:\code\myRepo\Chatter\Service\ChatterService.cs:448)
日 志 内 容:  当前在线人数:0
 

日 志 时 间:  2013-02-23 15:28:10,737 
日 志 级 别:  INFO
日 志 来 源:  Chatter.Service.ChatterService.Login(e:\code\myRepo\Chatter\Service\ChatterService.cs:76)
日 志 内 容:  用户776041668 请求登录
 

日 志 时 间:  2013-02-23 15:28:20,717 
日 志 级 别:  INFO
日 志 来 源:  Chatter.Service.ChatterService.Login(e:\code\myRepo\Chatter\Service\ChatterService.cs:130)
日 志 内 容:  用户776041668 登录成功
 

日 志 时 间:  2013-02-23 15:28:20,718 
日 志 级 别:  INFO
日 志 来 源:  Chatter.Service.ChatterService.PrintOnLineNumber(e:\code\myRepo\Chatter\Service\ChatterService.cs:448)
日 志 内 容:  当前在线人数:1
 

日 志 时 间:  2013-02-23 15:29:11,487 
日 志 级 别:  INFO
日 志 来 源:  Chatter.Service.ChatterService.Login(e:\code\myRepo\Chatter\Service\ChatterService.cs:76)
日 志 内 容:  用户776041669 请求登录
 

日 志 时 间:  2013-02-23 15:29:11,538 
日 志 级 别:  INFO
日 志 来 源:  Chatter.Service.ChatterService.Login(e:\code\myRepo\Chatter\Service\ChatterService.cs:130)
日 志 内 容:  用户776041669 登录成功
 

日 志 时 间:  2013-02-23 15:29:11,539 
日 志 级 别:  INFO
日 志 来 源:  Chatter.Service.ChatterService.PrintOnLineNumber(e:\code\myRepo\Chatter\Service\ChatterService.cs:448)
日 志 内 容:  当前在线人数:2
 

日 志 时 间:  2013-02-23 15:29:17,227 
日 志 级 别:  INFO
日 志 来 源:  Chatter.Service.ChatterService.Logoff(e:\code\myRepo\Chatter\Service\ChatterService.cs:160)
日 志 内 容:  用户776041669 walle退出
 

日 志 时 间:  2013-02-23 15:29:17,228 
日 志 级 别:  INFO
日 志 来 源:  Chatter.Service.ChatterService.PrintOnLineNumber(e:\code\myRepo\Chatter\Service\ChatterService.cs:448)
日 志 内 容:  当前在线人数:1
 

日 志 时 间:  2013-02-23 15:29:24,516 
日 志 级 别:  WARN
日 志 来 源:  Chatter.Service.ChatterService.SendHearBeat(e:\code\myRepo\Chatter\Service\ChatterService.cs:682)
日 志 内 容:  发送心跳包失败776041668_Eva
 

日 志 时 间:  2013-02-23 15:29:24,517 
日 志 级 别:  INFO
日 志 来 源:  Chatter.Service.ChatterService.Logoff(e:\code\myRepo\Chatter\Service\ChatterService.cs:160)
日 志 内 容:  用户776041668 Eva退出
 

日 志 时 间:  2013-02-23 15:29:32,979 
日 志 级 别:  INFO
日 志 来 源:  Chatter.Service.ChatterService.Login(e:\code\myRepo\Chatter\Service\ChatterService.cs:76)
日 志 内 容:  用户776041669 请求登录
 

日 志 时 间:  2013-02-23 15:29:36,107 
日 志 级 别:  INFO
日 志 来 源:  Chatter.Service.ChatterService.Logoff(e:\code\myRepo\Chatter\Service\ChatterService.cs:160)
日 志 内 容:  用户776041668 Eva退出
 

日 志 时 间:  2013-02-23 15:29:36,107 
日 志 级 别:  INFO
日 志 来 源:  Chatter.Service.ChatterService.PrintOnLineNumber(e:\code\myRepo\Chatter\Service\ChatterService.cs:448)
日 志 内 容:  当前在线人数:0
 

日 志 时 间:  2013-02-23 15:29:36,108 
日 志 级 别:  INFO
日 志 来 源:  Chatter.Service.ChatterService.PrintOnLineNumber(e:\code\myRepo\Chatter\Service\ChatterService.cs:448)
日 志 内 容:  当前在线人数:0
 

日 志 时 间:  2013-02-23 15:29:36,114 
日 志 级 别:  INFO
日 志 来 源:  Chatter.Service.ChatterService.Login(e:\code\myRepo\Chatter\Service\ChatterService.cs:130)
日 志 内 容:  用户776041669 登录成功
 

日 志 时 间:  2013-02-23 15:29:36,116 
日 志 级 别:  INFO
日 志 来 源:  Chatter.Service.ChatterService.PrintOnLineNumber(e:\code\myRepo\Chatter\Service\ChatterService.cs:448)
日 志 内 容:  当前在线人数:1
 

日 志 时 间:  2013-02-23 15:30:42,112 
日 志 级 别:  WARN
日 志 来 源:  Chatter.Service.ChatterService.SendHearBeat(e:\code\myRepo\Chatter\Service\ChatterService.cs:682)
日 志 内 容:  发送心跳包失败776041669_walle
 

日 志 时 间:  2013-02-23 15:30:42,112 
日 志 级 别:  INFO
日 志 来 源:  Chatter.Service.ChatterService.Logoff(e:\code\myRepo\Chatter\Service\ChatterService.cs:160)
日 志 内 容:  用户776041669 walle退出
 

日 志 时 间:  2013-02-23 15:30:42,113 
日 志 级 别:  INFO
日 志 来 源:  Chatter.Service.ChatterService.PrintOnLineNumber(e:\code\myRepo\Chatter\Service\ChatterService.cs:448)
日 志 内 容:  当前在线人数:0
 

日 志 时 间:  2013-02-23 15:30:43,049 
日 志 级 别:  INFO
日 志 来 源:  Chatter.Service.ChatterService.Logoff(e:\code\myRepo\Chatter\Service\ChatterService.cs:160)
日 志 内 容:  用户776041669 walle退出
 

日 志 时 间:  2013-02-23 15:30:43,050 
日 志 级 别:  INFO
日 志 来 源:  Chatter.Service.ChatterService.PrintOnLineNumber(e:\code\myRepo\Chatter\Service\ChatterService.cs:448)
日 志 内 容:  当前在线人数:0
 

日 志 时 间:  2013-02-23 15:31:40,835 
日 志 级 别:  INFO
日 志 来 源:  Chatter.Service.ChatterService.Login(e:\code\myRepo\Chatter\Service\ChatterService.cs:76)
日 志 内 容:  用户776041669 请求登录
 

日 志 时 间:  2013-02-23 15:31:40,843 
日 志 级 别:  INFO
日 志 来 源:  Chatter.Service.ChatterService.Login(e:\code\myRepo\Chatter\Service\ChatterService.cs:130)
日 志 内 容:  用户776041669 登录成功
 

日 志 时 间:  2013-02-23 15:31:40,844 
日 志 级 别:  INFO
日 志 来 源:  Chatter.Service.ChatterService.PrintOnLineNumber(e:\code\myRepo\Chatter\Service\ChatterService.cs:448)
日 志 内 容:  当前在线人数:1
 

日 志 时 间:  2013-02-23 15:32:31,116 
日 志 级 别:  INFO
日 志 来 源:  Chatter.Service.ChatterService.Login(e:\code\myRepo\Chatter\Service\ChatterService.cs:76)
日 志 内 容:  用户776041669 请求登录
 

日 志 时 间:  2013-02-23 15:32:31,194 
日 志 级 别:  ERROR
日 志 来 源:  Chatter.Service.ChatterService.Login(e:\code\myRepo\Chatter\Service\ChatterService.cs:136)
日 志 内 容:  776041669登录时候出现错误
 System.ArgumentException: 已添加项。字典中的关键字:“776041669”所添加的关键字:“776041669”
   在 System.Collections.Hashtable.Insert(Object key, Object nvalue, Boolean add)
   在 System.Collections.Hashtable.Add(Object key, Object value)
   在 Chatter.Service.ChatterService.Login(Member member) 位置 e:\code\myRepo\Chatter\Service\ChatterService.cs:行号 126


日 志 时 间:  2013-02-23 15:32:36,481 
日 志 级 别:  INFO
日 志 来 源:  Chatter.Service.ChatterService.Login(e:\code\myRepo\Chatter\Service\ChatterService.cs:76)
日 志 内 容:  用户776041668 请求登录
 

日 志 时 间:  2013-02-23 15:32:36,487 
日 志 级 别:  INFO
日 志 来 源:  Chatter.Service.ChatterService.Login(e:\code\myRepo\Chatter\Service\ChatterService.cs:130)
日 志 内 容:  用户776041668 登录成功
 

日 志 时 间:  2013-02-23 15:32:36,488 
日 志 级 别:  INFO
日 志 来 源:  Chatter.Service.ChatterService.PrintOnLineNumber(e:\code\myRepo\Chatter\Service\ChatterService.cs:448)
日 志 内 容:  当前在线人数:2
 

日 志 时 间:  2013-02-23 15:32:46,144 
日 志 级 别:  WARN
日 志 来 源:  Chatter.Service.ChatterService.SendHearBeat(e:\code\myRepo\Chatter\Service\ChatterService.cs:682)
日 志 内 容:  发送心跳包失败776041669_walle
 

日 志 时 间:  2013-02-23 15:32:46,145 
日 志 级 别:  INFO
日 志 来 源:  Chatter.Service.ChatterService.Logoff(e:\code\myRepo\Chatter\Service\ChatterService.cs:160)
日 志 内 容:  用户776041669 walle退出
 

日 志 时 间:  2013-02-23 15:32:46,147 
日 志 级 别:  INFO
日 志 来 源:  Chatter.Service.ChatterService.PrintOnLineNumber(e:\code\myRepo\Chatter\Service\ChatterService.cs:448)
日 志 内 容:  当前在线人数:1
 

日 志 时 间:  2013-02-23 15:32:55,129 
日 志 级 别:  INFO
日 志 来 源:  Chatter.Service.ChatterService.Logoff(e:\code\myRepo\Chatter\Service\ChatterService.cs:160)
日 志 内 容:  用户776041668 Eva退出
 

日 志 时 间:  2013-02-23 15:32:55,136 
日 志 级 别:  INFO
日 志 来 源:  Chatter.Service.ChatterService.PrintOnLineNumber(e:\code\myRepo\Chatter\Service\ChatterService.cs:448)
日 志 内 容:  当前在线人数:0
 

日 志 时 间:  2013-02-23 15:33:15,426 
日 志 级 别:  INFO
日 志 来 源:  Chatter.Service.ChatterService.Logoff(e:\code\myRepo\Chatter\Service\ChatterService.cs:160)
日 志 内 容:  用户776041669 walle退出
 

日 志 时 间:  2013-02-23 15:33:15,428 
日 志 级 别:  INFO
日 志 来 源:  Chatter.Service.ChatterService.PrintOnLineNumber(e:\code\myRepo\Chatter\Service\ChatterService.cs:448)
日 志 内 容:  当前在线人数:0
 

日 志 时 间:  2013-02-23 15:33:31,234 
日 志 级 别:  INFO
日 志 来 源:  Chatter.Service.ChatterService.Logoff(e:\code\myRepo\Chatter\Service\ChatterService.cs:160)
日 志 内 容:  用户776041669 walle退出
 

日 志 时 间:  2013-02-23 15:33:31,236 
日 志 级 别:  INFO
日 志 来 源:  Chatter.Service.ChatterService.PrintOnLineNumber(e:\code\myRepo\Chatter\Service\ChatterService.cs:448)
日 志 内 容:  当前在线人数:0
 

日 志 时 间:  2013-02-23 15:37:51,643 
日 志 级 别:  INFO
日 志 来 源:  Chatter.Service.ChatterService.Login(e:\code\myRepo\Chatter\Service\ChatterService.cs:76)
日 志 内 容:  用户776041668 请求登录
 

日 志 时 间:  2013-02-23 15:37:51,652 
日 志 级 别:  INFO
日 志 来 源:  Chatter.Service.ChatterService.Login(e:\code\myRepo\Chatter\Service\ChatterService.cs:130)
日 志 内 容:  用户776041668 登录成功
 

日 志 时 间:  2013-02-23 15:37:51,653 
日 志 级 别:  INFO
日 志 来 源:  Chatter.Service.ChatterService.PrintOnLineNumber(e:\code\myRepo\Chatter\Service\ChatterService.cs:448)
日 志 内 容:  当前在线人数:1
 

日 志 时 间:  2013-02-23 15:38:52,174 
日 志 级 别:  WARN
日 志 来 源:  Chatter.Service.ChatterService.SendHearBeat(e:\code\myRepo\Chatter\Service\ChatterService.cs:682)
日 志 内 容:  发送心跳包失败776041668_Eva
 

日 志 时 间:  2013-02-23 15:38:52,176 
日 志 级 别:  INFO
日 志 来 源:  Chatter.Service.ChatterService.Logoff(e:\code\myRepo\Chatter\Service\ChatterService.cs:160)
日 志 内 容:  用户776041668 Eva退出
 

日 志 时 间:  2013-02-23 15:39:59,402 
日 志 级 别:  INFO
日 志 来 源:  Chatter.Service.ChatterService.Login(e:\code\myRepo\Chatter\Service\ChatterService.cs:76)
日 志 内 容:  用户776041668 请求登录
 

日 志 时 间:  2013-02-23 15:40:03,207 
日 志 级 别:  INFO
日 志 来 源:  Chatter.Service.ChatterService.Logoff(e:\code\myRepo\Chatter\Service\ChatterService.cs:160)
日 志 内 容:  用户776041668 Eva退出
 

日 志 时 间:  2013-02-23 15:40:03,208 
日 志 级 别:  INFO
日 志 来 源:  Chatter.Service.ChatterService.PrintOnLineNumber(e:\code\myRepo\Chatter\Service\ChatterService.cs:448)
日 志 内 容:  当前在线人数:0
 

日 志 时 间:  2013-02-23 15:40:03,215 
日 志 级 别:  INFO
日 志 来 源:  Chatter.Service.ChatterService.Login(e:\code\myRepo\Chatter\Service\ChatterService.cs:130)
日 志 内 容:  用户776041668 登录成功
 

日 志 时 间:  2013-02-23 15:40:03,216 
日 志 级 别:  INFO
日 志 来 源:  Chatter.Service.ChatterService.PrintOnLineNumber(e:\code\myRepo\Chatter\Service\ChatterService.cs:448)
日 志 内 容:  当前在线人数:1
 

日 志 时 间:  2013-02-23 15:40:03,297 
日 志 级 别:  INFO
日 志 来 源:  Chatter.Service.ChatterService.PrintOnLineNumber(e:\code\myRepo\Chatter\Service\ChatterService.cs:448)
日 志 内 容:  当前在线人数:0
 

日 志 时 间:  2013-02-23 15:40:12,649 
日 志 级 别:  INFO
日 志 来 源:  Chatter.Service.ChatterService.Logoff(e:\code\myRepo\Chatter\Service\ChatterService.cs:160)
日 志 内 容:  用户776041668 Eva退出
 

日 志 时 间:  2013-02-23 15:40:12,650 
日 志 级 别:  INFO
日 志 来 源:  Chatter.Service.ChatterService.PrintOnLineNumber(e:\code\myRepo\Chatter\Service\ChatterService.cs:448)
日 志 内 容:  当前在线人数:0
 

日 志 时 间:  2013-02-23 15:40:20,622 
日 志 级 别:  INFO
日 志 来 源:  Chatter.Service.ChatterService.Login(e:\code\myRepo\Chatter\Service\ChatterService.cs:76)
日 志 内 容:  用户776041668 请求登录
 

日 志 时 间:  2013-02-23 15:40:24,505 
日 志 级 别:  INFO
日 志 来 源:  Chatter.Service.ChatterService.Login(e:\code\myRepo\Chatter\Service\ChatterService.cs:130)
日 志 内 容:  用户776041668 登录成功
 

日 志 时 间:  2013-02-23 15:40:24,506 
日 志 级 别:  INFO
日 志 来 源:  Chatter.Service.ChatterService.PrintOnLineNumber(e:\code\myRepo\Chatter\Service\ChatterService.cs:448)
日 志 内 容:  当前在线人数:1
 

日 志 时 间:  2013-02-23 15:40:40,509 
日 志 级 别:  INFO
日 志 来 源:  Chatter.Service.ChatterService.Login(e:\code\myRepo\Chatter\Service\ChatterService.cs:76)
日 志 内 容:  用户776041668 请求登录
 

日 志 时 间:  2013-02-23 15:40:40,516 
日 志 级 别:  ERROR
日 志 来 源:  Chatter.Service.ChatterService.Login(e:\code\myRepo\Chatter\Service\ChatterService.cs:136)
日 志 内 容:  776041668登录时候出现错误
 System.ArgumentException: 已添加项。字典中的关键字:“776041668”所添加的关键字:“776041668”
   在 System.Collections.Hashtable.Insert(Object key, Object nvalue, Boolean add)
   在 System.Collections.Hashtable.Add(Object key, Object value)
   在 Chatter.Service.ChatterService.Login(Member member) 位置 e:\code\myRepo\Chatter\Service\ChatterService.cs:行号 126


日 志 时 间:  2013-02-23 15:40:46,422 
日 志 级 别:  INFO
日 志 来 源:  Chatter.Service.ChatterService.Login(e:\code\myRepo\Chatter\Service\ChatterService.cs:76)
日 志 内 容:  用户776041669 请求登录
 

日 志 时 间:  2013-02-23 15:40:46,434 
日 志 级 别:  INFO
日 志 来 源:  Chatter.Service.ChatterService.Login(e:\code\myRepo\Chatter\Service\ChatterService.cs:130)
日 志 内 容:  用户776041669 登录成功
 

日 志 时 间:  2013-02-23 15:40:46,435 
日 志 级 别:  INFO
日 志 来 源:  Chatter.Service.ChatterService.PrintOnLineNumber(e:\code\myRepo\Chatter\Service\ChatterService.cs:448)
日 志 内 容:  当前在线人数:2
 

日 志 时 间:  2013-02-23 15:41:24,960 
日 志 级 别:  INFO
日 志 来 源:  Chatter.Service.ChatterService.Logoff(e:\code\myRepo\Chatter\Service\ChatterService.cs:160)
日 志 内 容:  用户776041668 Eva退出
 

日 志 时 间:  2013-02-23 15:41:24,961 
日 志 级 别:  INFO
日 志 来 源:  Chatter.Service.ChatterService.PrintOnLineNumber(e:\code\myRepo\Chatter\Service\ChatterService.cs:448)
日 志 内 容:  当前在线人数:1
 

日 志 时 间:  2013-02-23 15:41:51,627 
日 志 级 别:  WARN
日 志 来 源:  Chatter.Service.ChatterService.SendHearBeat(e:\code\myRepo\Chatter\Service\ChatterService.cs:682)
日 志 内 容:  发送心跳包失败776041669_walle
 

日 志 时 间:  2013-02-23 15:41:51,627 
日 志 级 别:  INFO
日 志 来 源:  Chatter.Service.ChatterService.Logoff(e:\code\myRepo\Chatter\Service\ChatterService.cs:160)
日 志 内 容:  用户776041669 walle退出
 

日 志 时 间:  2013-02-23 15:41:51,628 
日 志 级 别:  INFO
日 志 来 源:  Chatter.Service.ChatterService.PrintOnLineNumber(e:\code\myRepo\Chatter\Service\ChatterService.cs:448)
日 志 内 容:  当前在线人数:0
 

日 志 时 间:  2013-02-23 15:41:51,629 
日 志 级 别:  WARN
日 志 来 源:  Chatter.Service.ChatterService.SendHearBeat(e:\code\myRepo\Chatter\Service\ChatterService.cs:682)
日 志 内 容:  发送心跳包失败776041668_Eva
 

日 志 时 间:  2013-02-23 15:41:51,629 
日 志 级 别:  INFO
日 志 来 源:  Chatter.Service.ChatterService.Logoff(e:\code\myRepo\Chatter\Service\ChatterService.cs:160)
日 志 内 容:  用户776041668 Eva退出
 

日 志 时 间:  2013-02-23 15:41:51,630 
日 志 级 别:  INFO
日 志 来 源:  Chatter.Service.ChatterService.PrintOnLineNumber(e:\code\myRepo\Chatter\Service\ChatterService.cs:448)
日 志 内 容:  当前在线人数:0
 

日 志 时 间:  2013-02-23 15:41:58,077 
日 志 级 别:  INFO
日 志 来 源:  Chatter.Service.ChatterService.Logoff(e:\code\myRepo\Chatter\Service\ChatterService.cs:160)
日 志 内 容:  用户776041669 walle退出
 

日 志 时 间:  2013-02-23 15:41:58,085 
日 志 级 别:  INFO
日 志 来 源:  Chatter.Service.ChatterService.PrintOnLineNumber(e:\code\myRepo\Chatter\Service\ChatterService.cs:448)
日 志 内 容:  当前在线人数:0
 

日 志 时 间:  2013-02-23 15:43:32,386 
日 志 级 别:  INFO
日 志 来 源:  Chatter.Service.ChatterService.Login(e:\code\myRepo\Chatter\Service\ChatterService.cs:76)
日 志 内 容:  用户776041669 请求登录
 

日 志 时 间:  2013-02-23 15:43:32,392 
日 志 级 别:  INFO
日 志 来 源:  Chatter.Service.ChatterService.Login(e:\code\myRepo\Chatter\Service\ChatterService.cs:130)
日 志 内 容:  用户776041669 登录成功
 

日 志 时 间:  2013-02-23 15:43:32,394 
日 志 级 别:  INFO
日 志 来 源:  Chatter.Service.ChatterService.PrintOnLineNumber(e:\code\myRepo\Chatter\Service\ChatterService.cs:448)
日 志 内 容:  当前在线人数:1
 

日 志 时 间:  2013-02-23 15:43:38,640 
日 志 级 别:  INFO
日 志 来 源:  Chatter.Service.ChatterService.Logoff(e:\code\myRepo\Chatter\Service\ChatterService.cs:160)
日 志 内 容:  用户776041669 walle退出
 

日 志 时 间:  2013-02-23 15:43:38,640 
日 志 级 别:  INFO
日 志 来 源:  Chatter.Service.ChatterService.PrintOnLineNumber(e:\code\myRepo\Chatter\Service\ChatterService.cs:448)
日 志 内 容:  当前在线人数:0
 

日 志 时 间:  2013-02-23 15:43:58,369 
日 志 级 别:  INFO
日 志 来 源:  Chatter.Service.ChatterService.Login(e:\code\myRepo\Chatter\Service\ChatterService.cs:76)
日 志 内 容:  用户776041669 请求登录
 

日 志 时 间:  2013-02-23 15:43:58,375 
日 志 级 别:  INFO
日 志 来 源:  Chatter.Service.ChatterService.Login(e:\code\myRepo\Chatter\Service\ChatterService.cs:130)
日 志 内 容:  用户776041669 登录成功
 

日 志 时 间:  2013-02-23 15:43:58,375 
日 志 级 别:  INFO
日 志 来 源:  Chatter.Service.ChatterService.PrintOnLineNumber(e:\code\myRepo\Chatter\Service\ChatterService.cs:448)
日 志 内 容:  当前在线人数:1
 

日 志 时 间:  2013-02-23 15:44:10,517 
日 志 级 别:  INFO
日 志 来 源:  Chatter.Service.ChatterService.Logoff(e:\code\myRepo\Chatter\Service\ChatterService.cs:160)
日 志 内 容:  用户776041668 Eva退出
 

日 志 时 间:  2013-02-23 15:44:10,517 
日 志 级 别:  INFO
日 志 来 源:  Chatter.Service.ChatterService.PrintOnLineNumber(e:\code\myRepo\Chatter\Service\ChatterService.cs:448)
日 志 内 容:  当前在线人数:1
 

日 志 时 间:  2013-02-23 15:44:37,802 
日 志 级 别:  INFO
日 志 来 源:  Chatter.Service.ChatterService.Logoff(e:\code\myRepo\Chatter\Service\ChatterService.cs:160)
日 志 内 容:  用户776041669 walle退出
 

日 志 时 间:  2013-02-23 15:44:37,803 
日 志 级 别:  INFO
日 志 来 源:  Chatter.Service.ChatterService.PrintOnLineNumber(e:\code\myRepo\Chatter\Service\ChatterService.cs:448)
日 志 内 容:  当前在线人数:0
 

日 志 时 间:  2013-02-23 15:46:15,375 
日 志 级 别:  INFO
日 志 来 源:  Chatter.Service.ChatterService.Login(e:\code\myRepo\Chatter\Service\ChatterService.cs:76)
日 志 内 容:  用户776041669 请求登录
 

日 志 时 间:  2013-02-23 15:46:15,383 
日 志 级 别:  INFO
日 志 来 源:  Chatter.Service.ChatterService.Login(e:\code\myRepo\Chatter\Service\ChatterService.cs:130)
日 志 内 容:  用户776041669 登录成功
 

日 志 时 间:  2013-02-23 15:46:15,385 
日 志 级 别:  INFO
日 志 来 源:  Chatter.Service.ChatterService.PrintOnLineNumber(e:\code\myRepo\Chatter\Service\ChatterService.cs:448)
日 志 内 容:  当前在线人数:1
 

日 志 时 间:  2013-02-23 15:46:24,141 
日 志 级 别:  INFO
日 志 来 源:  Chatter.Service.ChatterService.Login(e:\code\myRepo\Chatter\Service\ChatterService.cs:76)
日 志 内 容:  用户776041668 请求登录
 

日 志 时 间:  2013-02-23 15:46:24,147 
日 志 级 别:  INFO
日 志 来 源:  Chatter.Service.ChatterService.Login(e:\code\myRepo\Chatter\Service\ChatterService.cs:130)
日 志 内 容:  用户776041668 登录成功
 

日 志 时 间:  2013-02-23 15:46:24,147 
日 志 级 别:  INFO
日 志 来 源:  Chatter.Service.ChatterService.PrintOnLineNumber(e:\code\myRepo\Chatter\Service\ChatterService.cs:448)
日 志 内 容:  当前在线人数:2
 

日 志 时 间:  2013-02-23 15:48:41,661 
日 志 级 别:  INFO
日 志 来 源:  Chatter.Service.ChatterService.Logoff(e:\code\myRepo\Chatter\Service\ChatterService.cs:160)
日 志 内 容:  用户776041668 Eva退出
 

日 志 时 间:  2013-02-23 15:48:41,662 
日 志 级 别:  INFO
日 志 来 源:  Chatter.Service.ChatterService.PrintOnLineNumber(e:\code\myRepo\Chatter\Service\ChatterService.cs:448)
日 志 内 容:  当前在线人数:1
 

日 志 时 间:  2013-02-23 15:49:20,821 
日 志 级 别:  INFO
日 志 来 源:  Chatter.Host.Program+<>c__DisplayClass7.<Main>b__0(e:\code\myRepo\Chatter\Host\Program.cs:32)
日 志 内 容:  RegisterService已经启动
 

日 志 时 间:  2013-02-23 15:49:20,879 
日 志 级 别:  INFO
日 志 来 源:  Chatter.Host.Program+<>c__DisplayClass7.<Main>b__0(e:\code\myRepo\Chatter\Host\Program.cs:32)
日 志 内 容:  ChatterService已经启动
 

日 志 时 间:  2013-02-23 15:49:20,884 
日 志 级 别:  INFO
日 志 来 源:  Chatter.Host.Program+<>c__DisplayClass3.<Main>b__2(e:\code\myRepo\Chatter\Host\Program.cs:45)
日 志 内 容:  开始发送心跳包
 

日 志 时 间:  2013-02-23 15:49:43,423 
日 志 级 别:  INFO
日 志 来 源:  Chatter.Service.ChatterService.Login(e:\code\myRepo\Chatter\Service\ChatterService.cs:76)
日 志 内 容:  用户776041668 请求登录
 

日 志 时 间:  2013-02-23 15:49:44,821 
日 志 级 别:  INFO
日 志 来 源:  Chatter.Service.ChatterService.Login(e:\code\myRepo\Chatter\Service\ChatterService.cs:130)
日 志 内 容:  用户776041668 登录成功
 

日 志 时 间:  2013-02-23 15:49:44,826 
日 志 级 别:  INFO
日 志 来 源:  Chatter.Service.ChatterService.PrintOnLineNumber(e:\code\myRepo\Chatter\Service\ChatterService.cs:448)
日 志 内 容:  当前在线人数:1
 

日 志 时 间:  2013-02-23 15:49:55,039 
日 志 级 别:  INFO
日 志 来 源:  Chatter.Service.ChatterService.Login(e:\code\myRepo\Chatter\Service\ChatterService.cs:76)
日 志 内 容:  用户776041669 请求登录
 

日 志 时 间:  2013-02-23 15:49:55,087 
日 志 级 别:  INFO
日 志 来 源:  Chatter.Service.ChatterService.Login(e:\code\myRepo\Chatter\Service\ChatterService.cs:130)
日 志 内 容:  用户776041669 登录成功
 

日 志 时 间:  2013-02-23 15:49:55,088 
日 志 级 别:  INFO
日 志 来 源:  Chatter.Service.ChatterService.PrintOnLineNumber(e:\code\myRepo\Chatter\Service\ChatterService.cs:448)
日 志 内 容:  当前在线人数:2
 

日 志 时 间:  2013-02-23 15:51:25,012 
日 志 级 别:  WARN
日 志 来 源:  Chatter.Service.ChatterService.SendHearBeat(e:\code\myRepo\Chatter\Service\ChatterService.cs:682)
日 志 内 容:  发送心跳包失败776041668_Eva
 

日 志 时 间:  2013-02-23 15:51:25,013 
日 志 级 别:  INFO
日 志 来 源:  Chatter.Service.ChatterService.Logoff(e:\code\myRepo\Chatter\Service\ChatterService.cs:160)
日 志 内 容:  用户776041668 Eva退出
 

日 志 时 间:  2013-02-23 15:51:25,015 
日 志 级 别:  INFO
日 志 来 源:  Chatter.Service.ChatterService.PrintOnLineNumber(e:\code\myRepo\Chatter\Service\ChatterService.cs:448)
日 志 内 容:  当前在线人数:1
 

日 志 时 间:  2013-02-23 15:52:42,248 
日 志 级 别:  INFO
日 志 来 源:  Chatter.Service.ChatterService.Logoff(e:\code\myRepo\Chatter\Service\ChatterService.cs:160)
日 志 内 容:  用户776041668 Eva退出
 

日 志 时 间:  2013-02-23 15:52:42,250 
日 志 级 别:  INFO
日 志 来 源:  Chatter.Service.ChatterService.PrintOnLineNumber(e:\code\myRepo\Chatter\Service\ChatterService.cs:448)
日 志 内 容:  当前在线人数:1
 

日 志 时 间:  2013-02-23 15:56:22,564 
日 志 级 别:  INFO
日 志 来 源:  Chatter.Host.Program+<>c__DisplayClass7.<Main>b__1(e:\code\myRepo\Chatter\Host\Program.cs:37)
日 志 内 容:  RegisterService已经关闭
 

日 志 时 间:  2013-02-23 15:56:23,525 
日 志 级 别:  INFO
日 志 来 源:  Chatter.Host.Program+<>c__DisplayClass3.<Main>b__2(e:\code\myRepo\Chatter\Host\Program.cs:58)
日 志 内 容:  停止发送心跳包
 

日 志 时 间:  2013-02-23 15:56:32,626 
日 志 级 别:  INFO
日 志 来 源:  Chatter.Service.ChatterService.Logoff(e:\code\myRepo\Chatter\Service\ChatterService.cs:160)
日 志 内 容:  用户776041669 walle退出
 

日 志 时 间:  2013-02-23 15:56:32,656 
日 志 级 别:  INFO
日 志 来 源:  Chatter.Service.ChatterService.PrintOnLineNumber(e:\code\myRepo\Chatter\Service\ChatterService.cs:448)
日 志 内 容:  当前在线人数:0
 

日 志 时 间:  2013-02-23 15:56:32,657 
日 志 级 别:  INFO
日 志 来 源:  Chatter.Host.Program+<>c__DisplayClass7.<Main>b__1(e:\code\myRepo\Chatter\Host\Program.cs:37)
日 志 内 容:  ChatterService已经关闭
 

日 志 时 间:  2013-02-23 15:56:53,717 
日 志 级 别:  INFO
日 志 来 源:  Chatter.Host.Program+<>c__DisplayClass7.<Main>b__0(e:\code\myRepo\Chatter\Host\Program.cs:32)
日 志 内 容:  RegisterService已经启动
 

日 志 时 间:  2013-02-23 15:56:53,814 
日 志 级 别:  INFO
日 志 来 源:  Chatter.Host.Program+<>c__DisplayClass7.<Main>b__0(e:\code\myRepo\Chatter\Host\Program.cs:32)
日 志 内 容:  ChatterService已经启动
 

日 志 时 间:  2013-02-23 15:56:53,838 
日 志 级 别:  INFO
日 志 来 源:  Chatter.Host.Program+<>c__DisplayClass3.<Main>b__2(e:\code\myRepo\Chatter\Host\Program.cs:45)
日 志 内 容:  开始发送心跳包
 

日 志 时 间:  2013-02-23 15:57:18,424 
日 志 级 别:  INFO
日 志 来 源:  Chatter.Service.ChatterService.Login(e:\code\myRepo\Chatter\Service\ChatterService.cs:76)
日 志 内 容:  用户776041668 请求登录
 

日 志 时 间:  2013-02-23 15:57:19,917 
日 志 级 别:  INFO
日 志 来 源:  Chatter.Service.ChatterService.Login(e:\code\myRepo\Chatter\Service\ChatterService.cs:130)
日 志 内 容:  用户776041668 登录成功
 

日 志 时 间:  2013-02-23 15:57:19,918 
日 志 级 别:  INFO
日 志 来 源:  Chatter.Service.ChatterService.PrintOnLineNumber(e:\code\myRepo\Chatter\Service\ChatterService.cs:448)
日 志 内 容:  当前在线人数:1
 

日 志 时 间:  2013-02-23 15:57:20,099 
日 志 级 别:  INFO
日 志 来 源:  Chatter.Service.ChatterService.Login(e:\code\myRepo\Chatter\Service\ChatterService.cs:76)
日 志 内 容:  用户776041669 请求登录
 

日 志 时 间:  2013-02-23 15:57:20,112 
日 志 级 别:  INFO
日 志 来 源:  Chatter.Service.ChatterService.Login(e:\code\myRepo\Chatter\Service\ChatterService.cs:130)
日 志 内 容:  用户776041669 登录成功
 

日 志 时 间:  2013-02-23 15:57:20,114 
日 志 级 别:  INFO
日 志 来 源:  Chatter.Service.ChatterService.PrintOnLineNumber(e:\code\myRepo\Chatter\Service\ChatterService.cs:448)
日 志 内 容:  当前在线人数:2
 

日 志 时 间:  2013-02-23 15:58:56,335 
日 志 级 别:  WARN
日 志 来 源:  Chatter.Service.ChatterService.SendHearBeat(e:\code\myRepo\Chatter\Service\ChatterService.cs:682)
日 志 内 容:  发送心跳包失败776041669_walle
 

日 志 时 间:  2013-02-23 15:58:56,337 
日 志 级 别:  INFO
日 志 来 源:  Chatter.Service.ChatterService.Logoff(e:\code\myRepo\Chatter\Service\ChatterService.cs:160)
日 志 内 容:  用户776041669 walle退出
 

日 志 时 间:  2013-02-23 15:58:56,338 
日 志 级 别:  INFO
日 志 来 源:  Chatter.Service.ChatterService.PrintOnLineNumber(e:\code\myRepo\Chatter\Service\ChatterService.cs:448)
日 志 内 容:  当前在线人数:1
 

日 志 时 间:  2013-02-23 15:59:43,189 
日 志 级 别:  INFO
日 志 来 源:  Chatter.Host.Program+<>c__DisplayClass7.<Main>b__1(e:\code\myRepo\Chatter\Host\Program.cs:37)
日 志 内 容:  RegisterService已经关闭
 

日 志 时 间:  2013-02-23 15:59:43,471 
日 志 级 别:  INFO
日 志 来 源:  Chatter.Host.Program+<>c__DisplayClass3.<Main>b__2(e:\code\myRepo\Chatter\Host\Program.cs:58)
日 志 内 容:  停止发送心跳包
 

日 志 时 间:  2013-02-23 15:59:53,195 
日 志 级 别:  INFO
日 志 来 源:  Chatter.Service.ChatterService.Logoff(e:\code\myRepo\Chatter\Service\ChatterService.cs:160)
日 志 内 容:  用户776041669 walle退出
 

日 志 时 间:  2013-02-23 15:59:53,198 
日 志 级 别:  INFO
日 志 来 源:  Chatter.Service.ChatterService.Logoff(e:\code\myRepo\Chatter\Service\ChatterService.cs:160)
日 志 内 容:  用户776041668 Eva退出
 

日 志 时 间:  2013-02-23 15:59:53,199 
日 志 级 别:  INFO
日 志 来 源:  Chatter.Service.ChatterService.PrintOnLineNumber(e:\code\myRepo\Chatter\Service\ChatterService.cs:448)
日 志 内 容:  当前在线人数:1
 

日 志 时 间:  2013-02-23 15:59:53,200 
日 志 级 别:  INFO
日 志 来 源:  Chatter.Service.ChatterService.PrintOnLineNumber(e:\code\myRepo\Chatter\Service\ChatterService.cs:448)
日 志 内 容:  当前在线人数:0
 

日 志 时 间:  2013-02-23 15:59:53,204 
日 志 级 别:  INFO
日 志 来 源:  Chatter.Host.Program+<>c__DisplayClass7.<Main>b__1(e:\code\myRepo\Chatter\Host\Program.cs:37)
日 志 内 容:  ChatterService已经关闭
 

日 志 时 间:  2013-02-23 15:59:59,721 
日 志 级 别:  INFO
日 志 来 源:  Chatter.Host.Program+<>c__DisplayClass7.<Main>b__0(e:\code\myRepo\Chatter\Host\Program.cs:32)
日 志 内 容:  RegisterService已经启动
 

日 志 时 间:  2013-02-23 15:59:59,878 
日 志 级 别:  INFO
日 志 来 源:  Chatter.Host.Program+<>c__DisplayClass7.<Main>b__0(e:\code\myRepo\Chatter\Host\Program.cs:32)
日 志 内 容:  ChatterService已经启动
 

日 志 时 间:  2013-02-23 15:59:59,881 
日 志 级 别:  INFO
日 志 来 源:  Chatter.Host.Program+<>c__DisplayClass3.<Main>b__2(e:\code\myRepo\Chatter\Host\Program.cs:45)
日 志 内 容:  开始发送心跳包
 

日 志 时 间:  2013-02-23 16:00:55,800 
日 志 级 别:  INFO
日 志 来 源:  Chatter.Service.ChatterService.Login(e:\code\myRepo\Chatter\Service\ChatterService.cs:76)
日 志 内 容:  用户776041669 请求登录
 

日 志 时 间:  2013-02-23 16:01:00,907 
日 志 级 别:  INFO
日 志 来 源:  Chatter.Service.ChatterService.Login(e:\code\myRepo\Chatter\Service\ChatterService.cs:130)
日 志 内 容:  用户776041669 登录成功
 

日 志 时 间:  2013-02-23 16:01:00,908 
日 志 级 别:  INFO
日 志 来 源:  Chatter.Service.ChatterService.PrintOnLineNumber(e:\code\myRepo\Chatter\Service\ChatterService.cs:448)
日 志 内 容:  当前在线人数:1
 

日 志 时 间:  2013-02-23 16:01:23,250 
日 志 级 别:  INFO
日 志 来 源:  Chatter.Service.ChatterService.Login(e:\code\myRepo\Chatter\Service\ChatterService.cs:76)
日 志 内 容:  用户776041669 请求登录
 

日 志 时 间:  2013-02-23 16:01:23,266 
日 志 级 别:  ERROR
日 志 来 源:  Chatter.Service.ChatterService.Login(e:\code\myRepo\Chatter\Service\ChatterService.cs:136)
日 志 内 容:  776041669登录时候出现错误
 System.ArgumentException: 已添加项。字典中的关键字:“776041669”所添加的关键字:“776041669”
   在 System.Collections.Hashtable.Insert(Object key, Object nvalue, Boolean add)
   在 System.Collections.Hashtable.Add(Object key, Object value)
   在 Chatter.Service.ChatterService.Login(Member member) 位置 e:\code\myRepo\Chatter\Service\ChatterService.cs:行号 126


日 志 时 间:  2013-02-23 16:01:27,922 
日 志 级 别:  INFO
日 志 来 源:  Chatter.Service.ChatterService.Login(e:\code\myRepo\Chatter\Service\ChatterService.cs:76)
日 志 内 容:  用户776041668 请求登录
 

日 志 时 间:  2013-02-23 16:01:27,937 
日 志 级 别:  INFO
日 志 来 源:  Chatter.Service.ChatterService.Login(e:\code\myRepo\Chatter\Service\ChatterService.cs:130)
日 志 内 容:  用户776041668 登录成功
 

日 志 时 间:  2013-02-23 16:01:27,938 
日 志 级 别:  INFO
日 志 来 源:  Chatter.Service.ChatterService.PrintOnLineNumber(e:\code\myRepo\Chatter\Service\ChatterService.cs:448)
日 志 内 容:  当前在线人数:2
 

日 志 时 间:  2013-02-23 16:02:36,894 
日 志 级 别:  INFO
日 志 来 源:  Chatter.Service.ChatterService.Logoff(e:\code\myRepo\Chatter\Service\ChatterService.cs:160)
日 志 内 容:  用户776041669 walle退出
 

日 志 时 间:  2013-02-23 16:02:37,402 
日 志 级 别:  WARN
日 志 来 源:  Chatter.Service.ChatterService.SendHearBeat(e:\code\myRepo\Chatter\Service\ChatterService.cs:679)
日 志 内 容:  发送心跳包失败776041669_walle
 

日 志 时 间:  2013-02-23 16:02:39,356 
日 志 级 别:  INFO
日 志 来 源:  Chatter.Service.ChatterService.PrintOnLineNumber(e:\code\myRepo\Chatter\Service\ChatterService.cs:448)
日 志 内 容:  当前在线人数:1
 

日 志 时 间:  2013-02-23 16:02:39,356 
日 志 级 别:  INFO
日 志 来 源:  Chatter.Service.ChatterService.Logoff(e:\code\myRepo\Chatter\Service\ChatterService.cs:160)
日 志 内 容:  用户776041669 walle退出
 

日 志 时 间:  2013-02-23 16:02:39,358 
日 志 级 别:  INFO
日 志 来 源:  Chatter.Service.ChatterService.PrintOnLineNumber(e:\code\myRepo\Chatter\Service\ChatterService.cs:448)
日 志 内 容:  当前在线人数:1
 

日 志 时 间:  2013-02-23 16:02:43,122 
日 志 级 别:  INFO
日 志 来 源:  Chatter.Service.ChatterService.Logoff(e:\code\myRepo\Chatter\Service\ChatterService.cs:160)
日 志 内 容:  用户776041668 Eva退出
 

日 志 时 间:  2013-02-23 16:02:43,124 
日 志 级 别:  INFO
日 志 来 源:  Chatter.Service.ChatterService.PrintOnLineNumber(e:\code\myRepo\Chatter\Service\ChatterService.cs:448)
日 志 内 容:  当前在线人数:0
 

日 志 时 间:  2013-02-23 16:02:51,695 
日 志 级 别:  INFO
日 志 来 源:  Chatter.Host.Program+<>c__DisplayClass7.<Main>b__1(e:\code\myRepo\Chatter\Host\Program.cs:37)
日 志 内 容:  RegisterService已经关闭
 

日 志 时 间:  2013-02-23 16:02:52,428 
日 志 级 别:  INFO
日 志 来 源:  Chatter.Host.Program+<>c__DisplayClass3.<Main>b__2(e:\code\myRepo\Chatter\Host\Program.cs:58)
日 志 内 容:  停止发送心跳包
 

日 志 时 间:  2013-02-23 16:03:01,710 
日 志 级 别:  INFO
日 志 来 源:  Chatter.Service.ChatterService.Logoff(e:\code\myRepo\Chatter\Service\ChatterService.cs:160)
日 志 内 容:  用户776041669 walle退出
 

日 志 时 间:  2013-02-23 16:03:01,710 
日 志 级 别:  INFO
日 志 来 源:  Chatter.Service.ChatterService.PrintOnLineNumber(e:\code\myRepo\Chatter\Service\ChatterService.cs:448)
日 志 内 容:  当前在线人数:0
 

日 志 时 间:  2013-02-23 16:03:01,710 
日 志 级 别:  INFO
日 志 来 源:  Chatter.Host.Program+<>c__DisplayClass7.<Main>b__1(e:\code\myRepo\Chatter\Host\Program.cs:37)
日 志 内 容:  ChatterService已经关闭
 

日 志 时 间:  2013-02-23 16:07:45,005 
日 志 级 别:  INFO
日 志 来 源:  Chatter.Host.Program+<>c__DisplayClass7.<Main>b__0(e:\code\myRepo\Chatter\Host\Program.cs:32)
日 志 内 容:  RegisterService已经启动
 

日 志 时 间:  2013-02-23 16:07:45,313 
日 志 级 别:  INFO
日 志 来 源:  Chatter.Host.Program+<>c__DisplayClass7.<Main>b__0(e:\code\myRepo\Chatter\Host\Program.cs:32)
日 志 内 容:  ChatterService已经启动
 

日 志 时 间:  2013-02-23 16:07:45,318 
日 志 级 别:  INFO
日 志 来 源:  Chatter.Host.Program+<>c__DisplayClass3.<Main>b__2(e:\code\myRepo\Chatter\Host\Program.cs:45)
日 志 内 容:  开始发送心跳包
 

日 志 时 间:  2013-02-23 16:07:47,345 
日 志 级 别:  INFO
日 志 来 源:  Chatter.Service.ChatterService.Login(e:\code\myRepo\Chatter\Service\ChatterService.cs:76)
日 志 内 容:  用户776041669 请求登录
 

日 志 时 间:  2013-02-23 16:07:49,069 
日 志 级 别:  INFO
日 志 来 源:  Chatter.Service.ChatterService.Login(e:\code\myRepo\Chatter\Service\ChatterService.cs:130)
日 志 内 容:  用户776041669 登录成功
 

日 志 时 间:  2013-02-23 16:07:49,070 
日 志 级 别:  INFO
日 志 来 源:  Chatter.Service.ChatterService.PrintOnLineNumber(e:\code\myRepo\Chatter\Service\ChatterService.cs:448)
日 志 内 容:  当前在线人数:1
 

日 志 时 间:  2013-02-23 16:07:52,314 
日 志 级 别:  INFO
日 志 来 源:  Chatter.Service.ChatterService.Login(e:\code\myRepo\Chatter\Service\ChatterService.cs:76)
日 志 内 容:  用户776041668 请求登录
 

日 志 时 间:  2013-02-23 16:07:52,320 
日 志 级 别:  INFO
日 志 来 源:  Chatter.Service.ChatterService.Login(e:\code\myRepo\Chatter\Service\ChatterService.cs:130)
日 志 内 容:  用户776041668 登录成功
 

日 志 时 间:  2013-02-23 16:07:52,321 
日 志 级 别:  INFO
日 志 来 源:  Chatter.Service.ChatterService.PrintOnLineNumber(e:\code\myRepo\Chatter\Service\ChatterService.cs:448)
日 志 内 容:  当前在线人数:2
 

日 志 时 间:  2013-02-23 16:08:20,896 
日 志 级 别:  INFO
日 志 来 源:  Chatter.Service.ChatterService.Logoff(e:\code\myRepo\Chatter\Service\ChatterService.cs:160)
日 志 内 容:  用户776041669 walle退出
 

日 志 时 间:  2013-02-23 16:08:20,898 
日 志 级 别:  INFO
日 志 来 源:  Chatter.Service.ChatterService.PrintOnLineNumber(e:\code\myRepo\Chatter\Service\ChatterService.cs:448)
日 志 内 容:  当前在线人数:1
 

日 志 时 间:  2013-02-23 16:08:38,671 
日 志 级 别:  INFO
日 志 来 源:  Chatter.Service.ChatterService.Logoff(e:\code\myRepo\Chatter\Service\ChatterService.cs:160)
日 志 内 容:  用户776041668 Eva退出
 

日 志 时 间:  2013-02-23 16:08:38,673 
日 志 级 别:  WARN
日 志 来 源:  Chatter.Service.ChatterService.SendHearBeat(e:\code\myRepo\Chatter\Service\ChatterService.cs:679)
日 志 内 容:  发送心跳包失败776041668_Eva
 

日 志 时 间:  2013-02-23 16:08:38,678 
日 志 级 别:  INFO
日 志 来 源:  Chatter.Service.ChatterService.PrintOnLineNumber(e:\code\myRepo\Chatter\Service\ChatterService.cs:448)
日 志 内 容:  当前在线人数:0
 

日 志 时 间:  2013-02-23 16:08:38,679 
日 志 级 别:  INFO
日 志 来 源:  Chatter.Service.ChatterService.Logoff(e:\code\myRepo\Chatter\Service\ChatterService.cs:160)
日 志 内 容:  用户776041668 Eva退出
 

日 志 时 间:  2013-02-23 16:08:38,679 
日 志 级 别:  INFO
日 志 来 源:  Chatter.Service.ChatterService.PrintOnLineNumber(e:\code\myRepo\Chatter\Service\ChatterService.cs:448)
日 志 内 容:  当前在线人数:0
 

日 志 时 间:  2013-02-23 16:08:49,795 
日 志 级 别:  INFO
日 志 来 源:  Chatter.Service.ChatterService.Login(e:\code\myRepo\Chatter\Service\ChatterService.cs:76)
日 志 内 容:  用户776041668 请求登录
 

日 志 时 间:  2013-02-23 16:08:49,833 
日 志 级 别:  INFO
日 志 来 源:  Chatter.Service.ChatterService.Login(e:\code\myRepo\Chatter\Service\ChatterService.cs:130)
日 志 内 容:  用户776041668 登录成功
 

日 志 时 间:  2013-02-23 16:08:49,834 
日 志 级 别:  INFO
日 志 来 源:  Chatter.Service.ChatterService.PrintOnLineNumber(e:\code\myRepo\Chatter\Service\ChatterService.cs:448)
日 志 内 容:  当前在线人数:1
 

日 志 时 间:  2013-02-23 16:11:26,268 
日 志 级 别:  INFO
日 志 来 源:  Chatter.Service.ChatterService.Logoff(e:\code\myRepo\Chatter\Service\ChatterService.cs:160)
日 志 内 容:  用户776041668 Eva退出
 

日 志 时 间:  2013-02-23 16:11:27,112 
日 志 级 别:  WARN
日 志 来 源:  Chatter.Service.ChatterService.SendHearBeat(e:\code\myRepo\Chatter\Service\ChatterService.cs:679)
日 志 内 容:  发送心跳包失败776041668_Eva
 

日 志 时 间:  2013-02-23 16:11:28,304 
日 志 级 别:  INFO
日 志 来 源:  Chatter.Service.ChatterService.Logoff(e:\code\myRepo\Chatter\Service\ChatterService.cs:160)
日 志 内 容:  用户776041668 Eva退出
 

日 志 时 间:  2013-02-23 16:11:28,305 
日 志 级 别:  INFO
日 志 来 源:  Chatter.Service.ChatterService.PrintOnLineNumber(e:\code\myRepo\Chatter\Service\ChatterService.cs:448)
日 志 内 容:  当前在线人数:0
 

日 志 时 间:  2013-02-23 16:11:28,305 
日 志 级 别:  INFO
日 志 来 源:  Chatter.Service.ChatterService.PrintOnLineNumber(e:\code\myRepo\Chatter\Service\ChatterService.cs:448)
日 志 内 容:  当前在线人数:0
 

日 志 时 间:  2013-02-23 16:16:54,207 
日 志 级 别:  INFO
日 志 来 源:  Chatter.Service.ChatterService.Login(e:\code\myRepo\Chatter\Service\ChatterService.cs:76)
日 志 内 容:  用户776041668 请求登录
 

日 志 时 间:  2013-02-23 16:16:54,212 
日 志 级 别:  INFO
日 志 来 源:  Chatter.Service.ChatterService.Login(e:\code\myRepo\Chatter\Service\ChatterService.cs:130)
日 志 内 容:  用户776041668 登录成功
 

日 志 时 间:  2013-02-23 16:16:54,213 
日 志 级 别:  INFO
日 志 来 源:  Chatter.Service.ChatterService.PrintOnLineNumber(e:\code\myRepo\Chatter\Service\ChatterService.cs:448)
日 志 内 容:  当前在线人数:1
 

日 志 时 间:  2013-02-23 16:17:01,278 
日 志 级 别:  WARN
日 志 来 源:  Chatter.Service.ChatterService.SendHearBeat(e:\code\myRepo\Chatter\Service\ChatterService.cs:679)
日 志 内 容:  发送心跳包失败776041668_Eva
 

日 志 时 间:  2013-02-23 16:17:01,279 
日 志 级 别:  INFO
日 志 来 源:  Chatter.Service.ChatterService.Logoff(e:\code\myRepo\Chatter\Service\ChatterService.cs:160)
日 志 内 容:  用户776041668 Eva退出
 

日 志 时 间:  2013-02-23 16:17:01,279 
日 志 级 别:  INFO
日 志 来 源:  Chatter.Service.ChatterService.PrintOnLineNumber(e:\code\myRepo\Chatter\Service\ChatterService.cs:448)
日 志 内 容:  当前在线人数:0
 

日 志 时 间:  2013-02-23 16:17:01,279 
日 志 级 别:  INFO
日 志 来 源:  Chatter.Service.ChatterService.Logoff(e:\code\myRepo\Chatter\Service\ChatterService.cs:160)
日 志 内 容:  用户776041668 Eva退出
 

日 志 时 间:  2013-02-23 16:17:01,283 
日 志 级 别:  INFO
日 志 来 源:  Chatter.Service.ChatterService.PrintOnLineNumber(e:\code\myRepo\Chatter\Service\ChatterService.cs:448)
日 志 内 容:  当前在线人数:0
 

日 志 时 间:  2013-02-23 16:17:31,630 
日 志 级 别:  INFO
日 志 来 源:  Chatter.Host.Program+<>c__DisplayClass7.<Main>b__1(e:\code\myRepo\Chatter\Host\Program.cs:37)
日 志 内 容:  RegisterService已经关闭
 

日 志 时 间:  2013-02-23 16:17:31,679 
日 志 级 别:  INFO
日 志 来 源:  Chatter.Host.Program+<>c__DisplayClass7.<Main>b__1(e:\code\myRepo\Chatter\Host\Program.cs:37)
日 志 内 容:  ChatterService已经关闭
 

日 志 时 间:  2013-02-23 16:17:32,296 
日 志 级 别:  INFO
日 志 来 源:  Chatter.Host.Program+<>c__DisplayClass3.<Main>b__2(e:\code\myRepo\Chatter\Host\Program.cs:58)
日 志 内 容:  停止发送心跳包
 

日 志 时 间:  2013-02-23 19:50:37,203 
日 志 级 别:  INFO
日 志 来 源:  Chatter.Host.Program+<>c__DisplayClass7.<Main>b__0(e:\code\myRepo\Chatter\Host\Program.cs:32)
日 志 内 容:  RegisterService已经启动
 

日 志 时 间:  2013-02-23 19:50:37,544 
日 志 级 别:  INFO
日 志 来 源:  Chatter.Host.Program+<>c__DisplayClass7.<Main>b__0(e:\code\myRepo\Chatter\Host\Program.cs:32)
日 志 内 容:  ChatterService已经启动
 

日 志 时 间:  2013-02-23 19:50:37,548 
日 志 级 别:  INFO
日 志 来 源:  Chatter.Host.Program+<>c__DisplayClass3.<Main>b__2(e:\code\myRepo\Chatter\Host\Program.cs:45)
日 志 内 容:  开始发送心跳包
 

日 志 时 间:  2013-02-23 19:50:46,526 
日 志 级 别:  INFO
日 志 来 源:  Chatter.Service.ChatterService.Login(e:\code\myRepo\Chatter\Service\ChatterService.cs:76)
日 志 内 容:  用户776041668 请求登录
 

日 志 时 间:  2013-02-23 19:50:47,812 
日 志 级 别:  INFO
日 志 来 源:  Chatter.Service.ChatterService.Login(e:\code\myRepo\Chatter\Service\ChatterService.cs:130)
日 志 内 容:  用户776041668 登录成功
 

日 志 时 间:  2013-02-23 19:50:47,814 
日 志 级 别:  INFO
日 志 来 源:  Chatter.Service.ChatterService.PrintOnLineNumber(e:\code\myRepo\Chatter\Service\ChatterService.cs:448)
日 志 内 容:  当前在线人数:1
 

日 志 时 间:  2013-02-23 19:52:29,104 
日 志 级 别:  INFO
日 志 来 源:  Chatter.Service.ChatterService.Login(e:\code\myRepo\Chatter\Service\ChatterService.cs:76)
日 志 内 容:  用户1234002 请求登录
 

日 志 时 间:  2013-02-23 19:52:29,128 
日 志 级 别:  INFO
日 志 来 源:  Chatter.Service.ChatterService.Login(e:\code\myRepo\Chatter\Service\ChatterService.cs:130)
日 志 内 容:  用户1234002 登录成功
 

日 志 时 间:  2013-02-23 19:52:29,129 
日 志 级 别:  INFO
日 志 来 源:  Chatter.Service.ChatterService.PrintOnLineNumber(e:\code\myRepo\Chatter\Service\ChatterService.cs:448)
日 志 内 容:  当前在线人数:2
 

日 志 时 间:  2013-02-23 19:53:18,516 
日 志 级 别:  INFO
日 志 来 源:  Chatter.Service.ChatterService.Logoff(e:\code\myRepo\Chatter\Service\ChatterService.cs:160)
日 志 内 容:  用户776041668 Eva退出
 

日 志 时 间:  2013-02-23 19:53:18,518 
日 志 级 别:  INFO
日 志 来 源:  Chatter.Service.ChatterService.PrintOnLineNumber(e:\code\myRepo\Chatter\Service\ChatterService.cs:448)
日 志 内 容:  当前在线人数:1
 

日 志 时 间:  2013-02-23 19:53:26,988 
日 志 级 别:  INFO
日 志 来 源:  Chatter.Service.ChatterService.Logoff(e:\code\myRepo\Chatter\Service\ChatterService.cs:160)
日 志 内 容:  用户1234002 sang退出
 

日 志 时 间:  2013-02-23 19:53:26,994 
日 志 级 别:  INFO
日 志 来 源:  Chatter.Service.ChatterService.PrintOnLineNumber(e:\code\myRepo\Chatter\Service\ChatterService.cs:448)
日 志 内 容:  当前在线人数:0
 

日 志 时 间:  2013-02-23 19:53:27,034 
日 志 级 别:  WARN
日 志 来 源:  Chatter.Service.ChatterService.SendHearBeat(e:\code\myRepo\Chatter\Service\ChatterService.cs:674)
日 志 内 容:  发送心跳包失败1234002_sang
 

日 志 时 间:  2013-02-23 19:53:27,035 
日 志 级 别:  INFO
日 志 来 源:  Chatter.Service.ChatterService.Logoff(e:\code\myRepo\Chatter\Service\ChatterService.cs:160)
日 志 内 容:  用户1234002 sang退出
 

日 志 时 间:  2013-02-23 19:53:27,036 
日 志 级 别:  INFO
日 志 来 源:  Chatter.Service.ChatterService.PrintOnLineNumber(e:\code\myRepo\Chatter\Service\ChatterService.cs:448)
日 志 内 容:  当前在线人数:0
 

日 志 时 间:  2013-02-23 19:53:27,038 
日 志 级 别:  WARN
日 志 来 源:  Chatter.Service.ChatterService.SendHearBeat(e:\code\myRepo\Chatter\Service\ChatterService.cs:674)
日 志 内 容:  发送心跳包失败776041668_Eva
 

日 志 时 间:  2013-02-23 19:53:27,038 
日 志 级 别:  INFO
日 志 来 源:  Chatter.Service.ChatterService.Logoff(e:\code\myRepo\Chatter\Service\ChatterService.cs:160)
日 志 内 容:  用户776041668 Eva退出
 

日 志 时 间:  2013-02-23 19:53:27,039 
日 志 级 别:  INFO
日 志 来 源:  Chatter.Service.ChatterService.PrintOnLineNumber(e:\code\myRepo\Chatter\Service\ChatterService.cs:448)
日 志 内 容:  当前在线人数:0
 

日 志 时 间:  2013-02-23 19:53:51,933 
日 志 级 别:  INFO
日 志 来 源:  Chatter.Service.ChatterService.Login(e:\code\myRepo\Chatter\Service\ChatterService.cs:76)
日 志 内 容:  用户1234002 请求登录
 

日 志 时 间:  2013-02-23 19:53:51,938 
日 志 级 别:  INFO
日 志 来 源:  Chatter.Service.ChatterService.Login(e:\code\myRepo\Chatter\Service\ChatterService.cs:130)
日 志 内 容:  用户1234002 登录成功
 

日 志 时 间:  2013-02-23 19:53:51,940 
日 志 级 别:  INFO
日 志 来 源:  Chatter.Service.ChatterService.PrintOnLineNumber(e:\code\myRepo\Chatter\Service\ChatterService.cs:448)
日 志 内 容:  当前在线人数:1
 

日 志 时 间:  2013-02-23 20:01:16,116 
日 志 级 别:  INFO
日 志 来 源:  Chatter.Service.ChatterService.Login(e:\code\myRepo\Chatter\Service\ChatterService.cs:76)
日 志 内 容:  用户1234001 请求登录
 

日 志 时 间:  2013-02-23 20:01:16,131 
日 志 级 别:  INFO
日 志 来 源:  Chatter.Service.ChatterService.Login(e:\code\myRepo\Chatter\Service\ChatterService.cs:130)
日 志 内 容:  用户1234001 登录成功
 

日 志 时 间:  2013-02-23 20:01:16,134 
日 志 级 别:  INFO
日 志 来 源:  Chatter.Service.ChatterService.PrintOnLineNumber(e:\code\myRepo\Chatter\Service\ChatterService.cs:448)
日 志 内 容:  当前在线人数:2
 

日 志 时 间:  2013-02-23 20:05:35,488 
日 志 级 别:  INFO
日 志 来 源:  Chatter.Service.ChatterService.Login(e:\code\myRepo\Chatter\Service\ChatterService.cs:76)
日 志 内 容:  用户776041669 请求登录
 

日 志 时 间:  2013-02-23 20:05:35,497 
日 志 级 别:  INFO
日 志 来 源:  Chatter.Service.ChatterService.Login(e:\code\myRepo\Chatter\Service\ChatterService.cs:130)
日 志 内 容:  用户776041669 登录成功
 

日 志 时 间:  2013-02-23 20:05:35,512 
日 志 级 别:  INFO
日 志 来 源:  Chatter.Service.ChatterService.PrintOnLineNumber(e:\code\myRepo\Chatter\Service\ChatterService.cs:448)
日 志 内 容:  当前在线人数:3
 

日 志 时 间:  2013-02-23 20:12:23,863 
日 志 级 别:  INFO
日 志 来 源:  Chatter.Service.ChatterService.Login(e:\code\myRepo\Chatter\Service\ChatterService.cs:76)
日 志 内 容:  用户776041669 请求登录
 

日 志 时 间:  2013-02-23 20:12:23,944 
日 志 级 别:  ERROR
日 志 来 源:  Chatter.Service.ChatterService.Login(e:\code\myRepo\Chatter\Service\ChatterService.cs:126)
日 志 内 容:  776041669登录时候出现错误
 System.ArgumentException: 已添加项。字典中的关键字:“776041669”所添加的关键字:“776041669”
   在 System.Collections.Hashtable.Insert(Object key, Object nvalue, Boolean add)
   在 Chatter.Service.ChatterService.Login(Member member) 位置 e:\code\myRepo\Chatter\Service\ChatterService.cs:行号 126


日 志 时 间:  2013-02-23 20:12:26,990 
日 志 级 别:  INFO
日 志 来 源:  Chatter.Service.ChatterService.Login(e:\code\myRepo\Chatter\Service\ChatterService.cs:76)
日 志 内 容:  用户776041669 请求登录
 

日 志 时 间:  2013-02-23 20:12:27,044 
日 志 级 别:  ERROR
日 志 来 源:  Chatter.Service.ChatterService.Login(e:\code\myRepo\Chatter\Service\ChatterService.cs:126)
日 志 内 容:  776041669登录时候出现错误
 System.ArgumentException: 已添加项。字典中的关键字:“776041669”所添加的关键字:“776041669”
   在 System.Collections.Hashtable.Insert(Object key, Object nvalue, Boolean add)
   在 Chatter.Service.ChatterService.Login(Member member) 位置 e:\code\myRepo\Chatter\Service\ChatterService.cs:行号 126


日 志 时 间:  2013-02-23 20:12:34,163 
日 志 级 别:  INFO
日 志 来 源:  Chatter.Service.ChatterService.Login(e:\code\myRepo\Chatter\Service\ChatterService.cs:76)
日 志 内 容:  用户776041668 请求登录
 

日 志 时 间:  2013-02-23 20:12:34,190 
日 志 级 别:  INFO
日 志 来 源:  Chatter.Service.ChatterService.Login(e:\code\myRepo\Chatter\Service\ChatterService.cs:130)
日 志 内 容:  用户776041668 登录成功
 

日 志 时 间:  2013-02-23 20:12:34,209 
日 志 级 别:  INFO
日 志 来 源:  Chatter.Service.ChatterService.PrintOnLineNumber(e:\code\myRepo\Chatter\Service\ChatterService.cs:448)
日 志 内 容:  当前在线人数:4
 

日 志 时 间:  2013-02-23 20:13:25,026 
日 志 级 别:  INFO
日 志 来 源:  Chatter.Service.ChatterService.Logoff(e:\code\myRepo\Chatter\Service\ChatterService.cs:160)
日 志 内 容:  用户776041668 Eva退出
 

日 志 时 间:  2013-02-23 20:13:25,041 
日 志 级 别:  INFO
日 志 来 源:  Chatter.Service.ChatterService.PrintOnLineNumber(e:\code\myRepo\Chatter\Service\ChatterService.cs:448)
日 志 内 容:  当前在线人数:3
 

日 志 时 间:  2013-02-23 20:13:25,027 
日 志 级 别:  WARN
日 志 来 源:  Chatter.Service.ChatterService.SendHearBeat(e:\code\myRepo\Chatter\Service\ChatterService.cs:674)
日 志 内 容:  发送心跳包失败776041668_Eva
 

日 志 时 间:  2013-02-23 20:13:25,073 
日 志 级 别:  INFO
日 志 来 源:  Chatter.Service.ChatterService.Logoff(e:\code\myRepo\Chatter\Service\ChatterService.cs:160)
日 志 内 容:  用户776041668 Eva退出
 

日 志 时 间:  2013-02-23 20:13:25,077 
日 志 级 别:  INFO
日 志 来 源:  Chatter.Service.ChatterService.PrintOnLineNumber(e:\code\myRepo\Chatter\Service\ChatterService.cs:448)
日 志 内 容:  当前在线人数:3
 

日 志 时 间:  2013-02-23 20:13:29,815 
日 志 级 别:  INFO
日 志 来 源:  Chatter.Service.ChatterService.Logoff(e:\code\myRepo\Chatter\Service\ChatterService.cs:160)
日 志 内 容:  用户1234001 Kevin退出
 

日 志 时 间:  2013-02-23 20:13:29,834 
日 志 级 别:  INFO
日 志 来 源:  Chatter.Service.ChatterService.PrintOnLineNumber(e:\code\myRepo\Chatter\Service\ChatterService.cs:448)
日 志 内 容:  当前在线人数:2
 

日 志 时 间:  2013-02-23 20:13:41,790 
日 志 级 别:  INFO
日 志 来 源:  Chatter.Service.ChatterService.Logoff(e:\code\myRepo\Chatter\Service\ChatterService.cs:160)
日 志 内 容:  用户776041669 walle退出
 

日 志 时 间:  2013-02-23 20:13:42,220 
日 志 级 别:  WARN
日 志 来 源:  Chatter.Service.ChatterService.SendHearBeat(e:\code\myRepo\Chatter\Service\ChatterService.cs:674)
日 志 内 容:  发送心跳包失败776041669_walle
 

日 志 时 间:  2013-02-23 20:13:44,185 
日 志 级 别:  INFO
日 志 来 源:  Chatter.Service.ChatterService.Logoff(e:\code\myRepo\Chatter\Service\ChatterService.cs:160)
日 志 内 容:  用户1234002 sang退出
 

日 志 时 间:  2013-02-23 20:13:46,126 
日 志 级 别:  INFO
日 志 来 源:  Chatter.Service.ChatterService.PrintOnLineNumber(e:\code\myRepo\Chatter\Service\ChatterService.cs:448)
日 志 内 容:  当前在线人数:1
 

日 志 时 间:  2013-02-23 20:13:46,128 
日 志 级 别:  INFO
日 志 来 源:  Chatter.Service.ChatterService.Logoff(e:\code\myRepo\Chatter\Service\ChatterService.cs:160)
日 志 内 容:  用户776041669 walle退出
 

日 志 时 间:  2013-02-23 20:13:46,130 
日 志 级 别:  INFO
日 志 来 源:  Chatter.Service.ChatterService.PrintOnLineNumber(e:\code\myRepo\Chatter\Service\ChatterService.cs:448)
日 志 内 容:  当前在线人数:0
 

日 志 时 间:  2013-02-23 20:13:46,132 
日 志 级 别:  INFO
日 志 来 源:  Chatter.Service.ChatterService.PrintOnLineNumber(e:\code\myRepo\Chatter\Service\ChatterService.cs:448)
日 志 内 容:  当前在线人数:0
 

日 志 时 间:  2013-02-23 20:13:57,150 
日 志 级 别:  INFO
日 志 来 源:  Chatter.Service.ChatterService.Logoff(e:\code\myRepo\Chatter\Service\ChatterService.cs:160)
日 志 内 容:  用户776041669 walle退出
 

日 志 时 间:  2013-02-23 20:13:57,209 
日 志 级 别:  INFO
日 志 来 源:  Chatter.Service.ChatterService.PrintOnLineNumber(e:\code\myRepo\Chatter\Service\ChatterService.cs:448)
日 志 内 容:  当前在线人数:0
 

日 志 时 间:  2013-02-23 20:14:24,051 
日 志 级 别:  INFO
日 志 来 源:  Chatter.Service.ChatterService.Logoff(e:\code\myRepo\Chatter\Service\ChatterService.cs:160)
日 志 内 容:  用户776041669 walle退出
 

日 志 时 间:  2013-02-23 20:14:24,052 
日 志 级 别:  INFO
日 志 来 源:  Chatter.Service.ChatterService.PrintOnLineNumber(e:\code\myRepo\Chatter\Service\ChatterService.cs:448)
日 志 内 容:  当前在线人数:0
 

