日 志 时 间:  2013-04-04 19:47:37,016 
日 志 级 别:  INFO
日 志 来 源: [1]::Chatter.Host.Program+<>c__DisplayClass4.<Main>b__0(e:\code\myRepo\Chatter\Host\Program.cs:47)
日 志 内 容:  RegisterService已经启动
 

日 志 时 间:  2013-04-04 19:47:42,014 
日 志 级 别:  INFO
日 志 来 源: [1]::Chatter.Host.Program+<>c__DisplayClass4.<Main>b__0(e:\code\myRepo\Chatter\Host\Program.cs:47)
日 志 内 容:  ChatterService已经启动
 

日 志 时 间:  2013-04-04 19:47:42,040 
日 志 级 别:  INFO
日 志 来 源: [1]::Chatter.Host.Program+<>c__DisplayClass4.<Main>b__0(e:\code\myRepo\Chatter\Host\Program.cs:47)
日 志 内 容:  CustomPeerResolverService已经启动
 

日 志 时 间:  2013-04-04 19:52:13,808 
日 志 级 别:  INFO
日 志 来 源: [9]::Chatter.Service.ChatterService.<.cctor>b__1(e:\code\myRepo\Chatter\Service\ChatterService.cs:74)
日 志 内 容:  开始接收心跳包
 

日 志 时 间:  2013-04-04 19:52:15,016 
日 志 级 别:  INFO
日 志 来 源: [8]::Chatter.Service.ChatterService.Login(e:\code\myRepo\Chatter\Service\ChatterService.cs:127)
日 志 内 容:  用户776041669 请求登录
 

日 志 时 间:  2013-04-04 19:52:17,961 
日 志 级 别:  INFO
日 志 来 源: [7]::Chatter.Service.ChatterService.Login(e:\code\myRepo\Chatter\Service\ChatterService.cs:127)
日 志 内 容:  用户776041668 请求登录
 

日 志 时 间:  2013-04-04 19:52:21,089 
日 志 级 别:  ERROR
日 志 来 源: [8]::Chatter.DAL.DALService.GetMember(e:\code\myRepo\Chatter\DAL\DALService.cs:182)
日 志 内 容:  获得用户出现错误

 MySql.Data.MySqlClient.MySqlException: There is already an open DataReader associated with this Connection which must be closed first.
   在 MySql.Data.MySqlClient.ExceptionInterceptor.Throw(Exception exception)
   在 MySql.Data.MySqlClient.MySqlCommand.Throw(Exception ex)
   在 MySql.Data.MySqlClient.MySqlCommand.ExecuteReader(CommandBehavior behavior)
   在 Chatter.DAL.DALService.GetMember(String id) 位置 e:\code\myRepo\Chatter\DAL\DALService.cs:行号 182


日 志 时 间:  2013-04-04 19:52:21,155 
日 志 级 别:  ERROR
日 志 来 源: [8]::Chatter.Service.ChatterService.Login(e:\code\myRepo\Chatter\Service\ChatterService.cs:142)
日 志 内 容:  776041669登录时候出现错误
 System.NullReferenceException: 未将对象引用设置到对象的实例。
   在 Chatter.Service.ChatterService.Login(Member member) 位置 e:\code\myRepo\Chatter\Service\ChatterService.cs:行号 142


日 志 时 间:  2013-04-04 19:52:21,178 
日 志 级 别:  INFO
日 志 来 源: [7]::Chatter.Service.ChatterService.Login(e:\code\myRepo\Chatter\Service\ChatterService.cs:194)
日 志 内 容:  用户776041668 登录成功
 

日 志 时 间:  2013-04-04 19:52:21,181 
日 志 级 别:  INFO
日 志 来 源: [7]::Chatter.Service.ChatterService.PrintOnLineNumber(e:\code\myRepo\Chatter\Service\ChatterService.cs:634)
日 志 内 容:  当前在线人数:1
 

日 志 时 间:  2013-04-04 19:52:38,679 
日 志 级 别:  INFO
日 志 来 源: [7]::Chatter.Service.ChatterService.Login(e:\code\myRepo\Chatter\Service\ChatterService.cs:127)
日 志 内 容:  用户776041669 请求登录
 

日 志 时 间:  2013-04-04 19:52:38,734 
日 志 级 别:  INFO
日 志 来 源: [7]::Chatter.Service.ChatterService.Login(e:\code\myRepo\Chatter\Service\ChatterService.cs:194)
日 志 内 容:  用户776041669 登录成功
 

日 志 时 间:  2013-04-04 19:52:38,741 
日 志 级 别:  INFO
日 志 来 源: [7]::Chatter.Service.ChatterService.PrintOnLineNumber(e:\code\myRepo\Chatter\Service\ChatterService.cs:634)
日 志 内 容:  当前在线人数:2
 

日 志 时 间:  2013-04-04 19:55:52,639 
日 志 级 别:  INFO
日 志 来 源: [9]::Chatter.Service.ChatterService.Logoff(e:\code\myRepo\Chatter\Service\ChatterService.cs:224)
日 志 内 容:  用户776041668 Eva退出
 

日 志 时 间:  2013-04-04 19:55:52,641 
日 志 级 别:  INFO
日 志 来 源: [9]::Chatter.Service.ChatterService.PrintOnLineNumber(e:\code\myRepo\Chatter\Service\ChatterService.cs:634)
日 志 内 容:  当前在线人数:1
 

日 志 时 间:  2013-04-04 19:55:54,245 
日 志 级 别:  INFO
日 志 来 源: [5]::Chatter.Service.ChatterService.Login(e:\code\myRepo\Chatter\Service\ChatterService.cs:127)
日 志 内 容:  用户776041668 Eva请求登录
 

日 志 时 间:  2013-04-04 19:55:54,256 
日 志 级 别:  INFO
日 志 来 源: [5]::Chatter.Service.ChatterService.Login(e:\code\myRepo\Chatter\Service\ChatterService.cs:194)
日 志 内 容:  用户776041668 Eva登录成功
 

日 志 时 间:  2013-04-04 19:55:54,257 
日 志 级 别:  INFO
日 志 来 源: [5]::Chatter.Service.ChatterService.PrintOnLineNumber(e:\code\myRepo\Chatter\Service\ChatterService.cs:634)
日 志 内 容:  当前在线人数:2
 

日 志 时 间:  2013-04-04 19:55:54,260 
日 志 级 别:  DEBUG
日 志 来 源: [5]::Chatter.Service.ChatterService.SendHeartBeat(e:\code\myRepo\Chatter\Service\ChatterService.cs:874)
日 志 内 容:  776041668 Eva重新上线
 

日 志 时 间:  2013-04-04 19:57:00,717 
日 志 级 别:  INFO
日 志 来 源: [9]::Chatter.Service.ChatterService.Logoff(e:\code\myRepo\Chatter\Service\ChatterService.cs:224)
日 志 内 容:  用户776041668 Eva退出
 

日 志 时 间:  2013-04-04 19:57:00,717 
日 志 级 别:  INFO
日 志 来 源: [9]::Chatter.Service.ChatterService.PrintOnLineNumber(e:\code\myRepo\Chatter\Service\ChatterService.cs:634)
日 志 内 容:  当前在线人数:1
 

日 志 时 间:  2013-04-04 19:57:05,709 
日 志 级 别:  INFO
日 志 来 源: [4]::Chatter.Service.ChatterService.Login(e:\code\myRepo\Chatter\Service\ChatterService.cs:127)
日 志 内 容:  用户776041668 Eva请求登录
 

日 志 时 间:  2013-04-04 19:57:05,741 
日 志 级 别:  INFO
日 志 来 源: [4]::Chatter.Service.ChatterService.Login(e:\code\myRepo\Chatter\Service\ChatterService.cs:194)
日 志 内 容:  用户776041668 Eva登录成功
 

日 志 时 间:  2013-04-04 19:57:05,741 
日 志 级 别:  INFO
日 志 来 源: [4]::Chatter.Service.ChatterService.PrintOnLineNumber(e:\code\myRepo\Chatter\Service\ChatterService.cs:634)
日 志 内 容:  当前在线人数:2
 

日 志 时 间:  2013-04-04 19:57:05,741 
日 志 级 别:  DEBUG
日 志 来 源: [4]::Chatter.Service.ChatterService.SendHeartBeat(e:\code\myRepo\Chatter\Service\ChatterService.cs:874)
日 志 内 容:  776041668 Eva重新上线
 

日 志 时 间:  2013-04-04 19:59:20,957 
日 志 级 别:  INFO
日 志 来 源: [9]::Chatter.Service.ChatterService.Logoff(e:\code\myRepo\Chatter\Service\ChatterService.cs:224)
日 志 内 容:  用户776041668 Eva退出
 

日 志 时 间:  2013-04-04 19:59:20,957 
日 志 级 别:  INFO
日 志 来 源: [9]::Chatter.Service.ChatterService.PrintOnLineNumber(e:\code\myRepo\Chatter\Service\ChatterService.cs:634)
日 志 内 容:  当前在线人数:1
 

日 志 时 间:  2013-04-04 19:59:22,055 
日 志 级 别:  INFO
日 志 来 源: [21]::Chatter.Service.ChatterService.Login(e:\code\myRepo\Chatter\Service\ChatterService.cs:127)
日 志 内 容:  用户776041668 Eva请求登录
 

日 志 时 间:  2013-04-04 19:59:22,061 
日 志 级 别:  INFO
日 志 来 源: [21]::Chatter.Service.ChatterService.Login(e:\code\myRepo\Chatter\Service\ChatterService.cs:194)
日 志 内 容:  用户776041668 Eva登录成功
 

日 志 时 间:  2013-04-04 19:59:22,062 
日 志 级 别:  INFO
日 志 来 源: [21]::Chatter.Service.ChatterService.PrintOnLineNumber(e:\code\myRepo\Chatter\Service\ChatterService.cs:634)
日 志 内 容:  当前在线人数:2
 

日 志 时 间:  2013-04-04 19:59:22,064 
日 志 级 别:  DEBUG
日 志 来 源: [21]::Chatter.Service.ChatterService.SendHeartBeat(e:\code\myRepo\Chatter\Service\ChatterService.cs:874)
日 志 内 容:  776041668 Eva重新上线
 

日 志 时 间:  2013-04-04 20:00:57,448 
日 志 级 别:  INFO
日 志 来 源: [18]::Chatter.Service.ChatterService.Logoff(e:\code\myRepo\Chatter\Service\ChatterService.cs:224)
日 志 内 容:  用户776041669 walle退出
 

日 志 时 间:  2013-04-04 20:00:57,463 
日 志 级 别:  INFO
日 志 来 源: [18]::Chatter.Service.ChatterService.PrintOnLineNumber(e:\code\myRepo\Chatter\Service\ChatterService.cs:634)
日 志 内 容:  当前在线人数:1
 

日 志 时 间:  2013-04-04 20:00:58,009 
日 志 级 别:  INFO
日 志 来 源: [18]::Chatter.Service.ChatterService.Logoff(e:\code\myRepo\Chatter\Service\ChatterService.cs:224)
日 志 内 容:  用户776041668 Eva退出
 

日 志 时 间:  2013-04-04 20:00:58,025 
日 志 级 别:  INFO
日 志 来 源: [18]::Chatter.Service.ChatterService.PrintOnLineNumber(e:\code\myRepo\Chatter\Service\ChatterService.cs:634)
日 志 内 容:  当前在线人数:0
 

日 志 时 间:  2013-04-04 20:01:14,337 
日 志 级 别:  INFO
日 志 来 源: [8]::Chatter.Service.ChatterService.Login(e:\code\myRepo\Chatter\Service\ChatterService.cs:127)
日 志 内 容:  用户776041669 请求登录
 

日 志 时 间:  2013-04-04 20:01:14,345 
日 志 级 别:  INFO
日 志 来 源: [8]::Chatter.Service.ChatterService.Login(e:\code\myRepo\Chatter\Service\ChatterService.cs:194)
日 志 内 容:  用户776041669 登录成功
 

日 志 时 间:  2013-04-04 20:01:14,348 
日 志 级 别:  INFO
日 志 来 源: [8]::Chatter.Service.ChatterService.PrintOnLineNumber(e:\code\myRepo\Chatter\Service\ChatterService.cs:634)
日 志 内 容:  当前在线人数:1
 

日 志 时 间:  2013-04-04 20:01:32,505 
日 志 级 别:  INFO
日 志 来 源: [4]::Chatter.Service.ChatterService.Login(e:\code\myRepo\Chatter\Service\ChatterService.cs:127)
日 志 内 容:  用户776041668 请求登录
 

日 志 时 间:  2013-04-04 20:01:32,505 
日 志 级 别:  INFO
日 志 来 源: [4]::Chatter.Service.ChatterService.Login(e:\code\myRepo\Chatter\Service\ChatterService.cs:194)
日 志 内 容:  用户776041668 登录成功
 

日 志 时 间:  2013-04-04 20:01:32,505 
日 志 级 别:  INFO
日 志 来 源: [4]::Chatter.Service.ChatterService.PrintOnLineNumber(e:\code\myRepo\Chatter\Service\ChatterService.cs:634)
日 志 内 容:  当前在线人数:2
 

日 志 时 间:  2013-04-04 20:03:59,247 
日 志 级 别:  INFO
日 志 来 源: [23]::Chatter.Service.ChatterService.Logoff(e:\code\myRepo\Chatter\Service\ChatterService.cs:224)
日 志 内 容:  用户776041668 Eva退出
 

日 志 时 间:  2013-04-04 20:03:59,248 
日 志 级 别:  INFO
日 志 来 源: [23]::Chatter.Service.ChatterService.PrintOnLineNumber(e:\code\myRepo\Chatter\Service\ChatterService.cs:634)
日 志 内 容:  当前在线人数:1
 

日 志 时 间:  2013-04-04 20:04:02,370 
日 志 级 别:  INFO
日 志 来 源: [24]::Chatter.Service.ChatterService.Logoff(e:\code\myRepo\Chatter\Service\ChatterService.cs:224)
日 志 内 容:  用户776041669 walle退出
 

日 志 时 间:  2013-04-04 20:04:02,399 
日 志 级 别:  INFO
日 志 来 源: [24]::Chatter.Service.ChatterService.PrintOnLineNumber(e:\code\myRepo\Chatter\Service\ChatterService.cs:634)
日 志 内 容:  当前在线人数:0
 

日 志 时 间:  2013-04-04 20:04:34,642 
日 志 级 别:  INFO
日 志 来 源: [19]::Chatter.Service.ChatterService.Login(e:\code\myRepo\Chatter\Service\ChatterService.cs:127)
日 志 内 容:  用户776041668 请求登录
 

日 志 时 间:  2013-04-04 20:04:34,650 
日 志 级 别:  INFO
日 志 来 源: [19]::Chatter.Service.ChatterService.Login(e:\code\myRepo\Chatter\Service\ChatterService.cs:194)
日 志 内 容:  用户776041668 登录成功
 

日 志 时 间:  2013-04-04 20:04:34,651 
日 志 级 别:  INFO
日 志 来 源: [19]::Chatter.Service.ChatterService.PrintOnLineNumber(e:\code\myRepo\Chatter\Service\ChatterService.cs:634)
日 志 内 容:  当前在线人数:1
 

日 志 时 间:  2013-04-04 20:05:11,431 
日 志 级 别:  INFO
日 志 来 源: [25]::Chatter.Service.ChatterService.Logoff(e:\code\myRepo\Chatter\Service\ChatterService.cs:224)
日 志 内 容:  用户776041668 Eva退出
 

日 志 时 间:  2013-04-04 20:05:11,499 
日 志 级 别:  INFO
日 志 来 源: [25]::Chatter.Service.ChatterService.PrintOnLineNumber(e:\code\myRepo\Chatter\Service\ChatterService.cs:634)
日 志 内 容:  当前在线人数:0
 

日 志 时 间:  2013-04-04 20:05:40,393 
日 志 级 别:  INFO
日 志 来 源: [19]::Chatter.Service.ChatterService.Login(e:\code\myRepo\Chatter\Service\ChatterService.cs:127)
日 志 内 容:  用户776041668 请求登录
 

日 志 时 间:  2013-04-04 20:05:40,399 
日 志 级 别:  INFO
日 志 来 源: [19]::Chatter.Service.ChatterService.Login(e:\code\myRepo\Chatter\Service\ChatterService.cs:194)
日 志 内 容:  用户776041668 登录成功
 

日 志 时 间:  2013-04-04 20:05:40,400 
日 志 级 别:  INFO
日 志 来 源: [19]::Chatter.Service.ChatterService.PrintOnLineNumber(e:\code\myRepo\Chatter\Service\ChatterService.cs:634)
日 志 内 容:  当前在线人数:1
 

日 志 时 间:  2013-04-04 20:05:54,697 
日 志 级 别:  INFO
日 志 来 源: [19]::Chatter.Service.ChatterService.Login(e:\code\myRepo\Chatter\Service\ChatterService.cs:127)
日 志 内 容:  用户776041669 请求登录
 

日 志 时 间:  2013-04-04 20:05:54,705 
日 志 级 别:  INFO
日 志 来 源: [19]::Chatter.Service.ChatterService.Login(e:\code\myRepo\Chatter\Service\ChatterService.cs:194)
日 志 内 容:  用户776041669 登录成功
 

日 志 时 间:  2013-04-04 20:05:54,727 
日 志 级 别:  INFO
日 志 来 源: [19]::Chatter.Service.ChatterService.PrintOnLineNumber(e:\code\myRepo\Chatter\Service\ChatterService.cs:634)
日 志 内 容:  当前在线人数:2
 

日 志 时 间:  2013-04-04 20:06:24,448 
日 志 级 别:  INFO
日 志 来 源: [19]::Chatter.Service.ChatterService.Logoff(e:\code\myRepo\Chatter\Service\ChatterService.cs:224)
日 志 内 容:  用户776041668 Eva退出
 

日 志 时 间:  2013-04-04 20:06:24,450 
日 志 级 别:  INFO
日 志 来 源: [19]::Chatter.Service.ChatterService.PrintOnLineNumber(e:\code\myRepo\Chatter\Service\ChatterService.cs:634)
日 志 内 容:  当前在线人数:1
 

日 志 时 间:  2013-04-04 20:06:25,797 
日 志 级 别:  INFO
日 志 来 源: [23]::Chatter.Service.ChatterService.Logoff(e:\code\myRepo\Chatter\Service\ChatterService.cs:224)
日 志 内 容:  用户776041669 walle退出
 

日 志 时 间:  2013-04-04 20:06:25,815 
日 志 级 别:  INFO
日 志 来 源: [23]::Chatter.Service.ChatterService.PrintOnLineNumber(e:\code\myRepo\Chatter\Service\ChatterService.cs:634)
日 志 内 容:  当前在线人数:0
 

日 志 时 间:  2013-04-04 20:07:00,520 
日 志 级 别:  INFO
日 志 来 源: [4]::Chatter.Service.ChatterService.Login(e:\code\myRepo\Chatter\Service\ChatterService.cs:127)
日 志 内 容:  用户776041669 请求登录
 

日 志 时 间:  2013-04-04 20:07:00,533 
日 志 级 别:  INFO
日 志 来 源: [4]::Chatter.Service.ChatterService.Login(e:\code\myRepo\Chatter\Service\ChatterService.cs:194)
日 志 内 容:  用户776041669 登录成功
 

日 志 时 间:  2013-04-04 20:07:00,533 
日 志 级 别:  INFO
日 志 来 源: [4]::Chatter.Service.ChatterService.PrintOnLineNumber(e:\code\myRepo\Chatter\Service\ChatterService.cs:634)
日 志 内 容:  当前在线人数:1
 

日 志 时 间:  2013-04-04 20:07:09,144 
日 志 级 别:  INFO
日 志 来 源: [4]::Chatter.Service.ChatterService.Login(e:\code\myRepo\Chatter\Service\ChatterService.cs:127)
日 志 内 容:  用户776041668 请求登录
 

日 志 时 间:  2013-04-04 20:07:09,151 
日 志 级 别:  INFO
日 志 来 源: [4]::Chatter.Service.ChatterService.Login(e:\code\myRepo\Chatter\Service\ChatterService.cs:194)
日 志 内 容:  用户776041668 登录成功
 

日 志 时 间:  2013-04-04 20:07:09,153 
日 志 级 别:  INFO
日 志 来 源: [4]::Chatter.Service.ChatterService.PrintOnLineNumber(e:\code\myRepo\Chatter\Service\ChatterService.cs:634)
日 志 内 容:  当前在线人数:2
 

日 志 时 间:  2013-04-04 20:07:49,861 
日 志 级 别:  INFO
日 志 来 源: [23]::Chatter.Service.ChatterService.Logoff(e:\code\myRepo\Chatter\Service\ChatterService.cs:224)
日 志 内 容:  用户776041668 Eva退出
 

日 志 时 间:  2013-04-04 20:07:49,863 
日 志 级 别:  INFO
日 志 来 源: [23]::Chatter.Service.ChatterService.PrintOnLineNumber(e:\code\myRepo\Chatter\Service\ChatterService.cs:634)
日 志 内 容:  当前在线人数:1
 

日 志 时 间:  2013-04-04 20:07:51,406 
日 志 级 别:  INFO
日 志 来 源: [21]::Chatter.Service.ChatterService.Logoff(e:\code\myRepo\Chatter\Service\ChatterService.cs:224)
日 志 内 容:  用户776041669 walle退出
 

日 志 时 间:  2013-04-04 20:07:51,408 
日 志 级 别:  INFO
日 志 来 源: [21]::Chatter.Service.ChatterService.PrintOnLineNumber(e:\code\myRepo\Chatter\Service\ChatterService.cs:634)
日 志 内 容:  当前在线人数:0
 

