日 志 时 间:  2013-01-31 16:52:40,976 
日 志 级 别:  INFO
日 志 来 源:  UIHost.MainWindow.<btnStart_Click>b__2(f:\code\myRepo\Chatter\UIHost\MainWindow.xaml.cs:69)
日 志 内 容:  开始发送心跳包
 

日 志 时 间:  2013-01-31 16:52:44,988 
日 志 级 别:  INFO
日 志 来 源:  UIHost.MainWindow.<btnStart_Click>b__2(f:\code\myRepo\Chatter\UIHost\MainWindow.xaml.cs:81)
日 志 内 容:  停止发送心跳包
 

日 志 时 间:  2013-01-31 17:29:19,854 
日 志 级 别:  INFO
日 志 来 源:  Chatter.UIHost.MainWindow.<btnStart_Click>b__2(f:\code\myRepo\Chatter\UIHost\MainWindow.xaml.cs:70)
日 志 内 容:  开始发送心跳包
 

日 志 时 间:  2013-01-31 17:29:26,863 
日 志 级 别:  INFO
日 志 来 源:  Chatter.UIHost.MainWindow.<btnStart_Click>b__2(f:\code\myRepo\Chatter\UIHost\MainWindow.xaml.cs:82)
日 志 内 容:  停止发送心跳包
 

日 志 时 间:  2013-01-31 17:35:46,204 
日 志 级 别:  INFO
日 志 来 源:  Chatter.UIHost.MainWindow.<btnStart_Click>b__2(f:\code\myRepo\Chatter\UIHost\MainWindow.xaml.cs:71)
日 志 内 容:  开始发送心跳包
 

日 志 时 间:  2013-01-31 17:35:53,943 
日 志 级 别:  INFO
日 志 来 源:  Chatter.UIHost.MainWindow.<btnStart_Click>b__2(f:\code\myRepo\Chatter\UIHost\MainWindow.xaml.cs:71)
日 志 内 容:  开始发送心跳包
 

日 志 时 间:  2013-01-31 17:36:04,390 
日 志 级 别:  INFO
日 志 来 源:  Chatter.UIHost.MainWindow.<btnStart_Click>b__2(f:\code\myRepo\Chatter\UIHost\MainWindow.xaml.cs:83)
日 志 内 容:  停止发送心跳包
 

日 志 时 间:  2013-01-31 17:36:23,670 
日 志 级 别:  INFO
日 志 来 源:  Chatter.UIHost.MainWindow.<btnStart_Click>b__2(f:\code\myRepo\Chatter\UIHost\MainWindow.xaml.cs:71)
日 志 内 容:  开始发送心跳包
 

日 志 时 间:  2013-01-31 17:36:26,683 
日 志 级 别:  INFO
日 志 来 源:  Chatter.UIHost.MainWindow.<btnStart_Click>b__2(f:\code\myRepo\Chatter\UIHost\MainWindow.xaml.cs:83)
日 志 内 容:  停止发送心跳包
 

日 志 时 间:  2013-01-31 17:37:40,235 
日 志 级 别:  INFO
日 志 来 源:  Chatter.UIHost.MainWindow.<btnStart_Click>b__2(f:\code\myRepo\Chatter\UIHost\MainWindow.xaml.cs:75)
日 志 内 容:  开始发送心跳包
 

日 志 时 间:  2013-01-31 17:37:42,250 
日 志 级 别:  INFO
日 志 来 源:  Chatter.UIHost.MainWindow.<btnStart_Click>b__2(f:\code\myRepo\Chatter\UIHost\MainWindow.xaml.cs:87)
日 志 内 容:  停止发送心跳包
 

日 志 时 间:  2013-01-31 17:38:05,009 
日 志 级 别:  INFO
日 志 来 源:  Chatter.UIHost.MainWindow.<btnStart_Click>b__2(f:\code\myRepo\Chatter\UIHost\MainWindow.xaml.cs:75)
日 志 内 容:  开始发送心跳包
 

日 志 时 间:  2013-01-31 20:13:01,336 
日 志 级 别:  INFO
日 志 来 源:  Chatter.UIHost.MainWindow.<btnStart_Click>b__2(e:\code\myRepo\Chatter\UIHost\MainWindow.xaml.cs:75)
日 志 内 容:  开始发送心跳包
 

日 志 时 间:  2013-01-31 20:13:07,376 
日 志 级 别:  INFO
日 志 来 源:  Chatter.UIHost.MainWindow.<btnStart_Click>b__2(e:\code\myRepo\Chatter\UIHost\MainWindow.xaml.cs:87)
日 志 内 容:  停止发送心跳包
 

日 志 时 间:  2013-01-31 20:14:48,778 
日 志 级 别:  INFO
日 志 来 源:  Chatter.UIHost.MainWindow.<btnStart_Click>b__2(e:\code\myRepo\Chatter\UIHost\MainWindow.xaml.cs:75)
日 志 内 容:  开始发送心跳包
 

日 志 时 间:  2013-01-31 20:14:59,810 
日 志 级 别:  INFO
日 志 来 源:  Chatter.UIHost.MainWindow.<btnStart_Click>b__2(e:\code\myRepo\Chatter\UIHost\MainWindow.xaml.cs:87)
日 志 内 容:  停止发送心跳包
 

日 志 时 间:  2013-01-31 20:15:56,854 
日 志 级 别:  INFO
日 志 来 源:  Chatter.UIHost.MainWindow+<>c__DisplayClass5.<btnStart_Click>b__0(e:\code\myRepo\Chatter\UIHost\MainWindow.xaml.cs:62)
日 志 内 容:  System.ServiceModel.ServiceHostService Start
 

日 志 时 间:  2013-01-31 20:15:56,938 
日 志 级 别:  INFO
日 志 来 源:  Chatter.UIHost.MainWindow+<>c__DisplayClass5.<btnStart_Click>b__0(e:\code\myRepo\Chatter\UIHost\MainWindow.xaml.cs:62)
日 志 内 容:  System.ServiceModel.ServiceHostService Start
 

日 志 时 间:  2013-01-31 20:15:56,983 
日 志 级 别:  INFO
日 志 来 源:  Chatter.UIHost.MainWindow.<btnStart_Click>b__2(e:\code\myRepo\Chatter\UIHost\MainWindow.xaml.cs:75)
日 志 内 容:  开始发送心跳包
 

日 志 时 间:  2013-01-31 20:24:54,384 
日 志 级 别:  INFO
日 志 来 源:  Chatter.UIHost.MainWindow+<>c__DisplayClass5.<btnStart_Click>b__0(e:\code\myRepo\Chatter\UIHost\MainWindow.xaml.cs:62)
日 志 内 容:  System.ServiceModel.ServiceHostService Start
 

日 志 时 间:  2013-01-31 20:24:54,604 
日 志 级 别:  INFO
日 志 来 源:  Chatter.UIHost.MainWindow+<>c__DisplayClass5.<btnStart_Click>b__0(e:\code\myRepo\Chatter\UIHost\MainWindow.xaml.cs:62)
日 志 内 容:  System.ServiceModel.ServiceHostService Start
 

日 志 时 间:  2013-01-31 20:24:54,662 
日 志 级 别:  INFO
日 志 来 源:  Chatter.UIHost.MainWindow.<btnStart_Click>b__2(e:\code\myRepo\Chatter\UIHost\MainWindow.xaml.cs:75)
日 志 内 容:  开始发送心跳包
 

日 志 时 间:  2013-01-31 20:24:57,338 
日 志 级 别:  INFO
日 志 来 源:  Chatter.UIHost.MainWindow+<>c__DisplayClass5.<btnStart_Click>b__1(e:\code\myRepo\Chatter\UIHost\MainWindow.xaml.cs:66)
日 志 内 容:  System.ServiceModel.ServiceHostService Stopped
 

日 志 时 间:  2013-01-31 20:24:57,342 
日 志 级 别:  INFO
日 志 来 源:  Chatter.UIHost.MainWindow+<>c__DisplayClass5.<btnStart_Click>b__1(e:\code\myRepo\Chatter\UIHost\MainWindow.xaml.cs:66)
日 志 内 容:  System.ServiceModel.ServiceHostService Stopped
 

日 志 时 间:  2013-01-31 20:24:58,029 
日 志 级 别:  INFO
日 志 来 源:  Chatter.UIHost.MainWindow.<btnStart_Click>b__2(e:\code\myRepo\Chatter\UIHost\MainWindow.xaml.cs:87)
日 志 内 容:  停止发送心跳包
 

日 志 时 间:  2013-01-31 20:27:10,870 
日 志 级 别:  INFO
日 志 来 源:  Chatter.UIHost.MainWindow+<>c__DisplayClass5.<btnStart_Click>b__0(e:\code\myRepo\Chatter\UIHost\MainWindow.xaml.cs:62)
日 志 内 容:  System.ServiceModel.ServiceHostService Start
 

日 志 时 间:  2013-01-31 20:27:18,776 
日 志 级 别:  INFO
日 志 来 源:  Chatter.UIHost.MainWindow+<>c__DisplayClass5.<btnStart_Click>b__0(e:\code\myRepo\Chatter\UIHost\MainWindow.xaml.cs:62)
日 志 内 容:  System.ServiceModel.ServiceHostService Start
 

日 志 时 间:  2013-01-31 20:27:49,636 
日 志 级 别:  INFO
日 志 来 源:  Chatter.UIHost.MainWindow.<btnStart_Click>b__2(e:\code\myRepo\Chatter\UIHost\MainWindow.xaml.cs:75)
日 志 内 容:  开始发送心跳包
 

日 志 时 间:  2013-01-31 20:29:44,167 
日 志 级 别:  INFO
日 志 来 源:  Chatter.UIHost.MainWindow+<>c__DisplayClass5.<btnStart_Click>b__0(e:\code\myRepo\Chatter\UIHost\MainWindow.xaml.cs:62)
日 志 内 容:  System.ServiceModel.ServiceHostService Start
 

日 志 时 间:  2013-01-31 20:29:44,244 
日 志 级 别:  INFO
日 志 来 源:  Chatter.UIHost.MainWindow+<>c__DisplayClass5.<btnStart_Click>b__0(e:\code\myRepo\Chatter\UIHost\MainWindow.xaml.cs:62)
日 志 内 容:  System.ServiceModel.ServiceHostService Start
 

日 志 时 间:  2013-01-31 20:29:44,277 
日 志 级 别:  INFO
日 志 来 源:  Chatter.UIHost.MainWindow.<btnStart_Click>b__2(e:\code\myRepo\Chatter\UIHost\MainWindow.xaml.cs:75)
日 志 内 容:  开始发送心跳包
 

日 志 时 间:  2013-01-31 20:30:29,810 
日 志 级 别:  INFO
日 志 来 源:  Chatter.UIHost.MainWindow+<>c__DisplayClass5.<btnStart_Click>b__1(e:\code\myRepo\Chatter\UIHost\MainWindow.xaml.cs:66)
日 志 内 容:  System.ServiceModel.ServiceHostService Stopped
 

日 志 时 间:  2013-01-31 20:30:29,821 
日 志 级 别:  INFO
日 志 来 源:  Chatter.UIHost.MainWindow+<>c__DisplayClass5.<btnStart_Click>b__1(e:\code\myRepo\Chatter\UIHost\MainWindow.xaml.cs:66)
日 志 内 容:  System.ServiceModel.ServiceHostService Stopped
 

日 志 时 间:  2013-01-31 20:30:30,311 
日 志 级 别:  INFO
日 志 来 源:  Chatter.UIHost.MainWindow.<btnStart_Click>b__2(e:\code\myRepo\Chatter\UIHost\MainWindow.xaml.cs:87)
日 志 内 容:  停止发送心跳包
 

日 志 时 间:  2013-01-31 20:44:05,783 
日 志 级 别:  INFO
日 志 来 源:  Chatter.UIHost.MainWindow+<>c__DisplayClass5.<btnStart_Click>b__0(e:\code\myRepo\Chatter\UIHost\MainWindow.xaml.cs:62)
日 志 内 容:  System.ServiceModel.ServiceHostService Start
 

日 志 时 间:  2013-01-31 20:44:39,542 
日 志 级 别:  INFO
日 志 来 源:  Chatter.UIHost.MainWindow+<>c__DisplayClass5.<btnStart_Click>b__0(e:\code\myRepo\Chatter\UIHost\MainWindow.xaml.cs:62)
日 志 内 容:  System.ServiceModel.ServiceHostService Start
 

日 志 时 间:  2013-01-31 20:44:40,439 
日 志 级 别:  INFO
日 志 来 源:  Chatter.UIHost.MainWindow.<btnStart_Click>b__2(e:\code\myRepo\Chatter\UIHost\MainWindow.xaml.cs:75)
日 志 内 容:  开始发送心跳包
 

日 志 时 间:  2013-01-31 20:45:54,768 
日 志 级 别:  INFO
日 志 来 源:  Chatter.UIHost.MainWindow+<>c__DisplayClass5.<btnStart_Click>b__0(e:\code\myRepo\Chatter\UIHost\MainWindow.xaml.cs:63)
日 志 内 容:  System.ServiceModel.ServiceHostService Start
 

日 志 时 间:  2013-01-31 20:45:54,828 
日 志 级 别:  INFO
日 志 来 源:  Chatter.UIHost.MainWindow+<>c__DisplayClass5.<btnStart_Click>b__0(e:\code\myRepo\Chatter\UIHost\MainWindow.xaml.cs:63)
日 志 内 容:  System.ServiceModel.ServiceHostService Start
 

日 志 时 间:  2013-01-31 20:45:54,838 
日 志 级 别:  INFO
日 志 来 源:  Chatter.UIHost.MainWindow.<btnStart_Click>b__2(e:\code\myRepo\Chatter\UIHost\MainWindow.xaml.cs:76)
日 志 内 容:  开始发送心跳包
 

日 志 时 间:  2013-01-31 20:45:57,338 
日 志 级 别:  INFO
日 志 来 源:  Chatter.UIHost.MainWindow+<>c__DisplayClass5.<btnStart_Click>b__1(e:\code\myRepo\Chatter\UIHost\MainWindow.xaml.cs:67)
日 志 内 容:  System.ServiceModel.ServiceHostService Stopped
 

日 志 时 间:  2013-01-31 20:45:57,341 
日 志 级 别:  INFO
日 志 来 源:  Chatter.UIHost.MainWindow+<>c__DisplayClass5.<btnStart_Click>b__1(e:\code\myRepo\Chatter\UIHost\MainWindow.xaml.cs:67)
日 志 内 容:  System.ServiceModel.ServiceHostService Stopped
 

日 志 时 间:  2013-01-31 20:45:57,846 
日 志 级 别:  INFO
日 志 来 源:  Chatter.UIHost.MainWindow.<btnStart_Click>b__2(e:\code\myRepo\Chatter\UIHost\MainWindow.xaml.cs:88)
日 志 内 容:  停止发送心跳包
 

日 志 时 间:  2013-01-31 20:47:23,761 
日 志 级 别:  INFO
日 志 来 源:  Chatter.UIHost.MainWindow+<>c__DisplayClass5.<btnStart_Click>b__0(e:\code\myRepo\Chatter\UIHost\MainWindow.xaml.cs:63)
日 志 内 容:  System.ServiceModel.ServiceHostService Start
 

日 志 时 间:  2013-01-31 20:47:23,828 
日 志 级 别:  INFO
日 志 来 源:  Chatter.UIHost.MainWindow+<>c__DisplayClass5.<btnStart_Click>b__0(e:\code\myRepo\Chatter\UIHost\MainWindow.xaml.cs:63)
日 志 内 容:  System.ServiceModel.ServiceHostService Start
 

日 志 时 间:  2013-01-31 20:47:23,844 
日 志 级 别:  INFO
日 志 来 源:  Chatter.UIHost.MainWindow.<btnStart_Click>b__2(e:\code\myRepo\Chatter\UIHost\MainWindow.xaml.cs:76)
日 志 内 容:  开始发送心跳包
 

日 志 时 间:  2013-01-31 20:47:26,691 
日 志 级 别:  INFO
日 志 来 源:  Chatter.UIHost.MainWindow+<>c__DisplayClass5.<btnStart_Click>b__1(e:\code\myRepo\Chatter\UIHost\MainWindow.xaml.cs:67)
日 志 内 容:  System.ServiceModel.ServiceHostService Stopped
 

日 志 时 间:  2013-01-31 20:47:26,693 
日 志 级 别:  INFO
日 志 来 源:  Chatter.UIHost.MainWindow+<>c__DisplayClass5.<btnStart_Click>b__1(e:\code\myRepo\Chatter\UIHost\MainWindow.xaml.cs:67)
日 志 内 容:  System.ServiceModel.ServiceHostService Stopped
 

日 志 时 间:  2013-01-31 20:47:26,852 
日 志 级 别:  INFO
日 志 来 源:  Chatter.UIHost.MainWindow.<btnStart_Click>b__2(e:\code\myRepo\Chatter\UIHost\MainWindow.xaml.cs:88)
日 志 内 容:  停止发送心跳包
 

日 志 时 间:  2013-01-31 20:51:56,206 
日 志 级 别:  INFO
日 志 来 源:  Chatter.UIHost.MainWindow+<>c__DisplayClass5.<btnStart_Click>b__0(e:\code\myRepo\Chatter\UIHost\MainWindow.xaml.cs:68)
日 志 内 容:  System.ServiceModel.ServiceHostService Start
 

日 志 时 间:  2013-01-31 20:51:56,298 
日 志 级 别:  INFO
日 志 来 源:  Chatter.UIHost.MainWindow+<>c__DisplayClass5.<btnStart_Click>b__0(e:\code\myRepo\Chatter\UIHost\MainWindow.xaml.cs:68)
日 志 内 容:  System.ServiceModel.ServiceHostService Start
 

日 志 时 间:  2013-01-31 20:51:56,300 
日 志 级 别:  INFO
日 志 来 源:  Chatter.UIHost.MainWindow.<btnStart_Click>b__2(e:\code\myRepo\Chatter\UIHost\MainWindow.xaml.cs:81)
日 志 内 容:  开始发送心跳包
 

日 志 时 间:  2013-01-31 20:51:59,466 
日 志 级 别:  INFO
日 志 来 源:  Chatter.UIHost.MainWindow+<>c__DisplayClass5.<btnStart_Click>b__1(e:\code\myRepo\Chatter\UIHost\MainWindow.xaml.cs:72)
日 志 内 容:  System.ServiceModel.ServiceHostService Stopped
 

日 志 时 间:  2013-01-31 20:51:59,468 
日 志 级 别:  INFO
日 志 来 源:  Chatter.UIHost.MainWindow+<>c__DisplayClass5.<btnStart_Click>b__1(e:\code\myRepo\Chatter\UIHost\MainWindow.xaml.cs:72)
日 志 内 容:  System.ServiceModel.ServiceHostService Stopped
 

日 志 时 间:  2013-01-31 20:52:00,302 
日 志 级 别:  INFO
日 志 来 源:  Chatter.UIHost.MainWindow.<btnStart_Click>b__2(e:\code\myRepo\Chatter\UIHost\MainWindow.xaml.cs:93)
日 志 内 容:  停止发送心跳包
 

日 志 时 间:  2013-01-31 21:08:03,445 
日 志 级 别:  INFO
日 志 来 源:  Chatter.UIHost.MainWindow+<>c__DisplayClass5.<btnStart_Click>b__0(e:\code\myRepo\Chatter\UIHost\MainWindow.xaml.cs:108)
日 志 内 容:  System.ServiceModel.ServiceHostService Start
 

日 志 时 间:  2013-01-31 21:08:03,510 
日 志 级 别:  INFO
日 志 来 源:  Chatter.UIHost.MainWindow+<>c__DisplayClass5.<btnStart_Click>b__0(e:\code\myRepo\Chatter\UIHost\MainWindow.xaml.cs:108)
日 志 内 容:  System.ServiceModel.ServiceHostService Start
 

日 志 时 间:  2013-01-31 21:08:03,521 
日 志 级 别:  INFO
日 志 来 源:  Chatter.UIHost.MainWindow.<btnStart_Click>b__2(e:\code\myRepo\Chatter\UIHost\MainWindow.xaml.cs:121)
日 志 内 容:  开始发送心跳包
 

日 志 时 间:  2013-01-31 21:08:10,139 
日 志 级 别:  INFO
日 志 来 源:  Chatter.UIHost.MainWindow+<>c__DisplayClass5.<btnStart_Click>b__1(e:\code\myRepo\Chatter\UIHost\MainWindow.xaml.cs:112)
日 志 内 容:  System.ServiceModel.ServiceHostService Stopped
 

日 志 时 间:  2013-01-31 21:08:10,142 
日 志 级 别:  INFO
日 志 来 源:  Chatter.UIHost.MainWindow+<>c__DisplayClass5.<btnStart_Click>b__1(e:\code\myRepo\Chatter\UIHost\MainWindow.xaml.cs:112)
日 志 内 容:  System.ServiceModel.ServiceHostService Stopped
 

日 志 时 间:  2013-01-31 21:08:10,528 
日 志 级 别:  INFO
日 志 来 源:  Chatter.UIHost.MainWindow.<btnStart_Click>b__2(e:\code\myRepo\Chatter\UIHost\MainWindow.xaml.cs:133)
日 志 内 容:  停止发送心跳包
 

日 志 时 间:  2013-01-31 21:08:53,236 
日 志 级 别:  INFO
日 志 来 源:  Chatter.UIHost.MainWindow+<>c__DisplayClass5.<btnStart_Click>b__0(e:\code\myRepo\Chatter\UIHost\MainWindow.xaml.cs:109)
日 志 内 容:  System.ServiceModel.ServiceHostService Start
 

日 志 时 间:  2013-01-31 21:08:53,286 
日 志 级 别:  INFO
日 志 来 源:  Chatter.UIHost.MainWindow+<>c__DisplayClass5.<btnStart_Click>b__0(e:\code\myRepo\Chatter\UIHost\MainWindow.xaml.cs:109)
日 志 内 容:  System.ServiceModel.ServiceHostService Start
 

日 志 时 间:  2013-01-31 21:08:53,291 
日 志 级 别:  INFO
日 志 来 源:  Chatter.UIHost.MainWindow.<btnStart_Click>b__2(e:\code\myRepo\Chatter\UIHost\MainWindow.xaml.cs:122)
日 志 内 容:  开始发送心跳包
 

日 志 时 间:  2013-01-31 21:09:00,571 
日 志 级 别:  INFO
日 志 来 源:  Chatter.UIHost.MainWindow+<>c__DisplayClass5.<btnStart_Click>b__1(e:\code\myRepo\Chatter\UIHost\MainWindow.xaml.cs:113)
日 志 内 容:  System.ServiceModel.ServiceHostService Stopped
 

日 志 时 间:  2013-01-31 21:09:00,574 
日 志 级 别:  INFO
日 志 来 源:  Chatter.UIHost.MainWindow+<>c__DisplayClass5.<btnStart_Click>b__1(e:\code\myRepo\Chatter\UIHost\MainWindow.xaml.cs:113)
日 志 内 容:  System.ServiceModel.ServiceHostService Stopped
 

日 志 时 间:  2013-01-31 21:09:01,294 
日 志 级 别:  INFO
日 志 来 源:  Chatter.UIHost.MainWindow.<btnStart_Click>b__2(e:\code\myRepo\Chatter\UIHost\MainWindow.xaml.cs:134)
日 志 内 容:  停止发送心跳包
 

日 志 时 间:  2013-01-31 21:11:18,716 
日 志 级 别:  INFO
日 志 来 源:  Chatter.UIHost.MainWindow+<>c__DisplayClass5.<btnStart_Click>b__0(e:\code\myRepo\Chatter\UIHost\MainWindow.xaml.cs:111)
日 志 内 容:  System.ServiceModel.ServiceHostService Start
 

日 志 时 间:  2013-01-31 21:11:18,775 
日 志 级 别:  INFO
日 志 来 源:  Chatter.UIHost.MainWindow+<>c__DisplayClass5.<btnStart_Click>b__0(e:\code\myRepo\Chatter\UIHost\MainWindow.xaml.cs:111)
日 志 内 容:  System.ServiceModel.ServiceHostService Start
 

日 志 时 间:  2013-01-31 21:11:18,785 
日 志 级 别:  INFO
日 志 来 源:  Chatter.UIHost.MainWindow.<btnStart_Click>b__2(e:\code\myRepo\Chatter\UIHost\MainWindow.xaml.cs:124)
日 志 内 容:  开始发送心跳包
 

日 志 时 间:  2013-01-31 21:13:07,086 
日 志 级 别:  INFO
日 志 来 源:  Chatter.UIHost.MainWindow+<>c__DisplayClass5.<btnStart_Click>b__0(e:\code\myRepo\Chatter\UIHost\MainWindow.xaml.cs:86)
日 志 内 容:  System.ServiceModel.ServiceHostService Start
 

日 志 时 间:  2013-01-31 21:13:07,139 
日 志 级 别:  INFO
日 志 来 源:  Chatter.UIHost.MainWindow+<>c__DisplayClass5.<btnStart_Click>b__0(e:\code\myRepo\Chatter\UIHost\MainWindow.xaml.cs:86)
日 志 内 容:  System.ServiceModel.ServiceHostService Start
 

日 志 时 间:  2013-01-31 21:13:07,144 
日 志 级 别:  INFO
日 志 来 源:  Chatter.UIHost.MainWindow.<btnStart_Click>b__2(e:\code\myRepo\Chatter\UIHost\MainWindow.xaml.cs:99)
日 志 内 容:  开始发送心跳包
 

日 志 时 间:  2013-01-31 21:13:09,779 
日 志 级 别:  INFO
日 志 来 源:  Chatter.UIHost.MainWindow+<>c__DisplayClass5.<btnStart_Click>b__1(e:\code\myRepo\Chatter\UIHost\MainWindow.xaml.cs:90)
日 志 内 容:  System.ServiceModel.ServiceHostService Stopped
 

日 志 时 间:  2013-01-31 21:13:09,781 
日 志 级 别:  INFO
日 志 来 源:  Chatter.UIHost.MainWindow+<>c__DisplayClass5.<btnStart_Click>b__1(e:\code\myRepo\Chatter\UIHost\MainWindow.xaml.cs:90)
日 志 内 容:  System.ServiceModel.ServiceHostService Stopped
 

日 志 时 间:  2013-01-31 21:13:10,147 
日 志 级 别:  INFO
日 志 来 源:  Chatter.UIHost.MainWindow.<btnStart_Click>b__2(e:\code\myRepo\Chatter\UIHost\MainWindow.xaml.cs:111)
日 志 内 容:  停止发送心跳包
 

日 志 时 间:  2013-01-31 21:13:25,026 
日 志 级 别:  INFO
日 志 来 源:  Chatter.UIHost.MainWindow+<>c__DisplayClass5.<btnStart_Click>b__0(e:\code\myRepo\Chatter\UIHost\MainWindow.xaml.cs:86)
日 志 内 容:  System.ServiceModel.ServiceHostService Start
 

日 志 时 间:  2013-01-31 21:13:25,098 
日 志 级 别:  INFO
日 志 来 源:  Chatter.UIHost.MainWindow+<>c__DisplayClass5.<btnStart_Click>b__0(e:\code\myRepo\Chatter\UIHost\MainWindow.xaml.cs:86)
日 志 内 容:  System.ServiceModel.ServiceHostService Start
 

日 志 时 间:  2013-01-31 21:13:25,142 
日 志 级 别:  INFO
日 志 来 源:  Chatter.UIHost.MainWindow.<btnStart_Click>b__2(e:\code\myRepo\Chatter\UIHost\MainWindow.xaml.cs:99)
日 志 内 容:  开始发送心跳包
 

日 志 时 间:  2013-01-31 21:13:26,667 
日 志 级 别:  INFO
日 志 来 源:  Chatter.UIHost.MainWindow+<>c__DisplayClass5.<btnStart_Click>b__1(e:\code\myRepo\Chatter\UIHost\MainWindow.xaml.cs:90)
日 志 内 容:  System.ServiceModel.ServiceHostService Stopped
 

日 志 时 间:  2013-01-31 21:13:26,677 
日 志 级 别:  INFO
日 志 来 源:  Chatter.UIHost.MainWindow+<>c__DisplayClass5.<btnStart_Click>b__1(e:\code\myRepo\Chatter\UIHost\MainWindow.xaml.cs:90)
日 志 内 容:  System.ServiceModel.ServiceHostService Stopped
 

日 志 时 间:  2013-01-31 21:13:27,145 
日 志 级 别:  INFO
日 志 来 源:  Chatter.UIHost.MainWindow.<btnStart_Click>b__2(e:\code\myRepo\Chatter\UIHost\MainWindow.xaml.cs:111)
日 志 内 容:  停止发送心跳包
 

日 志 时 间:  2013-01-31 21:14:11,232 
日 志 级 别:  INFO
日 志 来 源:  Chatter.UIHost.MainWindow+<>c__DisplayClass5.<btnStart_Click>b__0(e:\code\myRepo\Chatter\UIHost\MainWindow.xaml.cs:87)
日 志 内 容:  System.ServiceModel.ServiceHostService Start
 

日 志 时 间:  2013-01-31 21:14:11,283 
日 志 级 别:  INFO
日 志 来 源:  Chatter.UIHost.MainWindow+<>c__DisplayClass5.<btnStart_Click>b__0(e:\code\myRepo\Chatter\UIHost\MainWindow.xaml.cs:87)
日 志 内 容:  System.ServiceModel.ServiceHostService Start
 

日 志 时 间:  2013-01-31 21:14:11,285 
日 志 级 别:  INFO
日 志 来 源:  Chatter.UIHost.MainWindow.<btnStart_Click>b__2(e:\code\myRepo\Chatter\UIHost\MainWindow.xaml.cs:100)
日 志 内 容:  开始发送心跳包
 

日 志 时 间:  2013-01-31 21:14:12,922 
日 志 级 别:  INFO
日 志 来 源:  Chatter.UIHost.MainWindow+<>c__DisplayClass5.<btnStart_Click>b__1(e:\code\myRepo\Chatter\UIHost\MainWindow.xaml.cs:91)
日 志 内 容:  System.ServiceModel.ServiceHostService Stopped
 

日 志 时 间:  2013-01-31 21:14:12,925 
日 志 级 别:  INFO
日 志 来 源:  Chatter.UIHost.MainWindow+<>c__DisplayClass5.<btnStart_Click>b__1(e:\code\myRepo\Chatter\UIHost\MainWindow.xaml.cs:91)
日 志 内 容:  System.ServiceModel.ServiceHostService Stopped
 

日 志 时 间:  2013-01-31 21:14:13,286 
日 志 级 别:  INFO
日 志 来 源:  Chatter.UIHost.MainWindow.<btnStart_Click>b__2(e:\code\myRepo\Chatter\UIHost\MainWindow.xaml.cs:112)
日 志 内 容:  停止发送心跳包
 

日 志 时 间:  2013-01-31 21:14:13,800 
日 志 级 别:  INFO
日 志 来 源:  Chatter.UIHost.MainWindow+<>c__DisplayClass5.<btnStart_Click>b__0(e:\code\myRepo\Chatter\UIHost\MainWindow.xaml.cs:87)
日 志 内 容:  System.ServiceModel.ServiceHostService Start
 

日 志 时 间:  2013-01-31 21:14:13,866 
日 志 级 别:  INFO
日 志 来 源:  Chatter.UIHost.MainWindow+<>c__DisplayClass5.<btnStart_Click>b__0(e:\code\myRepo\Chatter\UIHost\MainWindow.xaml.cs:87)
日 志 内 容:  System.ServiceModel.ServiceHostService Start
 

日 志 时 间:  2013-01-31 21:14:13,882 
日 志 级 别:  INFO
日 志 来 源:  Chatter.UIHost.MainWindow.<btnStart_Click>b__2(e:\code\myRepo\Chatter\UIHost\MainWindow.xaml.cs:100)
日 志 内 容:  开始发送心跳包
 

日 志 时 间:  2013-01-31 21:14:13,882 
日 志 级 别:  INFO
日 志 来 源:  Chatter.UIHost.MainWindow.<btnStart_Click>b__2(e:\code\myRepo\Chatter\UIHost\MainWindow.xaml.cs:112)
日 志 内 容:  停止发送心跳包
 

日 志 时 间:  2013-01-31 21:14:14,920 
日 志 级 别:  INFO
日 志 来 源:  Chatter.UIHost.MainWindow+<>c__DisplayClass5.<btnStart_Click>b__1(e:\code\myRepo\Chatter\UIHost\MainWindow.xaml.cs:91)
日 志 内 容:  System.ServiceModel.ServiceHostService Stopped
 

日 志 时 间:  2013-01-31 21:14:14,922 
日 志 级 别:  INFO
日 志 来 源:  Chatter.UIHost.MainWindow+<>c__DisplayClass5.<btnStart_Click>b__1(e:\code\myRepo\Chatter\UIHost\MainWindow.xaml.cs:91)
日 志 内 容:  System.ServiceModel.ServiceHostService Stopped
 

日 志 时 间:  2013-01-31 21:14:15,851 
日 志 级 别:  INFO
日 志 来 源:  Chatter.UIHost.MainWindow+<>c__DisplayClass5.<btnStart_Click>b__0(e:\code\myRepo\Chatter\UIHost\MainWindow.xaml.cs:87)
日 志 内 容:  System.ServiceModel.ServiceHostService Start
 

日 志 时 间:  2013-01-31 21:14:15,862 
日 志 级 别:  INFO
日 志 来 源:  Chatter.UIHost.MainWindow+<>c__DisplayClass5.<btnStart_Click>b__0(e:\code\myRepo\Chatter\UIHost\MainWindow.xaml.cs:87)
日 志 内 容:  System.ServiceModel.ServiceHostService Start
 

日 志 时 间:  2013-01-31 21:14:15,863 
日 志 级 别:  INFO
日 志 来 源:  Chatter.UIHost.MainWindow.<btnStart_Click>b__2(e:\code\myRepo\Chatter\UIHost\MainWindow.xaml.cs:100)
日 志 内 容:  开始发送心跳包
 

日 志 时 间:  2013-01-31 21:14:15,863 
日 志 级 别:  INFO
日 志 来 源:  Chatter.UIHost.MainWindow.<btnStart_Click>b__2(e:\code\myRepo\Chatter\UIHost\MainWindow.xaml.cs:112)
日 志 内 容:  停止发送心跳包
 

日 志 时 间:  2013-01-31 21:14:16,881 
日 志 级 别:  INFO
日 志 来 源:  Chatter.UIHost.MainWindow+<>c__DisplayClass5.<btnStart_Click>b__1(e:\code\myRepo\Chatter\UIHost\MainWindow.xaml.cs:91)
日 志 内 容:  System.ServiceModel.ServiceHostService Stopped
 

日 志 时 间:  2013-01-31 21:14:16,882 
日 志 级 别:  INFO
日 志 来 源:  Chatter.UIHost.MainWindow+<>c__DisplayClass5.<btnStart_Click>b__1(e:\code\myRepo\Chatter\UIHost\MainWindow.xaml.cs:91)
日 志 内 容:  System.ServiceModel.ServiceHostService Stopped
 

日 志 时 间:  2013-01-31 21:32:03,961 
日 志 级 别:  INFO
日 志 来 源:  Chatter.UIHost.MainWindow+<>c__DisplayClass9.<btnStart_Click>b__4(e:\code\myRepo\Chatter\UIHost\MainWindow.xaml.cs:109)
日 志 内 容:  System.ServiceModel.ServiceHostService Start
 

日 志 时 间:  2013-01-31 21:32:04,009 
日 志 级 别:  INFO
日 志 来 源:  Chatter.UIHost.MainWindow+<>c__DisplayClass9.<btnStart_Click>b__4(e:\code\myRepo\Chatter\UIHost\MainWindow.xaml.cs:109)
日 志 内 容:  System.ServiceModel.ServiceHostService Start
 

日 志 时 间:  2013-01-31 21:32:04,011 
日 志 级 别:  INFO
日 志 来 源:  Chatter.UIHost.MainWindow.<btnStart_Click>b__6(e:\code\myRepo\Chatter\UIHost\MainWindow.xaml.cs:122)
日 志 内 容:  开始发送心跳包
 

